[2023-04-11T12:57:01.546+0000] {taskinstance.py:1084} INFO - Dependencies all met for dep_context=non-requeueable deps ti=<TaskInstance: execute_24hr_data_scrape.id_2 scheduled__2023-04-11T12:56:00+00:00 [queued]>
[2023-04-11T12:57:01.554+0000] {taskinstance.py:1084} INFO - Dependencies all met for dep_context=requeueable deps ti=<TaskInstance: execute_24hr_data_scrape.id_2 scheduled__2023-04-11T12:56:00+00:00 [queued]>
[2023-04-11T12:57:01.554+0000] {taskinstance.py:1282} INFO - 
--------------------------------------------------------------------------------
[2023-04-11T12:57:01.555+0000] {taskinstance.py:1283} INFO - Starting attempt 1 of 4
[2023-04-11T12:57:01.555+0000] {taskinstance.py:1284} INFO - 
--------------------------------------------------------------------------------
[2023-04-11T12:57:01.570+0000] {taskinstance.py:1303} INFO - Executing <Task(BashOperator): id_2> on 2023-04-11 12:56:00+00:00
[2023-04-11T12:57:01.574+0000] {standard_task_runner.py:55} INFO - Started process 1701 to run task
[2023-04-11T12:57:01.576+0000] {standard_task_runner.py:82} INFO - Running: ['***', 'tasks', 'run', 'execute_24hr_data_scrape', 'id_2', 'scheduled__2023-04-11T12:56:00+00:00', '--job-id', '142', '--raw', '--subdir', 'DAGS_FOLDER/exec_web_crawlers_dag.py', '--cfg-path', '/tmp/tmpbn0p8wb4']
[2023-04-11T12:57:01.577+0000] {standard_task_runner.py:83} INFO - Job 142: Subtask id_2
[2023-04-11T12:57:01.628+0000] {task_command.py:388} INFO - Running <TaskInstance: execute_24hr_data_scrape.id_2 scheduled__2023-04-11T12:56:00+00:00 [running]> on host e8e20c2f7d98
[2023-04-11T12:57:01.684+0000] {taskinstance.py:1511} INFO - Exporting the following env vars:
AIRFLOW_CTX_DAG_OWNER=xiaochen
AIRFLOW_CTX_DAG_ID=execute_24hr_data_scrape
AIRFLOW_CTX_TASK_ID=id_2
AIRFLOW_CTX_EXECUTION_DATE=2023-04-11T12:56:00+00:00
AIRFLOW_CTX_TRY_NUMBER=1
AIRFLOW_CTX_DAG_RUN_ID=scheduled__2023-04-11T12:56:00+00:00
[2023-04-11T12:57:01.685+0000] {subprocess.py:63} INFO - Tmp dir root location: 
 /tmp
[2023-04-11T12:57:01.686+0000] {subprocess.py:75} INFO - Running command: ['/bin/bash', '-c', 'ls /opt/***/src']
[2023-04-11T12:57:01.695+0000] {subprocess.py:86} INFO - Output:
[2023-04-11T12:57:01.697+0000] {subprocess.py:93} INFO - ls: cannot access '/opt/***/src': No such file or directory
[2023-04-11T12:57:01.698+0000] {subprocess.py:97} INFO - Command exited with return code 2
[2023-04-11T12:57:01.707+0000] {taskinstance.py:1775} ERROR - Task failed with exception
Traceback (most recent call last):
  File "/home/airflow/.local/lib/python3.7/site-packages/airflow/operators/bash.py", line 197, in execute
    f"Bash command failed. The command returned a non-zero exit code {result.exit_code}."
airflow.exceptions.AirflowException: Bash command failed. The command returned a non-zero exit code 2.
[2023-04-11T12:57:01.710+0000] {taskinstance.py:1326} INFO - Marking task as UP_FOR_RETRY. dag_id=execute_24hr_data_scrape, task_id=id_2, execution_date=20230411T125600, start_date=20230411T125701, end_date=20230411T125701
[2023-04-11T12:57:01.720+0000] {standard_task_runner.py:105} ERROR - Failed to execute job 142 for task id_2 (Bash command failed. The command returned a non-zero exit code 2.; 1701)
[2023-04-11T12:57:01.749+0000] {local_task_job.py:212} INFO - Task exited with return code 1
[2023-04-11T12:57:01.765+0000] {taskinstance.py:2585} INFO - 0 downstream tasks scheduled from follow-on schedule check
