[2023-04-13T00:42:00.787+0000] {taskinstance.py:1084} INFO - Dependencies all met for dep_context=non-requeueable deps ti=<TaskInstance: execute_24hr_data_scrape.id_1 scheduled__2023-04-13T00:41:00+00:00 [queued]>
[2023-04-13T00:42:00.796+0000] {taskinstance.py:1084} INFO - Dependencies all met for dep_context=requeueable deps ti=<TaskInstance: execute_24hr_data_scrape.id_1 scheduled__2023-04-13T00:41:00+00:00 [queued]>
[2023-04-13T00:42:00.796+0000] {taskinstance.py:1282} INFO - 
--------------------------------------------------------------------------------
[2023-04-13T00:42:00.797+0000] {taskinstance.py:1283} INFO - Starting attempt 1 of 4
[2023-04-13T00:42:00.797+0000] {taskinstance.py:1284} INFO - 
--------------------------------------------------------------------------------
[2023-04-13T00:42:00.811+0000] {taskinstance.py:1303} INFO - Executing <Task(BashOperator): id_1> on 2023-04-13 00:41:00+00:00
[2023-04-13T00:42:00.814+0000] {standard_task_runner.py:55} INFO - Started process 5766 to run task
[2023-04-13T00:42:00.816+0000] {standard_task_runner.py:82} INFO - Running: ['***', 'tasks', 'run', 'execute_24hr_data_scrape', 'id_1', 'scheduled__2023-04-13T00:41:00+00:00', '--job-id', '10197', '--raw', '--subdir', 'DAGS_FOLDER/exec_web_crawlers_dag.py', '--cfg-path', '/tmp/tmp2vj9e2l7']
[2023-04-13T00:42:00.817+0000] {standard_task_runner.py:83} INFO - Job 10197: Subtask id_1
[2023-04-13T00:42:00.861+0000] {task_command.py:388} INFO - Running <TaskInstance: execute_24hr_data_scrape.id_1 scheduled__2023-04-13T00:41:00+00:00 [running]> on host b518195edd5e
[2023-04-13T00:42:00.918+0000] {taskinstance.py:1511} INFO - Exporting the following env vars:
AIRFLOW_CTX_DAG_OWNER=xiaochen
AIRFLOW_CTX_DAG_ID=execute_24hr_data_scrape
AIRFLOW_CTX_TASK_ID=id_1
AIRFLOW_CTX_EXECUTION_DATE=2023-04-13T00:41:00+00:00
AIRFLOW_CTX_TRY_NUMBER=1
AIRFLOW_CTX_DAG_RUN_ID=scheduled__2023-04-13T00:41:00+00:00
[2023-04-13T00:42:00.919+0000] {subprocess.py:63} INFO - Tmp dir root location: 
 /tmp
[2023-04-13T00:42:00.920+0000] {subprocess.py:75} INFO - Running command: ['/bin/bash', '-c', 'echo Hello World !!!! My name is xxxxx !']
[2023-04-13T00:42:00.926+0000] {subprocess.py:86} INFO - Output:
[2023-04-13T00:42:00.927+0000] {subprocess.py:93} INFO - Hello World !!!! My name is xxxxx !
[2023-04-13T00:42:00.928+0000] {subprocess.py:97} INFO - Command exited with return code 0
[2023-04-13T00:42:00.947+0000] {taskinstance.py:1326} INFO - Marking task as SUCCESS. dag_id=execute_24hr_data_scrape, task_id=id_1, execution_date=20230413T004100, start_date=20230413T004200, end_date=20230413T004200
[2023-04-13T00:42:00.988+0000] {local_task_job.py:212} INFO - Task exited with return code 0
[2023-04-13T00:42:01.006+0000] {taskinstance.py:2585} INFO - 1 downstream tasks scheduled from follow-on schedule check
