[2023-04-12T23:43:01.375+0000] {taskinstance.py:1084} INFO - Dependencies all met for dep_context=non-requeueable deps ti=<TaskInstance: execute_24hr_data_scrape.id_2 scheduled__2023-04-12T23:42:00+00:00 [queued]>
[2023-04-12T23:43:01.383+0000] {taskinstance.py:1084} INFO - Dependencies all met for dep_context=requeueable deps ti=<TaskInstance: execute_24hr_data_scrape.id_2 scheduled__2023-04-12T23:42:00+00:00 [queued]>
[2023-04-12T23:43:01.384+0000] {taskinstance.py:1282} INFO - 
--------------------------------------------------------------------------------
[2023-04-12T23:43:01.384+0000] {taskinstance.py:1283} INFO - Starting attempt 1 of 4
[2023-04-12T23:43:01.385+0000] {taskinstance.py:1284} INFO - 
--------------------------------------------------------------------------------
[2023-04-12T23:43:01.398+0000] {taskinstance.py:1303} INFO - Executing <Task(BashOperator): id_2> on 2023-04-12 23:42:00+00:00
[2023-04-12T23:43:01.402+0000] {standard_task_runner.py:55} INFO - Started process 3477 to run task
[2023-04-12T23:43:01.403+0000] {standard_task_runner.py:82} INFO - Running: ['***', 'tasks', 'run', 'execute_24hr_data_scrape', 'id_2', 'scheduled__2023-04-12T23:42:00+00:00', '--job-id', '9903', '--raw', '--subdir', 'DAGS_FOLDER/exec_web_crawlers_dag.py', '--cfg-path', '/tmp/tmphi19xq84']
[2023-04-12T23:43:01.405+0000] {standard_task_runner.py:83} INFO - Job 9903: Subtask id_2
[2023-04-12T23:43:01.451+0000] {task_command.py:388} INFO - Running <TaskInstance: execute_24hr_data_scrape.id_2 scheduled__2023-04-12T23:42:00+00:00 [running]> on host b518195edd5e
[2023-04-12T23:43:01.510+0000] {taskinstance.py:1511} INFO - Exporting the following env vars:
AIRFLOW_CTX_DAG_OWNER=xiaochen
AIRFLOW_CTX_DAG_ID=execute_24hr_data_scrape
AIRFLOW_CTX_TASK_ID=id_2
AIRFLOW_CTX_EXECUTION_DATE=2023-04-12T23:42:00+00:00
AIRFLOW_CTX_TRY_NUMBER=1
AIRFLOW_CTX_DAG_RUN_ID=scheduled__2023-04-12T23:42:00+00:00
[2023-04-12T23:43:01.511+0000] {subprocess.py:63} INFO - Tmp dir root location: 
 /tmp
[2023-04-12T23:43:01.512+0000] {subprocess.py:75} INFO - Running command: ['/bin/bash', '-c', 'python /opt/***/src/news_comments_crawlers/crawlers/_EN_CNA.py --name CNA']
[2023-04-12T23:43:01.519+0000] {subprocess.py:86} INFO - Output:
[2023-04-12T23:43:01.677+0000] {subprocess.py:93} INFO - Traceback (most recent call last):
[2023-04-12T23:43:01.678+0000] {subprocess.py:93} INFO -   File "/opt/***/src/news_comments_crawlers/crawlers/_EN_CNA.py", line 8, in <module>
[2023-04-12T23:43:01.678+0000] {subprocess.py:93} INFO -     from config.Preprocessor import Preprocessor
[2023-04-12T23:43:01.678+0000] {subprocess.py:93} INFO -   File "/opt/***/src/news_comments_crawlers/crawlers/config/Preprocessor.py", line 11, in <module>
[2023-04-12T23:43:01.679+0000] {subprocess.py:93} INFO -     from nltk.stem import WordNetLemmatizer
[2023-04-12T23:43:01.679+0000] {subprocess.py:93} INFO - ModuleNotFoundError: No module named 'nltk'
[2023-04-12T23:43:01.680+0000] {subprocess.py:97} INFO - Command exited with return code 1
[2023-04-12T23:43:01.689+0000] {taskinstance.py:1775} ERROR - Task failed with exception
Traceback (most recent call last):
  File "/home/airflow/.local/lib/python3.7/site-packages/airflow/operators/bash.py", line 197, in execute
    f"Bash command failed. The command returned a non-zero exit code {result.exit_code}."
airflow.exceptions.AirflowException: Bash command failed. The command returned a non-zero exit code 1.
[2023-04-12T23:43:01.693+0000] {taskinstance.py:1326} INFO - Marking task as UP_FOR_RETRY. dag_id=execute_24hr_data_scrape, task_id=id_2, execution_date=20230412T234200, start_date=20230412T234301, end_date=20230412T234301
[2023-04-12T23:43:01.704+0000] {standard_task_runner.py:105} ERROR - Failed to execute job 9903 for task id_2 (Bash command failed. The command returned a non-zero exit code 1.; 3477)
[2023-04-12T23:43:01.737+0000] {local_task_job.py:212} INFO - Task exited with return code 1
[2023-04-12T23:43:01.751+0000] {taskinstance.py:2585} INFO - 0 downstream tasks scheduled from follow-on schedule check
