[2023-04-11T21:44:01.260+0000] {taskinstance.py:1084} INFO - Dependencies all met for dep_context=non-requeueable deps ti=<TaskInstance: execute_24hr_data_scrape.id_1 scheduled__2023-04-11T21:43:00+00:00 [queued]>
[2023-04-11T21:44:01.268+0000] {taskinstance.py:1084} INFO - Dependencies all met for dep_context=requeueable deps ti=<TaskInstance: execute_24hr_data_scrape.id_1 scheduled__2023-04-11T21:43:00+00:00 [queued]>
[2023-04-11T21:44:01.269+0000] {taskinstance.py:1282} INFO - 
--------------------------------------------------------------------------------
[2023-04-11T21:44:01.269+0000] {taskinstance.py:1283} INFO - Starting attempt 1 of 4
[2023-04-11T21:44:01.270+0000] {taskinstance.py:1284} INFO - 
--------------------------------------------------------------------------------
[2023-04-11T21:44:01.284+0000] {taskinstance.py:1303} INFO - Executing <Task(BashOperator): id_1> on 2023-04-11 21:43:00+00:00
[2023-04-11T21:44:01.287+0000] {standard_task_runner.py:55} INFO - Started process 7653 to run task
[2023-04-11T21:44:01.289+0000] {standard_task_runner.py:82} INFO - Running: ['***', 'tasks', 'run', 'execute_24hr_data_scrape', 'id_1', 'scheduled__2023-04-11T21:43:00+00:00', '--job-id', '2107', '--raw', '--subdir', 'DAGS_FOLDER/exec_web_crawlers_dag.py', '--cfg-path', '/tmp/tmpu0hyb_wn']
[2023-04-11T21:44:01.290+0000] {standard_task_runner.py:83} INFO - Job 2107: Subtask id_1
[2023-04-11T21:44:01.337+0000] {task_command.py:388} INFO - Running <TaskInstance: execute_24hr_data_scrape.id_1 scheduled__2023-04-11T21:43:00+00:00 [running]> on host b518195edd5e
[2023-04-11T21:44:01.396+0000] {taskinstance.py:1511} INFO - Exporting the following env vars:
AIRFLOW_CTX_DAG_OWNER=xiaochen
AIRFLOW_CTX_DAG_ID=execute_24hr_data_scrape
AIRFLOW_CTX_TASK_ID=id_1
AIRFLOW_CTX_EXECUTION_DATE=2023-04-11T21:43:00+00:00
AIRFLOW_CTX_TRY_NUMBER=1
AIRFLOW_CTX_DAG_RUN_ID=scheduled__2023-04-11T21:43:00+00:00
[2023-04-11T21:44:01.397+0000] {subprocess.py:63} INFO - Tmp dir root location: 
 /tmp
[2023-04-11T21:44:01.398+0000] {subprocess.py:75} INFO - Running command: ['/bin/bash', '-c', 'echo Hello World !!!! My name is xxxxx !']
[2023-04-11T21:44:01.404+0000] {subprocess.py:86} INFO - Output:
[2023-04-11T21:44:01.405+0000] {subprocess.py:93} INFO - Hello World !!!! My name is xxxxx !
[2023-04-11T21:44:01.405+0000] {subprocess.py:97} INFO - Command exited with return code 0
[2023-04-11T21:44:01.425+0000] {taskinstance.py:1326} INFO - Marking task as SUCCESS. dag_id=execute_24hr_data_scrape, task_id=id_1, execution_date=20230411T214300, start_date=20230411T214401, end_date=20230411T214401
[2023-04-11T21:44:01.461+0000] {local_task_job.py:212} INFO - Task exited with return code 0
[2023-04-11T21:44:01.480+0000] {taskinstance.py:2585} INFO - 1 downstream tasks scheduled from follow-on schedule check
