[2023-04-11T13:47:01.127+0000] {taskinstance.py:1084} INFO - Dependencies all met for dep_context=non-requeueable deps ti=<TaskInstance: execute_24hr_data_scrape.id_1 scheduled__2023-04-11T13:46:00+00:00 [queued]>
[2023-04-11T13:47:01.143+0000] {taskinstance.py:1084} INFO - Dependencies all met for dep_context=requeueable deps ti=<TaskInstance: execute_24hr_data_scrape.id_1 scheduled__2023-04-11T13:46:00+00:00 [queued]>
[2023-04-11T13:47:01.144+0000] {taskinstance.py:1282} INFO - 
--------------------------------------------------------------------------------
[2023-04-11T13:47:01.145+0000] {taskinstance.py:1283} INFO - Starting attempt 1 of 4
[2023-04-11T13:47:01.146+0000] {taskinstance.py:1284} INFO - 
--------------------------------------------------------------------------------
[2023-04-11T13:47:01.166+0000] {taskinstance.py:1303} INFO - Executing <Task(BashOperator): id_1> on 2023-04-11 13:46:00+00:00
[2023-04-11T13:47:01.174+0000] {standard_task_runner.py:55} INFO - Started process 1553 to run task
[2023-04-11T13:47:01.176+0000] {standard_task_runner.py:82} INFO - Running: ['***', 'tasks', 'run', 'execute_24hr_data_scrape', 'id_1', 'scheduled__2023-04-11T13:46:00+00:00', '--job-id', '145', '--raw', '--subdir', 'DAGS_FOLDER/exec_web_crawlers_dag.py', '--cfg-path', '/tmp/tmp2kw2vuzi']
[2023-04-11T13:47:01.178+0000] {standard_task_runner.py:83} INFO - Job 145: Subtask id_1
[2023-04-11T13:47:01.274+0000] {task_command.py:388} INFO - Running <TaskInstance: execute_24hr_data_scrape.id_1 scheduled__2023-04-11T13:46:00+00:00 [running]> on host b518195edd5e
[2023-04-11T13:47:01.394+0000] {taskinstance.py:1511} INFO - Exporting the following env vars:
AIRFLOW_CTX_DAG_OWNER=xiaochen
AIRFLOW_CTX_DAG_ID=execute_24hr_data_scrape
AIRFLOW_CTX_TASK_ID=id_1
AIRFLOW_CTX_EXECUTION_DATE=2023-04-11T13:46:00+00:00
AIRFLOW_CTX_TRY_NUMBER=1
AIRFLOW_CTX_DAG_RUN_ID=scheduled__2023-04-11T13:46:00+00:00
[2023-04-11T13:47:01.396+0000] {subprocess.py:63} INFO - Tmp dir root location: 
 /tmp
[2023-04-11T13:47:01.398+0000] {subprocess.py:75} INFO - Running command: ['/bin/bash', '-c', 'echo Hello World !!!! My name is xxxxx !']
[2023-04-11T13:47:01.415+0000] {subprocess.py:86} INFO - Output:
[2023-04-11T13:47:01.416+0000] {subprocess.py:93} INFO - Hello World !!!! My name is xxxxx !
[2023-04-11T13:47:01.417+0000] {subprocess.py:97} INFO - Command exited with return code 0
[2023-04-11T13:47:01.453+0000] {taskinstance.py:1326} INFO - Marking task as SUCCESS. dag_id=execute_24hr_data_scrape, task_id=id_1, execution_date=20230411T134600, start_date=20230411T134701, end_date=20230411T134701
[2023-04-11T13:47:01.511+0000] {local_task_job.py:212} INFO - Task exited with return code 0
[2023-04-11T13:47:01.540+0000] {taskinstance.py:2585} INFO - 1 downstream tasks scheduled from follow-on schedule check
