[2023-04-14T15:04:08.020+0000] {taskinstance.py:1084} INFO - Dependencies all met for dep_context=non-requeueable deps ti=<TaskInstance: execute_24hr_data_scrape.id_2 scheduled__2023-04-14T14:53:00+00:00 [queued]>
[2023-04-14T15:04:08.030+0000] {taskinstance.py:1084} INFO - Dependencies all met for dep_context=requeueable deps ti=<TaskInstance: execute_24hr_data_scrape.id_2 scheduled__2023-04-14T14:53:00+00:00 [queued]>
[2023-04-14T15:04:08.031+0000] {taskinstance.py:1282} INFO - 
--------------------------------------------------------------------------------
[2023-04-14T15:04:08.031+0000] {taskinstance.py:1283} INFO - Starting attempt 3 of 4
[2023-04-14T15:04:08.031+0000] {taskinstance.py:1284} INFO - 
--------------------------------------------------------------------------------
[2023-04-14T15:04:08.046+0000] {taskinstance.py:1303} INFO - Executing <Task(BashOperator): id_2> on 2023-04-14 14:53:00+00:00
[2023-04-14T15:04:08.050+0000] {standard_task_runner.py:55} INFO - Started process 2273 to run task
[2023-04-14T15:04:08.052+0000] {standard_task_runner.py:82} INFO - Running: ['***', 'tasks', 'run', 'execute_24hr_data_scrape', 'id_2', 'scheduled__2023-04-14T14:53:00+00:00', '--job-id', '131', '--raw', '--subdir', 'DAGS_FOLDER/exec_web_crawlers_dag.py', '--cfg-path', '/tmp/tmpo3q42fds']
[2023-04-14T15:04:08.054+0000] {standard_task_runner.py:83} INFO - Job 131: Subtask id_2
[2023-04-14T15:04:08.104+0000] {task_command.py:388} INFO - Running <TaskInstance: execute_24hr_data_scrape.id_2 scheduled__2023-04-14T14:53:00+00:00 [running]> on host 6f8cd9778af0
[2023-04-14T15:04:08.166+0000] {taskinstance.py:1511} INFO - Exporting the following env vars:
AIRFLOW_CTX_DAG_OWNER=xiaochen
AIRFLOW_CTX_DAG_ID=execute_24hr_data_scrape
AIRFLOW_CTX_TASK_ID=id_2
AIRFLOW_CTX_EXECUTION_DATE=2023-04-14T14:53:00+00:00
AIRFLOW_CTX_TRY_NUMBER=3
AIRFLOW_CTX_DAG_RUN_ID=scheduled__2023-04-14T14:53:00+00:00
[2023-04-14T15:04:08.167+0000] {subprocess.py:63} INFO - Tmp dir root location: 
 /tmp
[2023-04-14T15:04:08.167+0000] {subprocess.py:75} INFO - Running command: ['/bin/bash', '-c', 'python /opt/***/src/news_comments_crawlers/crawlers/_EN_CNA.py --name CNA']
[2023-04-14T15:04:08.176+0000] {subprocess.py:86} INFO - Output:
[2023-04-14T15:04:10.090+0000] {subprocess.py:93} INFO - 
[2023-04-14T15:04:10.091+0000] {subprocess.py:93} INFO - --DEBUG: __file__:     /opt/***/src/news_comments_crawlers/crawlers/config/Constants.py
[2023-04-14T15:04:10.091+0000] {subprocess.py:93} INFO - 
[2023-04-14T15:04:10.092+0000] {subprocess.py:93} INFO - -- Session Object : Good to go.
[2023-04-14T15:04:10.092+0000] {subprocess.py:93} INFO - 
[2023-04-14T15:04:10.093+0000] {subprocess.py:93} INFO - -- Folders: Good to go.
[2023-04-14T15:04:10.093+0000] {subprocess.py:93} INFO - []
[2023-04-14T15:04:10.095+0000] {subprocess.py:93} INFO - Traceback (most recent call last):
[2023-04-14T15:04:10.095+0000] {subprocess.py:93} INFO -   File "/opt/***/src/news_comments_crawlers/crawlers/_EN_CNA.py", line 10, in <module>
[2023-04-14T15:04:10.096+0000] {subprocess.py:93} INFO -     from Functions import *
[2023-04-14T15:04:10.096+0000] {subprocess.py:93} INFO -   File "<fstring>", line 1
[2023-04-14T15:04:10.097+0000] {subprocess.py:93} INFO -     (USE_CACHE=)
[2023-04-14T15:04:10.097+0000] {subprocess.py:93} INFO -               ^
[2023-04-14T15:04:10.098+0000] {subprocess.py:93} INFO - SyntaxError: invalid syntax
[2023-04-14T15:04:10.254+0000] {subprocess.py:97} INFO - Command exited with return code 1
[2023-04-14T15:04:10.265+0000] {taskinstance.py:1775} ERROR - Task failed with exception
Traceback (most recent call last):
  File "/home/airflow/.local/lib/python3.7/site-packages/airflow/operators/bash.py", line 197, in execute
    f"Bash command failed. The command returned a non-zero exit code {result.exit_code}."
airflow.exceptions.AirflowException: Bash command failed. The command returned a non-zero exit code 1.
[2023-04-14T15:04:10.270+0000] {taskinstance.py:1326} INFO - Marking task as UP_FOR_RETRY. dag_id=execute_24hr_data_scrape, task_id=id_2, execution_date=20230414T145300, start_date=20230414T150408, end_date=20230414T150410
[2023-04-14T15:04:10.285+0000] {standard_task_runner.py:105} ERROR - Failed to execute job 131 for task id_2 (Bash command failed. The command returned a non-zero exit code 1.; 2273)
[2023-04-14T15:04:10.311+0000] {local_task_job.py:212} INFO - Task exited with return code 1
[2023-04-14T15:04:10.328+0000] {taskinstance.py:2585} INFO - 0 downstream tasks scheduled from follow-on schedule check
