[2023-04-14T15:13:05.973+0000] {taskinstance.py:1084} INFO - Dependencies all met for dep_context=non-requeueable deps ti=<TaskInstance: execute_24hr_data_scrape.id_2 scheduled__2023-04-14T15:07:00+00:00 [queued]>
[2023-04-14T15:13:05.981+0000] {taskinstance.py:1084} INFO - Dependencies all met for dep_context=requeueable deps ti=<TaskInstance: execute_24hr_data_scrape.id_2 scheduled__2023-04-14T15:07:00+00:00 [queued]>
[2023-04-14T15:13:05.982+0000] {taskinstance.py:1282} INFO - 
--------------------------------------------------------------------------------
[2023-04-14T15:13:05.982+0000] {taskinstance.py:1283} INFO - Starting attempt 2 of 4
[2023-04-14T15:13:05.983+0000] {taskinstance.py:1284} INFO - 
--------------------------------------------------------------------------------
[2023-04-14T15:13:05.996+0000] {taskinstance.py:1303} INFO - Executing <Task(BashOperator): id_2> on 2023-04-14 15:07:00+00:00
[2023-04-14T15:13:06.000+0000] {standard_task_runner.py:55} INFO - Started process 3205 to run task
[2023-04-14T15:13:06.002+0000] {standard_task_runner.py:82} INFO - Running: ['***', 'tasks', 'run', 'execute_24hr_data_scrape', 'id_2', 'scheduled__2023-04-14T15:07:00+00:00', '--job-id', '171', '--raw', '--subdir', 'DAGS_FOLDER/exec_web_crawlers_dag.py', '--cfg-path', '/tmp/tmpikpi6nb5']
[2023-04-14T15:13:06.003+0000] {standard_task_runner.py:83} INFO - Job 171: Subtask id_2
[2023-04-14T15:13:06.054+0000] {task_command.py:388} INFO - Running <TaskInstance: execute_24hr_data_scrape.id_2 scheduled__2023-04-14T15:07:00+00:00 [running]> on host 6f8cd9778af0
[2023-04-14T15:13:06.112+0000] {taskinstance.py:1511} INFO - Exporting the following env vars:
AIRFLOW_CTX_DAG_OWNER=xiaochen
AIRFLOW_CTX_DAG_ID=execute_24hr_data_scrape
AIRFLOW_CTX_TASK_ID=id_2
AIRFLOW_CTX_EXECUTION_DATE=2023-04-14T15:07:00+00:00
AIRFLOW_CTX_TRY_NUMBER=2
AIRFLOW_CTX_DAG_RUN_ID=scheduled__2023-04-14T15:07:00+00:00
[2023-04-14T15:13:06.113+0000] {subprocess.py:63} INFO - Tmp dir root location: 
 /tmp
[2023-04-14T15:13:06.114+0000] {subprocess.py:75} INFO - Running command: ['/bin/bash', '-c', 'python /opt/***/src/news_comments_crawlers/crawlers/_EN_CNA.py --name CNA']
[2023-04-14T15:13:06.122+0000] {subprocess.py:86} INFO - Output:
[2023-04-14T15:13:08.290+0000] {subprocess.py:93} INFO - 
[2023-04-14T15:13:08.291+0000] {subprocess.py:93} INFO - --DEBUG: __file__:     /opt/***/src/news_comments_crawlers/crawlers/config/Constants.py
[2023-04-14T15:13:08.291+0000] {subprocess.py:93} INFO - 
[2023-04-14T15:13:08.292+0000] {subprocess.py:93} INFO - -- Session Object : Good to go.
[2023-04-14T15:13:08.292+0000] {subprocess.py:93} INFO - 
[2023-04-14T15:13:08.293+0000] {subprocess.py:93} INFO - -- Folders: Good to go.
[2023-04-14T15:13:08.293+0000] {subprocess.py:93} INFO - []
[2023-04-14T15:13:08.293+0000] {subprocess.py:93} INFO - 
[2023-04-14T15:13:08.294+0000] {subprocess.py:93} INFO - --DEBUG: Platform -  CNA
[2023-04-14T15:13:08.294+0000] {subprocess.py:93} INFO - 
[2023-04-14T15:13:08.294+0000] {subprocess.py:93} INFO - --DEBUG: Start-time -  2023-04-13 15:13:08.246556
[2023-04-14T15:13:08.295+0000] {subprocess.py:93} INFO - 
[2023-04-14T15:13:08.295+0000] {subprocess.py:93} INFO - --DEBUG: End-time -  2023-04-14 15:13:08.246556
[2023-04-14T15:13:08.296+0000] {subprocess.py:93} INFO - 
[2023-04-14T15:13:08.296+0000] {subprocess.py:93} INFO - --DEBUG: Link Path - /opt/***/src/news_comments_crawlers/crawlers/out/2023-04-14/links/CNA_2023-04-14_15.txt
[2023-04-14T15:13:08.296+0000] {subprocess.py:93} INFO - 
[2023-04-14T15:13:08.297+0000] {subprocess.py:93} INFO - --DEBUG: JSON Data Path - /opt/***/src/news_comments_crawlers/crawlers/out/2023-04-14/data/json/CNA_2023-04-14_15.json
[2023-04-14T15:13:08.297+0000] {subprocess.py:93} INFO - 
[2023-04-14T15:13:08.298+0000] {subprocess.py:93} INFO - --DEBUG: DF Data Path - /opt/***/src/news_comments_crawlers/crawlers/out/2023-04-14/data/df/CNA_2023-04-14_15.pickle
[2023-04-14T15:13:08.298+0000] {subprocess.py:93} INFO - 
[2023-04-14T15:13:08.298+0000] {subprocess.py:93} INFO - --DEBUG: True
[2023-04-14T15:13:08.299+0000] {subprocess.py:93} INFO - 
[2023-04-14T15:13:08.299+0000] {subprocess.py:93} INFO - --DEBUG: Using URLs from cache file
[2023-04-14T15:13:08.300+0000] {subprocess.py:93} INFO - 
[2023-04-14T15:13:08.300+0000] {subprocess.py:93} INFO - --DEBUG: Using Articles from cache file
[2023-04-14T15:13:08.304+0000] {subprocess.py:93} INFO - Traceback (most recent call last):
[2023-04-14T15:13:08.305+0000] {subprocess.py:93} INFO -   File "/home/***/.local/lib/python3.7/site-packages/nltk/corpus/util.py", line 84, in __load
[2023-04-14T15:13:08.305+0000] {subprocess.py:93} INFO -     root = nltk.data.find(f"{self.subdir}/{zip_name}")
[2023-04-14T15:13:08.306+0000] {subprocess.py:93} INFO -   File "/home/***/.local/lib/python3.7/site-packages/nltk/data.py", line 583, in find
[2023-04-14T15:13:08.306+0000] {subprocess.py:93} INFO -     raise LookupError(resource_not_found)
[2023-04-14T15:13:08.306+0000] {subprocess.py:93} INFO - LookupError:
[2023-04-14T15:13:08.307+0000] {subprocess.py:93} INFO - **********************************************************************
[2023-04-14T15:13:08.307+0000] {subprocess.py:93} INFO -   Resource [93mstopwords[0m not found.
[2023-04-14T15:13:08.308+0000] {subprocess.py:93} INFO -   Please use the NLTK Downloader to obtain the resource:
[2023-04-14T15:13:08.308+0000] {subprocess.py:93} INFO - 
[2023-04-14T15:13:08.308+0000] {subprocess.py:93} INFO -   [31m>>> import nltk
[2023-04-14T15:13:08.309+0000] {subprocess.py:93} INFO -   >>> nltk.download('stopwords')
[2023-04-14T15:13:08.309+0000] {subprocess.py:93} INFO -   [0m
[2023-04-14T15:13:08.309+0000] {subprocess.py:93} INFO -   For more information see: https://www.nltk.org/data.html
[2023-04-14T15:13:08.310+0000] {subprocess.py:93} INFO - 
[2023-04-14T15:13:08.310+0000] {subprocess.py:93} INFO -   Attempted to load [93mcorpora/stopwords.zip/stopwords/[0m
[2023-04-14T15:13:08.311+0000] {subprocess.py:93} INFO - 
[2023-04-14T15:13:08.311+0000] {subprocess.py:93} INFO -   Searched in:
[2023-04-14T15:13:08.311+0000] {subprocess.py:93} INFO -     - '/home/***/nltk_data'
[2023-04-14T15:13:08.312+0000] {subprocess.py:93} INFO -     - '/usr/local/nltk_data'
[2023-04-14T15:13:08.312+0000] {subprocess.py:93} INFO -     - '/usr/local/share/nltk_data'
[2023-04-14T15:13:08.312+0000] {subprocess.py:93} INFO -     - '/usr/local/lib/nltk_data'
[2023-04-14T15:13:08.313+0000] {subprocess.py:93} INFO -     - '/usr/share/nltk_data'
[2023-04-14T15:13:08.313+0000] {subprocess.py:93} INFO -     - '/usr/local/share/nltk_data'
[2023-04-14T15:13:08.313+0000] {subprocess.py:93} INFO -     - '/usr/lib/nltk_data'
[2023-04-14T15:13:08.314+0000] {subprocess.py:93} INFO -     - '/usr/local/lib/nltk_data'
[2023-04-14T15:13:08.314+0000] {subprocess.py:93} INFO - **********************************************************************
[2023-04-14T15:13:08.314+0000] {subprocess.py:93} INFO - 
[2023-04-14T15:13:08.315+0000] {subprocess.py:93} INFO - 
[2023-04-14T15:13:08.315+0000] {subprocess.py:93} INFO - During handling of the above exception, another exception occurred:
[2023-04-14T15:13:08.315+0000] {subprocess.py:93} INFO - 
[2023-04-14T15:13:08.316+0000] {subprocess.py:93} INFO - Traceback (most recent call last):
[2023-04-14T15:13:08.316+0000] {subprocess.py:93} INFO -   File "/opt/***/src/news_comments_crawlers/crawlers/_EN_CNA.py", line 197, in <module>
[2023-04-14T15:13:08.316+0000] {subprocess.py:93} INFO -     main()
[2023-04-14T15:13:08.317+0000] {subprocess.py:93} INFO -   File "/opt/***/src/news_comments_crawlers/crawlers/_EN_CNA.py", line 173, in main
[2023-04-14T15:13:08.317+0000] {subprocess.py:93} INFO -     articles_df = Preprocessor({'data':articles,'lang':LANG,'org':1,'source': S_ID}).preprocess(func=extract_datetime_cna)
[2023-04-14T15:13:08.318+0000] {subprocess.py:93} INFO -   File "/opt/***/src/news_comments_crawlers/crawlers/config/Preprocessor.py", line 39, in __init__
[2023-04-14T15:13:08.318+0000] {subprocess.py:93} INFO -     self.stop_words = set(stopwords.words('english'))
[2023-04-14T15:13:08.319+0000] {subprocess.py:93} INFO -   File "/home/***/.local/lib/python3.7/site-packages/nltk/corpus/util.py", line 121, in __getattr__
[2023-04-14T15:13:08.319+0000] {subprocess.py:93} INFO -     self.__load()
[2023-04-14T15:13:08.319+0000] {subprocess.py:93} INFO -   File "/home/***/.local/lib/python3.7/site-packages/nltk/corpus/util.py", line 86, in __load
[2023-04-14T15:13:08.320+0000] {subprocess.py:93} INFO -     raise e
[2023-04-14T15:13:08.320+0000] {subprocess.py:93} INFO -   File "/home/***/.local/lib/python3.7/site-packages/nltk/corpus/util.py", line 81, in __load
[2023-04-14T15:13:08.320+0000] {subprocess.py:93} INFO -     root = nltk.data.find(f"{self.subdir}/{self.__name}")
[2023-04-14T15:13:08.321+0000] {subprocess.py:93} INFO -   File "/home/***/.local/lib/python3.7/site-packages/nltk/data.py", line 583, in find
[2023-04-14T15:13:08.321+0000] {subprocess.py:93} INFO -     raise LookupError(resource_not_found)
[2023-04-14T15:13:08.322+0000] {subprocess.py:93} INFO - LookupError:
[2023-04-14T15:13:08.322+0000] {subprocess.py:93} INFO - **********************************************************************
[2023-04-14T15:13:08.322+0000] {subprocess.py:93} INFO -   Resource [93mstopwords[0m not found.
[2023-04-14T15:13:08.323+0000] {subprocess.py:93} INFO -   Please use the NLTK Downloader to obtain the resource:
[2023-04-14T15:13:08.323+0000] {subprocess.py:93} INFO - 
[2023-04-14T15:13:08.324+0000] {subprocess.py:93} INFO -   [31m>>> import nltk
[2023-04-14T15:13:08.324+0000] {subprocess.py:93} INFO -   >>> nltk.download('stopwords')
[2023-04-14T15:13:08.324+0000] {subprocess.py:93} INFO -   [0m
[2023-04-14T15:13:08.325+0000] {subprocess.py:93} INFO -   For more information see: https://www.nltk.org/data.html
[2023-04-14T15:13:08.325+0000] {subprocess.py:93} INFO - 
[2023-04-14T15:13:08.326+0000] {subprocess.py:93} INFO -   Attempted to load [93mcorpora/stopwords[0m
[2023-04-14T15:13:08.326+0000] {subprocess.py:93} INFO - 
[2023-04-14T15:13:08.326+0000] {subprocess.py:93} INFO -   Searched in:
[2023-04-14T15:13:08.327+0000] {subprocess.py:93} INFO -     - '/home/***/nltk_data'
[2023-04-14T15:13:08.327+0000] {subprocess.py:93} INFO -     - '/usr/local/nltk_data'
[2023-04-14T15:13:08.327+0000] {subprocess.py:93} INFO -     - '/usr/local/share/nltk_data'
[2023-04-14T15:13:08.328+0000] {subprocess.py:93} INFO -     - '/usr/local/lib/nltk_data'
[2023-04-14T15:13:08.328+0000] {subprocess.py:93} INFO -     - '/usr/share/nltk_data'
[2023-04-14T15:13:08.328+0000] {subprocess.py:93} INFO -     - '/usr/local/share/nltk_data'
[2023-04-14T15:13:08.329+0000] {subprocess.py:93} INFO -     - '/usr/lib/nltk_data'
[2023-04-14T15:13:08.329+0000] {subprocess.py:93} INFO -     - '/usr/local/lib/nltk_data'
[2023-04-14T15:13:08.329+0000] {subprocess.py:93} INFO - **********************************************************************
[2023-04-14T15:13:08.330+0000] {subprocess.py:93} INFO - 
[2023-04-14T15:13:08.450+0000] {subprocess.py:97} INFO - Command exited with return code 1
[2023-04-14T15:13:08.459+0000] {taskinstance.py:1775} ERROR - Task failed with exception
Traceback (most recent call last):
  File "/home/airflow/.local/lib/python3.7/site-packages/airflow/operators/bash.py", line 197, in execute
    f"Bash command failed. The command returned a non-zero exit code {result.exit_code}."
airflow.exceptions.AirflowException: Bash command failed. The command returned a non-zero exit code 1.
[2023-04-14T15:13:08.463+0000] {taskinstance.py:1326} INFO - Marking task as UP_FOR_RETRY. dag_id=execute_24hr_data_scrape, task_id=id_2, execution_date=20230414T150700, start_date=20230414T151305, end_date=20230414T151308
[2023-04-14T15:13:08.477+0000] {standard_task_runner.py:105} ERROR - Failed to execute job 171 for task id_2 (Bash command failed. The command returned a non-zero exit code 1.; 3205)
[2023-04-14T15:13:08.501+0000] {local_task_job.py:212} INFO - Task exited with return code 1
[2023-04-14T15:13:08.517+0000] {taskinstance.py:2585} INFO - 0 downstream tasks scheduled from follow-on schedule check
