[2023-04-14T15:01:55.421+0000] {taskinstance.py:1084} INFO - Dependencies all met for dep_context=non-requeueable deps ti=<TaskInstance: execute_24hr_data_scrape.id_2 scheduled__2023-04-14T14:44:00+00:00 [queued]>
[2023-04-14T15:01:55.430+0000] {taskinstance.py:1084} INFO - Dependencies all met for dep_context=requeueable deps ti=<TaskInstance: execute_24hr_data_scrape.id_2 scheduled__2023-04-14T14:44:00+00:00 [queued]>
[2023-04-14T15:01:55.430+0000] {taskinstance.py:1282} INFO - 
--------------------------------------------------------------------------------
[2023-04-14T15:01:55.431+0000] {taskinstance.py:1283} INFO - Starting attempt 4 of 4
[2023-04-14T15:01:55.431+0000] {taskinstance.py:1284} INFO - 
--------------------------------------------------------------------------------
[2023-04-14T15:01:55.449+0000] {taskinstance.py:1303} INFO - Executing <Task(BashOperator): id_2> on 2023-04-14 14:44:00+00:00
[2023-04-14T15:01:55.455+0000] {standard_task_runner.py:55} INFO - Started process 1902 to run task
[2023-04-14T15:01:55.457+0000] {standard_task_runner.py:82} INFO - Running: ['***', 'tasks', 'run', 'execute_24hr_data_scrape', 'id_2', 'scheduled__2023-04-14T14:44:00+00:00', '--job-id', '116', '--raw', '--subdir', 'DAGS_FOLDER/exec_web_crawlers_dag.py', '--cfg-path', '/tmp/tmppu_ilx0k']
[2023-04-14T15:01:55.459+0000] {standard_task_runner.py:83} INFO - Job 116: Subtask id_2
[2023-04-14T15:01:55.515+0000] {task_command.py:388} INFO - Running <TaskInstance: execute_24hr_data_scrape.id_2 scheduled__2023-04-14T14:44:00+00:00 [running]> on host 6f8cd9778af0
[2023-04-14T15:01:55.583+0000] {taskinstance.py:1511} INFO - Exporting the following env vars:
AIRFLOW_CTX_DAG_OWNER=xiaochen
AIRFLOW_CTX_DAG_ID=execute_24hr_data_scrape
AIRFLOW_CTX_TASK_ID=id_2
AIRFLOW_CTX_EXECUTION_DATE=2023-04-14T14:44:00+00:00
AIRFLOW_CTX_TRY_NUMBER=4
AIRFLOW_CTX_DAG_RUN_ID=scheduled__2023-04-14T14:44:00+00:00
[2023-04-14T15:01:55.584+0000] {subprocess.py:63} INFO - Tmp dir root location: 
 /tmp
[2023-04-14T15:01:55.585+0000] {subprocess.py:75} INFO - Running command: ['/bin/bash', '-c', 'python /opt/***/src/news_comments_crawlers/crawlers/_EN_CNA.py --name CNA']
[2023-04-14T15:01:55.593+0000] {subprocess.py:86} INFO - Output:
[2023-04-14T15:01:57.746+0000] {subprocess.py:93} INFO - 
[2023-04-14T15:01:57.747+0000] {subprocess.py:93} INFO - --DEBUG: __file__:     /opt/***/src/news_comments_crawlers/crawlers/config/Constants.py
[2023-04-14T15:01:57.748+0000] {subprocess.py:93} INFO - 
[2023-04-14T15:01:57.748+0000] {subprocess.py:93} INFO - -- Session Object : Good to go.
[2023-04-14T15:01:57.749+0000] {subprocess.py:93} INFO - 
[2023-04-14T15:01:57.749+0000] {subprocess.py:93} INFO - -- Folders: Good to go.
[2023-04-14T15:01:57.750+0000] {subprocess.py:93} INFO - []
[2023-04-14T15:01:57.752+0000] {subprocess.py:93} INFO - Traceback (most recent call last):
[2023-04-14T15:01:57.752+0000] {subprocess.py:93} INFO -   File "/opt/***/src/news_comments_crawlers/crawlers/_EN_CNA.py", line 10, in <module>
[2023-04-14T15:01:57.752+0000] {subprocess.py:93} INFO -     from Functions import *
[2023-04-14T15:01:57.753+0000] {subprocess.py:93} INFO -   File "<fstring>", line 1
[2023-04-14T15:01:57.753+0000] {subprocess.py:93} INFO -     (USE_CACHE=)
[2023-04-14T15:01:57.754+0000] {subprocess.py:93} INFO -               ^
[2023-04-14T15:01:57.754+0000] {subprocess.py:93} INFO - SyntaxError: invalid syntax
[2023-04-14T15:01:57.911+0000] {subprocess.py:97} INFO - Command exited with return code 1
[2023-04-14T15:01:57.921+0000] {taskinstance.py:1775} ERROR - Task failed with exception
Traceback (most recent call last):
  File "/home/airflow/.local/lib/python3.7/site-packages/airflow/operators/bash.py", line 197, in execute
    f"Bash command failed. The command returned a non-zero exit code {result.exit_code}."
airflow.exceptions.AirflowException: Bash command failed. The command returned a non-zero exit code 1.
[2023-04-14T15:01:57.924+0000] {taskinstance.py:1326} INFO - Marking task as FAILED. dag_id=execute_24hr_data_scrape, task_id=id_2, execution_date=20230414T144400, start_date=20230414T150155, end_date=20230414T150157
[2023-04-14T15:01:57.935+0000] {standard_task_runner.py:105} ERROR - Failed to execute job 116 for task id_2 (Bash command failed. The command returned a non-zero exit code 1.; 1902)
[2023-04-14T15:01:57.958+0000] {local_task_job.py:212} INFO - Task exited with return code 1
[2023-04-14T15:01:57.974+0000] {taskinstance.py:2585} INFO - 0 downstream tasks scheduled from follow-on schedule check
