[2023-04-14T14:52:21.286+0000] {taskinstance.py:1084} INFO - Dependencies all met for dep_context=non-requeueable deps ti=<TaskInstance: execute_24hr_data_scrape.id_1 manual__2023-04-14T14:51:43.035710+00:00 [queued]>
[2023-04-14T14:52:21.296+0000] {taskinstance.py:1084} INFO - Dependencies all met for dep_context=requeueable deps ti=<TaskInstance: execute_24hr_data_scrape.id_1 manual__2023-04-14T14:51:43.035710+00:00 [queued]>
[2023-04-14T14:52:21.297+0000] {taskinstance.py:1282} INFO - 
--------------------------------------------------------------------------------
[2023-04-14T14:52:21.298+0000] {taskinstance.py:1283} INFO - Starting attempt 1 of 4
[2023-04-14T14:52:21.298+0000] {taskinstance.py:1284} INFO - 
--------------------------------------------------------------------------------
[2023-04-14T14:52:21.313+0000] {taskinstance.py:1303} INFO - Executing <Task(BashOperator): id_1> on 2023-04-14 14:51:43.035710+00:00
[2023-04-14T14:52:21.318+0000] {standard_task_runner.py:55} INFO - Started process 1048 to run task
[2023-04-14T14:52:21.321+0000] {standard_task_runner.py:82} INFO - Running: ['***', 'tasks', 'run', 'execute_24hr_data_scrape', 'id_1', 'manual__2023-04-14T14:51:43.035710+00:00', '--job-id', '73', '--raw', '--subdir', 'DAGS_FOLDER/exec_web_crawlers_dag.py', '--cfg-path', '/tmp/tmpgwid39aa']
[2023-04-14T14:52:21.323+0000] {standard_task_runner.py:83} INFO - Job 73: Subtask id_1
[2023-04-14T14:52:21.377+0000] {task_command.py:388} INFO - Running <TaskInstance: execute_24hr_data_scrape.id_1 manual__2023-04-14T14:51:43.035710+00:00 [running]> on host 6f8cd9778af0
[2023-04-14T14:52:21.451+0000] {taskinstance.py:1511} INFO - Exporting the following env vars:
AIRFLOW_CTX_DAG_OWNER=xiaochen
AIRFLOW_CTX_DAG_ID=execute_24hr_data_scrape
AIRFLOW_CTX_TASK_ID=id_1
AIRFLOW_CTX_EXECUTION_DATE=2023-04-14T14:51:43.035710+00:00
AIRFLOW_CTX_TRY_NUMBER=1
AIRFLOW_CTX_DAG_RUN_ID=manual__2023-04-14T14:51:43.035710+00:00
[2023-04-14T14:52:21.452+0000] {subprocess.py:63} INFO - Tmp dir root location: 
 /tmp
[2023-04-14T14:52:21.453+0000] {subprocess.py:75} INFO - Running command: ['/bin/bash', '-c', 'echo Hello World !!!! My name is xxxxx !']
[2023-04-14T14:52:21.462+0000] {subprocess.py:86} INFO - Output:
[2023-04-14T14:52:21.464+0000] {subprocess.py:93} INFO - Hello World !!!! My name is xxxxx !
[2023-04-14T14:52:21.464+0000] {subprocess.py:97} INFO - Command exited with return code 0
[2023-04-14T14:52:21.491+0000] {taskinstance.py:1326} INFO - Marking task as SUCCESS. dag_id=execute_24hr_data_scrape, task_id=id_1, execution_date=20230414T145143, start_date=20230414T145221, end_date=20230414T145221
[2023-04-14T14:52:21.533+0000] {local_task_job.py:212} INFO - Task exited with return code 0
[2023-04-14T14:52:21.558+0000] {taskinstance.py:2585} INFO - 1 downstream tasks scheduled from follow-on schedule check
