[2023-04-11T18:30:02.499+0000] {taskinstance.py:1084} INFO - Dependencies all met for dep_context=non-requeueable deps ti=<TaskInstance: execute_24hr_data_scrape.id_2 scheduled__2023-04-11T18:24:00+00:00 [queued]>
[2023-04-11T18:30:02.509+0000] {taskinstance.py:1084} INFO - Dependencies all met for dep_context=requeueable deps ti=<TaskInstance: execute_24hr_data_scrape.id_2 scheduled__2023-04-11T18:24:00+00:00 [queued]>
[2023-04-11T18:30:02.509+0000] {taskinstance.py:1282} INFO - 
--------------------------------------------------------------------------------
[2023-04-11T18:30:02.510+0000] {taskinstance.py:1283} INFO - Starting attempt 2 of 4
[2023-04-11T18:30:02.510+0000] {taskinstance.py:1284} INFO - 
--------------------------------------------------------------------------------
[2023-04-11T18:30:02.524+0000] {taskinstance.py:1303} INFO - Executing <Task(BashOperator): id_2> on 2023-04-11 18:24:00+00:00
[2023-04-11T18:30:02.528+0000] {standard_task_runner.py:55} INFO - Started process 9554 to run task
[2023-04-11T18:30:02.530+0000] {standard_task_runner.py:82} INFO - Running: ['***', 'tasks', 'run', 'execute_24hr_data_scrape', 'id_2', 'scheduled__2023-04-11T18:24:00+00:00', '--job-id', '1132', '--raw', '--subdir', 'DAGS_FOLDER/exec_web_crawlers_dag.py', '--cfg-path', '/tmp/tmpmubstmwx']
[2023-04-11T18:30:02.532+0000] {standard_task_runner.py:83} INFO - Job 1132: Subtask id_2
[2023-04-11T18:30:02.589+0000] {task_command.py:388} INFO - Running <TaskInstance: execute_24hr_data_scrape.id_2 scheduled__2023-04-11T18:24:00+00:00 [running]> on host b518195edd5e
[2023-04-11T18:30:02.679+0000] {taskinstance.py:1511} INFO - Exporting the following env vars:
AIRFLOW_CTX_DAG_OWNER=xiaochen
AIRFLOW_CTX_DAG_ID=execute_24hr_data_scrape
AIRFLOW_CTX_TASK_ID=id_2
AIRFLOW_CTX_EXECUTION_DATE=2023-04-11T18:24:00+00:00
AIRFLOW_CTX_TRY_NUMBER=2
AIRFLOW_CTX_DAG_RUN_ID=scheduled__2023-04-11T18:24:00+00:00
[2023-04-11T18:30:02.681+0000] {subprocess.py:63} INFO - Tmp dir root location: 
 /tmp
[2023-04-11T18:30:02.684+0000] {subprocess.py:75} INFO - Running command: ['/bin/bash', '-c', 'python /opt/***/src/news_comments_crawlers/crawlers/_EN_CNA.py --name CNA']
[2023-04-11T18:30:02.700+0000] {subprocess.py:86} INFO - Output:
[2023-04-11T18:30:02.882+0000] {subprocess.py:93} INFO - python: can't open file '/opt/***/src/news_comments_crawlers/crawlers/_EN_CNA.py': [Errno 5] Input/output error
[2023-04-11T18:30:02.890+0000] {subprocess.py:97} INFO - Command exited with return code 2
[2023-04-11T18:30:02.908+0000] {taskinstance.py:1775} ERROR - Task failed with exception
Traceback (most recent call last):
  File "/home/airflow/.local/lib/python3.7/site-packages/airflow/operators/bash.py", line 197, in execute
    f"Bash command failed. The command returned a non-zero exit code {result.exit_code}."
airflow.exceptions.AirflowException: Bash command failed. The command returned a non-zero exit code 2.
[2023-04-11T18:30:02.915+0000] {taskinstance.py:1326} INFO - Marking task as UP_FOR_RETRY. dag_id=execute_24hr_data_scrape, task_id=id_2, execution_date=20230411T182400, start_date=20230411T183002, end_date=20230411T183002
[2023-04-11T18:30:02.936+0000] {standard_task_runner.py:105} ERROR - Failed to execute job 1132 for task id_2 (Bash command failed. The command returned a non-zero exit code 2.; 9554)
[2023-04-11T18:30:02.984+0000] {local_task_job.py:212} INFO - Task exited with return code 1
[2023-04-11T18:30:03.007+0000] {taskinstance.py:2585} INFO - 0 downstream tasks scheduled from follow-on schedule check
