[2023-04-11T18:09:04.226+0000] {taskinstance.py:1084} INFO - Dependencies all met for dep_context=non-requeueable deps ti=<TaskInstance: execute_24hr_data_scrape.id_2 scheduled__2023-04-11T17:58:00+00:00 [queued]>
[2023-04-11T18:09:04.234+0000] {taskinstance.py:1084} INFO - Dependencies all met for dep_context=requeueable deps ti=<TaskInstance: execute_24hr_data_scrape.id_2 scheduled__2023-04-11T17:58:00+00:00 [queued]>
[2023-04-11T18:09:04.234+0000] {taskinstance.py:1282} INFO - 
--------------------------------------------------------------------------------
[2023-04-11T18:09:04.235+0000] {taskinstance.py:1283} INFO - Starting attempt 3 of 4
[2023-04-11T18:09:04.235+0000] {taskinstance.py:1284} INFO - 
--------------------------------------------------------------------------------
[2023-04-11T18:09:04.249+0000] {taskinstance.py:1303} INFO - Executing <Task(BashOperator): id_2> on 2023-04-11 17:58:00+00:00
[2023-04-11T18:09:04.253+0000] {standard_task_runner.py:55} INFO - Started process 8733 to run task
[2023-04-11T18:09:04.255+0000] {standard_task_runner.py:82} INFO - Running: ['***', 'tasks', 'run', 'execute_24hr_data_scrape', 'id_2', 'scheduled__2023-04-11T17:58:00+00:00', '--job-id', '1029', '--raw', '--subdir', 'DAGS_FOLDER/exec_web_crawlers_dag.py', '--cfg-path', '/tmp/tmptgs4mfex']
[2023-04-11T18:09:04.257+0000] {standard_task_runner.py:83} INFO - Job 1029: Subtask id_2
[2023-04-11T18:09:04.308+0000] {task_command.py:388} INFO - Running <TaskInstance: execute_24hr_data_scrape.id_2 scheduled__2023-04-11T17:58:00+00:00 [running]> on host b518195edd5e
[2023-04-11T18:09:04.366+0000] {taskinstance.py:1511} INFO - Exporting the following env vars:
AIRFLOW_CTX_DAG_OWNER=xiaochen
AIRFLOW_CTX_DAG_ID=execute_24hr_data_scrape
AIRFLOW_CTX_TASK_ID=id_2
AIRFLOW_CTX_EXECUTION_DATE=2023-04-11T17:58:00+00:00
AIRFLOW_CTX_TRY_NUMBER=3
AIRFLOW_CTX_DAG_RUN_ID=scheduled__2023-04-11T17:58:00+00:00
[2023-04-11T18:09:04.367+0000] {subprocess.py:63} INFO - Tmp dir root location: 
 /tmp
[2023-04-11T18:09:04.368+0000] {subprocess.py:75} INFO - Running command: ['/bin/bash', '-c', 'python /opt/***/src/news_comments_crawlers/crawlers/_EN_CNA.py --name CNA']
[2023-04-11T18:09:04.376+0000] {subprocess.py:86} INFO - Output:
[2023-04-11T18:09:04.550+0000] {subprocess.py:93} INFO - Traceback (most recent call last):
[2023-04-11T18:09:04.551+0000] {subprocess.py:93} INFO -   File "/opt/***/src/news_comments_crawlers/crawlers/_EN_CNA.py", line 8, in <module>
[2023-04-11T18:09:04.551+0000] {subprocess.py:93} INFO -   File "/opt/***/src/news_comments_crawlers/crawlers/config/Preprocessor.py", line 9, in <module>
[2023-04-11T18:09:04.551+0000] {subprocess.py:93} INFO -   File "/usr/local/lib/python3.7/re.py", line 125, in <module>
[2023-04-11T18:09:04.552+0000] {subprocess.py:93} INFO -     import sre_compile
[2023-04-11T18:09:04.552+0000] {subprocess.py:93} INFO -   File "/usr/local/lib/python3.7/sre_compile.py", line 14, in <module>
[2023-04-11T18:09:04.552+0000] {subprocess.py:93} INFO -     import sre_parse
[2023-04-11T18:09:04.553+0000] {subprocess.py:93} INFO -   File "/usr/local/lib/python3.7/sre_parse.py", line 15, in <module>
[2023-04-11T18:09:04.553+0000] {subprocess.py:93} INFO -     from sre_constants import *
[2023-04-11T18:09:04.553+0000] {subprocess.py:93} INFO -   File "<frozen importlib._bootstrap>", line 983, in _find_and_load
[2023-04-11T18:09:04.554+0000] {subprocess.py:93} INFO -   File "<frozen importlib._bootstrap>", line 963, in _find_and_load_unlocked
[2023-04-11T18:09:04.554+0000] {subprocess.py:93} INFO -   File "<frozen importlib._bootstrap>", line 906, in _find_spec
[2023-04-11T18:09:04.555+0000] {subprocess.py:93} INFO -   File "<frozen importlib._bootstrap_external>", line 1280, in find_spec
[2023-04-11T18:09:04.555+0000] {subprocess.py:93} INFO -   File "<frozen importlib._bootstrap_external>", line 1252, in _get_spec
[2023-04-11T18:09:04.555+0000] {subprocess.py:93} INFO -   File "<frozen importlib._bootstrap_external>", line 1368, in find_spec
[2023-04-11T18:09:04.555+0000] {subprocess.py:93} INFO -   File "<frozen importlib._bootstrap_external>", line 1408, in _fill_cache
[2023-04-11T18:09:04.556+0000] {subprocess.py:93} INFO - OSError: [Errno 5] Input/output error: '/opt/***/src/news_comments_crawlers/crawlers'
[2023-04-11T18:09:04.556+0000] {subprocess.py:97} INFO - Command exited with return code 1
[2023-04-11T18:09:04.566+0000] {taskinstance.py:1775} ERROR - Task failed with exception
Traceback (most recent call last):
  File "/home/airflow/.local/lib/python3.7/site-packages/airflow/operators/bash.py", line 197, in execute
    f"Bash command failed. The command returned a non-zero exit code {result.exit_code}."
airflow.exceptions.AirflowException: Bash command failed. The command returned a non-zero exit code 1.
[2023-04-11T18:09:04.569+0000] {taskinstance.py:1326} INFO - Marking task as UP_FOR_RETRY. dag_id=execute_24hr_data_scrape, task_id=id_2, execution_date=20230411T175800, start_date=20230411T180904, end_date=20230411T180904
[2023-04-11T18:09:04.579+0000] {standard_task_runner.py:105} ERROR - Failed to execute job 1029 for task id_2 (Bash command failed. The command returned a non-zero exit code 1.; 8733)
[2023-04-11T18:09:04.589+0000] {local_task_job.py:212} INFO - Task exited with return code 1
[2023-04-11T18:09:04.605+0000] {taskinstance.py:2585} INFO - 0 downstream tasks scheduled from follow-on schedule check
