[2023-04-11T19:42:01.324+0000] {taskinstance.py:1084} INFO - Dependencies all met for dep_context=non-requeueable deps ti=<TaskInstance: execute_24hr_data_scrape.id_1 scheduled__2023-04-11T19:41:00+00:00 [queued]>
[2023-04-11T19:42:01.331+0000] {taskinstance.py:1084} INFO - Dependencies all met for dep_context=requeueable deps ti=<TaskInstance: execute_24hr_data_scrape.id_1 scheduled__2023-04-11T19:41:00+00:00 [queued]>
[2023-04-11T19:42:01.332+0000] {taskinstance.py:1282} INFO - 
--------------------------------------------------------------------------------
[2023-04-11T19:42:01.333+0000] {taskinstance.py:1283} INFO - Starting attempt 1 of 4
[2023-04-11T19:42:01.333+0000] {taskinstance.py:1284} INFO - 
--------------------------------------------------------------------------------
[2023-04-11T19:42:01.347+0000] {taskinstance.py:1303} INFO - Executing <Task(BashOperator): id_1> on 2023-04-11 19:41:00+00:00
[2023-04-11T19:42:01.351+0000] {standard_task_runner.py:55} INFO - Started process 2900 to run task
[2023-04-11T19:42:01.352+0000] {standard_task_runner.py:82} INFO - Running: ['***', 'tasks', 'run', 'execute_24hr_data_scrape', 'id_1', 'scheduled__2023-04-11T19:41:00+00:00', '--job-id', '1497', '--raw', '--subdir', 'DAGS_FOLDER/exec_web_crawlers_dag.py', '--cfg-path', '/tmp/tmp6y5qyt8q']
[2023-04-11T19:42:01.353+0000] {standard_task_runner.py:83} INFO - Job 1497: Subtask id_1
[2023-04-11T19:42:01.400+0000] {task_command.py:388} INFO - Running <TaskInstance: execute_24hr_data_scrape.id_1 scheduled__2023-04-11T19:41:00+00:00 [running]> on host b518195edd5e
[2023-04-11T19:42:01.515+0000] {taskinstance.py:1511} INFO - Exporting the following env vars:
AIRFLOW_CTX_DAG_OWNER=xiaochen
AIRFLOW_CTX_DAG_ID=execute_24hr_data_scrape
AIRFLOW_CTX_TASK_ID=id_1
AIRFLOW_CTX_EXECUTION_DATE=2023-04-11T19:41:00+00:00
AIRFLOW_CTX_TRY_NUMBER=1
AIRFLOW_CTX_DAG_RUN_ID=scheduled__2023-04-11T19:41:00+00:00
[2023-04-11T19:42:01.516+0000] {subprocess.py:63} INFO - Tmp dir root location: 
 /tmp
[2023-04-11T19:42:01.517+0000] {subprocess.py:75} INFO - Running command: ['/bin/bash', '-c', 'echo Hello World !!!! My name is xxxxx !']
[2023-04-11T19:42:01.522+0000] {subprocess.py:86} INFO - Output:
[2023-04-11T19:42:01.523+0000] {subprocess.py:93} INFO - Hello World !!!! My name is xxxxx !
[2023-04-11T19:42:01.524+0000] {subprocess.py:97} INFO - Command exited with return code 0
[2023-04-11T19:42:01.542+0000] {taskinstance.py:1326} INFO - Marking task as SUCCESS. dag_id=execute_24hr_data_scrape, task_id=id_1, execution_date=20230411T194100, start_date=20230411T194201, end_date=20230411T194201
[2023-04-11T19:42:01.565+0000] {local_task_job.py:212} INFO - Task exited with return code 0
[2023-04-11T19:42:01.582+0000] {taskinstance.py:2585} INFO - 1 downstream tasks scheduled from follow-on schedule check
