[2023-04-12T23:06:01.919+0000] {taskinstance.py:1084} INFO - Dependencies all met for dep_context=non-requeueable deps ti=<TaskInstance: execute_24hr_data_scrape.id_2 scheduled__2023-04-12T23:05:00+00:00 [queued]>
[2023-04-12T23:06:01.927+0000] {taskinstance.py:1084} INFO - Dependencies all met for dep_context=requeueable deps ti=<TaskInstance: execute_24hr_data_scrape.id_2 scheduled__2023-04-12T23:05:00+00:00 [queued]>
[2023-04-12T23:06:01.927+0000] {taskinstance.py:1282} INFO - 
--------------------------------------------------------------------------------
[2023-04-12T23:06:01.928+0000] {taskinstance.py:1283} INFO - Starting attempt 1 of 4
[2023-04-12T23:06:01.928+0000] {taskinstance.py:1284} INFO - 
--------------------------------------------------------------------------------
[2023-04-12T23:06:01.942+0000] {taskinstance.py:1303} INFO - Executing <Task(BashOperator): id_2> on 2023-04-12 23:05:00+00:00
[2023-04-12T23:06:01.946+0000] {standard_task_runner.py:55} INFO - Started process 2034 to run task
[2023-04-12T23:06:01.949+0000] {standard_task_runner.py:82} INFO - Running: ['***', 'tasks', 'run', 'execute_24hr_data_scrape', 'id_2', 'scheduled__2023-04-12T23:05:00+00:00', '--job-id', '9719', '--raw', '--subdir', 'DAGS_FOLDER/exec_web_crawlers_dag.py', '--cfg-path', '/tmp/tmpsojftx71']
[2023-04-12T23:06:01.950+0000] {standard_task_runner.py:83} INFO - Job 9719: Subtask id_2
[2023-04-12T23:06:01.999+0000] {task_command.py:388} INFO - Running <TaskInstance: execute_24hr_data_scrape.id_2 scheduled__2023-04-12T23:05:00+00:00 [running]> on host b518195edd5e
[2023-04-12T23:06:02.055+0000] {taskinstance.py:1511} INFO - Exporting the following env vars:
AIRFLOW_CTX_DAG_OWNER=xiaochen
AIRFLOW_CTX_DAG_ID=execute_24hr_data_scrape
AIRFLOW_CTX_TASK_ID=id_2
AIRFLOW_CTX_EXECUTION_DATE=2023-04-12T23:05:00+00:00
AIRFLOW_CTX_TRY_NUMBER=1
AIRFLOW_CTX_DAG_RUN_ID=scheduled__2023-04-12T23:05:00+00:00
[2023-04-12T23:06:02.056+0000] {subprocess.py:63} INFO - Tmp dir root location: 
 /tmp
[2023-04-12T23:06:02.057+0000] {subprocess.py:75} INFO - Running command: ['/bin/bash', '-c', 'python /opt/***/src/news_comments_crawlers/crawlers/_EN_CNA.py --name CNA']
[2023-04-12T23:06:02.064+0000] {subprocess.py:86} INFO - Output:
[2023-04-12T23:06:02.195+0000] {subprocess.py:93} INFO - Traceback (most recent call last):
[2023-04-12T23:06:02.196+0000] {subprocess.py:93} INFO -   File "/opt/***/src/news_comments_crawlers/crawlers/_EN_CNA.py", line 8, in <module>
[2023-04-12T23:06:02.196+0000] {subprocess.py:93} INFO -     from config.Preprocessor import Preprocessor
[2023-04-12T23:06:02.197+0000] {subprocess.py:93} INFO -   File "/opt/***/src/news_comments_crawlers/crawlers/config/Preprocessor.py", line 11, in <module>
[2023-04-12T23:06:02.197+0000] {subprocess.py:93} INFO -     from nltk.stem import WordNetLemmatizer
[2023-04-12T23:06:02.197+0000] {subprocess.py:93} INFO - ModuleNotFoundError: No module named 'nltk'
[2023-04-12T23:06:02.200+0000] {subprocess.py:97} INFO - Command exited with return code 1
[2023-04-12T23:06:02.209+0000] {taskinstance.py:1775} ERROR - Task failed with exception
Traceback (most recent call last):
  File "/home/airflow/.local/lib/python3.7/site-packages/airflow/operators/bash.py", line 197, in execute
    f"Bash command failed. The command returned a non-zero exit code {result.exit_code}."
airflow.exceptions.AirflowException: Bash command failed. The command returned a non-zero exit code 1.
[2023-04-12T23:06:02.212+0000] {taskinstance.py:1326} INFO - Marking task as UP_FOR_RETRY. dag_id=execute_24hr_data_scrape, task_id=id_2, execution_date=20230412T230500, start_date=20230412T230601, end_date=20230412T230602
[2023-04-12T23:06:02.225+0000] {standard_task_runner.py:105} ERROR - Failed to execute job 9719 for task id_2 (Bash command failed. The command returned a non-zero exit code 1.; 2034)
[2023-04-12T23:06:02.241+0000] {local_task_job.py:212} INFO - Task exited with return code 1
[2023-04-12T23:06:02.255+0000] {taskinstance.py:2585} INFO - 0 downstream tasks scheduled from follow-on schedule check
