[2023-04-14T14:56:50.738+0000] {taskinstance.py:1084} INFO - Dependencies all met for dep_context=non-requeueable deps ti=<TaskInstance: execute_24hr_data_scrape.id_2 manual__2023-04-14T14:38:33.407401+00:00 [queued]>
[2023-04-14T14:56:50.757+0000] {taskinstance.py:1084} INFO - Dependencies all met for dep_context=requeueable deps ti=<TaskInstance: execute_24hr_data_scrape.id_2 manual__2023-04-14T14:38:33.407401+00:00 [queued]>
[2023-04-14T14:56:50.761+0000] {taskinstance.py:1282} INFO - 
--------------------------------------------------------------------------------
[2023-04-14T14:56:50.771+0000] {taskinstance.py:1283} INFO - Starting attempt 4 of 4
[2023-04-14T14:56:50.775+0000] {taskinstance.py:1284} INFO - 
--------------------------------------------------------------------------------
[2023-04-14T14:56:50.803+0000] {taskinstance.py:1303} INFO - Executing <Task(BashOperator): id_2> on 2023-04-14 14:38:33.407401+00:00
[2023-04-14T14:56:50.815+0000] {standard_task_runner.py:55} INFO - Started process 1312 to run task
[2023-04-14T14:56:50.820+0000] {standard_task_runner.py:82} INFO - Running: ['***', 'tasks', 'run', 'execute_24hr_data_scrape', 'id_2', 'manual__2023-04-14T14:38:33.407401+00:00', '--job-id', '91', '--raw', '--subdir', 'DAGS_FOLDER/exec_web_crawlers_dag.py', '--cfg-path', '/tmp/tmpdbhc1emq']
[2023-04-14T14:56:50.824+0000] {standard_task_runner.py:83} INFO - Job 91: Subtask id_2
[2023-04-14T14:56:50.922+0000] {task_command.py:388} INFO - Running <TaskInstance: execute_24hr_data_scrape.id_2 manual__2023-04-14T14:38:33.407401+00:00 [running]> on host 6f8cd9778af0
[2023-04-14T14:56:51.050+0000] {taskinstance.py:1511} INFO - Exporting the following env vars:
AIRFLOW_CTX_DAG_OWNER=xiaochen
AIRFLOW_CTX_DAG_ID=execute_24hr_data_scrape
AIRFLOW_CTX_TASK_ID=id_2
AIRFLOW_CTX_EXECUTION_DATE=2023-04-14T14:38:33.407401+00:00
AIRFLOW_CTX_TRY_NUMBER=4
AIRFLOW_CTX_DAG_RUN_ID=manual__2023-04-14T14:38:33.407401+00:00
[2023-04-14T14:56:51.053+0000] {subprocess.py:63} INFO - Tmp dir root location: 
 /tmp
[2023-04-14T14:56:51.055+0000] {subprocess.py:75} INFO - Running command: ['/bin/bash', '-c', 'python /opt/***/src/news_comments_crawlers/crawlers/_EN_CNA.py --name CNA']
[2023-04-14T14:56:51.082+0000] {subprocess.py:86} INFO - Output:
[2023-04-14T14:56:54.128+0000] {subprocess.py:93} INFO - 
[2023-04-14T14:56:54.129+0000] {subprocess.py:93} INFO - --DEBUG: __file__:     /opt/***/src/news_comments_crawlers/crawlers/config/Constants.py
[2023-04-14T14:56:54.131+0000] {subprocess.py:93} INFO - 
[2023-04-14T14:56:54.132+0000] {subprocess.py:93} INFO - -- Session Object : Good to go.
[2023-04-14T14:56:54.133+0000] {subprocess.py:93} INFO - 
[2023-04-14T14:56:54.134+0000] {subprocess.py:93} INFO - -- Log Folder: Good to go.
[2023-04-14T14:56:54.135+0000] {subprocess.py:93} INFO - []
[2023-04-14T14:56:54.136+0000] {subprocess.py:93} INFO - Traceback (most recent call last):
[2023-04-14T14:56:54.137+0000] {subprocess.py:93} INFO -   File "/opt/***/src/news_comments_crawlers/crawlers/_EN_CNA.py", line 11, in <module>
[2023-04-14T14:56:54.138+0000] {subprocess.py:93} INFO -     from Functions import *
[2023-04-14T14:56:54.139+0000] {subprocess.py:93} INFO -   File "<fstring>", line 1
[2023-04-14T14:56:54.140+0000] {subprocess.py:93} INFO -     (USE_CACHE=)
[2023-04-14T14:56:54.141+0000] {subprocess.py:93} INFO -               ^
[2023-04-14T14:56:54.142+0000] {subprocess.py:93} INFO - SyntaxError: invalid syntax
[2023-04-14T14:56:54.581+0000] {subprocess.py:97} INFO - Command exited with return code 1
[2023-04-14T14:56:54.596+0000] {taskinstance.py:1775} ERROR - Task failed with exception
Traceback (most recent call last):
  File "/home/airflow/.local/lib/python3.7/site-packages/airflow/operators/bash.py", line 197, in execute
    f"Bash command failed. The command returned a non-zero exit code {result.exit_code}."
airflow.exceptions.AirflowException: Bash command failed. The command returned a non-zero exit code 1.
[2023-04-14T14:56:54.603+0000] {taskinstance.py:1326} INFO - Marking task as FAILED. dag_id=execute_24hr_data_scrape, task_id=id_2, execution_date=20230414T143833, start_date=20230414T145650, end_date=20230414T145654
[2023-04-14T14:56:54.628+0000] {standard_task_runner.py:105} ERROR - Failed to execute job 91 for task id_2 (Bash command failed. The command returned a non-zero exit code 1.; 1312)
[2023-04-14T14:56:54.691+0000] {local_task_job.py:212} INFO - Task exited with return code 1
[2023-04-14T14:56:54.716+0000] {taskinstance.py:2585} INFO - 0 downstream tasks scheduled from follow-on schedule check
