[2023-04-14T14:45:16.000+0000] {taskinstance.py:1084} INFO - Dependencies all met for dep_context=non-requeueable deps ti=<TaskInstance: execute_24hr_data_scrape.id_2 manual__2023-04-14T14:38:33.407401+00:00 [queued]>
[2023-04-14T14:45:16.026+0000] {taskinstance.py:1084} INFO - Dependencies all met for dep_context=requeueable deps ti=<TaskInstance: execute_24hr_data_scrape.id_2 manual__2023-04-14T14:38:33.407401+00:00 [queued]>
[2023-04-14T14:45:16.027+0000] {taskinstance.py:1282} INFO - 
--------------------------------------------------------------------------------
[2023-04-14T14:45:16.028+0000] {taskinstance.py:1283} INFO - Starting attempt 2 of 4
[2023-04-14T14:45:16.030+0000] {taskinstance.py:1284} INFO - 
--------------------------------------------------------------------------------
[2023-04-14T14:45:16.112+0000] {taskinstance.py:1303} INFO - Executing <Task(BashOperator): id_2> on 2023-04-14 14:38:33.407401+00:00
[2023-04-14T14:45:16.124+0000] {standard_task_runner.py:55} INFO - Started process 209 to run task
[2023-04-14T14:45:16.144+0000] {standard_task_runner.py:82} INFO - Running: ['***', 'tasks', 'run', 'execute_24hr_data_scrape', 'id_2', 'manual__2023-04-14T14:38:33.407401+00:00', '--job-id', '38', '--raw', '--subdir', 'DAGS_FOLDER/exec_web_crawlers_dag.py', '--cfg-path', '/tmp/tmpld8k2_gf']
[2023-04-14T14:45:16.150+0000] {standard_task_runner.py:83} INFO - Job 38: Subtask id_2
[2023-04-14T14:45:16.289+0000] {task_command.py:388} INFO - Running <TaskInstance: execute_24hr_data_scrape.id_2 manual__2023-04-14T14:38:33.407401+00:00 [running]> on host 6f8cd9778af0
[2023-04-14T14:45:16.434+0000] {taskinstance.py:1511} INFO - Exporting the following env vars:
AIRFLOW_CTX_DAG_OWNER=xiaochen
AIRFLOW_CTX_DAG_ID=execute_24hr_data_scrape
AIRFLOW_CTX_TASK_ID=id_2
AIRFLOW_CTX_EXECUTION_DATE=2023-04-14T14:38:33.407401+00:00
AIRFLOW_CTX_TRY_NUMBER=2
AIRFLOW_CTX_DAG_RUN_ID=manual__2023-04-14T14:38:33.407401+00:00
[2023-04-14T14:45:16.437+0000] {subprocess.py:63} INFO - Tmp dir root location: 
 /tmp
[2023-04-14T14:45:16.440+0000] {subprocess.py:75} INFO - Running command: ['/bin/bash', '-c', 'python /opt/***/src/news_comments_crawlers/crawlers/_EN_CNA.py --name CNA']
[2023-04-14T14:45:16.465+0000] {subprocess.py:86} INFO - Output:
[2023-04-14T14:45:19.693+0000] {subprocess.py:93} INFO - 
[2023-04-14T14:45:19.694+0000] {subprocess.py:93} INFO - -- Session Object : Good to go.
[2023-04-14T14:45:19.695+0000] {subprocess.py:93} INFO - 
[2023-04-14T14:45:19.697+0000] {subprocess.py:93} INFO - -- Log Folder: Failed to create.
[2023-04-14T14:45:19.700+0000] {subprocess.py:93} INFO - [Errno 2] No such file or directory: './src/news_comments_crawlers/crawlers/out/2023-04-14'
[2023-04-14T14:45:19.703+0000] {subprocess.py:93} INFO - []
[2023-04-14T14:45:19.706+0000] {subprocess.py:93} INFO - Traceback (most recent call last):
[2023-04-14T14:45:19.707+0000] {subprocess.py:93} INFO -   File "/opt/***/src/news_comments_crawlers/crawlers/_EN_CNA.py", line 10, in <module>
[2023-04-14T14:45:19.708+0000] {subprocess.py:93} INFO -     from Functions import *
[2023-04-14T14:45:19.710+0000] {subprocess.py:93} INFO -   File "<fstring>", line 1
[2023-04-14T14:45:19.711+0000] {subprocess.py:93} INFO -     (USE_CACHE=)
[2023-04-14T14:45:19.712+0000] {subprocess.py:93} INFO -               ^
[2023-04-14T14:45:19.713+0000] {subprocess.py:93} INFO - SyntaxError: invalid syntax
[2023-04-14T14:45:20.175+0000] {subprocess.py:97} INFO - Command exited with return code 1
[2023-04-14T14:45:20.192+0000] {taskinstance.py:1775} ERROR - Task failed with exception
Traceback (most recent call last):
  File "/home/airflow/.local/lib/python3.7/site-packages/airflow/operators/bash.py", line 197, in execute
    f"Bash command failed. The command returned a non-zero exit code {result.exit_code}."
airflow.exceptions.AirflowException: Bash command failed. The command returned a non-zero exit code 1.
[2023-04-14T14:45:20.199+0000] {taskinstance.py:1326} INFO - Marking task as UP_FOR_RETRY. dag_id=execute_24hr_data_scrape, task_id=id_2, execution_date=20230414T143833, start_date=20230414T144516, end_date=20230414T144520
[2023-04-14T14:45:20.220+0000] {standard_task_runner.py:105} ERROR - Failed to execute job 38 for task id_2 (Bash command failed. The command returned a non-zero exit code 1.; 209)
[2023-04-14T14:45:20.261+0000] {local_task_job.py:212} INFO - Task exited with return code 1
[2023-04-14T14:45:20.281+0000] {taskinstance.py:2585} INFO - 0 downstream tasks scheduled from follow-on schedule check
