[2023-04-11T19:50:01.126+0000] {taskinstance.py:1084} INFO - Dependencies all met for dep_context=non-requeueable deps ti=<TaskInstance: execute_24hr_data_scrape.id_1 scheduled__2023-04-11T19:49:00+00:00 [queued]>
[2023-04-11T19:50:01.134+0000] {taskinstance.py:1084} INFO - Dependencies all met for dep_context=requeueable deps ti=<TaskInstance: execute_24hr_data_scrape.id_1 scheduled__2023-04-11T19:49:00+00:00 [queued]>
[2023-04-11T19:50:01.134+0000] {taskinstance.py:1282} INFO - 
--------------------------------------------------------------------------------
[2023-04-11T19:50:01.135+0000] {taskinstance.py:1283} INFO - Starting attempt 1 of 4
[2023-04-11T19:50:01.135+0000] {taskinstance.py:1284} INFO - 
--------------------------------------------------------------------------------
[2023-04-11T19:50:01.148+0000] {taskinstance.py:1303} INFO - Executing <Task(BashOperator): id_1> on 2023-04-11 19:49:00+00:00
[2023-04-11T19:50:01.152+0000] {standard_task_runner.py:55} INFO - Started process 3212 to run task
[2023-04-11T19:50:01.153+0000] {standard_task_runner.py:82} INFO - Running: ['***', 'tasks', 'run', 'execute_24hr_data_scrape', 'id_1', 'scheduled__2023-04-11T19:49:00+00:00', '--job-id', '1537', '--raw', '--subdir', 'DAGS_FOLDER/exec_web_crawlers_dag.py', '--cfg-path', '/tmp/tmpisg8ouyg']
[2023-04-11T19:50:01.154+0000] {standard_task_runner.py:83} INFO - Job 1537: Subtask id_1
[2023-04-11T19:50:01.202+0000] {task_command.py:388} INFO - Running <TaskInstance: execute_24hr_data_scrape.id_1 scheduled__2023-04-11T19:49:00+00:00 [running]> on host b518195edd5e
[2023-04-11T19:50:01.258+0000] {taskinstance.py:1511} INFO - Exporting the following env vars:
AIRFLOW_CTX_DAG_OWNER=xiaochen
AIRFLOW_CTX_DAG_ID=execute_24hr_data_scrape
AIRFLOW_CTX_TASK_ID=id_1
AIRFLOW_CTX_EXECUTION_DATE=2023-04-11T19:49:00+00:00
AIRFLOW_CTX_TRY_NUMBER=1
AIRFLOW_CTX_DAG_RUN_ID=scheduled__2023-04-11T19:49:00+00:00
[2023-04-11T19:50:01.259+0000] {subprocess.py:63} INFO - Tmp dir root location: 
 /tmp
[2023-04-11T19:50:01.260+0000] {subprocess.py:75} INFO - Running command: ['/bin/bash', '-c', 'echo Hello World !!!! My name is xxxxx !']
[2023-04-11T19:50:01.266+0000] {subprocess.py:86} INFO - Output:
[2023-04-11T19:50:01.267+0000] {subprocess.py:93} INFO - Hello World !!!! My name is xxxxx !
[2023-04-11T19:50:01.268+0000] {subprocess.py:97} INFO - Command exited with return code 0
[2023-04-11T19:50:01.287+0000] {taskinstance.py:1326} INFO - Marking task as SUCCESS. dag_id=execute_24hr_data_scrape, task_id=id_1, execution_date=20230411T194900, start_date=20230411T195001, end_date=20230411T195001
[2023-04-11T19:50:01.326+0000] {local_task_job.py:212} INFO - Task exited with return code 0
[2023-04-11T19:50:01.343+0000] {taskinstance.py:2585} INFO - 1 downstream tasks scheduled from follow-on schedule check
