[2023-04-11T23:01:05.306+0000] {taskinstance.py:1084} INFO - Dependencies all met for dep_context=non-requeueable deps ti=<TaskInstance: execute_24hr_data_scrape.id_2 scheduled__2023-04-11T22:45:00+00:00 [queued]>
[2023-04-11T23:01:05.316+0000] {taskinstance.py:1084} INFO - Dependencies all met for dep_context=requeueable deps ti=<TaskInstance: execute_24hr_data_scrape.id_2 scheduled__2023-04-11T22:45:00+00:00 [queued]>
[2023-04-11T23:01:05.316+0000] {taskinstance.py:1282} INFO - 
--------------------------------------------------------------------------------
[2023-04-11T23:01:05.317+0000] {taskinstance.py:1283} INFO - Starting attempt 4 of 4
[2023-04-11T23:01:05.317+0000] {taskinstance.py:1284} INFO - 
--------------------------------------------------------------------------------
[2023-04-11T23:01:05.331+0000] {taskinstance.py:1303} INFO - Executing <Task(BashOperator): id_2> on 2023-04-11 22:45:00+00:00
[2023-04-11T23:01:05.335+0000] {standard_task_runner.py:55} INFO - Started process 10669 to run task
[2023-04-11T23:01:05.336+0000] {standard_task_runner.py:82} INFO - Running: ['***', 'tasks', 'run', 'execute_24hr_data_scrape', 'id_2', 'scheduled__2023-04-11T22:45:00+00:00', '--job-id', '2496', '--raw', '--subdir', 'DAGS_FOLDER/exec_web_crawlers_dag.py', '--cfg-path', '/tmp/tmp_nv0hh6o']
[2023-04-11T23:01:05.337+0000] {standard_task_runner.py:83} INFO - Job 2496: Subtask id_2
[2023-04-11T23:01:05.383+0000] {task_command.py:388} INFO - Running <TaskInstance: execute_24hr_data_scrape.id_2 scheduled__2023-04-11T22:45:00+00:00 [running]> on host b518195edd5e
[2023-04-11T23:01:05.438+0000] {taskinstance.py:1511} INFO - Exporting the following env vars:
AIRFLOW_CTX_DAG_OWNER=xiaochen
AIRFLOW_CTX_DAG_ID=execute_24hr_data_scrape
AIRFLOW_CTX_TASK_ID=id_2
AIRFLOW_CTX_EXECUTION_DATE=2023-04-11T22:45:00+00:00
AIRFLOW_CTX_TRY_NUMBER=4
AIRFLOW_CTX_DAG_RUN_ID=scheduled__2023-04-11T22:45:00+00:00
[2023-04-11T23:01:05.439+0000] {subprocess.py:63} INFO - Tmp dir root location: 
 /tmp
[2023-04-11T23:01:05.440+0000] {subprocess.py:75} INFO - Running command: ['/bin/bash', '-c', 'python /opt/***/src/news_comments_crawlers/crawlers/_EN_CNA.py --name CNA']
[2023-04-11T23:01:05.445+0000] {subprocess.py:86} INFO - Output:
[2023-04-11T23:01:05.605+0000] {subprocess.py:93} INFO - Traceback (most recent call last):
[2023-04-11T23:01:05.606+0000] {subprocess.py:93} INFO -   File "/opt/***/src/news_comments_crawlers/crawlers/_EN_CNA.py", line 8, in <module>
[2023-04-11T23:01:05.606+0000] {subprocess.py:93} INFO -     from config.Preprocessor import Preprocessor
[2023-04-11T23:01:05.606+0000] {subprocess.py:93} INFO -   File "/opt/***/src/news_comments_crawlers/crawlers/config/Preprocessor.py", line 11, in <module>
[2023-04-11T23:01:05.607+0000] {subprocess.py:93} INFO -     from nltk.stem import WordNetLemmatizer
[2023-04-11T23:01:05.607+0000] {subprocess.py:93} INFO - ModuleNotFoundError: No module named 'nltk'
[2023-04-11T23:01:05.608+0000] {subprocess.py:97} INFO - Command exited with return code 1
[2023-04-11T23:01:05.617+0000] {taskinstance.py:1775} ERROR - Task failed with exception
Traceback (most recent call last):
  File "/home/airflow/.local/lib/python3.7/site-packages/airflow/operators/bash.py", line 197, in execute
    f"Bash command failed. The command returned a non-zero exit code {result.exit_code}."
airflow.exceptions.AirflowException: Bash command failed. The command returned a non-zero exit code 1.
[2023-04-11T23:01:05.620+0000] {taskinstance.py:1326} INFO - Marking task as FAILED. dag_id=execute_24hr_data_scrape, task_id=id_2, execution_date=20230411T224500, start_date=20230411T230105, end_date=20230411T230105
[2023-04-11T23:01:05.629+0000] {standard_task_runner.py:105} ERROR - Failed to execute job 2496 for task id_2 (Bash command failed. The command returned a non-zero exit code 1.; 10669)
[2023-04-11T23:01:05.669+0000] {local_task_job.py:212} INFO - Task exited with return code 1
[2023-04-11T23:01:05.684+0000] {taskinstance.py:2585} INFO - 0 downstream tasks scheduled from follow-on schedule check
