[2023-04-12T00:02:01.136+0000] {taskinstance.py:1084} INFO - Dependencies all met for dep_context=non-requeueable deps ti=<TaskInstance: execute_24hr_data_scrape.id_1 scheduled__2023-04-12T00:01:00+00:00 [queued]>
[2023-04-12T00:02:01.145+0000] {taskinstance.py:1084} INFO - Dependencies all met for dep_context=requeueable deps ti=<TaskInstance: execute_24hr_data_scrape.id_1 scheduled__2023-04-12T00:01:00+00:00 [queued]>
[2023-04-12T00:02:01.145+0000] {taskinstance.py:1282} INFO - 
--------------------------------------------------------------------------------
[2023-04-12T00:02:01.146+0000] {taskinstance.py:1283} INFO - Starting attempt 1 of 4
[2023-04-12T00:02:01.146+0000] {taskinstance.py:1284} INFO - 
--------------------------------------------------------------------------------
[2023-04-12T00:02:01.160+0000] {taskinstance.py:1303} INFO - Executing <Task(BashOperator): id_1> on 2023-04-12 00:01:00+00:00
[2023-04-12T00:02:01.163+0000] {standard_task_runner.py:55} INFO - Started process 13028 to run task
[2023-04-12T00:02:01.165+0000] {standard_task_runner.py:82} INFO - Running: ['***', 'tasks', 'run', 'execute_24hr_data_scrape', 'id_1', 'scheduled__2023-04-12T00:01:00+00:00', '--job-id', '2797', '--raw', '--subdir', 'DAGS_FOLDER/exec_web_crawlers_dag.py', '--cfg-path', '/tmp/tmp4574o5of']
[2023-04-12T00:02:01.166+0000] {standard_task_runner.py:83} INFO - Job 2797: Subtask id_1
[2023-04-12T00:02:01.212+0000] {task_command.py:388} INFO - Running <TaskInstance: execute_24hr_data_scrape.id_1 scheduled__2023-04-12T00:01:00+00:00 [running]> on host b518195edd5e
[2023-04-12T00:02:01.269+0000] {taskinstance.py:1511} INFO - Exporting the following env vars:
AIRFLOW_CTX_DAG_OWNER=xiaochen
AIRFLOW_CTX_DAG_ID=execute_24hr_data_scrape
AIRFLOW_CTX_TASK_ID=id_1
AIRFLOW_CTX_EXECUTION_DATE=2023-04-12T00:01:00+00:00
AIRFLOW_CTX_TRY_NUMBER=1
AIRFLOW_CTX_DAG_RUN_ID=scheduled__2023-04-12T00:01:00+00:00
[2023-04-12T00:02:01.270+0000] {subprocess.py:63} INFO - Tmp dir root location: 
 /tmp
[2023-04-12T00:02:01.271+0000] {subprocess.py:75} INFO - Running command: ['/bin/bash', '-c', 'echo Hello World !!!! My name is xxxxx !']
[2023-04-12T00:02:01.276+0000] {subprocess.py:86} INFO - Output:
[2023-04-12T00:02:01.277+0000] {subprocess.py:93} INFO - Hello World !!!! My name is xxxxx !
[2023-04-12T00:02:01.277+0000] {subprocess.py:97} INFO - Command exited with return code 0
[2023-04-12T00:02:01.296+0000] {taskinstance.py:1326} INFO - Marking task as SUCCESS. dag_id=execute_24hr_data_scrape, task_id=id_1, execution_date=20230412T000100, start_date=20230412T000201, end_date=20230412T000201
[2023-04-12T00:02:01.337+0000] {local_task_job.py:212} INFO - Task exited with return code 0
[2023-04-12T00:02:01.355+0000] {taskinstance.py:2585} INFO - 1 downstream tasks scheduled from follow-on schedule check
