[2023-04-11T12:59:23.264+0000] {taskinstance.py:1084} INFO - Dependencies all met for dep_context=non-requeueable deps ti=<TaskInstance: execute_24hr_data_scrape.id_2 scheduled__2023-04-11T12:58:00+00:00 [queued]>
[2023-04-11T12:59:23.274+0000] {taskinstance.py:1084} INFO - Dependencies all met for dep_context=requeueable deps ti=<TaskInstance: execute_24hr_data_scrape.id_2 scheduled__2023-04-11T12:58:00+00:00 [queued]>
[2023-04-11T12:59:23.274+0000] {taskinstance.py:1282} INFO - 
--------------------------------------------------------------------------------
[2023-04-11T12:59:23.275+0000] {taskinstance.py:1283} INFO - Starting attempt 1 of 4
[2023-04-11T12:59:23.275+0000] {taskinstance.py:1284} INFO - 
--------------------------------------------------------------------------------
[2023-04-11T12:59:23.288+0000] {taskinstance.py:1303} INFO - Executing <Task(BashOperator): id_2> on 2023-04-11 12:58:00+00:00
[2023-04-11T12:59:23.292+0000] {standard_task_runner.py:55} INFO - Started process 207 to run task
[2023-04-11T12:59:23.294+0000] {standard_task_runner.py:82} INFO - Running: ['***', 'tasks', 'run', 'execute_24hr_data_scrape', 'id_2', 'scheduled__2023-04-11T12:58:00+00:00', '--job-id', '4', '--raw', '--subdir', 'DAGS_FOLDER/exec_web_crawlers_dag.py', '--cfg-path', '/tmp/tmpl3zw0722']
[2023-04-11T12:59:23.295+0000] {standard_task_runner.py:83} INFO - Job 4: Subtask id_2
[2023-04-11T12:59:23.342+0000] {task_command.py:388} INFO - Running <TaskInstance: execute_24hr_data_scrape.id_2 scheduled__2023-04-11T12:58:00+00:00 [running]> on host b518195edd5e
[2023-04-11T12:59:23.401+0000] {taskinstance.py:1511} INFO - Exporting the following env vars:
AIRFLOW_CTX_DAG_OWNER=xiaochen
AIRFLOW_CTX_DAG_ID=execute_24hr_data_scrape
AIRFLOW_CTX_TASK_ID=id_2
AIRFLOW_CTX_EXECUTION_DATE=2023-04-11T12:58:00+00:00
AIRFLOW_CTX_TRY_NUMBER=1
AIRFLOW_CTX_DAG_RUN_ID=scheduled__2023-04-11T12:58:00+00:00
[2023-04-11T12:59:23.402+0000] {subprocess.py:63} INFO - Tmp dir root location: 
 /tmp
[2023-04-11T12:59:23.403+0000] {subprocess.py:75} INFO - Running command: ['/bin/bash', '-c', 'ls /opt/***/src']
[2023-04-11T12:59:23.409+0000] {subprocess.py:86} INFO - Output:
[2023-04-11T12:59:23.416+0000] {subprocess.py:93} INFO - news_comments_crawlers
[2023-04-11T12:59:23.417+0000] {subprocess.py:97} INFO - Command exited with return code 0
[2023-04-11T12:59:23.437+0000] {taskinstance.py:1326} INFO - Marking task as SUCCESS. dag_id=execute_24hr_data_scrape, task_id=id_2, execution_date=20230411T125800, start_date=20230411T125923, end_date=20230411T125923
[2023-04-11T12:59:23.466+0000] {local_task_job.py:212} INFO - Task exited with return code 0
[2023-04-11T12:59:23.481+0000] {taskinstance.py:2585} INFO - 0 downstream tasks scheduled from follow-on schedule check
