[2023-04-09T16:12:03.224+0000] {taskinstance.py:1084} INFO - Dependencies all met for dep_context=non-requeueable deps ti=<TaskInstance: exe_web_crawlers_dag_v2.id_2 scheduled__2023-04-09T16:06:00+00:00 [queued]>
[2023-04-09T16:12:03.232+0000] {taskinstance.py:1084} INFO - Dependencies all met for dep_context=requeueable deps ti=<TaskInstance: exe_web_crawlers_dag_v2.id_2 scheduled__2023-04-09T16:06:00+00:00 [queued]>
[2023-04-09T16:12:03.233+0000] {taskinstance.py:1282} INFO - 
--------------------------------------------------------------------------------
[2023-04-09T16:12:03.234+0000] {taskinstance.py:1283} INFO - Starting attempt 2 of 4
[2023-04-09T16:12:03.234+0000] {taskinstance.py:1284} INFO - 
--------------------------------------------------------------------------------
[2023-04-09T16:12:03.250+0000] {taskinstance.py:1303} INFO - Executing <Task(BashOperator): id_2> on 2023-04-09 16:06:00+00:00
[2023-04-09T16:12:03.255+0000] {standard_task_runner.py:55} INFO - Started process 2324 to run task
[2023-04-09T16:12:03.257+0000] {standard_task_runner.py:82} INFO - Running: ['***', 'tasks', 'run', 'exe_web_crawlers_dag_v2', 'id_2', 'scheduled__2023-04-09T16:06:00+00:00', '--job-id', '121', '--raw', '--subdir', 'DAGS_FOLDER/exec_web_crawlers_dag.py', '--cfg-path', '/tmp/tmp88lestb0']
[2023-04-09T16:12:03.259+0000] {standard_task_runner.py:83} INFO - Job 121: Subtask id_2
[2023-04-09T16:12:03.317+0000] {task_command.py:388} INFO - Running <TaskInstance: exe_web_crawlers_dag_v2.id_2 scheduled__2023-04-09T16:06:00+00:00 [running]> on host e8e20c2f7d98
[2023-04-09T16:12:03.407+0000] {taskinstance.py:1511} INFO - Exporting the following env vars:
AIRFLOW_CTX_DAG_OWNER=xiaochen
AIRFLOW_CTX_DAG_ID=exe_web_crawlers_dag_v2
AIRFLOW_CTX_TASK_ID=id_2
AIRFLOW_CTX_EXECUTION_DATE=2023-04-09T16:06:00+00:00
AIRFLOW_CTX_TRY_NUMBER=2
AIRFLOW_CTX_DAG_RUN_ID=scheduled__2023-04-09T16:06:00+00:00
[2023-04-09T16:12:03.409+0000] {subprocess.py:63} INFO - Tmp dir root location: 
 /tmp
[2023-04-09T16:12:03.411+0000] {subprocess.py:75} INFO - Running command: ['/bin/bash', '-c', 'python /opt/***/dags/test.py']
[2023-04-09T16:12:03.422+0000] {subprocess.py:86} INFO - Output:
[2023-04-09T16:12:03.521+0000] {subprocess.py:93} INFO - this is task 2 !
[2023-04-09T16:12:03.524+0000] {subprocess.py:97} INFO - Command exited with return code 0
[2023-04-09T16:12:03.553+0000] {taskinstance.py:1326} INFO - Marking task as SUCCESS. dag_id=exe_web_crawlers_dag_v2, task_id=id_2, execution_date=20230409T160600, start_date=20230409T161203, end_date=20230409T161203
[2023-04-09T16:12:03.591+0000] {local_task_job.py:212} INFO - Task exited with return code 0
[2023-04-09T16:12:03.608+0000] {taskinstance.py:2585} INFO - 0 downstream tasks scheduled from follow-on schedule check
