[2023-04-11T13:28:03.322+0000] {taskinstance.py:1084} INFO - Dependencies all met for dep_context=non-requeueable deps ti=<TaskInstance: execute_24hr_data_scrape.id_2 scheduled__2023-04-11T13:27:00+00:00 [queued]>
[2023-04-11T13:28:03.338+0000] {taskinstance.py:1084} INFO - Dependencies all met for dep_context=requeueable deps ti=<TaskInstance: execute_24hr_data_scrape.id_2 scheduled__2023-04-11T13:27:00+00:00 [queued]>
[2023-04-11T13:28:03.339+0000] {taskinstance.py:1282} INFO - 
--------------------------------------------------------------------------------
[2023-04-11T13:28:03.340+0000] {taskinstance.py:1283} INFO - Starting attempt 1 of 4
[2023-04-11T13:28:03.341+0000] {taskinstance.py:1284} INFO - 
--------------------------------------------------------------------------------
[2023-04-11T13:28:03.363+0000] {taskinstance.py:1303} INFO - Executing <Task(BashOperator): id_2> on 2023-04-11 13:27:00+00:00
[2023-04-11T13:28:03.370+0000] {standard_task_runner.py:55} INFO - Started process 815 to run task
[2023-04-11T13:28:03.373+0000] {standard_task_runner.py:82} INFO - Running: ['***', 'tasks', 'run', 'execute_24hr_data_scrape', 'id_2', 'scheduled__2023-04-11T13:27:00+00:00', '--job-id', '57', '--raw', '--subdir', 'DAGS_FOLDER/exec_web_crawlers_dag.py', '--cfg-path', '/tmp/tmpk638oph5']
[2023-04-11T13:28:03.375+0000] {standard_task_runner.py:83} INFO - Job 57: Subtask id_2
[2023-04-11T13:28:03.461+0000] {task_command.py:388} INFO - Running <TaskInstance: execute_24hr_data_scrape.id_2 scheduled__2023-04-11T13:27:00+00:00 [running]> on host b518195edd5e
[2023-04-11T13:28:03.557+0000] {taskinstance.py:1511} INFO - Exporting the following env vars:
AIRFLOW_CTX_DAG_OWNER=xiaochen
AIRFLOW_CTX_DAG_ID=execute_24hr_data_scrape
AIRFLOW_CTX_TASK_ID=id_2
AIRFLOW_CTX_EXECUTION_DATE=2023-04-11T13:27:00+00:00
AIRFLOW_CTX_TRY_NUMBER=1
AIRFLOW_CTX_DAG_RUN_ID=scheduled__2023-04-11T13:27:00+00:00
[2023-04-11T13:28:03.559+0000] {subprocess.py:63} INFO - Tmp dir root location: 
 /tmp
[2023-04-11T13:28:03.562+0000] {subprocess.py:75} INFO - Running command: ['/bin/bash', '-c', 'python /opt/***/src/news_comments_crawlers/crawlers/_EN_CNA.py --name CNA']
[2023-04-11T13:28:03.581+0000] {subprocess.py:86} INFO - Output:
[2023-04-11T13:28:03.885+0000] {subprocess.py:93} INFO - Traceback (most recent call last):
[2023-04-11T13:28:03.886+0000] {subprocess.py:93} INFO -   File "/opt/***/src/news_comments_crawlers/crawlers/_EN_CNA.py", line 8, in <module>
[2023-04-11T13:28:03.887+0000] {subprocess.py:93} INFO -     from config.Preprocessor import Preprocessor
[2023-04-11T13:28:03.888+0000] {subprocess.py:93} INFO -   File "<frozen importlib._bootstrap>", line 983, in _find_and_load
[2023-04-11T13:28:03.888+0000] {subprocess.py:93} INFO -   File "<frozen importlib._bootstrap>", line 967, in _find_and_load_unlocked
[2023-04-11T13:28:03.889+0000] {subprocess.py:93} INFO -   File "<frozen importlib._bootstrap>", line 677, in _load_unlocked
[2023-04-11T13:28:03.889+0000] {subprocess.py:93} INFO -   File "<frozen importlib._bootstrap_external>", line 724, in exec_module
[2023-04-11T13:28:03.890+0000] {subprocess.py:93} INFO -   File "<frozen importlib._bootstrap_external>", line 859, in get_code
[2023-04-11T13:28:03.891+0000] {subprocess.py:93} INFO -   File "<frozen importlib._bootstrap_external>", line 916, in get_data
[2023-04-11T13:28:03.891+0000] {subprocess.py:93} INFO - OSError: [Errno 5] Input/output error: '/opt/***/src/news_comments_crawlers/crawlers/config/Preprocessor.py'
[2023-04-11T13:28:03.893+0000] {subprocess.py:97} INFO - Command exited with return code 1
[2023-04-11T13:28:03.907+0000] {taskinstance.py:1775} ERROR - Task failed with exception
Traceback (most recent call last):
  File "/home/airflow/.local/lib/python3.7/site-packages/airflow/operators/bash.py", line 197, in execute
    f"Bash command failed. The command returned a non-zero exit code {result.exit_code}."
airflow.exceptions.AirflowException: Bash command failed. The command returned a non-zero exit code 1.
[2023-04-11T13:28:03.914+0000] {taskinstance.py:1326} INFO - Marking task as UP_FOR_RETRY. dag_id=execute_24hr_data_scrape, task_id=id_2, execution_date=20230411T132700, start_date=20230411T132803, end_date=20230411T132803
[2023-04-11T13:28:03.942+0000] {standard_task_runner.py:105} ERROR - Failed to execute job 57 for task id_2 (Bash command failed. The command returned a non-zero exit code 1.; 815)
[2023-04-11T13:28:03.988+0000] {local_task_job.py:212} INFO - Task exited with return code 1
[2023-04-11T13:28:04.204+0000] {taskinstance.py:2585} INFO - 0 downstream tasks scheduled from follow-on schedule check
