[2023-04-14T15:15:02.439+0000] {taskinstance.py:1084} INFO - Dependencies all met for dep_context=non-requeueable deps ti=<TaskInstance: execute_24hr_data_scrape.id_2 scheduled__2023-04-14T15:14:00+00:00 [queued]>
[2023-04-14T15:15:02.447+0000] {taskinstance.py:1084} INFO - Dependencies all met for dep_context=requeueable deps ti=<TaskInstance: execute_24hr_data_scrape.id_2 scheduled__2023-04-14T15:14:00+00:00 [queued]>
[2023-04-14T15:15:02.447+0000] {taskinstance.py:1282} INFO - 
--------------------------------------------------------------------------------
[2023-04-14T15:15:02.448+0000] {taskinstance.py:1283} INFO - Starting attempt 1 of 4
[2023-04-14T15:15:02.448+0000] {taskinstance.py:1284} INFO - 
--------------------------------------------------------------------------------
[2023-04-14T15:15:02.460+0000] {taskinstance.py:1303} INFO - Executing <Task(BashOperator): id_2> on 2023-04-14 15:14:00+00:00
[2023-04-14T15:15:02.466+0000] {standard_task_runner.py:55} INFO - Started process 223 to run task
[2023-04-14T15:15:02.467+0000] {standard_task_runner.py:82} INFO - Running: ['***', 'tasks', 'run', 'execute_24hr_data_scrape', 'id_2', 'scheduled__2023-04-14T15:14:00+00:00', '--job-id', '181', '--raw', '--subdir', 'DAGS_FOLDER/exec_web_crawlers_dag.py', '--cfg-path', '/tmp/tmp45niije1']
[2023-04-14T15:15:02.469+0000] {standard_task_runner.py:83} INFO - Job 181: Subtask id_2
[2023-04-14T15:15:02.516+0000] {task_command.py:388} INFO - Running <TaskInstance: execute_24hr_data_scrape.id_2 scheduled__2023-04-14T15:14:00+00:00 [running]> on host f9e5540690f6
[2023-04-14T15:15:02.574+0000] {taskinstance.py:1511} INFO - Exporting the following env vars:
AIRFLOW_CTX_DAG_OWNER=xiaochen
AIRFLOW_CTX_DAG_ID=execute_24hr_data_scrape
AIRFLOW_CTX_TASK_ID=id_2
AIRFLOW_CTX_EXECUTION_DATE=2023-04-14T15:14:00+00:00
AIRFLOW_CTX_TRY_NUMBER=1
AIRFLOW_CTX_DAG_RUN_ID=scheduled__2023-04-14T15:14:00+00:00
[2023-04-14T15:15:02.575+0000] {subprocess.py:63} INFO - Tmp dir root location: 
 /tmp
[2023-04-14T15:15:02.576+0000] {subprocess.py:75} INFO - Running command: ['/bin/bash', '-c', 'python /opt/***/src/news_comments_crawlers/crawlers/_EN_CNA.py --name CNA']
[2023-04-14T15:15:02.585+0000] {subprocess.py:86} INFO - Output:
[2023-04-14T15:15:04.611+0000] {subprocess.py:93} INFO - 
[2023-04-14T15:15:04.612+0000] {subprocess.py:93} INFO - --DEBUG: __file__:     /opt/***/src/news_comments_crawlers/crawlers/config/Constants.py
[2023-04-14T15:15:04.612+0000] {subprocess.py:93} INFO - 
[2023-04-14T15:15:04.613+0000] {subprocess.py:93} INFO - -- Session Object : Good to go.
[2023-04-14T15:15:04.613+0000] {subprocess.py:93} INFO - 
[2023-04-14T15:15:04.613+0000] {subprocess.py:93} INFO - -- Folders: Good to go.
[2023-04-14T15:15:04.614+0000] {subprocess.py:93} INFO - []
[2023-04-14T15:15:04.614+0000] {subprocess.py:93} INFO - 
[2023-04-14T15:15:04.614+0000] {subprocess.py:93} INFO - --DEBUG: Platform -  CNA
[2023-04-14T15:15:04.615+0000] {subprocess.py:93} INFO - 
[2023-04-14T15:15:04.615+0000] {subprocess.py:93} INFO - --DEBUG: Start-time -  2023-04-13 15:15:04.528404
[2023-04-14T15:15:04.615+0000] {subprocess.py:93} INFO - 
[2023-04-14T15:15:04.616+0000] {subprocess.py:93} INFO - --DEBUG: End-time -  2023-04-14 15:15:04.528404
[2023-04-14T15:15:04.616+0000] {subprocess.py:93} INFO - 
[2023-04-14T15:15:04.616+0000] {subprocess.py:93} INFO - --DEBUG: Link Path - /opt/***/src/news_comments_crawlers/crawlers/out/2023-04-14/links/CNA_2023-04-14_15.txt
[2023-04-14T15:15:04.617+0000] {subprocess.py:93} INFO - 
[2023-04-14T15:15:04.617+0000] {subprocess.py:93} INFO - --DEBUG: JSON Data Path - /opt/***/src/news_comments_crawlers/crawlers/out/2023-04-14/data/json/CNA_2023-04-14_15.json
[2023-04-14T15:15:04.617+0000] {subprocess.py:93} INFO - 
[2023-04-14T15:15:04.618+0000] {subprocess.py:93} INFO - --DEBUG: DF Data Path - /opt/***/src/news_comments_crawlers/crawlers/out/2023-04-14/data/df/CNA_2023-04-14_15.pickle
[2023-04-14T15:15:04.618+0000] {subprocess.py:93} INFO - 
[2023-04-14T15:15:04.619+0000] {subprocess.py:93} INFO - --DEBUG: True
[2023-04-14T15:15:04.619+0000] {subprocess.py:93} INFO - 
[2023-04-14T15:15:04.619+0000] {subprocess.py:93} INFO - --DEBUG: Using URLs from cache file
[2023-04-14T15:15:04.620+0000] {subprocess.py:93} INFO - 
[2023-04-14T15:15:04.620+0000] {subprocess.py:93} INFO - --DEBUG: Using Articles from cache file
[2023-04-14T15:15:04.620+0000] {subprocess.py:93} INFO - Program took 0.08182639500000732 seconds to complete
[2023-04-14T15:15:04.764+0000] {subprocess.py:97} INFO - Command exited with return code 0
[2023-04-14T15:15:04.786+0000] {taskinstance.py:1326} INFO - Marking task as SUCCESS. dag_id=execute_24hr_data_scrape, task_id=id_2, execution_date=20230414T151400, start_date=20230414T151502, end_date=20230414T151504
[2023-04-14T15:15:04.807+0000] {local_task_job.py:212} INFO - Task exited with return code 0
[2023-04-14T15:15:04.823+0000] {taskinstance.py:2585} INFO - 0 downstream tasks scheduled from follow-on schedule check
