[2023-04-09T16:00:08.465+0000] {taskinstance.py:1084} INFO - Dependencies all met for dep_context=non-requeueable deps ti=<TaskInstance: exe_web_crawlers_dag_v2.id_2 scheduled__2023-04-09T15:54:00+00:00 [queued]>
[2023-04-09T16:00:08.475+0000] {taskinstance.py:1084} INFO - Dependencies all met for dep_context=requeueable deps ti=<TaskInstance: exe_web_crawlers_dag_v2.id_2 scheduled__2023-04-09T15:54:00+00:00 [queued]>
[2023-04-09T16:00:08.475+0000] {taskinstance.py:1282} INFO - 
--------------------------------------------------------------------------------
[2023-04-09T16:00:08.476+0000] {taskinstance.py:1283} INFO - Starting attempt 2 of 4
[2023-04-09T16:00:08.477+0000] {taskinstance.py:1284} INFO - 
--------------------------------------------------------------------------------
[2023-04-09T16:00:08.491+0000] {taskinstance.py:1303} INFO - Executing <Task(BashOperator): id_2> on 2023-04-09 15:54:00+00:00
[2023-04-09T16:00:08.496+0000] {standard_task_runner.py:55} INFO - Started process 1931 to run task
[2023-04-09T16:00:08.498+0000] {standard_task_runner.py:82} INFO - Running: ['***', 'tasks', 'run', 'exe_web_crawlers_dag_v2', 'id_2', 'scheduled__2023-04-09T15:54:00+00:00', '--job-id', '88', '--raw', '--subdir', 'DAGS_FOLDER/exec_web_crawlers_dag.py', '--cfg-path', '/tmp/tmpesghj4v_']
[2023-04-09T16:00:08.500+0000] {standard_task_runner.py:83} INFO - Job 88: Subtask id_2
[2023-04-09T16:00:08.555+0000] {task_command.py:388} INFO - Running <TaskInstance: exe_web_crawlers_dag_v2.id_2 scheduled__2023-04-09T15:54:00+00:00 [running]> on host e8e20c2f7d98
[2023-04-09T16:00:08.616+0000] {taskinstance.py:1511} INFO - Exporting the following env vars:
AIRFLOW_CTX_DAG_OWNER=xiaochen
AIRFLOW_CTX_DAG_ID=exe_web_crawlers_dag_v2
AIRFLOW_CTX_TASK_ID=id_2
AIRFLOW_CTX_EXECUTION_DATE=2023-04-09T15:54:00+00:00
AIRFLOW_CTX_TRY_NUMBER=2
AIRFLOW_CTX_DAG_RUN_ID=scheduled__2023-04-09T15:54:00+00:00
[2023-04-09T16:00:08.617+0000] {subprocess.py:63} INFO - Tmp dir root location: 
 /tmp
[2023-04-09T16:00:08.618+0000] {subprocess.py:75} INFO - Running command: ['/bin/bash', '-c', 'pwd']
[2023-04-09T16:00:08.626+0000] {subprocess.py:86} INFO - Output:
[2023-04-09T16:00:08.627+0000] {subprocess.py:93} INFO - /tmp/***tmpgoagdlhc
[2023-04-09T16:00:08.627+0000] {subprocess.py:97} INFO - Command exited with return code 0
[2023-04-09T16:00:08.649+0000] {taskinstance.py:1326} INFO - Marking task as SUCCESS. dag_id=exe_web_crawlers_dag_v2, task_id=id_2, execution_date=20230409T155400, start_date=20230409T160008, end_date=20230409T160008
[2023-04-09T16:00:08.671+0000] {local_task_job.py:212} INFO - Task exited with return code 0
[2023-04-09T16:00:08.687+0000] {taskinstance.py:2585} INFO - 0 downstream tasks scheduled from follow-on schedule check
