[2023-04-14T15:11:07.817+0000] {taskinstance.py:1084} INFO - Dependencies all met for dep_context=non-requeueable deps ti=<TaskInstance: execute_24hr_data_scrape.id_2 scheduled__2023-04-14T15:00:00+00:00 [queued]>
[2023-04-14T15:11:07.828+0000] {taskinstance.py:1084} INFO - Dependencies all met for dep_context=requeueable deps ti=<TaskInstance: execute_24hr_data_scrape.id_2 scheduled__2023-04-14T15:00:00+00:00 [queued]>
[2023-04-14T15:11:07.828+0000] {taskinstance.py:1282} INFO - 
--------------------------------------------------------------------------------
[2023-04-14T15:11:07.829+0000] {taskinstance.py:1283} INFO - Starting attempt 3 of 4
[2023-04-14T15:11:07.829+0000] {taskinstance.py:1284} INFO - 
--------------------------------------------------------------------------------
[2023-04-14T15:11:07.844+0000] {taskinstance.py:1303} INFO - Executing <Task(BashOperator): id_2> on 2023-04-14 15:00:00+00:00
[2023-04-14T15:11:07.849+0000] {standard_task_runner.py:55} INFO - Started process 3004 to run task
[2023-04-14T15:11:07.851+0000] {standard_task_runner.py:82} INFO - Running: ['***', 'tasks', 'run', 'execute_24hr_data_scrape', 'id_2', 'scheduled__2023-04-14T15:00:00+00:00', '--job-id', '162', '--raw', '--subdir', 'DAGS_FOLDER/exec_web_crawlers_dag.py', '--cfg-path', '/tmp/tmpizrnu3zf']
[2023-04-14T15:11:07.853+0000] {standard_task_runner.py:83} INFO - Job 162: Subtask id_2
[2023-04-14T15:11:07.900+0000] {task_command.py:388} INFO - Running <TaskInstance: execute_24hr_data_scrape.id_2 scheduled__2023-04-14T15:00:00+00:00 [running]> on host 6f8cd9778af0
[2023-04-14T15:11:07.959+0000] {taskinstance.py:1511} INFO - Exporting the following env vars:
AIRFLOW_CTX_DAG_OWNER=xiaochen
AIRFLOW_CTX_DAG_ID=execute_24hr_data_scrape
AIRFLOW_CTX_TASK_ID=id_2
AIRFLOW_CTX_EXECUTION_DATE=2023-04-14T15:00:00+00:00
AIRFLOW_CTX_TRY_NUMBER=3
AIRFLOW_CTX_DAG_RUN_ID=scheduled__2023-04-14T15:00:00+00:00
[2023-04-14T15:11:07.960+0000] {subprocess.py:63} INFO - Tmp dir root location: 
 /tmp
[2023-04-14T15:11:07.961+0000] {subprocess.py:75} INFO - Running command: ['/bin/bash', '-c', 'python /opt/***/src/news_comments_crawlers/crawlers/_EN_CNA.py --name CNA']
[2023-04-14T15:11:07.968+0000] {subprocess.py:86} INFO - Output:
[2023-04-14T15:11:09.940+0000] {subprocess.py:93} INFO - 
[2023-04-14T15:11:09.941+0000] {subprocess.py:93} INFO - --DEBUG: __file__:     /opt/***/src/news_comments_crawlers/crawlers/config/Constants.py
[2023-04-14T15:11:09.942+0000] {subprocess.py:93} INFO - 
[2023-04-14T15:11:09.942+0000] {subprocess.py:93} INFO - -- Session Object : Good to go.
[2023-04-14T15:11:09.942+0000] {subprocess.py:93} INFO - 
[2023-04-14T15:11:09.943+0000] {subprocess.py:93} INFO - -- Folders: Good to go.
[2023-04-14T15:11:09.943+0000] {subprocess.py:93} INFO - []
[2023-04-14T15:11:09.944+0000] {subprocess.py:93} INFO - 
[2023-04-14T15:11:09.944+0000] {subprocess.py:93} INFO - --DEBUG: Platform -  CNA
[2023-04-14T15:11:09.944+0000] {subprocess.py:93} INFO - 
[2023-04-14T15:11:09.945+0000] {subprocess.py:93} INFO - --DEBUG: Start-time -  2023-04-13 15:11:09.889541
[2023-04-14T15:11:09.945+0000] {subprocess.py:93} INFO - 
[2023-04-14T15:11:09.946+0000] {subprocess.py:93} INFO - --DEBUG: End-time -  2023-04-14 15:11:09.889541
[2023-04-14T15:11:09.946+0000] {subprocess.py:93} INFO - 
[2023-04-14T15:11:09.947+0000] {subprocess.py:93} INFO - --DEBUG: Link Path - /opt/***/src/news_comments_crawlers/crawlers/out/2023-04-14/links/CNA_2023-04-14_15.txt
[2023-04-14T15:11:09.947+0000] {subprocess.py:93} INFO - 
[2023-04-14T15:11:09.948+0000] {subprocess.py:93} INFO - --DEBUG: JSON Data Path - /opt/***/src/news_comments_crawlers/crawlers/out/2023-04-14/data/json/CNA_2023-04-14_15.json
[2023-04-14T15:11:09.948+0000] {subprocess.py:93} INFO - 
[2023-04-14T15:11:09.948+0000] {subprocess.py:93} INFO - --DEBUG: DF Data Path - /opt/***/src/news_comments_crawlers/crawlers/out/2023-04-14/data/df/CNA_2023-04-14_15.pickle
[2023-04-14T15:11:09.949+0000] {subprocess.py:93} INFO - 
[2023-04-14T15:11:09.949+0000] {subprocess.py:93} INFO - --DEBUG: True
[2023-04-14T15:11:09.950+0000] {subprocess.py:93} INFO - 
[2023-04-14T15:11:09.950+0000] {subprocess.py:93} INFO - --DEBUG: Using URLs from cache file
[2023-04-14T15:11:09.951+0000] {subprocess.py:93} INFO - 
[2023-04-14T15:11:09.951+0000] {subprocess.py:93} INFO - --DEBUG: Using Articles from cache file
[2023-04-14T15:11:09.956+0000] {subprocess.py:93} INFO - Traceback (most recent call last):
[2023-04-14T15:11:09.957+0000] {subprocess.py:93} INFO -   File "/home/***/.local/lib/python3.7/site-packages/nltk/corpus/util.py", line 84, in __load
[2023-04-14T15:11:09.958+0000] {subprocess.py:93} INFO -     root = nltk.data.find(f"{self.subdir}/{zip_name}")
[2023-04-14T15:11:09.958+0000] {subprocess.py:93} INFO -   File "/home/***/.local/lib/python3.7/site-packages/nltk/data.py", line 583, in find
[2023-04-14T15:11:09.958+0000] {subprocess.py:93} INFO -     raise LookupError(resource_not_found)
[2023-04-14T15:11:09.959+0000] {subprocess.py:93} INFO - LookupError:
[2023-04-14T15:11:09.959+0000] {subprocess.py:93} INFO - **********************************************************************
[2023-04-14T15:11:09.959+0000] {subprocess.py:93} INFO -   Resource [93mstopwords[0m not found.
[2023-04-14T15:11:09.959+0000] {subprocess.py:93} INFO -   Please use the NLTK Downloader to obtain the resource:
[2023-04-14T15:11:09.960+0000] {subprocess.py:93} INFO - 
[2023-04-14T15:11:09.960+0000] {subprocess.py:93} INFO -   [31m>>> import nltk
[2023-04-14T15:11:09.961+0000] {subprocess.py:93} INFO -   >>> nltk.download('stopwords')
[2023-04-14T15:11:09.961+0000] {subprocess.py:93} INFO -   [0m
[2023-04-14T15:11:09.961+0000] {subprocess.py:93} INFO -   For more information see: https://www.nltk.org/data.html
[2023-04-14T15:11:09.962+0000] {subprocess.py:93} INFO - 
[2023-04-14T15:11:09.962+0000] {subprocess.py:93} INFO -   Attempted to load [93mcorpora/stopwords.zip/stopwords/[0m
[2023-04-14T15:11:09.962+0000] {subprocess.py:93} INFO - 
[2023-04-14T15:11:09.963+0000] {subprocess.py:93} INFO -   Searched in:
[2023-04-14T15:11:09.963+0000] {subprocess.py:93} INFO -     - '/home/***/nltk_data'
[2023-04-14T15:11:09.963+0000] {subprocess.py:93} INFO -     - '/usr/local/nltk_data'
[2023-04-14T15:11:09.964+0000] {subprocess.py:93} INFO -     - '/usr/local/share/nltk_data'
[2023-04-14T15:11:09.964+0000] {subprocess.py:93} INFO -     - '/usr/local/lib/nltk_data'
[2023-04-14T15:11:09.964+0000] {subprocess.py:93} INFO -     - '/usr/share/nltk_data'
[2023-04-14T15:11:09.965+0000] {subprocess.py:93} INFO -     - '/usr/local/share/nltk_data'
[2023-04-14T15:11:09.965+0000] {subprocess.py:93} INFO -     - '/usr/lib/nltk_data'
[2023-04-14T15:11:09.965+0000] {subprocess.py:93} INFO -     - '/usr/local/lib/nltk_data'
[2023-04-14T15:11:09.966+0000] {subprocess.py:93} INFO - **********************************************************************
[2023-04-14T15:11:09.966+0000] {subprocess.py:93} INFO - 
[2023-04-14T15:11:09.966+0000] {subprocess.py:93} INFO - 
[2023-04-14T15:11:09.967+0000] {subprocess.py:93} INFO - During handling of the above exception, another exception occurred:
[2023-04-14T15:11:09.967+0000] {subprocess.py:93} INFO - 
[2023-04-14T15:11:09.967+0000] {subprocess.py:93} INFO - Traceback (most recent call last):
[2023-04-14T15:11:09.968+0000] {subprocess.py:93} INFO -   File "/opt/***/src/news_comments_crawlers/crawlers/_EN_CNA.py", line 197, in <module>
[2023-04-14T15:11:09.968+0000] {subprocess.py:93} INFO -     main()
[2023-04-14T15:11:09.969+0000] {subprocess.py:93} INFO -   File "/opt/***/src/news_comments_crawlers/crawlers/_EN_CNA.py", line 173, in main
[2023-04-14T15:11:09.969+0000] {subprocess.py:93} INFO -     articles_df = Preprocessor({'data':articles,'lang':LANG,'org':1,'source': S_ID}).preprocess(func=extract_datetime_cna)
[2023-04-14T15:11:09.969+0000] {subprocess.py:93} INFO -   File "/opt/***/src/news_comments_crawlers/crawlers/config/Preprocessor.py", line 39, in __init__
[2023-04-14T15:11:09.970+0000] {subprocess.py:93} INFO -     self.stop_words = set(stopwords.words('english'))
[2023-04-14T15:11:09.970+0000] {subprocess.py:93} INFO -   File "/home/***/.local/lib/python3.7/site-packages/nltk/corpus/util.py", line 121, in __getattr__
[2023-04-14T15:11:09.970+0000] {subprocess.py:93} INFO -     self.__load()
[2023-04-14T15:11:09.971+0000] {subprocess.py:93} INFO -   File "/home/***/.local/lib/python3.7/site-packages/nltk/corpus/util.py", line 86, in __load
[2023-04-14T15:11:09.971+0000] {subprocess.py:93} INFO -     raise e
[2023-04-14T15:11:09.971+0000] {subprocess.py:93} INFO -   File "/home/***/.local/lib/python3.7/site-packages/nltk/corpus/util.py", line 81, in __load
[2023-04-14T15:11:09.972+0000] {subprocess.py:93} INFO -     root = nltk.data.find(f"{self.subdir}/{self.__name}")
[2023-04-14T15:11:09.972+0000] {subprocess.py:93} INFO -   File "/home/***/.local/lib/python3.7/site-packages/nltk/data.py", line 583, in find
[2023-04-14T15:11:09.972+0000] {subprocess.py:93} INFO -     raise LookupError(resource_not_found)
[2023-04-14T15:11:09.973+0000] {subprocess.py:93} INFO - LookupError:
[2023-04-14T15:11:09.973+0000] {subprocess.py:93} INFO - **********************************************************************
[2023-04-14T15:11:09.973+0000] {subprocess.py:93} INFO -   Resource [93mstopwords[0m not found.
[2023-04-14T15:11:09.974+0000] {subprocess.py:93} INFO -   Please use the NLTK Downloader to obtain the resource:
[2023-04-14T15:11:09.974+0000] {subprocess.py:93} INFO - 
[2023-04-14T15:11:09.974+0000] {subprocess.py:93} INFO -   [31m>>> import nltk
[2023-04-14T15:11:09.975+0000] {subprocess.py:93} INFO -   >>> nltk.download('stopwords')
[2023-04-14T15:11:09.975+0000] {subprocess.py:93} INFO -   [0m
[2023-04-14T15:11:09.975+0000] {subprocess.py:93} INFO -   For more information see: https://www.nltk.org/data.html
[2023-04-14T15:11:09.976+0000] {subprocess.py:93} INFO - 
[2023-04-14T15:11:09.976+0000] {subprocess.py:93} INFO -   Attempted to load [93mcorpora/stopwords[0m
[2023-04-14T15:11:09.977+0000] {subprocess.py:93} INFO - 
[2023-04-14T15:11:09.977+0000] {subprocess.py:93} INFO -   Searched in:
[2023-04-14T15:11:09.977+0000] {subprocess.py:93} INFO -     - '/home/***/nltk_data'
[2023-04-14T15:11:09.978+0000] {subprocess.py:93} INFO -     - '/usr/local/nltk_data'
[2023-04-14T15:11:09.978+0000] {subprocess.py:93} INFO -     - '/usr/local/share/nltk_data'
[2023-04-14T15:11:09.978+0000] {subprocess.py:93} INFO -     - '/usr/local/lib/nltk_data'
[2023-04-14T15:11:09.979+0000] {subprocess.py:93} INFO -     - '/usr/share/nltk_data'
[2023-04-14T15:11:09.979+0000] {subprocess.py:93} INFO -     - '/usr/local/share/nltk_data'
[2023-04-14T15:11:09.979+0000] {subprocess.py:93} INFO -     - '/usr/lib/nltk_data'
[2023-04-14T15:11:09.980+0000] {subprocess.py:93} INFO -     - '/usr/local/lib/nltk_data'
[2023-04-14T15:11:09.980+0000] {subprocess.py:93} INFO - **********************************************************************
[2023-04-14T15:11:09.980+0000] {subprocess.py:93} INFO - 
[2023-04-14T15:11:10.096+0000] {subprocess.py:97} INFO - Command exited with return code 1
[2023-04-14T15:11:10.106+0000] {taskinstance.py:1775} ERROR - Task failed with exception
Traceback (most recent call last):
  File "/home/airflow/.local/lib/python3.7/site-packages/airflow/operators/bash.py", line 197, in execute
    f"Bash command failed. The command returned a non-zero exit code {result.exit_code}."
airflow.exceptions.AirflowException: Bash command failed. The command returned a non-zero exit code 1.
[2023-04-14T15:11:10.109+0000] {taskinstance.py:1326} INFO - Marking task as UP_FOR_RETRY. dag_id=execute_24hr_data_scrape, task_id=id_2, execution_date=20230414T150000, start_date=20230414T151107, end_date=20230414T151110
[2023-04-14T15:11:10.120+0000] {standard_task_runner.py:105} ERROR - Failed to execute job 162 for task id_2 (Bash command failed. The command returned a non-zero exit code 1.; 3004)
[2023-04-14T15:11:10.150+0000] {local_task_job.py:212} INFO - Task exited with return code 1
[2023-04-14T15:11:10.165+0000] {taskinstance.py:2585} INFO - 0 downstream tasks scheduled from follow-on schedule check
