[2023-04-06T03:41:05.887+0000] {taskinstance.py:1084} INFO - Dependencies all met for dep_context=non-requeueable deps ti=<TaskInstance: exe_web_crawlers_dag_v2.id_2 scheduled__2023-04-06T03:25:00+00:00 [queued]>
[2023-04-06T03:41:05.895+0000] {taskinstance.py:1084} INFO - Dependencies all met for dep_context=requeueable deps ti=<TaskInstance: exe_web_crawlers_dag_v2.id_2 scheduled__2023-04-06T03:25:00+00:00 [queued]>
[2023-04-06T03:41:05.896+0000] {taskinstance.py:1282} INFO - 
--------------------------------------------------------------------------------
[2023-04-06T03:41:05.897+0000] {taskinstance.py:1283} INFO - Starting attempt 4 of 4
[2023-04-06T03:41:05.897+0000] {taskinstance.py:1284} INFO - 
--------------------------------------------------------------------------------
[2023-04-06T03:41:05.909+0000] {taskinstance.py:1303} INFO - Executing <Task(BashOperator): id_2> on 2023-04-06 03:25:00+00:00
[2023-04-06T03:41:05.912+0000] {standard_task_runner.py:55} INFO - Started process 10490 to run task
[2023-04-06T03:41:05.914+0000] {standard_task_runner.py:82} INFO - Running: ['***', 'tasks', 'run', 'exe_web_crawlers_dag_v2', 'id_2', 'scheduled__2023-04-06T03:25:00+00:00', '--job-id', '65', '--raw', '--subdir', 'DAGS_FOLDER/exec_web_crawlers_dag.py', '--cfg-path', '/tmp/tmp6428ol_c']
[2023-04-06T03:41:05.915+0000] {standard_task_runner.py:83} INFO - Job 65: Subtask id_2
[2023-04-06T03:41:05.962+0000] {task_command.py:388} INFO - Running <TaskInstance: exe_web_crawlers_dag_v2.id_2 scheduled__2023-04-06T03:25:00+00:00 [running]> on host e8e20c2f7d98
[2023-04-06T03:41:06.019+0000] {taskinstance.py:1511} INFO - Exporting the following env vars:
AIRFLOW_CTX_DAG_OWNER=xiaochen
AIRFLOW_CTX_DAG_ID=exe_web_crawlers_dag_v2
AIRFLOW_CTX_TASK_ID=id_2
AIRFLOW_CTX_EXECUTION_DATE=2023-04-06T03:25:00+00:00
AIRFLOW_CTX_TRY_NUMBER=4
AIRFLOW_CTX_DAG_RUN_ID=scheduled__2023-04-06T03:25:00+00:00
[2023-04-06T03:41:06.020+0000] {subprocess.py:63} INFO - Tmp dir root location: 
 /tmp
[2023-04-06T03:41:06.021+0000] {subprocess.py:75} INFO - Running command: ['/bin/bash', '-c', 'ls']
[2023-04-06T03:41:06.078+0000] {subprocess.py:86} INFO - Output:
[2023-04-06T03:41:06.080+0000] {subprocess.py:97} INFO - Command exited with return code 0
[2023-04-06T03:41:06.102+0000] {taskinstance.py:1326} INFO - Marking task as SUCCESS. dag_id=exe_web_crawlers_dag_v2, task_id=id_2, execution_date=20230406T032500, start_date=20230406T034105, end_date=20230406T034106
[2023-04-06T03:41:06.126+0000] {local_task_job.py:212} INFO - Task exited with return code 0
[2023-04-06T03:41:06.142+0000] {taskinstance.py:2585} INFO - 0 downstream tasks scheduled from follow-on schedule check
