[2023-04-14T15:02:02.093+0000] {taskinstance.py:1084} INFO - Dependencies all met for dep_context=non-requeueable deps ti=<TaskInstance: execute_24hr_data_scrape.id_2 scheduled__2023-04-14T15:01:00+00:00 [queued]>
[2023-04-14T15:02:02.102+0000] {taskinstance.py:1084} INFO - Dependencies all met for dep_context=requeueable deps ti=<TaskInstance: execute_24hr_data_scrape.id_2 scheduled__2023-04-14T15:01:00+00:00 [queued]>
[2023-04-14T15:02:02.103+0000] {taskinstance.py:1282} INFO - 
--------------------------------------------------------------------------------
[2023-04-14T15:02:02.104+0000] {taskinstance.py:1283} INFO - Starting attempt 1 of 4
[2023-04-14T15:02:02.104+0000] {taskinstance.py:1284} INFO - 
--------------------------------------------------------------------------------
[2023-04-14T15:02:02.118+0000] {taskinstance.py:1303} INFO - Executing <Task(BashOperator): id_2> on 2023-04-14 15:01:00+00:00
[2023-04-14T15:02:02.123+0000] {standard_task_runner.py:55} INFO - Started process 2009 to run task
[2023-04-14T15:02:02.125+0000] {standard_task_runner.py:82} INFO - Running: ['***', 'tasks', 'run', 'execute_24hr_data_scrape', 'id_2', 'scheduled__2023-04-14T15:01:00+00:00', '--job-id', '119', '--raw', '--subdir', 'DAGS_FOLDER/exec_web_crawlers_dag.py', '--cfg-path', '/tmp/tmpeprla_he']
[2023-04-14T15:02:02.127+0000] {standard_task_runner.py:83} INFO - Job 119: Subtask id_2
[2023-04-14T15:02:02.174+0000] {task_command.py:388} INFO - Running <TaskInstance: execute_24hr_data_scrape.id_2 scheduled__2023-04-14T15:01:00+00:00 [running]> on host 6f8cd9778af0
[2023-04-14T15:02:02.234+0000] {taskinstance.py:1511} INFO - Exporting the following env vars:
AIRFLOW_CTX_DAG_OWNER=xiaochen
AIRFLOW_CTX_DAG_ID=execute_24hr_data_scrape
AIRFLOW_CTX_TASK_ID=id_2
AIRFLOW_CTX_EXECUTION_DATE=2023-04-14T15:01:00+00:00
AIRFLOW_CTX_TRY_NUMBER=1
AIRFLOW_CTX_DAG_RUN_ID=scheduled__2023-04-14T15:01:00+00:00
[2023-04-14T15:02:02.235+0000] {subprocess.py:63} INFO - Tmp dir root location: 
 /tmp
[2023-04-14T15:02:02.236+0000] {subprocess.py:75} INFO - Running command: ['/bin/bash', '-c', 'python /opt/***/src/news_comments_crawlers/crawlers/_EN_CNA.py --name CNA']
[2023-04-14T15:02:02.244+0000] {subprocess.py:86} INFO - Output:
[2023-04-14T15:02:04.066+0000] {subprocess.py:93} INFO - 
[2023-04-14T15:02:04.067+0000] {subprocess.py:93} INFO - --DEBUG: __file__:     /opt/***/src/news_comments_crawlers/crawlers/config/Constants.py
[2023-04-14T15:02:04.067+0000] {subprocess.py:93} INFO - 
[2023-04-14T15:02:04.067+0000] {subprocess.py:93} INFO - -- Session Object : Good to go.
[2023-04-14T15:02:04.068+0000] {subprocess.py:93} INFO - 
[2023-04-14T15:02:04.068+0000] {subprocess.py:93} INFO - -- Folders: Good to go.
[2023-04-14T15:02:04.068+0000] {subprocess.py:93} INFO - []
[2023-04-14T15:02:04.070+0000] {subprocess.py:93} INFO - Traceback (most recent call last):
[2023-04-14T15:02:04.070+0000] {subprocess.py:93} INFO -   File "/opt/***/src/news_comments_crawlers/crawlers/_EN_CNA.py", line 10, in <module>
[2023-04-14T15:02:04.070+0000] {subprocess.py:93} INFO -     from Functions import *
[2023-04-14T15:02:04.071+0000] {subprocess.py:93} INFO -   File "<fstring>", line 1
[2023-04-14T15:02:04.071+0000] {subprocess.py:93} INFO -     (USE_CACHE=)
[2023-04-14T15:02:04.071+0000] {subprocess.py:93} INFO -               ^
[2023-04-14T15:02:04.072+0000] {subprocess.py:93} INFO - SyntaxError: invalid syntax
[2023-04-14T15:02:04.192+0000] {subprocess.py:97} INFO - Command exited with return code 1
[2023-04-14T15:02:04.202+0000] {taskinstance.py:1775} ERROR - Task failed with exception
Traceback (most recent call last):
  File "/home/airflow/.local/lib/python3.7/site-packages/airflow/operators/bash.py", line 197, in execute
    f"Bash command failed. The command returned a non-zero exit code {result.exit_code}."
airflow.exceptions.AirflowException: Bash command failed. The command returned a non-zero exit code 1.
[2023-04-14T15:02:04.205+0000] {taskinstance.py:1326} INFO - Marking task as UP_FOR_RETRY. dag_id=execute_24hr_data_scrape, task_id=id_2, execution_date=20230414T150100, start_date=20230414T150202, end_date=20230414T150204
[2023-04-14T15:02:04.217+0000] {standard_task_runner.py:105} ERROR - Failed to execute job 119 for task id_2 (Bash command failed. The command returned a non-zero exit code 1.; 2009)
[2023-04-14T15:02:04.224+0000] {local_task_job.py:212} INFO - Task exited with return code 1
[2023-04-14T15:02:04.239+0000] {taskinstance.py:2585} INFO - 0 downstream tasks scheduled from follow-on schedule check
