[2023-04-12T06:00:03.378+0000] {taskinstance.py:1084} INFO - Dependencies all met for dep_context=non-requeueable deps ti=<TaskInstance: execute_24hr_data_scrape.id_2 scheduled__2023-04-12T05:49:00+00:00 [queued]>
[2023-04-12T06:00:03.385+0000] {taskinstance.py:1084} INFO - Dependencies all met for dep_context=requeueable deps ti=<TaskInstance: execute_24hr_data_scrape.id_2 scheduled__2023-04-12T05:49:00+00:00 [queued]>
[2023-04-12T06:00:03.386+0000] {taskinstance.py:1282} INFO - 
--------------------------------------------------------------------------------
[2023-04-12T06:00:03.386+0000] {taskinstance.py:1283} INFO - Starting attempt 3 of 4
[2023-04-12T06:00:03.387+0000] {taskinstance.py:1284} INFO - 
--------------------------------------------------------------------------------
[2023-04-12T06:00:03.401+0000] {taskinstance.py:1303} INFO - Executing <Task(BashOperator): id_2> on 2023-04-12 05:49:00+00:00
[2023-04-12T06:00:03.405+0000] {standard_task_runner.py:55} INFO - Started process 26987 to run task
[2023-04-12T06:00:03.406+0000] {standard_task_runner.py:82} INFO - Running: ['***', 'tasks', 'run', 'execute_24hr_data_scrape', 'id_2', 'scheduled__2023-04-12T05:49:00+00:00', '--job-id', '4590', '--raw', '--subdir', 'DAGS_FOLDER/exec_web_crawlers_dag.py', '--cfg-path', '/tmp/tmpoawqxj38']
[2023-04-12T06:00:03.408+0000] {standard_task_runner.py:83} INFO - Job 4590: Subtask id_2
[2023-04-12T06:00:03.454+0000] {task_command.py:388} INFO - Running <TaskInstance: execute_24hr_data_scrape.id_2 scheduled__2023-04-12T05:49:00+00:00 [running]> on host b518195edd5e
[2023-04-12T06:00:03.511+0000] {taskinstance.py:1511} INFO - Exporting the following env vars:
AIRFLOW_CTX_DAG_OWNER=xiaochen
AIRFLOW_CTX_DAG_ID=execute_24hr_data_scrape
AIRFLOW_CTX_TASK_ID=id_2
AIRFLOW_CTX_EXECUTION_DATE=2023-04-12T05:49:00+00:00
AIRFLOW_CTX_TRY_NUMBER=3
AIRFLOW_CTX_DAG_RUN_ID=scheduled__2023-04-12T05:49:00+00:00
[2023-04-12T06:00:03.512+0000] {subprocess.py:63} INFO - Tmp dir root location: 
 /tmp
[2023-04-12T06:00:03.513+0000] {subprocess.py:75} INFO - Running command: ['/bin/bash', '-c', 'python /opt/***/src/news_comments_crawlers/crawlers/_EN_CNA.py --name CNA']
[2023-04-12T06:00:03.518+0000] {subprocess.py:86} INFO - Output:
[2023-04-12T06:00:03.685+0000] {subprocess.py:93} INFO - Traceback (most recent call last):
[2023-04-12T06:00:03.686+0000] {subprocess.py:93} INFO -   File "/opt/***/src/news_comments_crawlers/crawlers/_EN_CNA.py", line 8, in <module>
[2023-04-12T06:00:03.686+0000] {subprocess.py:93} INFO -     from config.Preprocessor import Preprocessor
[2023-04-12T06:00:03.686+0000] {subprocess.py:93} INFO -   File "/opt/***/src/news_comments_crawlers/crawlers/config/Preprocessor.py", line 11, in <module>
[2023-04-12T06:00:03.687+0000] {subprocess.py:93} INFO -     from nltk.stem import WordNetLemmatizer
[2023-04-12T06:00:03.687+0000] {subprocess.py:93} INFO - ModuleNotFoundError: No module named 'nltk'
[2023-04-12T06:00:03.689+0000] {subprocess.py:97} INFO - Command exited with return code 1
[2023-04-12T06:00:03.746+0000] {taskinstance.py:1775} ERROR - Task failed with exception
Traceback (most recent call last):
  File "/home/airflow/.local/lib/python3.7/site-packages/airflow/operators/bash.py", line 197, in execute
    f"Bash command failed. The command returned a non-zero exit code {result.exit_code}."
airflow.exceptions.AirflowException: Bash command failed. The command returned a non-zero exit code 1.
[2023-04-12T06:00:03.749+0000] {taskinstance.py:1326} INFO - Marking task as UP_FOR_RETRY. dag_id=execute_24hr_data_scrape, task_id=id_2, execution_date=20230412T054900, start_date=20230412T060003, end_date=20230412T060003
[2023-04-12T06:00:03.760+0000] {standard_task_runner.py:105} ERROR - Failed to execute job 4590 for task id_2 (Bash command failed. The command returned a non-zero exit code 1.; 26987)
[2023-04-12T06:00:03.779+0000] {local_task_job.py:212} INFO - Task exited with return code 1
[2023-04-12T06:00:03.794+0000] {taskinstance.py:2585} INFO - 0 downstream tasks scheduled from follow-on schedule check
