[2023-04-12T14:15:02.885+0000] {taskinstance.py:1084} INFO - Dependencies all met for dep_context=non-requeueable deps ti=<TaskInstance: execute_24hr_data_scrape.id_2 scheduled__2023-04-12T14:09:00+00:00 [queued]>
[2023-04-12T14:15:02.894+0000] {taskinstance.py:1084} INFO - Dependencies all met for dep_context=requeueable deps ti=<TaskInstance: execute_24hr_data_scrape.id_2 scheduled__2023-04-12T14:09:00+00:00 [queued]>
[2023-04-12T14:15:02.894+0000] {taskinstance.py:1282} INFO - 
--------------------------------------------------------------------------------
[2023-04-12T14:15:02.895+0000] {taskinstance.py:1283} INFO - Starting attempt 2 of 4
[2023-04-12T14:15:02.895+0000] {taskinstance.py:1284} INFO - 
--------------------------------------------------------------------------------
[2023-04-12T14:15:02.908+0000] {taskinstance.py:1303} INFO - Executing <Task(BashOperator): id_2> on 2023-04-12 14:09:00+00:00
[2023-04-12T14:15:02.912+0000] {standard_task_runner.py:55} INFO - Started process 13813 to run task
[2023-04-12T14:15:02.913+0000] {standard_task_runner.py:82} INFO - Running: ['***', 'tasks', 'run', 'execute_24hr_data_scrape', 'id_2', 'scheduled__2023-04-12T14:09:00+00:00', '--job-id', '7064', '--raw', '--subdir', 'DAGS_FOLDER/exec_web_crawlers_dag.py', '--cfg-path', '/tmp/tmpc7f15di3']
[2023-04-12T14:15:02.914+0000] {standard_task_runner.py:83} INFO - Job 7064: Subtask id_2
[2023-04-12T14:15:02.960+0000] {task_command.py:388} INFO - Running <TaskInstance: execute_24hr_data_scrape.id_2 scheduled__2023-04-12T14:09:00+00:00 [running]> on host b518195edd5e
[2023-04-12T14:15:03.016+0000] {taskinstance.py:1511} INFO - Exporting the following env vars:
AIRFLOW_CTX_DAG_OWNER=xiaochen
AIRFLOW_CTX_DAG_ID=execute_24hr_data_scrape
AIRFLOW_CTX_TASK_ID=id_2
AIRFLOW_CTX_EXECUTION_DATE=2023-04-12T14:09:00+00:00
AIRFLOW_CTX_TRY_NUMBER=2
AIRFLOW_CTX_DAG_RUN_ID=scheduled__2023-04-12T14:09:00+00:00
[2023-04-12T14:15:03.017+0000] {subprocess.py:63} INFO - Tmp dir root location: 
 /tmp
[2023-04-12T14:15:03.018+0000] {subprocess.py:75} INFO - Running command: ['/bin/bash', '-c', 'python /opt/***/src/news_comments_crawlers/crawlers/_EN_CNA.py --name CNA']
[2023-04-12T14:15:03.024+0000] {subprocess.py:86} INFO - Output:
[2023-04-12T14:15:03.183+0000] {subprocess.py:93} INFO - Traceback (most recent call last):
[2023-04-12T14:15:03.183+0000] {subprocess.py:93} INFO -   File "/opt/***/src/news_comments_crawlers/crawlers/_EN_CNA.py", line 8, in <module>
[2023-04-12T14:15:03.184+0000] {subprocess.py:93} INFO -     from config.Preprocessor import Preprocessor
[2023-04-12T14:15:03.184+0000] {subprocess.py:93} INFO -   File "/opt/***/src/news_comments_crawlers/crawlers/config/Preprocessor.py", line 11, in <module>
[2023-04-12T14:15:03.184+0000] {subprocess.py:93} INFO -     from nltk.stem import WordNetLemmatizer
[2023-04-12T14:15:03.185+0000] {subprocess.py:93} INFO - ModuleNotFoundError: No module named 'nltk'
[2023-04-12T14:15:03.186+0000] {subprocess.py:97} INFO - Command exited with return code 1
[2023-04-12T14:15:03.195+0000] {taskinstance.py:1775} ERROR - Task failed with exception
Traceback (most recent call last):
  File "/home/airflow/.local/lib/python3.7/site-packages/airflow/operators/bash.py", line 197, in execute
    f"Bash command failed. The command returned a non-zero exit code {result.exit_code}."
airflow.exceptions.AirflowException: Bash command failed. The command returned a non-zero exit code 1.
[2023-04-12T14:15:03.198+0000] {taskinstance.py:1326} INFO - Marking task as UP_FOR_RETRY. dag_id=execute_24hr_data_scrape, task_id=id_2, execution_date=20230412T140900, start_date=20230412T141502, end_date=20230412T141503
[2023-04-12T14:15:03.209+0000] {standard_task_runner.py:105} ERROR - Failed to execute job 7064 for task id_2 (Bash command failed. The command returned a non-zero exit code 1.; 13813)
[2023-04-12T14:15:03.246+0000] {local_task_job.py:212} INFO - Task exited with return code 1
[2023-04-12T14:15:03.261+0000] {taskinstance.py:2585} INFO - 0 downstream tasks scheduled from follow-on schedule check
