[2023-04-06T03:10:38.730+0000] {taskinstance.py:1084} INFO - Dependencies all met for dep_context=non-requeueable deps ti=<TaskInstance: exe_web_crawlers_dag.echo_1 scheduled__2023-04-06T03:09:00+00:00 [queued]>
[2023-04-06T03:10:38.746+0000] {taskinstance.py:1084} INFO - Dependencies all met for dep_context=requeueable deps ti=<TaskInstance: exe_web_crawlers_dag.echo_1 scheduled__2023-04-06T03:09:00+00:00 [queued]>
[2023-04-06T03:10:38.746+0000] {taskinstance.py:1282} INFO - 
--------------------------------------------------------------------------------
[2023-04-06T03:10:38.747+0000] {taskinstance.py:1283} INFO - Starting attempt 1 of 4
[2023-04-06T03:10:38.748+0000] {taskinstance.py:1284} INFO - 
--------------------------------------------------------------------------------
[2023-04-06T03:10:38.790+0000] {taskinstance.py:1303} INFO - Executing <Task(BashOperator): echo_1> on 2023-04-06 03:09:00+00:00
[2023-04-06T03:10:38.796+0000] {standard_task_runner.py:55} INFO - Started process 9525 to run task
[2023-04-06T03:10:38.798+0000] {standard_task_runner.py:82} INFO - Running: ['***', 'tasks', 'run', 'exe_web_crawlers_dag', 'echo_1', 'scheduled__2023-04-06T03:09:00+00:00', '--job-id', '4', '--raw', '--subdir', 'DAGS_FOLDER/exec_web_crawlers_dag.py', '--cfg-path', '/tmp/tmpp86qjsxr']
[2023-04-06T03:10:38.800+0000] {standard_task_runner.py:83} INFO - Job 4: Subtask echo_1
[2023-04-06T03:10:38.855+0000] {task_command.py:388} INFO - Running <TaskInstance: exe_web_crawlers_dag.echo_1 scheduled__2023-04-06T03:09:00+00:00 [running]> on host e8e20c2f7d98
[2023-04-06T03:10:38.921+0000] {taskinstance.py:1511} INFO - Exporting the following env vars:
AIRFLOW_CTX_DAG_OWNER=xiaochen
AIRFLOW_CTX_DAG_ID=exe_web_crawlers_dag
AIRFLOW_CTX_TASK_ID=echo_1
AIRFLOW_CTX_EXECUTION_DATE=2023-04-06T03:09:00+00:00
AIRFLOW_CTX_TRY_NUMBER=1
AIRFLOW_CTX_DAG_RUN_ID=scheduled__2023-04-06T03:09:00+00:00
[2023-04-06T03:10:38.923+0000] {subprocess.py:63} INFO - Tmp dir root location: 
 /tmp
[2023-04-06T03:10:38.924+0000] {subprocess.py:75} INFO - Running command: ['/bin/bash', '-c', 'echo Hello World !!!! My name is xxxxx !']
[2023-04-06T03:10:38.932+0000] {subprocess.py:86} INFO - Output:
[2023-04-06T03:10:38.933+0000] {subprocess.py:93} INFO - Hello World !!!! My name is xxxxx !
[2023-04-06T03:10:38.933+0000] {subprocess.py:97} INFO - Command exited with return code 0
[2023-04-06T03:10:38.955+0000] {taskinstance.py:1326} INFO - Marking task as SUCCESS. dag_id=exe_web_crawlers_dag, task_id=echo_1, execution_date=20230406T030900, start_date=20230406T031038, end_date=20230406T031038
[2023-04-06T03:10:38.971+0000] {local_task_job.py:212} INFO - Task exited with return code 0
[2023-04-06T03:10:38.991+0000] {taskinstance.py:2585} INFO - 0 downstream tasks scheduled from follow-on schedule check
