[2023-04-12T15:13:02.741+0000] {taskinstance.py:1084} INFO - Dependencies all met for dep_context=non-requeueable deps ti=<TaskInstance: execute_24hr_data_scrape.id_2 scheduled__2023-04-12T15:07:00+00:00 [queued]>
[2023-04-12T15:13:02.750+0000] {taskinstance.py:1084} INFO - Dependencies all met for dep_context=requeueable deps ti=<TaskInstance: execute_24hr_data_scrape.id_2 scheduled__2023-04-12T15:07:00+00:00 [queued]>
[2023-04-12T15:13:02.750+0000] {taskinstance.py:1282} INFO - 
--------------------------------------------------------------------------------
[2023-04-12T15:13:02.751+0000] {taskinstance.py:1283} INFO - Starting attempt 2 of 4
[2023-04-12T15:13:02.751+0000] {taskinstance.py:1284} INFO - 
--------------------------------------------------------------------------------
[2023-04-12T15:13:02.765+0000] {taskinstance.py:1303} INFO - Executing <Task(BashOperator): id_2> on 2023-04-12 15:07:00+00:00
[2023-04-12T15:13:02.768+0000] {standard_task_runner.py:55} INFO - Started process 16078 to run task
[2023-04-12T15:13:02.770+0000] {standard_task_runner.py:82} INFO - Running: ['***', 'tasks', 'run', 'execute_24hr_data_scrape', 'id_2', 'scheduled__2023-04-12T15:07:00+00:00', '--job-id', '7354', '--raw', '--subdir', 'DAGS_FOLDER/exec_web_crawlers_dag.py', '--cfg-path', '/tmp/tmp7kb8fi1u']
[2023-04-12T15:13:02.771+0000] {standard_task_runner.py:83} INFO - Job 7354: Subtask id_2
[2023-04-12T15:13:02.818+0000] {task_command.py:388} INFO - Running <TaskInstance: execute_24hr_data_scrape.id_2 scheduled__2023-04-12T15:07:00+00:00 [running]> on host b518195edd5e
[2023-04-12T15:13:02.873+0000] {taskinstance.py:1511} INFO - Exporting the following env vars:
AIRFLOW_CTX_DAG_OWNER=xiaochen
AIRFLOW_CTX_DAG_ID=execute_24hr_data_scrape
AIRFLOW_CTX_TASK_ID=id_2
AIRFLOW_CTX_EXECUTION_DATE=2023-04-12T15:07:00+00:00
AIRFLOW_CTX_TRY_NUMBER=2
AIRFLOW_CTX_DAG_RUN_ID=scheduled__2023-04-12T15:07:00+00:00
[2023-04-12T15:13:02.875+0000] {subprocess.py:63} INFO - Tmp dir root location: 
 /tmp
[2023-04-12T15:13:02.876+0000] {subprocess.py:75} INFO - Running command: ['/bin/bash', '-c', 'python /opt/***/src/news_comments_crawlers/crawlers/_EN_CNA.py --name CNA']
[2023-04-12T15:13:02.882+0000] {subprocess.py:86} INFO - Output:
[2023-04-12T15:13:03.014+0000] {subprocess.py:93} INFO - Traceback (most recent call last):
[2023-04-12T15:13:03.015+0000] {subprocess.py:93} INFO -   File "/opt/***/src/news_comments_crawlers/crawlers/_EN_CNA.py", line 8, in <module>
[2023-04-12T15:13:03.016+0000] {subprocess.py:93} INFO -     from config.Preprocessor import Preprocessor
[2023-04-12T15:13:03.016+0000] {subprocess.py:93} INFO -   File "/opt/***/src/news_comments_crawlers/crawlers/config/Preprocessor.py", line 11, in <module>
[2023-04-12T15:13:03.017+0000] {subprocess.py:93} INFO -     from nltk.stem import WordNetLemmatizer
[2023-04-12T15:13:03.017+0000] {subprocess.py:93} INFO - ModuleNotFoundError: No module named 'nltk'
[2023-04-12T15:13:03.019+0000] {subprocess.py:97} INFO - Command exited with return code 1
[2023-04-12T15:13:03.028+0000] {taskinstance.py:1775} ERROR - Task failed with exception
Traceback (most recent call last):
  File "/home/airflow/.local/lib/python3.7/site-packages/airflow/operators/bash.py", line 197, in execute
    f"Bash command failed. The command returned a non-zero exit code {result.exit_code}."
airflow.exceptions.AirflowException: Bash command failed. The command returned a non-zero exit code 1.
[2023-04-12T15:13:03.031+0000] {taskinstance.py:1326} INFO - Marking task as UP_FOR_RETRY. dag_id=execute_24hr_data_scrape, task_id=id_2, execution_date=20230412T150700, start_date=20230412T151302, end_date=20230412T151303
[2023-04-12T15:13:03.041+0000] {standard_task_runner.py:105} ERROR - Failed to execute job 7354 for task id_2 (Bash command failed. The command returned a non-zero exit code 1.; 16078)
[2023-04-12T15:13:03.063+0000] {local_task_job.py:212} INFO - Task exited with return code 1
[2023-04-12T15:13:03.077+0000] {taskinstance.py:2585} INFO - 0 downstream tasks scheduled from follow-on schedule check
