[2023-04-14T14:45:52.324+0000] {taskinstance.py:1084} INFO - Dependencies all met for dep_context=non-requeueable deps ti=<TaskInstance: execute_24hr_data_scrape.id_2 manual__2023-04-14T14:45:14.857096+00:00 [queued]>
[2023-04-14T14:45:52.336+0000] {taskinstance.py:1084} INFO - Dependencies all met for dep_context=requeueable deps ti=<TaskInstance: execute_24hr_data_scrape.id_2 manual__2023-04-14T14:45:14.857096+00:00 [queued]>
[2023-04-14T14:45:52.337+0000] {taskinstance.py:1282} INFO - 
--------------------------------------------------------------------------------
[2023-04-14T14:45:52.338+0000] {taskinstance.py:1283} INFO - Starting attempt 1 of 4
[2023-04-14T14:45:52.338+0000] {taskinstance.py:1284} INFO - 
--------------------------------------------------------------------------------
[2023-04-14T14:45:52.355+0000] {taskinstance.py:1303} INFO - Executing <Task(BashOperator): id_2> on 2023-04-14 14:45:14.857096+00:00
[2023-04-14T14:45:52.360+0000] {standard_task_runner.py:55} INFO - Started process 430 to run task
[2023-04-14T14:45:52.362+0000] {standard_task_runner.py:82} INFO - Running: ['***', 'tasks', 'run', 'execute_24hr_data_scrape', 'id_2', 'manual__2023-04-14T14:45:14.857096+00:00', '--job-id', '51', '--raw', '--subdir', 'DAGS_FOLDER/exec_web_crawlers_dag.py', '--cfg-path', '/tmp/tmp632hyi59']
[2023-04-14T14:45:52.364+0000] {standard_task_runner.py:83} INFO - Job 51: Subtask id_2
[2023-04-14T14:45:52.415+0000] {task_command.py:388} INFO - Running <TaskInstance: execute_24hr_data_scrape.id_2 manual__2023-04-14T14:45:14.857096+00:00 [running]> on host 6f8cd9778af0
[2023-04-14T14:45:52.486+0000] {taskinstance.py:1511} INFO - Exporting the following env vars:
AIRFLOW_CTX_DAG_OWNER=xiaochen
AIRFLOW_CTX_DAG_ID=execute_24hr_data_scrape
AIRFLOW_CTX_TASK_ID=id_2
AIRFLOW_CTX_EXECUTION_DATE=2023-04-14T14:45:14.857096+00:00
AIRFLOW_CTX_TRY_NUMBER=1
AIRFLOW_CTX_DAG_RUN_ID=manual__2023-04-14T14:45:14.857096+00:00
[2023-04-14T14:45:52.487+0000] {subprocess.py:63} INFO - Tmp dir root location: 
 /tmp
[2023-04-14T14:45:52.488+0000] {subprocess.py:75} INFO - Running command: ['/bin/bash', '-c', 'python /opt/***/src/news_comments_crawlers/crawlers/_EN_CNA.py --name CNA']
[2023-04-14T14:45:52.499+0000] {subprocess.py:86} INFO - Output:
[2023-04-14T14:45:54.384+0000] {subprocess.py:93} INFO - 
[2023-04-14T14:45:54.385+0000] {subprocess.py:93} INFO - -- Session Object : Good to go.
[2023-04-14T14:45:54.385+0000] {subprocess.py:93} INFO - 
[2023-04-14T14:45:54.386+0000] {subprocess.py:93} INFO - -- Log Folder: Failed to create.
[2023-04-14T14:45:54.386+0000] {subprocess.py:93} INFO - [Errno 2] No such file or directory: './src/news_comments_crawlers/crawlers/out/2023-04-14'
[2023-04-14T14:45:54.387+0000] {subprocess.py:93} INFO - []
[2023-04-14T14:45:54.388+0000] {subprocess.py:93} INFO - Traceback (most recent call last):
[2023-04-14T14:45:54.389+0000] {subprocess.py:93} INFO -   File "/opt/***/src/news_comments_crawlers/crawlers/_EN_CNA.py", line 10, in <module>
[2023-04-14T14:45:54.390+0000] {subprocess.py:93} INFO -     from Functions import *
[2023-04-14T14:45:54.390+0000] {subprocess.py:93} INFO -   File "<fstring>", line 1
[2023-04-14T14:45:54.391+0000] {subprocess.py:93} INFO -     (USE_CACHE=)
[2023-04-14T14:45:54.391+0000] {subprocess.py:93} INFO -               ^
[2023-04-14T14:45:54.392+0000] {subprocess.py:93} INFO - SyntaxError: invalid syntax
[2023-04-14T14:45:54.614+0000] {subprocess.py:97} INFO - Command exited with return code 1
[2023-04-14T14:45:54.627+0000] {taskinstance.py:1775} ERROR - Task failed with exception
Traceback (most recent call last):
  File "/home/airflow/.local/lib/python3.7/site-packages/airflow/operators/bash.py", line 197, in execute
    f"Bash command failed. The command returned a non-zero exit code {result.exit_code}."
airflow.exceptions.AirflowException: Bash command failed. The command returned a non-zero exit code 1.
[2023-04-14T14:45:54.632+0000] {taskinstance.py:1326} INFO - Marking task as UP_FOR_RETRY. dag_id=execute_24hr_data_scrape, task_id=id_2, execution_date=20230414T144514, start_date=20230414T144552, end_date=20230414T144554
[2023-04-14T14:45:54.649+0000] {standard_task_runner.py:105} ERROR - Failed to execute job 51 for task id_2 (Bash command failed. The command returned a non-zero exit code 1.; 430)
[2023-04-14T14:45:54.661+0000] {local_task_job.py:212} INFO - Task exited with return code 1
[2023-04-14T14:45:54.681+0000] {taskinstance.py:2585} INFO - 0 downstream tasks scheduled from follow-on schedule check
