[2023-04-09T15:55:06.232+0000] {taskinstance.py:1084} INFO - Dependencies all met for dep_context=non-requeueable deps ti=<TaskInstance: exe_web_crawlers_dag_v2.id_1 scheduled__2023-04-09T15:54:00+00:00 [queued]>
[2023-04-09T15:55:06.246+0000] {taskinstance.py:1084} INFO - Dependencies all met for dep_context=requeueable deps ti=<TaskInstance: exe_web_crawlers_dag_v2.id_1 scheduled__2023-04-09T15:54:00+00:00 [queued]>
[2023-04-09T15:55:06.246+0000] {taskinstance.py:1282} INFO - 
--------------------------------------------------------------------------------
[2023-04-09T15:55:06.247+0000] {taskinstance.py:1283} INFO - Starting attempt 1 of 4
[2023-04-09T15:55:06.247+0000] {taskinstance.py:1284} INFO - 
--------------------------------------------------------------------------------
[2023-04-09T15:55:06.263+0000] {taskinstance.py:1303} INFO - Executing <Task(BashOperator): id_1> on 2023-04-09 15:54:00+00:00
[2023-04-09T15:55:06.268+0000] {standard_task_runner.py:55} INFO - Started process 1774 to run task
[2023-04-09T15:55:06.271+0000] {standard_task_runner.py:82} INFO - Running: ['***', 'tasks', 'run', 'exe_web_crawlers_dag_v2', 'id_1', 'scheduled__2023-04-09T15:54:00+00:00', '--job-id', '76', '--raw', '--subdir', 'DAGS_FOLDER/exec_web_crawlers_dag.py', '--cfg-path', '/tmp/tmpafxgnmzc']
[2023-04-09T15:55:06.272+0000] {standard_task_runner.py:83} INFO - Job 76: Subtask id_1
[2023-04-09T15:55:06.325+0000] {task_command.py:388} INFO - Running <TaskInstance: exe_web_crawlers_dag_v2.id_1 scheduled__2023-04-09T15:54:00+00:00 [running]> on host e8e20c2f7d98
[2023-04-09T15:55:06.412+0000] {taskinstance.py:1511} INFO - Exporting the following env vars:
AIRFLOW_CTX_DAG_OWNER=xiaochen
AIRFLOW_CTX_DAG_ID=exe_web_crawlers_dag_v2
AIRFLOW_CTX_TASK_ID=id_1
AIRFLOW_CTX_EXECUTION_DATE=2023-04-09T15:54:00+00:00
AIRFLOW_CTX_TRY_NUMBER=1
AIRFLOW_CTX_DAG_RUN_ID=scheduled__2023-04-09T15:54:00+00:00
[2023-04-09T15:55:06.413+0000] {subprocess.py:63} INFO - Tmp dir root location: 
 /tmp
[2023-04-09T15:55:06.415+0000] {subprocess.py:75} INFO - Running command: ['/bin/bash', '-c', 'echo Hello World !!!! My name is xxxxx !']
[2023-04-09T15:55:06.424+0000] {subprocess.py:86} INFO - Output:
[2023-04-09T15:55:06.430+0000] {subprocess.py:93} INFO - Hello World !!!! My name is xxxxx !
[2023-04-09T15:55:06.431+0000] {subprocess.py:97} INFO - Command exited with return code 0
[2023-04-09T15:55:06.457+0000] {taskinstance.py:1326} INFO - Marking task as SUCCESS. dag_id=exe_web_crawlers_dag_v2, task_id=id_1, execution_date=20230409T155400, start_date=20230409T155506, end_date=20230409T155506
[2023-04-09T15:55:06.484+0000] {local_task_job.py:212} INFO - Task exited with return code 0
[2023-04-09T15:55:06.507+0000] {taskinstance.py:2585} INFO - 1 downstream tasks scheduled from follow-on schedule check
