[2023-04-06T03:38:01.947+0000] {taskinstance.py:1084} INFO - Dependencies all met for dep_context=non-requeueable deps ti=<TaskInstance: exe_web_crawlers_dag_v2.id_2 scheduled__2023-04-06T03:37:00+00:00 [queued]>
[2023-04-06T03:38:01.955+0000] {taskinstance.py:1084} INFO - Dependencies all met for dep_context=requeueable deps ti=<TaskInstance: exe_web_crawlers_dag_v2.id_2 scheduled__2023-04-06T03:37:00+00:00 [queued]>
[2023-04-06T03:38:01.956+0000] {taskinstance.py:1282} INFO - 
--------------------------------------------------------------------------------
[2023-04-06T03:38:01.956+0000] {taskinstance.py:1283} INFO - Starting attempt 1 of 4
[2023-04-06T03:38:01.956+0000] {taskinstance.py:1284} INFO - 
--------------------------------------------------------------------------------
[2023-04-06T03:38:01.969+0000] {taskinstance.py:1303} INFO - Executing <Task(BashOperator): id_2> on 2023-04-06 03:37:00+00:00
[2023-04-06T03:38:01.973+0000] {standard_task_runner.py:55} INFO - Started process 10385 to run task
[2023-04-06T03:38:01.976+0000] {standard_task_runner.py:82} INFO - Running: ['***', 'tasks', 'run', 'exe_web_crawlers_dag_v2', 'id_2', 'scheduled__2023-04-06T03:37:00+00:00', '--job-id', '54', '--raw', '--subdir', 'DAGS_FOLDER/exec_web_crawlers_dag.py', '--cfg-path', '/tmp/tmpo6azzw37']
[2023-04-06T03:38:01.978+0000] {standard_task_runner.py:83} INFO - Job 54: Subtask id_2
[2023-04-06T03:38:02.031+0000] {task_command.py:388} INFO - Running <TaskInstance: exe_web_crawlers_dag_v2.id_2 scheduled__2023-04-06T03:37:00+00:00 [running]> on host e8e20c2f7d98
[2023-04-06T03:38:02.096+0000] {taskinstance.py:1511} INFO - Exporting the following env vars:
AIRFLOW_CTX_DAG_OWNER=xiaochen
AIRFLOW_CTX_DAG_ID=exe_web_crawlers_dag_v2
AIRFLOW_CTX_TASK_ID=id_2
AIRFLOW_CTX_EXECUTION_DATE=2023-04-06T03:37:00+00:00
AIRFLOW_CTX_TRY_NUMBER=1
AIRFLOW_CTX_DAG_RUN_ID=scheduled__2023-04-06T03:37:00+00:00
[2023-04-06T03:38:02.097+0000] {subprocess.py:63} INFO - Tmp dir root location: 
 /tmp
[2023-04-06T03:38:02.098+0000] {subprocess.py:75} INFO - Running command: ['/bin/bash', '-c', 'ls']
[2023-04-06T03:38:02.105+0000] {subprocess.py:86} INFO - Output:
[2023-04-06T03:38:02.107+0000] {subprocess.py:97} INFO - Command exited with return code 0
[2023-04-06T03:38:02.129+0000] {taskinstance.py:1326} INFO - Marking task as SUCCESS. dag_id=exe_web_crawlers_dag_v2, task_id=id_2, execution_date=20230406T033700, start_date=20230406T033801, end_date=20230406T033802
[2023-04-06T03:38:02.149+0000] {local_task_job.py:212} INFO - Task exited with return code 0
[2023-04-06T03:38:02.165+0000] {taskinstance.py:2585} INFO - 0 downstream tasks scheduled from follow-on schedule check
