[2023-04-11T12:59:26.397+0000] {taskinstance.py:1084} INFO - Dependencies all met for dep_context=non-requeueable deps ti=<TaskInstance: execute_24hr_data_scrape.id_2 manual__2023-04-11T12:59:24.585559+00:00 [queued]>
[2023-04-11T12:59:26.406+0000] {taskinstance.py:1084} INFO - Dependencies all met for dep_context=requeueable deps ti=<TaskInstance: execute_24hr_data_scrape.id_2 manual__2023-04-11T12:59:24.585559+00:00 [queued]>
[2023-04-11T12:59:26.406+0000] {taskinstance.py:1282} INFO - 
--------------------------------------------------------------------------------
[2023-04-11T12:59:26.407+0000] {taskinstance.py:1283} INFO - Starting attempt 1 of 4
[2023-04-11T12:59:26.407+0000] {taskinstance.py:1284} INFO - 
--------------------------------------------------------------------------------
[2023-04-11T12:59:26.420+0000] {taskinstance.py:1303} INFO - Executing <Task(BashOperator): id_2> on 2023-04-11 12:59:24.585559+00:00
[2023-04-11T12:59:26.424+0000] {standard_task_runner.py:55} INFO - Started process 213 to run task
[2023-04-11T12:59:26.426+0000] {standard_task_runner.py:82} INFO - Running: ['***', 'tasks', 'run', 'execute_24hr_data_scrape', 'id_2', 'manual__2023-04-11T12:59:24.585559+00:00', '--job-id', '6', '--raw', '--subdir', 'DAGS_FOLDER/exec_web_crawlers_dag.py', '--cfg-path', '/tmp/tmp5yga59k_']
[2023-04-11T12:59:26.427+0000] {standard_task_runner.py:83} INFO - Job 6: Subtask id_2
[2023-04-11T12:59:26.485+0000] {task_command.py:388} INFO - Running <TaskInstance: execute_24hr_data_scrape.id_2 manual__2023-04-11T12:59:24.585559+00:00 [running]> on host b518195edd5e
[2023-04-11T12:59:26.585+0000] {taskinstance.py:1511} INFO - Exporting the following env vars:
AIRFLOW_CTX_DAG_OWNER=xiaochen
AIRFLOW_CTX_DAG_ID=execute_24hr_data_scrape
AIRFLOW_CTX_TASK_ID=id_2
AIRFLOW_CTX_EXECUTION_DATE=2023-04-11T12:59:24.585559+00:00
AIRFLOW_CTX_TRY_NUMBER=1
AIRFLOW_CTX_DAG_RUN_ID=manual__2023-04-11T12:59:24.585559+00:00
[2023-04-11T12:59:26.586+0000] {subprocess.py:63} INFO - Tmp dir root location: 
 /tmp
[2023-04-11T12:59:26.587+0000] {subprocess.py:75} INFO - Running command: ['/bin/bash', '-c', 'ls /opt/***/src']
[2023-04-11T12:59:26.596+0000] {subprocess.py:86} INFO - Output:
[2023-04-11T12:59:26.601+0000] {subprocess.py:93} INFO - news_comments_crawlers
[2023-04-11T12:59:26.602+0000] {subprocess.py:97} INFO - Command exited with return code 0
[2023-04-11T12:59:26.627+0000] {taskinstance.py:1326} INFO - Marking task as SUCCESS. dag_id=execute_24hr_data_scrape, task_id=id_2, execution_date=20230411T125924, start_date=20230411T125926, end_date=20230411T125926
[2023-04-11T12:59:26.678+0000] {local_task_job.py:212} INFO - Task exited with return code 0
[2023-04-11T12:59:26.696+0000] {taskinstance.py:2585} INFO - 0 downstream tasks scheduled from follow-on schedule check
