[2023-04-14T15:15:10.264+0000] {taskinstance.py:1084} INFO - Dependencies all met for dep_context=non-requeueable deps ti=<TaskInstance: execute_24hr_data_scrape.id_2 scheduled__2023-04-14T14:59:00+00:00 [queued]>
[2023-04-14T15:15:10.274+0000] {taskinstance.py:1084} INFO - Dependencies all met for dep_context=requeueable deps ti=<TaskInstance: execute_24hr_data_scrape.id_2 scheduled__2023-04-14T14:59:00+00:00 [queued]>
[2023-04-14T15:15:10.275+0000] {taskinstance.py:1282} INFO - 
--------------------------------------------------------------------------------
[2023-04-14T15:15:10.275+0000] {taskinstance.py:1283} INFO - Starting attempt 4 of 4
[2023-04-14T15:15:10.276+0000] {taskinstance.py:1284} INFO - 
--------------------------------------------------------------------------------
[2023-04-14T15:15:10.290+0000] {taskinstance.py:1303} INFO - Executing <Task(BashOperator): id_2> on 2023-04-14 14:59:00+00:00
[2023-04-14T15:15:10.296+0000] {standard_task_runner.py:55} INFO - Started process 286 to run task
[2023-04-14T15:15:10.299+0000] {standard_task_runner.py:82} INFO - Running: ['***', 'tasks', 'run', 'execute_24hr_data_scrape', 'id_2', 'scheduled__2023-04-14T14:59:00+00:00', '--job-id', '184', '--raw', '--subdir', 'DAGS_FOLDER/exec_web_crawlers_dag.py', '--cfg-path', '/tmp/tmpsyzowtxe']
[2023-04-14T15:15:10.300+0000] {standard_task_runner.py:83} INFO - Job 184: Subtask id_2
[2023-04-14T15:15:10.353+0000] {task_command.py:388} INFO - Running <TaskInstance: execute_24hr_data_scrape.id_2 scheduled__2023-04-14T14:59:00+00:00 [running]> on host f9e5540690f6
[2023-04-14T15:15:10.412+0000] {taskinstance.py:1511} INFO - Exporting the following env vars:
AIRFLOW_CTX_DAG_OWNER=xiaochen
AIRFLOW_CTX_DAG_ID=execute_24hr_data_scrape
AIRFLOW_CTX_TASK_ID=id_2
AIRFLOW_CTX_EXECUTION_DATE=2023-04-14T14:59:00+00:00
AIRFLOW_CTX_TRY_NUMBER=4
AIRFLOW_CTX_DAG_RUN_ID=scheduled__2023-04-14T14:59:00+00:00
[2023-04-14T15:15:10.413+0000] {subprocess.py:63} INFO - Tmp dir root location: 
 /tmp
[2023-04-14T15:15:10.414+0000] {subprocess.py:75} INFO - Running command: ['/bin/bash', '-c', 'python /opt/***/src/news_comments_crawlers/crawlers/_EN_CNA.py --name CNA']
[2023-04-14T15:15:10.425+0000] {subprocess.py:86} INFO - Output:
[2023-04-14T15:15:12.475+0000] {subprocess.py:93} INFO - 
[2023-04-14T15:15:12.476+0000] {subprocess.py:93} INFO - --DEBUG: __file__:     /opt/***/src/news_comments_crawlers/crawlers/config/Constants.py
[2023-04-14T15:15:12.477+0000] {subprocess.py:93} INFO - 
[2023-04-14T15:15:12.477+0000] {subprocess.py:93} INFO - -- Session Object : Good to go.
[2023-04-14T15:15:12.477+0000] {subprocess.py:93} INFO - 
[2023-04-14T15:15:12.478+0000] {subprocess.py:93} INFO - -- Folders: Good to go.
[2023-04-14T15:15:12.478+0000] {subprocess.py:93} INFO - []
[2023-04-14T15:15:12.478+0000] {subprocess.py:93} INFO - 
[2023-04-14T15:15:12.479+0000] {subprocess.py:93} INFO - --DEBUG: Platform -  CNA
[2023-04-14T15:15:12.479+0000] {subprocess.py:93} INFO - 
[2023-04-14T15:15:12.480+0000] {subprocess.py:93} INFO - --DEBUG: Start-time -  2023-04-13 15:15:12.397607
[2023-04-14T15:15:12.480+0000] {subprocess.py:93} INFO - 
[2023-04-14T15:15:12.480+0000] {subprocess.py:93} INFO - --DEBUG: End-time -  2023-04-14 15:15:12.397607
[2023-04-14T15:15:12.481+0000] {subprocess.py:93} INFO - 
[2023-04-14T15:15:12.481+0000] {subprocess.py:93} INFO - --DEBUG: Link Path - /opt/***/src/news_comments_crawlers/crawlers/out/2023-04-14/links/CNA_2023-04-14_15.txt
[2023-04-14T15:15:12.481+0000] {subprocess.py:93} INFO - 
[2023-04-14T15:15:12.482+0000] {subprocess.py:93} INFO - --DEBUG: JSON Data Path - /opt/***/src/news_comments_crawlers/crawlers/out/2023-04-14/data/json/CNA_2023-04-14_15.json
[2023-04-14T15:15:12.482+0000] {subprocess.py:93} INFO - 
[2023-04-14T15:15:12.482+0000] {subprocess.py:93} INFO - --DEBUG: DF Data Path - /opt/***/src/news_comments_crawlers/crawlers/out/2023-04-14/data/df/CNA_2023-04-14_15.pickle
[2023-04-14T15:15:12.483+0000] {subprocess.py:93} INFO - 
[2023-04-14T15:15:12.483+0000] {subprocess.py:93} INFO - --DEBUG: True
[2023-04-14T15:15:12.484+0000] {subprocess.py:93} INFO - 
[2023-04-14T15:15:12.484+0000] {subprocess.py:93} INFO - --DEBUG: Using URLs from cache file
[2023-04-14T15:15:12.484+0000] {subprocess.py:93} INFO - 
[2023-04-14T15:15:12.485+0000] {subprocess.py:93} INFO - --DEBUG: Using Articles from cache file
[2023-04-14T15:15:12.485+0000] {subprocess.py:93} INFO - Program took 0.07679342300025382 seconds to complete
[2023-04-14T15:15:12.627+0000] {subprocess.py:97} INFO - Command exited with return code 0
[2023-04-14T15:15:12.648+0000] {taskinstance.py:1326} INFO - Marking task as SUCCESS. dag_id=execute_24hr_data_scrape, task_id=id_2, execution_date=20230414T145900, start_date=20230414T151510, end_date=20230414T151512
[2023-04-14T15:15:12.678+0000] {local_task_job.py:212} INFO - Task exited with return code 0
[2023-04-14T15:15:12.694+0000] {taskinstance.py:2585} INFO - 0 downstream tasks scheduled from follow-on schedule check
