[2023-04-14T15:05:04.522+0000] {taskinstance.py:1084} INFO - Dependencies all met for dep_context=non-requeueable deps ti=<TaskInstance: execute_24hr_data_scrape.id_2 scheduled__2023-04-14T14:59:00+00:00 [queued]>
[2023-04-14T15:05:04.531+0000] {taskinstance.py:1084} INFO - Dependencies all met for dep_context=requeueable deps ti=<TaskInstance: execute_24hr_data_scrape.id_2 scheduled__2023-04-14T14:59:00+00:00 [queued]>
[2023-04-14T15:05:04.532+0000] {taskinstance.py:1282} INFO - 
--------------------------------------------------------------------------------
[2023-04-14T15:05:04.533+0000] {taskinstance.py:1283} INFO - Starting attempt 2 of 4
[2023-04-14T15:05:04.533+0000] {taskinstance.py:1284} INFO - 
--------------------------------------------------------------------------------
[2023-04-14T15:05:04.548+0000] {taskinstance.py:1303} INFO - Executing <Task(BashOperator): id_2> on 2023-04-14 14:59:00+00:00
[2023-04-14T15:05:04.553+0000] {standard_task_runner.py:55} INFO - Started process 2342 to run task
[2023-04-14T15:05:04.555+0000] {standard_task_runner.py:82} INFO - Running: ['***', 'tasks', 'run', 'execute_24hr_data_scrape', 'id_2', 'scheduled__2023-04-14T14:59:00+00:00', '--job-id', '134', '--raw', '--subdir', 'DAGS_FOLDER/exec_web_crawlers_dag.py', '--cfg-path', '/tmp/tmpyps8bzbb']
[2023-04-14T15:05:04.556+0000] {standard_task_runner.py:83} INFO - Job 134: Subtask id_2
[2023-04-14T15:05:04.604+0000] {task_command.py:388} INFO - Running <TaskInstance: execute_24hr_data_scrape.id_2 scheduled__2023-04-14T14:59:00+00:00 [running]> on host 6f8cd9778af0
[2023-04-14T15:05:04.670+0000] {taskinstance.py:1511} INFO - Exporting the following env vars:
AIRFLOW_CTX_DAG_OWNER=xiaochen
AIRFLOW_CTX_DAG_ID=execute_24hr_data_scrape
AIRFLOW_CTX_TASK_ID=id_2
AIRFLOW_CTX_EXECUTION_DATE=2023-04-14T14:59:00+00:00
AIRFLOW_CTX_TRY_NUMBER=2
AIRFLOW_CTX_DAG_RUN_ID=scheduled__2023-04-14T14:59:00+00:00
[2023-04-14T15:05:04.672+0000] {subprocess.py:63} INFO - Tmp dir root location: 
 /tmp
[2023-04-14T15:05:04.672+0000] {subprocess.py:75} INFO - Running command: ['/bin/bash', '-c', 'python /opt/***/src/news_comments_crawlers/crawlers/_EN_CNA.py --name CNA']
[2023-04-14T15:05:04.681+0000] {subprocess.py:86} INFO - Output:
[2023-04-14T15:05:06.432+0000] {subprocess.py:93} INFO - 
[2023-04-14T15:05:06.432+0000] {subprocess.py:93} INFO - --DEBUG: __file__:     /opt/***/src/news_comments_crawlers/crawlers/config/Constants.py
[2023-04-14T15:05:06.433+0000] {subprocess.py:93} INFO - 
[2023-04-14T15:05:06.433+0000] {subprocess.py:93} INFO - -- Session Object : Good to go.
[2023-04-14T15:05:06.434+0000] {subprocess.py:93} INFO - 
[2023-04-14T15:05:06.434+0000] {subprocess.py:93} INFO - -- Folders: Good to go.
[2023-04-14T15:05:06.434+0000] {subprocess.py:93} INFO - []
[2023-04-14T15:05:06.436+0000] {subprocess.py:93} INFO - Traceback (most recent call last):
[2023-04-14T15:05:06.436+0000] {subprocess.py:93} INFO -   File "/opt/***/src/news_comments_crawlers/crawlers/_EN_CNA.py", line 10, in <module>
[2023-04-14T15:05:06.436+0000] {subprocess.py:93} INFO -     from Functions import *
[2023-04-14T15:05:06.437+0000] {subprocess.py:93} INFO -   File "<fstring>", line 1
[2023-04-14T15:05:06.437+0000] {subprocess.py:93} INFO -     (USE_CACHE=)
[2023-04-14T15:05:06.437+0000] {subprocess.py:93} INFO -               ^
[2023-04-14T15:05:06.438+0000] {subprocess.py:93} INFO - SyntaxError: invalid syntax
[2023-04-14T15:05:06.559+0000] {subprocess.py:97} INFO - Command exited with return code 1
[2023-04-14T15:05:06.569+0000] {taskinstance.py:1775} ERROR - Task failed with exception
Traceback (most recent call last):
  File "/home/airflow/.local/lib/python3.7/site-packages/airflow/operators/bash.py", line 197, in execute
    f"Bash command failed. The command returned a non-zero exit code {result.exit_code}."
airflow.exceptions.AirflowException: Bash command failed. The command returned a non-zero exit code 1.
[2023-04-14T15:05:06.572+0000] {taskinstance.py:1326} INFO - Marking task as UP_FOR_RETRY. dag_id=execute_24hr_data_scrape, task_id=id_2, execution_date=20230414T145900, start_date=20230414T150504, end_date=20230414T150506
[2023-04-14T15:05:06.583+0000] {standard_task_runner.py:105} ERROR - Failed to execute job 134 for task id_2 (Bash command failed. The command returned a non-zero exit code 1.; 2342)
[2023-04-14T15:05:06.614+0000] {local_task_job.py:212} INFO - Task exited with return code 1
[2023-04-14T15:05:06.629+0000] {taskinstance.py:2585} INFO - 0 downstream tasks scheduled from follow-on schedule check
