[2023-04-12T17:01:03.306+0000] {taskinstance.py:1084} INFO - Dependencies all met for dep_context=non-requeueable deps ti=<TaskInstance: execute_24hr_data_scrape.id_2 scheduled__2023-04-12T16:55:00+00:00 [queued]>
[2023-04-12T17:01:03.315+0000] {taskinstance.py:1084} INFO - Dependencies all met for dep_context=requeueable deps ti=<TaskInstance: execute_24hr_data_scrape.id_2 scheduled__2023-04-12T16:55:00+00:00 [queued]>
[2023-04-12T17:01:03.315+0000] {taskinstance.py:1282} INFO - 
--------------------------------------------------------------------------------
[2023-04-12T17:01:03.316+0000] {taskinstance.py:1283} INFO - Starting attempt 2 of 4
[2023-04-12T17:01:03.317+0000] {taskinstance.py:1284} INFO - 
--------------------------------------------------------------------------------
[2023-04-12T17:01:03.331+0000] {taskinstance.py:1303} INFO - Executing <Task(BashOperator): id_2> on 2023-04-12 16:55:00+00:00
[2023-04-12T17:01:03.335+0000] {standard_task_runner.py:55} INFO - Started process 20288 to run task
[2023-04-12T17:01:03.339+0000] {standard_task_runner.py:82} INFO - Running: ['***', 'tasks', 'run', 'execute_24hr_data_scrape', 'id_2', 'scheduled__2023-04-12T16:55:00+00:00', '--job-id', '7895', '--raw', '--subdir', 'DAGS_FOLDER/exec_web_crawlers_dag.py', '--cfg-path', '/tmp/tmpye09lv_8']
[2023-04-12T17:01:03.340+0000] {standard_task_runner.py:83} INFO - Job 7895: Subtask id_2
[2023-04-12T17:01:03.384+0000] {task_command.py:388} INFO - Running <TaskInstance: execute_24hr_data_scrape.id_2 scheduled__2023-04-12T16:55:00+00:00 [running]> on host b518195edd5e
[2023-04-12T17:01:03.439+0000] {taskinstance.py:1511} INFO - Exporting the following env vars:
AIRFLOW_CTX_DAG_OWNER=xiaochen
AIRFLOW_CTX_DAG_ID=execute_24hr_data_scrape
AIRFLOW_CTX_TASK_ID=id_2
AIRFLOW_CTX_EXECUTION_DATE=2023-04-12T16:55:00+00:00
AIRFLOW_CTX_TRY_NUMBER=2
AIRFLOW_CTX_DAG_RUN_ID=scheduled__2023-04-12T16:55:00+00:00
[2023-04-12T17:01:03.440+0000] {subprocess.py:63} INFO - Tmp dir root location: 
 /tmp
[2023-04-12T17:01:03.441+0000] {subprocess.py:75} INFO - Running command: ['/bin/bash', '-c', 'python /opt/***/src/news_comments_crawlers/crawlers/_EN_CNA.py --name CNA']
[2023-04-12T17:01:03.448+0000] {subprocess.py:86} INFO - Output:
[2023-04-12T17:01:03.576+0000] {subprocess.py:93} INFO - Traceback (most recent call last):
[2023-04-12T17:01:03.577+0000] {subprocess.py:93} INFO -   File "/opt/***/src/news_comments_crawlers/crawlers/_EN_CNA.py", line 8, in <module>
[2023-04-12T17:01:03.577+0000] {subprocess.py:93} INFO -     from config.Preprocessor import Preprocessor
[2023-04-12T17:01:03.578+0000] {subprocess.py:93} INFO -   File "/opt/***/src/news_comments_crawlers/crawlers/config/Preprocessor.py", line 11, in <module>
[2023-04-12T17:01:03.578+0000] {subprocess.py:93} INFO -     from nltk.stem import WordNetLemmatizer
[2023-04-12T17:01:03.578+0000] {subprocess.py:93} INFO - ModuleNotFoundError: No module named 'nltk'
[2023-04-12T17:01:03.580+0000] {subprocess.py:97} INFO - Command exited with return code 1
[2023-04-12T17:01:03.590+0000] {taskinstance.py:1775} ERROR - Task failed with exception
Traceback (most recent call last):
  File "/home/airflow/.local/lib/python3.7/site-packages/airflow/operators/bash.py", line 197, in execute
    f"Bash command failed. The command returned a non-zero exit code {result.exit_code}."
airflow.exceptions.AirflowException: Bash command failed. The command returned a non-zero exit code 1.
[2023-04-12T17:01:03.594+0000] {taskinstance.py:1326} INFO - Marking task as UP_FOR_RETRY. dag_id=execute_24hr_data_scrape, task_id=id_2, execution_date=20230412T165500, start_date=20230412T170103, end_date=20230412T170103
[2023-04-12T17:01:03.608+0000] {standard_task_runner.py:105} ERROR - Failed to execute job 7895 for task id_2 (Bash command failed. The command returned a non-zero exit code 1.; 20288)
[2023-04-12T17:01:03.629+0000] {local_task_job.py:212} INFO - Task exited with return code 1
[2023-04-12T17:01:03.645+0000] {taskinstance.py:2585} INFO - 0 downstream tasks scheduled from follow-on schedule check
