[2023-04-09T16:10:01.794+0000] {taskinstance.py:1084} INFO - Dependencies all met for dep_context=non-requeueable deps ti=<TaskInstance: exe_web_crawlers_dag_v2.id_2 scheduled__2023-04-09T16:09:00+00:00 [queued]>
[2023-04-09T16:10:01.806+0000] {taskinstance.py:1084} INFO - Dependencies all met for dep_context=requeueable deps ti=<TaskInstance: exe_web_crawlers_dag_v2.id_2 scheduled__2023-04-09T16:09:00+00:00 [queued]>
[2023-04-09T16:10:01.807+0000] {taskinstance.py:1282} INFO - 
--------------------------------------------------------------------------------
[2023-04-09T16:10:01.807+0000] {taskinstance.py:1283} INFO - Starting attempt 1 of 4
[2023-04-09T16:10:01.808+0000] {taskinstance.py:1284} INFO - 
--------------------------------------------------------------------------------
[2023-04-09T16:10:01.826+0000] {taskinstance.py:1303} INFO - Executing <Task(BashOperator): id_2> on 2023-04-09 16:09:00+00:00
[2023-04-09T16:10:01.832+0000] {standard_task_runner.py:55} INFO - Started process 2255 to run task
[2023-04-09T16:10:01.833+0000] {standard_task_runner.py:82} INFO - Running: ['***', 'tasks', 'run', 'exe_web_crawlers_dag_v2', 'id_2', 'scheduled__2023-04-09T16:09:00+00:00', '--job-id', '114', '--raw', '--subdir', 'DAGS_FOLDER/exec_web_crawlers_dag.py', '--cfg-path', '/tmp/tmpaymdoslc']
[2023-04-09T16:10:01.836+0000] {standard_task_runner.py:83} INFO - Job 114: Subtask id_2
[2023-04-09T16:10:01.898+0000] {task_command.py:388} INFO - Running <TaskInstance: exe_web_crawlers_dag_v2.id_2 scheduled__2023-04-09T16:09:00+00:00 [running]> on host e8e20c2f7d98
[2023-04-09T16:10:01.963+0000] {taskinstance.py:1511} INFO - Exporting the following env vars:
AIRFLOW_CTX_DAG_OWNER=xiaochen
AIRFLOW_CTX_DAG_ID=exe_web_crawlers_dag_v2
AIRFLOW_CTX_TASK_ID=id_2
AIRFLOW_CTX_EXECUTION_DATE=2023-04-09T16:09:00+00:00
AIRFLOW_CTX_TRY_NUMBER=1
AIRFLOW_CTX_DAG_RUN_ID=scheduled__2023-04-09T16:09:00+00:00
[2023-04-09T16:10:01.964+0000] {subprocess.py:63} INFO - Tmp dir root location: 
 /tmp
[2023-04-09T16:10:01.965+0000] {subprocess.py:75} INFO - Running command: ['/bin/bash', '-c', 'cd pwd']
[2023-04-09T16:10:01.973+0000] {subprocess.py:86} INFO - Output:
[2023-04-09T16:10:01.974+0000] {subprocess.py:93} INFO - /bin/bash: line 1: cd: pwd: No such file or directory
[2023-04-09T16:10:01.974+0000] {subprocess.py:97} INFO - Command exited with return code 1
[2023-04-09T16:10:01.983+0000] {taskinstance.py:1775} ERROR - Task failed with exception
Traceback (most recent call last):
  File "/home/airflow/.local/lib/python3.7/site-packages/airflow/operators/bash.py", line 197, in execute
    f"Bash command failed. The command returned a non-zero exit code {result.exit_code}."
airflow.exceptions.AirflowException: Bash command failed. The command returned a non-zero exit code 1.
[2023-04-09T16:10:01.986+0000] {taskinstance.py:1326} INFO - Marking task as UP_FOR_RETRY. dag_id=exe_web_crawlers_dag_v2, task_id=id_2, execution_date=20230409T160900, start_date=20230409T161001, end_date=20230409T161001
[2023-04-09T16:10:01.996+0000] {standard_task_runner.py:105} ERROR - Failed to execute job 114 for task id_2 (Bash command failed. The command returned a non-zero exit code 1.; 2255)
[2023-04-09T16:10:02.007+0000] {local_task_job.py:212} INFO - Task exited with return code 1
[2023-04-09T16:10:02.022+0000] {taskinstance.py:2585} INFO - 0 downstream tasks scheduled from follow-on schedule check
