[2023-04-14T14:45:15.999+0000] {taskinstance.py:1084} INFO - Dependencies all met for dep_context=non-requeueable deps ti=<TaskInstance: execute_24hr_data_scrape.id_2 scheduled__2023-04-14T14:39:00+00:00 [queued]>
[2023-04-14T14:45:16.019+0000] {taskinstance.py:1084} INFO - Dependencies all met for dep_context=requeueable deps ti=<TaskInstance: execute_24hr_data_scrape.id_2 scheduled__2023-04-14T14:39:00+00:00 [queued]>
[2023-04-14T14:45:16.020+0000] {taskinstance.py:1282} INFO - 
--------------------------------------------------------------------------------
[2023-04-14T14:45:16.021+0000] {taskinstance.py:1283} INFO - Starting attempt 2 of 4
[2023-04-14T14:45:16.022+0000] {taskinstance.py:1284} INFO - 
--------------------------------------------------------------------------------
[2023-04-14T14:45:16.114+0000] {taskinstance.py:1303} INFO - Executing <Task(BashOperator): id_2> on 2023-04-14 14:39:00+00:00
[2023-04-14T14:45:16.133+0000] {standard_task_runner.py:55} INFO - Started process 214 to run task
[2023-04-14T14:45:16.141+0000] {standard_task_runner.py:82} INFO - Running: ['***', 'tasks', 'run', 'execute_24hr_data_scrape', 'id_2', 'scheduled__2023-04-14T14:39:00+00:00', '--job-id', '48', '--raw', '--subdir', 'DAGS_FOLDER/exec_web_crawlers_dag.py', '--cfg-path', '/tmp/tmpr9hfkj72']
[2023-04-14T14:45:16.152+0000] {standard_task_runner.py:83} INFO - Job 48: Subtask id_2
[2023-04-14T14:45:16.304+0000] {task_command.py:388} INFO - Running <TaskInstance: execute_24hr_data_scrape.id_2 scheduled__2023-04-14T14:39:00+00:00 [running]> on host 6f8cd9778af0
[2023-04-14T14:45:16.458+0000] {taskinstance.py:1511} INFO - Exporting the following env vars:
AIRFLOW_CTX_DAG_OWNER=xiaochen
AIRFLOW_CTX_DAG_ID=execute_24hr_data_scrape
AIRFLOW_CTX_TASK_ID=id_2
AIRFLOW_CTX_EXECUTION_DATE=2023-04-14T14:39:00+00:00
AIRFLOW_CTX_TRY_NUMBER=2
AIRFLOW_CTX_DAG_RUN_ID=scheduled__2023-04-14T14:39:00+00:00
[2023-04-14T14:45:16.462+0000] {subprocess.py:63} INFO - Tmp dir root location: 
 /tmp
[2023-04-14T14:45:16.464+0000] {subprocess.py:75} INFO - Running command: ['/bin/bash', '-c', 'python /opt/***/src/news_comments_crawlers/crawlers/_EN_CNA.py --name CNA']
[2023-04-14T14:45:16.490+0000] {subprocess.py:86} INFO - Output:
[2023-04-14T14:45:19.723+0000] {subprocess.py:93} INFO - 
[2023-04-14T14:45:19.725+0000] {subprocess.py:93} INFO - -- Session Object : Good to go.
[2023-04-14T14:45:19.726+0000] {subprocess.py:93} INFO - 
[2023-04-14T14:45:19.727+0000] {subprocess.py:93} INFO - -- Log Folder: Failed to create.
[2023-04-14T14:45:19.729+0000] {subprocess.py:93} INFO - [Errno 2] No such file or directory: './src/news_comments_crawlers/crawlers/out/2023-04-14'
[2023-04-14T14:45:19.731+0000] {subprocess.py:93} INFO - []
[2023-04-14T14:45:19.736+0000] {subprocess.py:93} INFO - Traceback (most recent call last):
[2023-04-14T14:45:19.737+0000] {subprocess.py:93} INFO -   File "/opt/***/src/news_comments_crawlers/crawlers/_EN_CNA.py", line 10, in <module>
[2023-04-14T14:45:19.738+0000] {subprocess.py:93} INFO -     from Functions import *
[2023-04-14T14:45:19.740+0000] {subprocess.py:93} INFO -   File "<fstring>", line 1
[2023-04-14T14:45:19.741+0000] {subprocess.py:93} INFO -     (USE_CACHE=)
[2023-04-14T14:45:19.743+0000] {subprocess.py:93} INFO -               ^
[2023-04-14T14:45:19.744+0000] {subprocess.py:93} INFO - SyntaxError: invalid syntax
[2023-04-14T14:45:20.205+0000] {subprocess.py:97} INFO - Command exited with return code 1
[2023-04-14T14:45:20.220+0000] {taskinstance.py:1775} ERROR - Task failed with exception
Traceback (most recent call last):
  File "/home/airflow/.local/lib/python3.7/site-packages/airflow/operators/bash.py", line 197, in execute
    f"Bash command failed. The command returned a non-zero exit code {result.exit_code}."
airflow.exceptions.AirflowException: Bash command failed. The command returned a non-zero exit code 1.
[2023-04-14T14:45:20.226+0000] {taskinstance.py:1326} INFO - Marking task as UP_FOR_RETRY. dag_id=execute_24hr_data_scrape, task_id=id_2, execution_date=20230414T143900, start_date=20230414T144516, end_date=20230414T144520
[2023-04-14T14:45:20.245+0000] {standard_task_runner.py:105} ERROR - Failed to execute job 48 for task id_2 (Bash command failed. The command returned a non-zero exit code 1.; 214)
[2023-04-14T14:45:20.263+0000] {local_task_job.py:212} INFO - Task exited with return code 1
[2023-04-14T14:45:20.282+0000] {taskinstance.py:2585} INFO - 0 downstream tasks scheduled from follow-on schedule check
