[2023-04-11T13:57:03.757+0000] {taskinstance.py:1084} INFO - Dependencies all met for dep_context=non-requeueable deps ti=<TaskInstance: execute_24hr_data_scrape.id_2 scheduled__2023-04-11T13:51:00+00:00 [queued]>
[2023-04-11T13:57:03.778+0000] {taskinstance.py:1084} INFO - Dependencies all met for dep_context=requeueable deps ti=<TaskInstance: execute_24hr_data_scrape.id_2 scheduled__2023-04-11T13:51:00+00:00 [queued]>
[2023-04-11T13:57:03.779+0000] {taskinstance.py:1282} INFO - 
--------------------------------------------------------------------------------
[2023-04-11T13:57:03.780+0000] {taskinstance.py:1283} INFO - Starting attempt 2 of 4
[2023-04-11T13:57:03.781+0000] {taskinstance.py:1284} INFO - 
--------------------------------------------------------------------------------
[2023-04-11T13:57:03.807+0000] {taskinstance.py:1303} INFO - Executing <Task(BashOperator): id_2> on 2023-04-11 13:51:00+00:00
[2023-04-11T13:57:03.816+0000] {standard_task_runner.py:55} INFO - Started process 1951 to run task
[2023-04-11T13:57:03.819+0000] {standard_task_runner.py:82} INFO - Running: ['***', 'tasks', 'run', 'execute_24hr_data_scrape', 'id_2', 'scheduled__2023-04-11T13:51:00+00:00', '--job-id', '197', '--raw', '--subdir', 'DAGS_FOLDER/exec_web_crawlers_dag.py', '--cfg-path', '/tmp/tmp8am_g4mx']
[2023-04-11T13:57:03.822+0000] {standard_task_runner.py:83} INFO - Job 197: Subtask id_2
[2023-04-11T13:57:03.928+0000] {task_command.py:388} INFO - Running <TaskInstance: execute_24hr_data_scrape.id_2 scheduled__2023-04-11T13:51:00+00:00 [running]> on host b518195edd5e
[2023-04-11T13:57:04.044+0000] {taskinstance.py:1511} INFO - Exporting the following env vars:
AIRFLOW_CTX_DAG_OWNER=xiaochen
AIRFLOW_CTX_DAG_ID=execute_24hr_data_scrape
AIRFLOW_CTX_TASK_ID=id_2
AIRFLOW_CTX_EXECUTION_DATE=2023-04-11T13:51:00+00:00
AIRFLOW_CTX_TRY_NUMBER=2
AIRFLOW_CTX_DAG_RUN_ID=scheduled__2023-04-11T13:51:00+00:00
[2023-04-11T13:57:04.046+0000] {subprocess.py:63} INFO - Tmp dir root location: 
 /tmp
[2023-04-11T13:57:04.049+0000] {subprocess.py:75} INFO - Running command: ['/bin/bash', '-c', 'python /opt/***/src/news_comments_crawlers/crawlers/_EN_CNA.py --name CNA']
[2023-04-11T13:57:04.070+0000] {subprocess.py:86} INFO - Output:
[2023-04-11T13:57:04.512+0000] {subprocess.py:93} INFO - Traceback (most recent call last):
[2023-04-11T13:57:04.513+0000] {subprocess.py:93} INFO -   File "/opt/***/src/news_comments_crawlers/crawlers/_EN_CNA.py", line 8, in <module>
[2023-04-11T13:57:04.514+0000] {subprocess.py:93} INFO -   File "/opt/***/src/news_comments_crawlers/crawlers/config/Preprocessor.py", line 11, in <module>
[2023-04-11T13:57:04.514+0000] {subprocess.py:93} INFO -   File "<frozen importlib._bootstrap>", line 983, in _find_and_load
[2023-04-11T13:57:04.515+0000] {subprocess.py:93} INFO -   File "<frozen importlib._bootstrap>", line 963, in _find_and_load_unlocked
[2023-04-11T13:57:04.515+0000] {subprocess.py:93} INFO -   File "<frozen importlib._bootstrap>", line 906, in _find_spec
[2023-04-11T13:57:04.516+0000] {subprocess.py:93} INFO -   File "<frozen importlib._bootstrap_external>", line 1280, in find_spec
[2023-04-11T13:57:04.516+0000] {subprocess.py:93} INFO -   File "<frozen importlib._bootstrap_external>", line 1252, in _get_spec
[2023-04-11T13:57:04.517+0000] {subprocess.py:93} INFO -   File "<frozen importlib._bootstrap_external>", line 1368, in find_spec
[2023-04-11T13:57:04.518+0000] {subprocess.py:93} INFO -   File "<frozen importlib._bootstrap_external>", line 1408, in _fill_cache
[2023-04-11T13:57:04.518+0000] {subprocess.py:93} INFO - OSError: [Errno 5] Input/output error: '/opt/***/src/news_comments_crawlers/crawlers'
[2023-04-11T13:57:04.523+0000] {subprocess.py:97} INFO - Command exited with return code 1
[2023-04-11T13:57:04.540+0000] {taskinstance.py:1775} ERROR - Task failed with exception
Traceback (most recent call last):
  File "/home/airflow/.local/lib/python3.7/site-packages/airflow/operators/bash.py", line 197, in execute
    f"Bash command failed. The command returned a non-zero exit code {result.exit_code}."
airflow.exceptions.AirflowException: Bash command failed. The command returned a non-zero exit code 1.
[2023-04-11T13:57:04.547+0000] {taskinstance.py:1326} INFO - Marking task as UP_FOR_RETRY. dag_id=execute_24hr_data_scrape, task_id=id_2, execution_date=20230411T135100, start_date=20230411T135703, end_date=20230411T135704
[2023-04-11T13:57:04.568+0000] {standard_task_runner.py:105} ERROR - Failed to execute job 197 for task id_2 (Bash command failed. The command returned a non-zero exit code 1.; 1951)
[2023-04-11T13:57:04.595+0000] {local_task_job.py:212} INFO - Task exited with return code 1
[2023-04-11T13:57:04.621+0000] {taskinstance.py:2585} INFO - 0 downstream tasks scheduled from follow-on schedule check
