[2023-04-14T14:57:00.892+0000] {taskinstance.py:1084} INFO - Dependencies all met for dep_context=non-requeueable deps ti=<TaskInstance: execute_24hr_data_scrape.id_1 scheduled__2023-04-14T14:56:00+00:00 [queued]>
[2023-04-14T14:57:00.901+0000] {taskinstance.py:1084} INFO - Dependencies all met for dep_context=requeueable deps ti=<TaskInstance: execute_24hr_data_scrape.id_1 scheduled__2023-04-14T14:56:00+00:00 [queued]>
[2023-04-14T14:57:00.902+0000] {taskinstance.py:1282} INFO - 
--------------------------------------------------------------------------------
[2023-04-14T14:57:00.903+0000] {taskinstance.py:1283} INFO - Starting attempt 1 of 4
[2023-04-14T14:57:00.903+0000] {taskinstance.py:1284} INFO - 
--------------------------------------------------------------------------------
[2023-04-14T14:57:00.917+0000] {taskinstance.py:1303} INFO - Executing <Task(BashOperator): id_1> on 2023-04-14 14:56:00+00:00
[2023-04-14T14:57:00.922+0000] {standard_task_runner.py:55} INFO - Started process 1535 to run task
[2023-04-14T14:57:00.924+0000] {standard_task_runner.py:82} INFO - Running: ['***', 'tasks', 'run', 'execute_24hr_data_scrape', 'id_1', 'scheduled__2023-04-14T14:56:00+00:00', '--job-id', '97', '--raw', '--subdir', 'DAGS_FOLDER/exec_web_crawlers_dag.py', '--cfg-path', '/tmp/tmpvwk9n1sb']
[2023-04-14T14:57:00.926+0000] {standard_task_runner.py:83} INFO - Job 97: Subtask id_1
[2023-04-14T14:57:00.973+0000] {task_command.py:388} INFO - Running <TaskInstance: execute_24hr_data_scrape.id_1 scheduled__2023-04-14T14:56:00+00:00 [running]> on host 6f8cd9778af0
[2023-04-14T14:57:01.033+0000] {taskinstance.py:1511} INFO - Exporting the following env vars:
AIRFLOW_CTX_DAG_OWNER=xiaochen
AIRFLOW_CTX_DAG_ID=execute_24hr_data_scrape
AIRFLOW_CTX_TASK_ID=id_1
AIRFLOW_CTX_EXECUTION_DATE=2023-04-14T14:56:00+00:00
AIRFLOW_CTX_TRY_NUMBER=1
AIRFLOW_CTX_DAG_RUN_ID=scheduled__2023-04-14T14:56:00+00:00
[2023-04-14T14:57:01.035+0000] {subprocess.py:63} INFO - Tmp dir root location: 
 /tmp
[2023-04-14T14:57:01.036+0000] {subprocess.py:75} INFO - Running command: ['/bin/bash', '-c', 'echo Hello World !!!! My name is xxxxx !']
[2023-04-14T14:57:01.043+0000] {subprocess.py:86} INFO - Output:
[2023-04-14T14:57:01.044+0000] {subprocess.py:93} INFO - Hello World !!!! My name is xxxxx !
[2023-04-14T14:57:01.044+0000] {subprocess.py:97} INFO - Command exited with return code 0
[2023-04-14T14:57:01.064+0000] {taskinstance.py:1326} INFO - Marking task as SUCCESS. dag_id=execute_24hr_data_scrape, task_id=id_1, execution_date=20230414T145600, start_date=20230414T145700, end_date=20230414T145701
[2023-04-14T14:57:01.096+0000] {local_task_job.py:212} INFO - Task exited with return code 0
[2023-04-14T14:57:01.114+0000] {taskinstance.py:2585} INFO - 1 downstream tasks scheduled from follow-on schedule check
