[2023-04-12T10:58:00.981+0000] {taskinstance.py:1084} INFO - Dependencies all met for dep_context=non-requeueable deps ti=<TaskInstance: execute_24hr_data_scrape.id_1 scheduled__2023-04-12T10:57:00+00:00 [queued]>
[2023-04-12T10:58:00.990+0000] {taskinstance.py:1084} INFO - Dependencies all met for dep_context=requeueable deps ti=<TaskInstance: execute_24hr_data_scrape.id_1 scheduled__2023-04-12T10:57:00+00:00 [queued]>
[2023-04-12T10:58:00.990+0000] {taskinstance.py:1282} INFO - 
--------------------------------------------------------------------------------
[2023-04-12T10:58:00.991+0000] {taskinstance.py:1283} INFO - Starting attempt 1 of 4
[2023-04-12T10:58:00.991+0000] {taskinstance.py:1284} INFO - 
--------------------------------------------------------------------------------
[2023-04-12T10:58:01.006+0000] {taskinstance.py:1303} INFO - Executing <Task(BashOperator): id_1> on 2023-04-12 10:57:00+00:00
[2023-04-12T10:58:01.009+0000] {standard_task_runner.py:55} INFO - Started process 6124 to run task
[2023-04-12T10:58:01.011+0000] {standard_task_runner.py:82} INFO - Running: ['***', 'tasks', 'run', 'execute_24hr_data_scrape', 'id_1', 'scheduled__2023-04-12T10:57:00+00:00', '--job-id', '6077', '--raw', '--subdir', 'DAGS_FOLDER/exec_web_crawlers_dag.py', '--cfg-path', '/tmp/tmpflo3b8lp']
[2023-04-12T10:58:01.013+0000] {standard_task_runner.py:83} INFO - Job 6077: Subtask id_1
[2023-04-12T10:58:01.062+0000] {task_command.py:388} INFO - Running <TaskInstance: execute_24hr_data_scrape.id_1 scheduled__2023-04-12T10:57:00+00:00 [running]> on host b518195edd5e
[2023-04-12T10:58:01.122+0000] {taskinstance.py:1511} INFO - Exporting the following env vars:
AIRFLOW_CTX_DAG_OWNER=xiaochen
AIRFLOW_CTX_DAG_ID=execute_24hr_data_scrape
AIRFLOW_CTX_TASK_ID=id_1
AIRFLOW_CTX_EXECUTION_DATE=2023-04-12T10:57:00+00:00
AIRFLOW_CTX_TRY_NUMBER=1
AIRFLOW_CTX_DAG_RUN_ID=scheduled__2023-04-12T10:57:00+00:00
[2023-04-12T10:58:01.123+0000] {subprocess.py:63} INFO - Tmp dir root location: 
 /tmp
[2023-04-12T10:58:01.124+0000] {subprocess.py:75} INFO - Running command: ['/bin/bash', '-c', 'echo Hello World !!!! My name is xxxxx !']
[2023-04-12T10:58:01.130+0000] {subprocess.py:86} INFO - Output:
[2023-04-12T10:58:01.130+0000] {subprocess.py:93} INFO - Hello World !!!! My name is xxxxx !
[2023-04-12T10:58:01.131+0000] {subprocess.py:97} INFO - Command exited with return code 0
[2023-04-12T10:58:01.151+0000] {taskinstance.py:1326} INFO - Marking task as SUCCESS. dag_id=execute_24hr_data_scrape, task_id=id_1, execution_date=20230412T105700, start_date=20230412T105800, end_date=20230412T105801
[2023-04-12T10:58:01.185+0000] {local_task_job.py:212} INFO - Task exited with return code 0
[2023-04-12T10:58:01.203+0000] {taskinstance.py:2585} INFO - 1 downstream tasks scheduled from follow-on schedule check
