[2023-04-12T05:33:03.365+0000] {taskinstance.py:1084} INFO - Dependencies all met for dep_context=non-requeueable deps ti=<TaskInstance: execute_24hr_data_scrape.id_2 scheduled__2023-04-12T05:27:00+00:00 [queued]>
[2023-04-12T05:33:03.373+0000] {taskinstance.py:1084} INFO - Dependencies all met for dep_context=requeueable deps ti=<TaskInstance: execute_24hr_data_scrape.id_2 scheduled__2023-04-12T05:27:00+00:00 [queued]>
[2023-04-12T05:33:03.373+0000] {taskinstance.py:1282} INFO - 
--------------------------------------------------------------------------------
[2023-04-12T05:33:03.374+0000] {taskinstance.py:1283} INFO - Starting attempt 2 of 4
[2023-04-12T05:33:03.374+0000] {taskinstance.py:1284} INFO - 
--------------------------------------------------------------------------------
[2023-04-12T05:33:03.387+0000] {taskinstance.py:1303} INFO - Executing <Task(BashOperator): id_2> on 2023-04-12 05:27:00+00:00
[2023-04-12T05:33:03.391+0000] {standard_task_runner.py:55} INFO - Started process 25936 to run task
[2023-04-12T05:33:03.392+0000] {standard_task_runner.py:82} INFO - Running: ['***', 'tasks', 'run', 'execute_24hr_data_scrape', 'id_2', 'scheduled__2023-04-12T05:27:00+00:00', '--job-id', '4454', '--raw', '--subdir', 'DAGS_FOLDER/exec_web_crawlers_dag.py', '--cfg-path', '/tmp/tmprofhv_4c']
[2023-04-12T05:33:03.394+0000] {standard_task_runner.py:83} INFO - Job 4454: Subtask id_2
[2023-04-12T05:33:03.440+0000] {task_command.py:388} INFO - Running <TaskInstance: execute_24hr_data_scrape.id_2 scheduled__2023-04-12T05:27:00+00:00 [running]> on host b518195edd5e
[2023-04-12T05:33:03.495+0000] {taskinstance.py:1511} INFO - Exporting the following env vars:
AIRFLOW_CTX_DAG_OWNER=xiaochen
AIRFLOW_CTX_DAG_ID=execute_24hr_data_scrape
AIRFLOW_CTX_TASK_ID=id_2
AIRFLOW_CTX_EXECUTION_DATE=2023-04-12T05:27:00+00:00
AIRFLOW_CTX_TRY_NUMBER=2
AIRFLOW_CTX_DAG_RUN_ID=scheduled__2023-04-12T05:27:00+00:00
[2023-04-12T05:33:03.496+0000] {subprocess.py:63} INFO - Tmp dir root location: 
 /tmp
[2023-04-12T05:33:03.497+0000] {subprocess.py:75} INFO - Running command: ['/bin/bash', '-c', 'python /opt/***/src/news_comments_crawlers/crawlers/_EN_CNA.py --name CNA']
[2023-04-12T05:33:03.502+0000] {subprocess.py:86} INFO - Output:
[2023-04-12T05:33:03.672+0000] {subprocess.py:93} INFO - Traceback (most recent call last):
[2023-04-12T05:33:03.673+0000] {subprocess.py:93} INFO -   File "/opt/***/src/news_comments_crawlers/crawlers/_EN_CNA.py", line 8, in <module>
[2023-04-12T05:33:03.673+0000] {subprocess.py:93} INFO -     from config.Preprocessor import Preprocessor
[2023-04-12T05:33:03.673+0000] {subprocess.py:93} INFO -   File "/opt/***/src/news_comments_crawlers/crawlers/config/Preprocessor.py", line 11, in <module>
[2023-04-12T05:33:03.674+0000] {subprocess.py:93} INFO -     from nltk.stem import WordNetLemmatizer
[2023-04-12T05:33:03.674+0000] {subprocess.py:93} INFO - ModuleNotFoundError: No module named 'nltk'
[2023-04-12T05:33:03.675+0000] {subprocess.py:97} INFO - Command exited with return code 1
[2023-04-12T05:33:03.684+0000] {taskinstance.py:1775} ERROR - Task failed with exception
Traceback (most recent call last):
  File "/home/airflow/.local/lib/python3.7/site-packages/airflow/operators/bash.py", line 197, in execute
    f"Bash command failed. The command returned a non-zero exit code {result.exit_code}."
airflow.exceptions.AirflowException: Bash command failed. The command returned a non-zero exit code 1.
[2023-04-12T05:33:03.687+0000] {taskinstance.py:1326} INFO - Marking task as UP_FOR_RETRY. dag_id=execute_24hr_data_scrape, task_id=id_2, execution_date=20230412T052700, start_date=20230412T053303, end_date=20230412T053303
[2023-04-12T05:33:03.699+0000] {standard_task_runner.py:105} ERROR - Failed to execute job 4454 for task id_2 (Bash command failed. The command returned a non-zero exit code 1.; 25936)
[2023-04-12T05:33:03.725+0000] {local_task_job.py:212} INFO - Task exited with return code 1
[2023-04-12T05:33:03.739+0000] {taskinstance.py:2585} INFO - 0 downstream tasks scheduled from follow-on schedule check
