[2023-04-09T16:06:00.406+0000] {taskinstance.py:1084} INFO - Dependencies all met for dep_context=non-requeueable deps ti=<TaskInstance: exe_web_crawlers_dag_v2.id_1 scheduled__2023-04-09T16:05:00+00:00 [queued]>
[2023-04-09T16:06:00.416+0000] {taskinstance.py:1084} INFO - Dependencies all met for dep_context=requeueable deps ti=<TaskInstance: exe_web_crawlers_dag_v2.id_1 scheduled__2023-04-09T16:05:00+00:00 [queued]>
[2023-04-09T16:06:00.416+0000] {taskinstance.py:1282} INFO - 
--------------------------------------------------------------------------------
[2023-04-09T16:06:00.417+0000] {taskinstance.py:1283} INFO - Starting attempt 1 of 4
[2023-04-09T16:06:00.417+0000] {taskinstance.py:1284} INFO - 
--------------------------------------------------------------------------------
[2023-04-09T16:06:00.431+0000] {taskinstance.py:1303} INFO - Executing <Task(BashOperator): id_1> on 2023-04-09 16:05:00+00:00
[2023-04-09T16:06:00.436+0000] {standard_task_runner.py:55} INFO - Started process 2125 to run task
[2023-04-09T16:06:00.437+0000] {standard_task_runner.py:82} INFO - Running: ['***', 'tasks', 'run', 'exe_web_crawlers_dag_v2', 'id_1', 'scheduled__2023-04-09T16:05:00+00:00', '--job-id', '103', '--raw', '--subdir', 'DAGS_FOLDER/exec_web_crawlers_dag.py', '--cfg-path', '/tmp/tmp91e7hprz']
[2023-04-09T16:06:00.439+0000] {standard_task_runner.py:83} INFO - Job 103: Subtask id_1
[2023-04-09T16:06:00.492+0000] {task_command.py:388} INFO - Running <TaskInstance: exe_web_crawlers_dag_v2.id_1 scheduled__2023-04-09T16:05:00+00:00 [running]> on host e8e20c2f7d98
[2023-04-09T16:06:00.549+0000] {taskinstance.py:1511} INFO - Exporting the following env vars:
AIRFLOW_CTX_DAG_OWNER=xiaochen
AIRFLOW_CTX_DAG_ID=exe_web_crawlers_dag_v2
AIRFLOW_CTX_TASK_ID=id_1
AIRFLOW_CTX_EXECUTION_DATE=2023-04-09T16:05:00+00:00
AIRFLOW_CTX_TRY_NUMBER=1
AIRFLOW_CTX_DAG_RUN_ID=scheduled__2023-04-09T16:05:00+00:00
[2023-04-09T16:06:00.550+0000] {subprocess.py:63} INFO - Tmp dir root location: 
 /tmp
[2023-04-09T16:06:00.551+0000] {subprocess.py:75} INFO - Running command: ['/bin/bash', '-c', 'echo Hello World !!!! My name is xxxxx !']
[2023-04-09T16:06:00.558+0000] {subprocess.py:86} INFO - Output:
[2023-04-09T16:06:00.560+0000] {subprocess.py:93} INFO - Hello World !!!! My name is xxxxx !
[2023-04-09T16:06:00.560+0000] {subprocess.py:97} INFO - Command exited with return code 0
[2023-04-09T16:06:00.579+0000] {taskinstance.py:1326} INFO - Marking task as SUCCESS. dag_id=exe_web_crawlers_dag_v2, task_id=id_1, execution_date=20230409T160500, start_date=20230409T160600, end_date=20230409T160600
[2023-04-09T16:06:00.610+0000] {local_task_job.py:212} INFO - Task exited with return code 0
[2023-04-09T16:06:00.628+0000] {taskinstance.py:2585} INFO - 1 downstream tasks scheduled from follow-on schedule check
