[2023-04-12T10:59:06.081+0000] {taskinstance.py:1084} INFO - Dependencies all met for dep_context=non-requeueable deps ti=<TaskInstance: execute_24hr_data_scrape.id_2 scheduled__2023-04-12T10:43:00+00:00 [queued]>
[2023-04-12T10:59:06.089+0000] {taskinstance.py:1084} INFO - Dependencies all met for dep_context=requeueable deps ti=<TaskInstance: execute_24hr_data_scrape.id_2 scheduled__2023-04-12T10:43:00+00:00 [queued]>
[2023-04-12T10:59:06.090+0000] {taskinstance.py:1282} INFO - 
--------------------------------------------------------------------------------
[2023-04-12T10:59:06.090+0000] {taskinstance.py:1283} INFO - Starting attempt 4 of 4
[2023-04-12T10:59:06.091+0000] {taskinstance.py:1284} INFO - 
--------------------------------------------------------------------------------
[2023-04-12T10:59:06.105+0000] {taskinstance.py:1303} INFO - Executing <Task(BashOperator): id_2> on 2023-04-12 10:43:00+00:00
[2023-04-12T10:59:06.109+0000] {standard_task_runner.py:55} INFO - Started process 6175 to run task
[2023-04-12T10:59:06.111+0000] {standard_task_runner.py:82} INFO - Running: ['***', 'tasks', 'run', 'execute_24hr_data_scrape', 'id_2', 'scheduled__2023-04-12T10:43:00+00:00', '--job-id', '6086', '--raw', '--subdir', 'DAGS_FOLDER/exec_web_crawlers_dag.py', '--cfg-path', '/tmp/tmpeusucl03']
[2023-04-12T10:59:06.112+0000] {standard_task_runner.py:83} INFO - Job 6086: Subtask id_2
[2023-04-12T10:59:06.159+0000] {task_command.py:388} INFO - Running <TaskInstance: execute_24hr_data_scrape.id_2 scheduled__2023-04-12T10:43:00+00:00 [running]> on host b518195edd5e
[2023-04-12T10:59:06.216+0000] {taskinstance.py:1511} INFO - Exporting the following env vars:
AIRFLOW_CTX_DAG_OWNER=xiaochen
AIRFLOW_CTX_DAG_ID=execute_24hr_data_scrape
AIRFLOW_CTX_TASK_ID=id_2
AIRFLOW_CTX_EXECUTION_DATE=2023-04-12T10:43:00+00:00
AIRFLOW_CTX_TRY_NUMBER=4
AIRFLOW_CTX_DAG_RUN_ID=scheduled__2023-04-12T10:43:00+00:00
[2023-04-12T10:59:06.217+0000] {subprocess.py:63} INFO - Tmp dir root location: 
 /tmp
[2023-04-12T10:59:06.218+0000] {subprocess.py:75} INFO - Running command: ['/bin/bash', '-c', 'python /opt/***/src/news_comments_crawlers/crawlers/_EN_CNA.py --name CNA']
[2023-04-12T10:59:06.224+0000] {subprocess.py:86} INFO - Output:
[2023-04-12T10:59:06.403+0000] {subprocess.py:93} INFO - Traceback (most recent call last):
[2023-04-12T10:59:06.404+0000] {subprocess.py:93} INFO -   File "/opt/***/src/news_comments_crawlers/crawlers/_EN_CNA.py", line 8, in <module>
[2023-04-12T10:59:06.404+0000] {subprocess.py:93} INFO -     from config.Preprocessor import Preprocessor
[2023-04-12T10:59:06.405+0000] {subprocess.py:93} INFO -   File "/opt/***/src/news_comments_crawlers/crawlers/config/Preprocessor.py", line 11, in <module>
[2023-04-12T10:59:06.405+0000] {subprocess.py:93} INFO -     from nltk.stem import WordNetLemmatizer
[2023-04-12T10:59:06.405+0000] {subprocess.py:93} INFO - ModuleNotFoundError: No module named 'nltk'
[2023-04-12T10:59:06.407+0000] {subprocess.py:97} INFO - Command exited with return code 1
[2023-04-12T10:59:06.419+0000] {taskinstance.py:1775} ERROR - Task failed with exception
Traceback (most recent call last):
  File "/home/airflow/.local/lib/python3.7/site-packages/airflow/operators/bash.py", line 197, in execute
    f"Bash command failed. The command returned a non-zero exit code {result.exit_code}."
airflow.exceptions.AirflowException: Bash command failed. The command returned a non-zero exit code 1.
[2023-04-12T10:59:06.422+0000] {taskinstance.py:1326} INFO - Marking task as FAILED. dag_id=execute_24hr_data_scrape, task_id=id_2, execution_date=20230412T104300, start_date=20230412T105906, end_date=20230412T105906
[2023-04-12T10:59:06.435+0000] {standard_task_runner.py:105} ERROR - Failed to execute job 6086 for task id_2 (Bash command failed. The command returned a non-zero exit code 1.; 6175)
[2023-04-12T10:59:06.444+0000] {local_task_job.py:212} INFO - Task exited with return code 1
[2023-04-12T10:59:06.461+0000] {taskinstance.py:2585} INFO - 0 downstream tasks scheduled from follow-on schedule check
