[2023-04-14T14:34:21.125+0000] {taskinstance.py:1084} INFO - Dependencies all met for dep_context=non-requeueable deps ti=<TaskInstance: execute_24hr_data_scrape.id_1 scheduled__2023-04-14T14:33:00+00:00 [queued]>
[2023-04-14T14:34:21.135+0000] {taskinstance.py:1084} INFO - Dependencies all met for dep_context=requeueable deps ti=<TaskInstance: execute_24hr_data_scrape.id_1 scheduled__2023-04-14T14:33:00+00:00 [queued]>
[2023-04-14T14:34:21.135+0000] {taskinstance.py:1282} INFO - 
--------------------------------------------------------------------------------
[2023-04-14T14:34:21.136+0000] {taskinstance.py:1283} INFO - Starting attempt 1 of 4
[2023-04-14T14:34:21.136+0000] {taskinstance.py:1284} INFO - 
--------------------------------------------------------------------------------
[2023-04-14T14:34:21.152+0000] {taskinstance.py:1303} INFO - Executing <Task(BashOperator): id_1> on 2023-04-14 14:33:00+00:00
[2023-04-14T14:34:21.156+0000] {standard_task_runner.py:55} INFO - Started process 196 to run task
[2023-04-14T14:34:21.157+0000] {standard_task_runner.py:82} INFO - Running: ['***', 'tasks', 'run', 'execute_24hr_data_scrape', 'id_1', 'scheduled__2023-04-14T14:33:00+00:00', '--job-id', '5', '--raw', '--subdir', 'DAGS_FOLDER/exec_web_crawlers_dag.py', '--cfg-path', '/tmp/tmpta7_ols2']
[2023-04-14T14:34:21.159+0000] {standard_task_runner.py:83} INFO - Job 5: Subtask id_1
[2023-04-14T14:34:21.213+0000] {task_command.py:388} INFO - Running <TaskInstance: execute_24hr_data_scrape.id_1 scheduled__2023-04-14T14:33:00+00:00 [running]> on host bf0ac93d6084
[2023-04-14T14:34:21.276+0000] {taskinstance.py:1511} INFO - Exporting the following env vars:
AIRFLOW_CTX_DAG_OWNER=xiaochen
AIRFLOW_CTX_DAG_ID=execute_24hr_data_scrape
AIRFLOW_CTX_TASK_ID=id_1
AIRFLOW_CTX_EXECUTION_DATE=2023-04-14T14:33:00+00:00
AIRFLOW_CTX_TRY_NUMBER=1
AIRFLOW_CTX_DAG_RUN_ID=scheduled__2023-04-14T14:33:00+00:00
[2023-04-14T14:34:21.277+0000] {subprocess.py:63} INFO - Tmp dir root location: 
 /tmp
[2023-04-14T14:34:21.278+0000] {subprocess.py:75} INFO - Running command: ['/bin/bash', '-c', 'echo Hello World !!!! My name is xxxxx !']
[2023-04-14T14:34:21.285+0000] {subprocess.py:86} INFO - Output:
[2023-04-14T14:34:21.286+0000] {subprocess.py:93} INFO - Hello World !!!! My name is xxxxx !
[2023-04-14T14:34:21.287+0000] {subprocess.py:97} INFO - Command exited with return code 0
[2023-04-14T14:34:21.308+0000] {taskinstance.py:1326} INFO - Marking task as SUCCESS. dag_id=execute_24hr_data_scrape, task_id=id_1, execution_date=20230414T143300, start_date=20230414T143421, end_date=20230414T143421
[2023-04-14T14:34:21.330+0000] {local_task_job.py:212} INFO - Task exited with return code 0
[2023-04-14T14:34:21.349+0000] {taskinstance.py:2585} INFO - 1 downstream tasks scheduled from follow-on schedule check
