[2023-04-12T11:37:01.140+0000] {taskinstance.py:1084} INFO - Dependencies all met for dep_context=non-requeueable deps ti=<TaskInstance: execute_24hr_data_scrape.id_1 scheduled__2023-04-12T11:36:00+00:00 [queued]>
[2023-04-12T11:37:01.147+0000] {taskinstance.py:1084} INFO - Dependencies all met for dep_context=requeueable deps ti=<TaskInstance: execute_24hr_data_scrape.id_1 scheduled__2023-04-12T11:36:00+00:00 [queued]>
[2023-04-12T11:37:01.148+0000] {taskinstance.py:1282} INFO - 
--------------------------------------------------------------------------------
[2023-04-12T11:37:01.148+0000] {taskinstance.py:1283} INFO - Starting attempt 1 of 4
[2023-04-12T11:37:01.149+0000] {taskinstance.py:1284} INFO - 
--------------------------------------------------------------------------------
[2023-04-12T11:37:01.162+0000] {taskinstance.py:1303} INFO - Executing <Task(BashOperator): id_1> on 2023-04-12 11:36:00+00:00
[2023-04-12T11:37:01.166+0000] {standard_task_runner.py:55} INFO - Started process 7642 to run task
[2023-04-12T11:37:01.167+0000] {standard_task_runner.py:82} INFO - Running: ['***', 'tasks', 'run', 'execute_24hr_data_scrape', 'id_1', 'scheduled__2023-04-12T11:36:00+00:00', '--job-id', '6272', '--raw', '--subdir', 'DAGS_FOLDER/exec_web_crawlers_dag.py', '--cfg-path', '/tmp/tmpav7vgzuu']
[2023-04-12T11:37:01.168+0000] {standard_task_runner.py:83} INFO - Job 6272: Subtask id_1
[2023-04-12T11:37:01.214+0000] {task_command.py:388} INFO - Running <TaskInstance: execute_24hr_data_scrape.id_1 scheduled__2023-04-12T11:36:00+00:00 [running]> on host b518195edd5e
[2023-04-12T11:37:01.272+0000] {taskinstance.py:1511} INFO - Exporting the following env vars:
AIRFLOW_CTX_DAG_OWNER=xiaochen
AIRFLOW_CTX_DAG_ID=execute_24hr_data_scrape
AIRFLOW_CTX_TASK_ID=id_1
AIRFLOW_CTX_EXECUTION_DATE=2023-04-12T11:36:00+00:00
AIRFLOW_CTX_TRY_NUMBER=1
AIRFLOW_CTX_DAG_RUN_ID=scheduled__2023-04-12T11:36:00+00:00
[2023-04-12T11:37:01.273+0000] {subprocess.py:63} INFO - Tmp dir root location: 
 /tmp
[2023-04-12T11:37:01.274+0000] {subprocess.py:75} INFO - Running command: ['/bin/bash', '-c', 'echo Hello World !!!! My name is xxxxx !']
[2023-04-12T11:37:01.280+0000] {subprocess.py:86} INFO - Output:
[2023-04-12T11:37:01.281+0000] {subprocess.py:93} INFO - Hello World !!!! My name is xxxxx !
[2023-04-12T11:37:01.281+0000] {subprocess.py:97} INFO - Command exited with return code 0
[2023-04-12T11:37:01.300+0000] {taskinstance.py:1326} INFO - Marking task as SUCCESS. dag_id=execute_24hr_data_scrape, task_id=id_1, execution_date=20230412T113600, start_date=20230412T113701, end_date=20230412T113701
[2023-04-12T11:37:01.340+0000] {local_task_job.py:212} INFO - Task exited with return code 0
[2023-04-12T11:37:01.358+0000] {taskinstance.py:2585} INFO - 1 downstream tasks scheduled from follow-on schedule check
