[2023-04-14T15:13:01.814+0000] {taskinstance.py:1084} INFO - Dependencies all met for dep_context=non-requeueable deps ti=<TaskInstance: execute_24hr_data_scrape.id_2 scheduled__2023-04-14T15:12:00+00:00 [queued]>
[2023-04-14T15:13:01.823+0000] {taskinstance.py:1084} INFO - Dependencies all met for dep_context=requeueable deps ti=<TaskInstance: execute_24hr_data_scrape.id_2 scheduled__2023-04-14T15:12:00+00:00 [queued]>
[2023-04-14T15:13:01.823+0000] {taskinstance.py:1282} INFO - 
--------------------------------------------------------------------------------
[2023-04-14T15:13:01.824+0000] {taskinstance.py:1283} INFO - Starting attempt 1 of 4
[2023-04-14T15:13:01.824+0000] {taskinstance.py:1284} INFO - 
--------------------------------------------------------------------------------
[2023-04-14T15:13:01.836+0000] {taskinstance.py:1303} INFO - Executing <Task(BashOperator): id_2> on 2023-04-14 15:12:00+00:00
[2023-04-14T15:13:01.841+0000] {standard_task_runner.py:55} INFO - Started process 3179 to run task
[2023-04-14T15:13:01.843+0000] {standard_task_runner.py:82} INFO - Running: ['***', 'tasks', 'run', 'execute_24hr_data_scrape', 'id_2', 'scheduled__2023-04-14T15:12:00+00:00', '--job-id', '170', '--raw', '--subdir', 'DAGS_FOLDER/exec_web_crawlers_dag.py', '--cfg-path', '/tmp/tmpg8gqhpvk']
[2023-04-14T15:13:01.844+0000] {standard_task_runner.py:83} INFO - Job 170: Subtask id_2
[2023-04-14T15:13:01.889+0000] {task_command.py:388} INFO - Running <TaskInstance: execute_24hr_data_scrape.id_2 scheduled__2023-04-14T15:12:00+00:00 [running]> on host 6f8cd9778af0
[2023-04-14T15:13:01.950+0000] {taskinstance.py:1511} INFO - Exporting the following env vars:
AIRFLOW_CTX_DAG_OWNER=xiaochen
AIRFLOW_CTX_DAG_ID=execute_24hr_data_scrape
AIRFLOW_CTX_TASK_ID=id_2
AIRFLOW_CTX_EXECUTION_DATE=2023-04-14T15:12:00+00:00
AIRFLOW_CTX_TRY_NUMBER=1
AIRFLOW_CTX_DAG_RUN_ID=scheduled__2023-04-14T15:12:00+00:00
[2023-04-14T15:13:01.951+0000] {subprocess.py:63} INFO - Tmp dir root location: 
 /tmp
[2023-04-14T15:13:01.952+0000] {subprocess.py:75} INFO - Running command: ['/bin/bash', '-c', 'python /opt/***/src/news_comments_crawlers/crawlers/_EN_CNA.py --name CNA']
[2023-04-14T15:13:01.959+0000] {subprocess.py:86} INFO - Output:
[2023-04-14T15:13:03.878+0000] {subprocess.py:93} INFO - 
[2023-04-14T15:13:03.879+0000] {subprocess.py:93} INFO - --DEBUG: __file__:     /opt/***/src/news_comments_crawlers/crawlers/config/Constants.py
[2023-04-14T15:13:03.880+0000] {subprocess.py:93} INFO - 
[2023-04-14T15:13:03.880+0000] {subprocess.py:93} INFO - -- Session Object : Good to go.
[2023-04-14T15:13:03.880+0000] {subprocess.py:93} INFO - 
[2023-04-14T15:13:03.881+0000] {subprocess.py:93} INFO - -- Folders: Good to go.
[2023-04-14T15:13:03.881+0000] {subprocess.py:93} INFO - []
[2023-04-14T15:13:03.881+0000] {subprocess.py:93} INFO - 
[2023-04-14T15:13:03.882+0000] {subprocess.py:93} INFO - --DEBUG: Platform -  CNA
[2023-04-14T15:13:03.882+0000] {subprocess.py:93} INFO - 
[2023-04-14T15:13:03.883+0000] {subprocess.py:93} INFO - --DEBUG: Start-time -  2023-04-13 15:13:03.835807
[2023-04-14T15:13:03.883+0000] {subprocess.py:93} INFO - 
[2023-04-14T15:13:03.884+0000] {subprocess.py:93} INFO - --DEBUG: End-time -  2023-04-14 15:13:03.835807
[2023-04-14T15:13:03.884+0000] {subprocess.py:93} INFO - 
[2023-04-14T15:13:03.884+0000] {subprocess.py:93} INFO - --DEBUG: Link Path - /opt/***/src/news_comments_crawlers/crawlers/out/2023-04-14/links/CNA_2023-04-14_15.txt
[2023-04-14T15:13:03.885+0000] {subprocess.py:93} INFO - 
[2023-04-14T15:13:03.885+0000] {subprocess.py:93} INFO - --DEBUG: JSON Data Path - /opt/***/src/news_comments_crawlers/crawlers/out/2023-04-14/data/json/CNA_2023-04-14_15.json
[2023-04-14T15:13:03.885+0000] {subprocess.py:93} INFO - 
[2023-04-14T15:13:03.886+0000] {subprocess.py:93} INFO - --DEBUG: DF Data Path - /opt/***/src/news_comments_crawlers/crawlers/out/2023-04-14/data/df/CNA_2023-04-14_15.pickle
[2023-04-14T15:13:03.886+0000] {subprocess.py:93} INFO - 
[2023-04-14T15:13:03.886+0000] {subprocess.py:93} INFO - --DEBUG: True
[2023-04-14T15:13:03.887+0000] {subprocess.py:93} INFO - 
[2023-04-14T15:13:03.887+0000] {subprocess.py:93} INFO - --DEBUG: Using URLs from cache file
[2023-04-14T15:13:03.888+0000] {subprocess.py:93} INFO - 
[2023-04-14T15:13:03.888+0000] {subprocess.py:93} INFO - --DEBUG: Using Articles from cache file
[2023-04-14T15:13:03.892+0000] {subprocess.py:93} INFO - Traceback (most recent call last):
[2023-04-14T15:13:03.892+0000] {subprocess.py:93} INFO -   File "/home/***/.local/lib/python3.7/site-packages/nltk/corpus/util.py", line 84, in __load
[2023-04-14T15:13:03.892+0000] {subprocess.py:93} INFO -     root = nltk.data.find(f"{self.subdir}/{zip_name}")
[2023-04-14T15:13:03.893+0000] {subprocess.py:93} INFO -   File "/home/***/.local/lib/python3.7/site-packages/nltk/data.py", line 583, in find
[2023-04-14T15:13:03.893+0000] {subprocess.py:93} INFO -     raise LookupError(resource_not_found)
[2023-04-14T15:13:03.893+0000] {subprocess.py:93} INFO - LookupError:
[2023-04-14T15:13:03.894+0000] {subprocess.py:93} INFO - **********************************************************************
[2023-04-14T15:13:03.894+0000] {subprocess.py:93} INFO -   Resource [93mstopwords[0m not found.
[2023-04-14T15:13:03.894+0000] {subprocess.py:93} INFO -   Please use the NLTK Downloader to obtain the resource:
[2023-04-14T15:13:03.894+0000] {subprocess.py:93} INFO - 
[2023-04-14T15:13:03.895+0000] {subprocess.py:93} INFO -   [31m>>> import nltk
[2023-04-14T15:13:03.895+0000] {subprocess.py:93} INFO -   >>> nltk.download('stopwords')
[2023-04-14T15:13:03.895+0000] {subprocess.py:93} INFO -   [0m
[2023-04-14T15:13:03.896+0000] {subprocess.py:93} INFO -   For more information see: https://www.nltk.org/data.html
[2023-04-14T15:13:03.896+0000] {subprocess.py:93} INFO - 
[2023-04-14T15:13:03.896+0000] {subprocess.py:93} INFO -   Attempted to load [93mcorpora/stopwords.zip/stopwords/[0m
[2023-04-14T15:13:03.896+0000] {subprocess.py:93} INFO - 
[2023-04-14T15:13:03.897+0000] {subprocess.py:93} INFO -   Searched in:
[2023-04-14T15:13:03.897+0000] {subprocess.py:93} INFO -     - '/home/***/nltk_data'
[2023-04-14T15:13:03.897+0000] {subprocess.py:93} INFO -     - '/usr/local/nltk_data'
[2023-04-14T15:13:03.898+0000] {subprocess.py:93} INFO -     - '/usr/local/share/nltk_data'
[2023-04-14T15:13:03.898+0000] {subprocess.py:93} INFO -     - '/usr/local/lib/nltk_data'
[2023-04-14T15:13:03.898+0000] {subprocess.py:93} INFO -     - '/usr/share/nltk_data'
[2023-04-14T15:13:03.899+0000] {subprocess.py:93} INFO -     - '/usr/local/share/nltk_data'
[2023-04-14T15:13:03.899+0000] {subprocess.py:93} INFO -     - '/usr/lib/nltk_data'
[2023-04-14T15:13:03.899+0000] {subprocess.py:93} INFO -     - '/usr/local/lib/nltk_data'
[2023-04-14T15:13:03.899+0000] {subprocess.py:93} INFO - **********************************************************************
[2023-04-14T15:13:03.900+0000] {subprocess.py:93} INFO - 
[2023-04-14T15:13:03.900+0000] {subprocess.py:93} INFO - 
[2023-04-14T15:13:03.900+0000] {subprocess.py:93} INFO - During handling of the above exception, another exception occurred:
[2023-04-14T15:13:03.901+0000] {subprocess.py:93} INFO - 
[2023-04-14T15:13:03.901+0000] {subprocess.py:93} INFO - Traceback (most recent call last):
[2023-04-14T15:13:03.901+0000] {subprocess.py:93} INFO -   File "/opt/***/src/news_comments_crawlers/crawlers/_EN_CNA.py", line 197, in <module>
[2023-04-14T15:13:03.901+0000] {subprocess.py:93} INFO -     main()
[2023-04-14T15:13:03.902+0000] {subprocess.py:93} INFO -   File "/opt/***/src/news_comments_crawlers/crawlers/_EN_CNA.py", line 173, in main
[2023-04-14T15:13:03.902+0000] {subprocess.py:93} INFO -     articles_df = Preprocessor({'data':articles,'lang':LANG,'org':1,'source': S_ID}).preprocess(func=extract_datetime_cna)
[2023-04-14T15:13:03.902+0000] {subprocess.py:93} INFO -   File "/opt/***/src/news_comments_crawlers/crawlers/config/Preprocessor.py", line 39, in __init__
[2023-04-14T15:13:03.903+0000] {subprocess.py:93} INFO -     self.stop_words = set(stopwords.words('english'))
[2023-04-14T15:13:03.903+0000] {subprocess.py:93} INFO -   File "/home/***/.local/lib/python3.7/site-packages/nltk/corpus/util.py", line 121, in __getattr__
[2023-04-14T15:13:03.903+0000] {subprocess.py:93} INFO -     self.__load()
[2023-04-14T15:13:03.904+0000] {subprocess.py:93} INFO -   File "/home/***/.local/lib/python3.7/site-packages/nltk/corpus/util.py", line 86, in __load
[2023-04-14T15:13:03.904+0000] {subprocess.py:93} INFO -     raise e
[2023-04-14T15:13:03.904+0000] {subprocess.py:93} INFO -   File "/home/***/.local/lib/python3.7/site-packages/nltk/corpus/util.py", line 81, in __load
[2023-04-14T15:13:03.904+0000] {subprocess.py:93} INFO -     root = nltk.data.find(f"{self.subdir}/{self.__name}")
[2023-04-14T15:13:03.905+0000] {subprocess.py:93} INFO -   File "/home/***/.local/lib/python3.7/site-packages/nltk/data.py", line 583, in find
[2023-04-14T15:13:03.905+0000] {subprocess.py:93} INFO -     raise LookupError(resource_not_found)
[2023-04-14T15:13:03.905+0000] {subprocess.py:93} INFO - LookupError:
[2023-04-14T15:13:03.905+0000] {subprocess.py:93} INFO - **********************************************************************
[2023-04-14T15:13:03.906+0000] {subprocess.py:93} INFO -   Resource [93mstopwords[0m not found.
[2023-04-14T15:13:03.906+0000] {subprocess.py:93} INFO -   Please use the NLTK Downloader to obtain the resource:
[2023-04-14T15:13:03.906+0000] {subprocess.py:93} INFO - 
[2023-04-14T15:13:03.907+0000] {subprocess.py:93} INFO -   [31m>>> import nltk
[2023-04-14T15:13:03.907+0000] {subprocess.py:93} INFO -   >>> nltk.download('stopwords')
[2023-04-14T15:13:03.907+0000] {subprocess.py:93} INFO -   [0m
[2023-04-14T15:13:03.908+0000] {subprocess.py:93} INFO -   For more information see: https://www.nltk.org/data.html
[2023-04-14T15:13:03.908+0000] {subprocess.py:93} INFO - 
[2023-04-14T15:13:03.908+0000] {subprocess.py:93} INFO -   Attempted to load [93mcorpora/stopwords[0m
[2023-04-14T15:13:03.909+0000] {subprocess.py:93} INFO - 
[2023-04-14T15:13:03.909+0000] {subprocess.py:93} INFO -   Searched in:
[2023-04-14T15:13:03.909+0000] {subprocess.py:93} INFO -     - '/home/***/nltk_data'
[2023-04-14T15:13:03.910+0000] {subprocess.py:93} INFO -     - '/usr/local/nltk_data'
[2023-04-14T15:13:03.910+0000] {subprocess.py:93} INFO -     - '/usr/local/share/nltk_data'
[2023-04-14T15:13:03.910+0000] {subprocess.py:93} INFO -     - '/usr/local/lib/nltk_data'
[2023-04-14T15:13:03.910+0000] {subprocess.py:93} INFO -     - '/usr/share/nltk_data'
[2023-04-14T15:13:03.911+0000] {subprocess.py:93} INFO -     - '/usr/local/share/nltk_data'
[2023-04-14T15:13:03.911+0000] {subprocess.py:93} INFO -     - '/usr/lib/nltk_data'
[2023-04-14T15:13:03.911+0000] {subprocess.py:93} INFO -     - '/usr/local/lib/nltk_data'
[2023-04-14T15:13:03.912+0000] {subprocess.py:93} INFO - **********************************************************************
[2023-04-14T15:13:03.912+0000] {subprocess.py:93} INFO - 
[2023-04-14T15:13:04.016+0000] {subprocess.py:97} INFO - Command exited with return code 1
[2023-04-14T15:13:04.025+0000] {taskinstance.py:1775} ERROR - Task failed with exception
Traceback (most recent call last):
  File "/home/airflow/.local/lib/python3.7/site-packages/airflow/operators/bash.py", line 197, in execute
    f"Bash command failed. The command returned a non-zero exit code {result.exit_code}."
airflow.exceptions.AirflowException: Bash command failed. The command returned a non-zero exit code 1.
[2023-04-14T15:13:04.029+0000] {taskinstance.py:1326} INFO - Marking task as UP_FOR_RETRY. dag_id=execute_24hr_data_scrape, task_id=id_2, execution_date=20230414T151200, start_date=20230414T151301, end_date=20230414T151304
[2023-04-14T15:13:04.039+0000] {standard_task_runner.py:105} ERROR - Failed to execute job 170 for task id_2 (Bash command failed. The command returned a non-zero exit code 1.; 3179)
[2023-04-14T15:13:04.063+0000] {local_task_job.py:212} INFO - Task exited with return code 1
[2023-04-14T15:13:04.078+0000] {taskinstance.py:2585} INFO - 0 downstream tasks scheduled from follow-on schedule check
