[2023-04-06T03:33:02.361+0000] {taskinstance.py:1084} INFO - Dependencies all met for dep_context=non-requeueable deps ti=<TaskInstance: exe_web_crawlers_dag_v2.id_2 scheduled__2023-04-06T03:27:00+00:00 [queued]>
[2023-04-06T03:33:02.369+0000] {taskinstance.py:1084} INFO - Dependencies all met for dep_context=requeueable deps ti=<TaskInstance: exe_web_crawlers_dag_v2.id_2 scheduled__2023-04-06T03:27:00+00:00 [queued]>
[2023-04-06T03:33:02.370+0000] {taskinstance.py:1282} INFO - 
--------------------------------------------------------------------------------
[2023-04-06T03:33:02.370+0000] {taskinstance.py:1283} INFO - Starting attempt 2 of 4
[2023-04-06T03:33:02.371+0000] {taskinstance.py:1284} INFO - 
--------------------------------------------------------------------------------
[2023-04-06T03:33:02.383+0000] {taskinstance.py:1303} INFO - Executing <Task(BashOperator): id_2> on 2023-04-06 03:27:00+00:00
[2023-04-06T03:33:02.388+0000] {standard_task_runner.py:55} INFO - Started process 10197 to run task
[2023-04-06T03:33:02.389+0000] {standard_task_runner.py:82} INFO - Running: ['***', 'tasks', 'run', 'exe_web_crawlers_dag_v2', 'id_2', 'scheduled__2023-04-06T03:27:00+00:00', '--job-id', '35', '--raw', '--subdir', 'DAGS_FOLDER/exec_web_crawlers_dag.py', '--cfg-path', '/tmp/tmph17xyysb']
[2023-04-06T03:33:02.391+0000] {standard_task_runner.py:83} INFO - Job 35: Subtask id_2
[2023-04-06T03:33:02.436+0000] {task_command.py:388} INFO - Running <TaskInstance: exe_web_crawlers_dag_v2.id_2 scheduled__2023-04-06T03:27:00+00:00 [running]> on host e8e20c2f7d98
[2023-04-06T03:33:02.491+0000] {taskinstance.py:1511} INFO - Exporting the following env vars:
AIRFLOW_CTX_DAG_OWNER=xiaochen
AIRFLOW_CTX_DAG_ID=exe_web_crawlers_dag_v2
AIRFLOW_CTX_TASK_ID=id_2
AIRFLOW_CTX_EXECUTION_DATE=2023-04-06T03:27:00+00:00
AIRFLOW_CTX_TRY_NUMBER=2
AIRFLOW_CTX_DAG_RUN_ID=scheduled__2023-04-06T03:27:00+00:00
[2023-04-06T03:33:02.492+0000] {subprocess.py:63} INFO - Tmp dir root location: 
 /tmp
[2023-04-06T03:33:02.493+0000] {subprocess.py:75} INFO - Running command: ['/bin/bash', '-c', "python print('Hello world task 2')"]
[2023-04-06T03:33:02.500+0000] {subprocess.py:86} INFO - Output:
[2023-04-06T03:33:02.501+0000] {subprocess.py:93} INFO - /bin/bash: -c: line 1: syntax error near unexpected token `('
[2023-04-06T03:33:02.501+0000] {subprocess.py:93} INFO - /bin/bash: -c: line 1: `python print('Hello world task 2')'
[2023-04-06T03:33:02.502+0000] {subprocess.py:97} INFO - Command exited with return code 2
[2023-04-06T03:33:02.510+0000] {taskinstance.py:1775} ERROR - Task failed with exception
Traceback (most recent call last):
  File "/home/airflow/.local/lib/python3.7/site-packages/airflow/operators/bash.py", line 197, in execute
    f"Bash command failed. The command returned a non-zero exit code {result.exit_code}."
airflow.exceptions.AirflowException: Bash command failed. The command returned a non-zero exit code 2.
[2023-04-06T03:33:02.513+0000] {taskinstance.py:1326} INFO - Marking task as UP_FOR_RETRY. dag_id=exe_web_crawlers_dag_v2, task_id=id_2, execution_date=20230406T032700, start_date=20230406T033302, end_date=20230406T033302
[2023-04-06T03:33:02.522+0000] {standard_task_runner.py:105} ERROR - Failed to execute job 35 for task id_2 (Bash command failed. The command returned a non-zero exit code 2.; 10197)
[2023-04-06T03:33:02.562+0000] {local_task_job.py:212} INFO - Task exited with return code 1
[2023-04-06T03:33:02.577+0000] {taskinstance.py:2585} INFO - 0 downstream tasks scheduled from follow-on schedule check
