[2023-04-11T16:42:11.056+0000] {taskinstance.py:1084} INFO - Dependencies all met for dep_context=non-requeueable deps ti=<TaskInstance: execute_24hr_data_scrape.id_2 scheduled__2023-04-11T16:26:00+00:00 [queued]>
[2023-04-11T16:42:11.064+0000] {taskinstance.py:1084} INFO - Dependencies all met for dep_context=requeueable deps ti=<TaskInstance: execute_24hr_data_scrape.id_2 scheduled__2023-04-11T16:26:00+00:00 [queued]>
[2023-04-11T16:42:11.064+0000] {taskinstance.py:1282} INFO - 
--------------------------------------------------------------------------------
[2023-04-11T16:42:11.065+0000] {taskinstance.py:1283} INFO - Starting attempt 4 of 4
[2023-04-11T16:42:11.065+0000] {taskinstance.py:1284} INFO - 
--------------------------------------------------------------------------------
[2023-04-11T16:42:11.078+0000] {taskinstance.py:1303} INFO - Executing <Task(BashOperator): id_2> on 2023-04-11 16:26:00+00:00
[2023-04-11T16:42:11.083+0000] {standard_task_runner.py:55} INFO - Started process 5352 to run task
[2023-04-11T16:42:11.088+0000] {standard_task_runner.py:82} INFO - Running: ['***', 'tasks', 'run', 'execute_24hr_data_scrape', 'id_2', 'scheduled__2023-04-11T16:26:00+00:00', '--job-id', '597', '--raw', '--subdir', 'DAGS_FOLDER/exec_web_crawlers_dag.py', '--cfg-path', '/tmp/tmpnk40d_8j']
[2023-04-11T16:42:11.090+0000] {standard_task_runner.py:83} INFO - Job 597: Subtask id_2
[2023-04-11T16:42:11.138+0000] {task_command.py:388} INFO - Running <TaskInstance: execute_24hr_data_scrape.id_2 scheduled__2023-04-11T16:26:00+00:00 [running]> on host b518195edd5e
[2023-04-11T16:42:11.194+0000] {taskinstance.py:1511} INFO - Exporting the following env vars:
AIRFLOW_CTX_DAG_OWNER=xiaochen
AIRFLOW_CTX_DAG_ID=execute_24hr_data_scrape
AIRFLOW_CTX_TASK_ID=id_2
AIRFLOW_CTX_EXECUTION_DATE=2023-04-11T16:26:00+00:00
AIRFLOW_CTX_TRY_NUMBER=4
AIRFLOW_CTX_DAG_RUN_ID=scheduled__2023-04-11T16:26:00+00:00
[2023-04-11T16:42:11.195+0000] {subprocess.py:63} INFO - Tmp dir root location: 
 /tmp
[2023-04-11T16:42:11.196+0000] {subprocess.py:75} INFO - Running command: ['/bin/bash', '-c', 'python /opt/***/src/news_comments_crawlers/crawlers/_EN_CNA.py --name CNA']
[2023-04-11T16:42:11.204+0000] {subprocess.py:86} INFO - Output:
[2023-04-11T16:42:11.280+0000] {subprocess.py:93} INFO - python: can't open file '/opt/***/src/news_comments_crawlers/crawlers/_EN_CNA.py': [Errno 5] Input/output error
[2023-04-11T16:42:11.283+0000] {subprocess.py:97} INFO - Command exited with return code 2
[2023-04-11T16:42:11.292+0000] {taskinstance.py:1775} ERROR - Task failed with exception
Traceback (most recent call last):
  File "/home/airflow/.local/lib/python3.7/site-packages/airflow/operators/bash.py", line 197, in execute
    f"Bash command failed. The command returned a non-zero exit code {result.exit_code}."
airflow.exceptions.AirflowException: Bash command failed. The command returned a non-zero exit code 2.
[2023-04-11T16:42:11.295+0000] {taskinstance.py:1326} INFO - Marking task as FAILED. dag_id=execute_24hr_data_scrape, task_id=id_2, execution_date=20230411T162600, start_date=20230411T164211, end_date=20230411T164211
[2023-04-11T16:42:11.305+0000] {standard_task_runner.py:105} ERROR - Failed to execute job 597 for task id_2 (Bash command failed. The command returned a non-zero exit code 2.; 5352)
[2023-04-11T16:42:11.338+0000] {local_task_job.py:212} INFO - Task exited with return code 1
[2023-04-11T16:42:11.354+0000] {taskinstance.py:2585} INFO - 0 downstream tasks scheduled from follow-on schedule check
