[2023-04-09T16:05:01.568+0000] {taskinstance.py:1084} INFO - Dependencies all met for dep_context=non-requeueable deps ti=<TaskInstance: exe_web_crawlers_dag_v2.id_2 scheduled__2023-04-09T16:04:00+00:00 [queued]>
[2023-04-09T16:05:01.577+0000] {taskinstance.py:1084} INFO - Dependencies all met for dep_context=requeueable deps ti=<TaskInstance: exe_web_crawlers_dag_v2.id_2 scheduled__2023-04-09T16:04:00+00:00 [queued]>
[2023-04-09T16:05:01.578+0000] {taskinstance.py:1282} INFO - 
--------------------------------------------------------------------------------
[2023-04-09T16:05:01.578+0000] {taskinstance.py:1283} INFO - Starting attempt 1 of 4
[2023-04-09T16:05:01.579+0000] {taskinstance.py:1284} INFO - 
--------------------------------------------------------------------------------
[2023-04-09T16:05:01.593+0000] {taskinstance.py:1303} INFO - Executing <Task(BashOperator): id_2> on 2023-04-09 16:04:00+00:00
[2023-04-09T16:05:01.597+0000] {standard_task_runner.py:55} INFO - Started process 2098 to run task
[2023-04-09T16:05:01.599+0000] {standard_task_runner.py:82} INFO - Running: ['***', 'tasks', 'run', 'exe_web_crawlers_dag_v2', 'id_2', 'scheduled__2023-04-09T16:04:00+00:00', '--job-id', '102', '--raw', '--subdir', 'DAGS_FOLDER/exec_web_crawlers_dag.py', '--cfg-path', '/tmp/tmpvf_fewuh']
[2023-04-09T16:05:01.600+0000] {standard_task_runner.py:83} INFO - Job 102: Subtask id_2
[2023-04-09T16:05:01.652+0000] {task_command.py:388} INFO - Running <TaskInstance: exe_web_crawlers_dag_v2.id_2 scheduled__2023-04-09T16:04:00+00:00 [running]> on host e8e20c2f7d98
[2023-04-09T16:05:01.714+0000] {taskinstance.py:1511} INFO - Exporting the following env vars:
AIRFLOW_CTX_DAG_OWNER=xiaochen
AIRFLOW_CTX_DAG_ID=exe_web_crawlers_dag_v2
AIRFLOW_CTX_TASK_ID=id_2
AIRFLOW_CTX_EXECUTION_DATE=2023-04-09T16:04:00+00:00
AIRFLOW_CTX_TRY_NUMBER=1
AIRFLOW_CTX_DAG_RUN_ID=scheduled__2023-04-09T16:04:00+00:00
[2023-04-09T16:05:01.715+0000] {subprocess.py:63} INFO - Tmp dir root location: 
 /tmp
[2023-04-09T16:05:01.716+0000] {subprocess.py:75} INFO - Running command: ['/bin/bash', '-c', 'cd pwd']
[2023-04-09T16:05:01.724+0000] {subprocess.py:86} INFO - Output:
[2023-04-09T16:05:01.726+0000] {subprocess.py:93} INFO - /bin/bash: line 1: cd: pwd: No such file or directory
[2023-04-09T16:05:01.726+0000] {subprocess.py:97} INFO - Command exited with return code 1
[2023-04-09T16:05:01.736+0000] {taskinstance.py:1775} ERROR - Task failed with exception
Traceback (most recent call last):
  File "/home/airflow/.local/lib/python3.7/site-packages/airflow/operators/bash.py", line 197, in execute
    f"Bash command failed. The command returned a non-zero exit code {result.exit_code}."
airflow.exceptions.AirflowException: Bash command failed. The command returned a non-zero exit code 1.
[2023-04-09T16:05:01.740+0000] {taskinstance.py:1326} INFO - Marking task as UP_FOR_RETRY. dag_id=exe_web_crawlers_dag_v2, task_id=id_2, execution_date=20230409T160400, start_date=20230409T160501, end_date=20230409T160501
[2023-04-09T16:05:01.751+0000] {standard_task_runner.py:105} ERROR - Failed to execute job 102 for task id_2 (Bash command failed. The command returned a non-zero exit code 1.; 2098)
[2023-04-09T16:05:01.771+0000] {local_task_job.py:212} INFO - Task exited with return code 1
[2023-04-09T16:05:01.788+0000] {taskinstance.py:2585} INFO - 0 downstream tasks scheduled from follow-on schedule check
