[2023-04-09T16:07:01.336+0000] {taskinstance.py:1084} INFO - Dependencies all met for dep_context=non-requeueable deps ti=<TaskInstance: exe_web_crawlers_dag_v2.id_1 scheduled__2023-04-09T16:06:00+00:00 [queued]>
[2023-04-09T16:07:01.345+0000] {taskinstance.py:1084} INFO - Dependencies all met for dep_context=requeueable deps ti=<TaskInstance: exe_web_crawlers_dag_v2.id_1 scheduled__2023-04-09T16:06:00+00:00 [queued]>
[2023-04-09T16:07:01.345+0000] {taskinstance.py:1282} INFO - 
--------------------------------------------------------------------------------
[2023-04-09T16:07:01.346+0000] {taskinstance.py:1283} INFO - Starting attempt 1 of 4
[2023-04-09T16:07:01.346+0000] {taskinstance.py:1284} INFO - 
--------------------------------------------------------------------------------
[2023-04-09T16:07:01.359+0000] {taskinstance.py:1303} INFO - Executing <Task(BashOperator): id_1> on 2023-04-09 16:06:00+00:00
[2023-04-09T16:07:01.363+0000] {standard_task_runner.py:55} INFO - Started process 2156 to run task
[2023-04-09T16:07:01.365+0000] {standard_task_runner.py:82} INFO - Running: ['***', 'tasks', 'run', 'exe_web_crawlers_dag_v2', 'id_1', 'scheduled__2023-04-09T16:06:00+00:00', '--job-id', '105', '--raw', '--subdir', 'DAGS_FOLDER/exec_web_crawlers_dag.py', '--cfg-path', '/tmp/tmpjy70qdzw']
[2023-04-09T16:07:01.366+0000] {standard_task_runner.py:83} INFO - Job 105: Subtask id_1
[2023-04-09T16:07:01.415+0000] {task_command.py:388} INFO - Running <TaskInstance: exe_web_crawlers_dag_v2.id_1 scheduled__2023-04-09T16:06:00+00:00 [running]> on host e8e20c2f7d98
[2023-04-09T16:07:01.476+0000] {taskinstance.py:1511} INFO - Exporting the following env vars:
AIRFLOW_CTX_DAG_OWNER=xiaochen
AIRFLOW_CTX_DAG_ID=exe_web_crawlers_dag_v2
AIRFLOW_CTX_TASK_ID=id_1
AIRFLOW_CTX_EXECUTION_DATE=2023-04-09T16:06:00+00:00
AIRFLOW_CTX_TRY_NUMBER=1
AIRFLOW_CTX_DAG_RUN_ID=scheduled__2023-04-09T16:06:00+00:00
[2023-04-09T16:07:01.477+0000] {subprocess.py:63} INFO - Tmp dir root location: 
 /tmp
[2023-04-09T16:07:01.478+0000] {subprocess.py:75} INFO - Running command: ['/bin/bash', '-c', 'echo Hello World !!!! My name is xxxxx !']
[2023-04-09T16:07:01.486+0000] {subprocess.py:86} INFO - Output:
[2023-04-09T16:07:01.487+0000] {subprocess.py:93} INFO - Hello World !!!! My name is xxxxx !
[2023-04-09T16:07:01.488+0000] {subprocess.py:97} INFO - Command exited with return code 0
[2023-04-09T16:07:01.508+0000] {taskinstance.py:1326} INFO - Marking task as SUCCESS. dag_id=exe_web_crawlers_dag_v2, task_id=id_1, execution_date=20230409T160600, start_date=20230409T160701, end_date=20230409T160701
[2023-04-09T16:07:01.537+0000] {local_task_job.py:212} INFO - Task exited with return code 0
[2023-04-09T16:07:01.558+0000] {taskinstance.py:2585} INFO - 1 downstream tasks scheduled from follow-on schedule check
