[2023-04-09T16:02:02.084+0000] {taskinstance.py:1084} INFO - Dependencies all met for dep_context=non-requeueable deps ti=<TaskInstance: exe_web_crawlers_dag_v2.id_2 scheduled__2023-04-09T16:01:00+00:00 [queued]>
[2023-04-09T16:02:02.093+0000] {taskinstance.py:1084} INFO - Dependencies all met for dep_context=requeueable deps ti=<TaskInstance: exe_web_crawlers_dag_v2.id_2 scheduled__2023-04-09T16:01:00+00:00 [queued]>
[2023-04-09T16:02:02.094+0000] {taskinstance.py:1282} INFO - 
--------------------------------------------------------------------------------
[2023-04-09T16:02:02.095+0000] {taskinstance.py:1283} INFO - Starting attempt 1 of 4
[2023-04-09T16:02:02.095+0000] {taskinstance.py:1284} INFO - 
--------------------------------------------------------------------------------
[2023-04-09T16:02:02.107+0000] {taskinstance.py:1303} INFO - Executing <Task(BashOperator): id_2> on 2023-04-09 16:01:00+00:00
[2023-04-09T16:02:02.111+0000] {standard_task_runner.py:55} INFO - Started process 1994 to run task
[2023-04-09T16:02:02.113+0000] {standard_task_runner.py:82} INFO - Running: ['***', 'tasks', 'run', 'exe_web_crawlers_dag_v2', 'id_2', 'scheduled__2023-04-09T16:01:00+00:00', '--job-id', '93', '--raw', '--subdir', 'DAGS_FOLDER/exec_web_crawlers_dag.py', '--cfg-path', '/tmp/tmpbwmflzr8']
[2023-04-09T16:02:02.115+0000] {standard_task_runner.py:83} INFO - Job 93: Subtask id_2
[2023-04-09T16:02:02.166+0000] {task_command.py:388} INFO - Running <TaskInstance: exe_web_crawlers_dag_v2.id_2 scheduled__2023-04-09T16:01:00+00:00 [running]> on host e8e20c2f7d98
[2023-04-09T16:02:02.226+0000] {taskinstance.py:1511} INFO - Exporting the following env vars:
AIRFLOW_CTX_DAG_OWNER=xiaochen
AIRFLOW_CTX_DAG_ID=exe_web_crawlers_dag_v2
AIRFLOW_CTX_TASK_ID=id_2
AIRFLOW_CTX_EXECUTION_DATE=2023-04-09T16:01:00+00:00
AIRFLOW_CTX_TRY_NUMBER=1
AIRFLOW_CTX_DAG_RUN_ID=scheduled__2023-04-09T16:01:00+00:00
[2023-04-09T16:02:02.228+0000] {subprocess.py:63} INFO - Tmp dir root location: 
 /tmp
[2023-04-09T16:02:02.229+0000] {subprocess.py:75} INFO - Running command: ['/bin/bash', '-c', 'pwd']
[2023-04-09T16:02:02.236+0000] {subprocess.py:86} INFO - Output:
[2023-04-09T16:02:02.237+0000] {subprocess.py:93} INFO - /tmp/***tmpvp3gxwi6
[2023-04-09T16:02:02.238+0000] {subprocess.py:97} INFO - Command exited with return code 0
[2023-04-09T16:02:02.258+0000] {taskinstance.py:1326} INFO - Marking task as SUCCESS. dag_id=exe_web_crawlers_dag_v2, task_id=id_2, execution_date=20230409T160100, start_date=20230409T160202, end_date=20230409T160202
[2023-04-09T16:02:02.285+0000] {local_task_job.py:212} INFO - Task exited with return code 0
[2023-04-09T16:02:02.301+0000] {taskinstance.py:2585} INFO - 0 downstream tasks scheduled from follow-on schedule check
