[2023-04-06T03:37:04.209+0000] {taskinstance.py:1084} INFO - Dependencies all met for dep_context=non-requeueable deps ti=<TaskInstance: exe_web_crawlers_dag_v2.id_2 scheduled__2023-04-06T03:26:00+00:00 [queued]>
[2023-04-06T03:37:04.217+0000] {taskinstance.py:1084} INFO - Dependencies all met for dep_context=requeueable deps ti=<TaskInstance: exe_web_crawlers_dag_v2.id_2 scheduled__2023-04-06T03:26:00+00:00 [queued]>
[2023-04-06T03:37:04.218+0000] {taskinstance.py:1282} INFO - 
--------------------------------------------------------------------------------
[2023-04-06T03:37:04.219+0000] {taskinstance.py:1283} INFO - Starting attempt 3 of 4
[2023-04-06T03:37:04.219+0000] {taskinstance.py:1284} INFO - 
--------------------------------------------------------------------------------
[2023-04-06T03:37:04.233+0000] {taskinstance.py:1303} INFO - Executing <Task(BashOperator): id_2> on 2023-04-06 03:26:00+00:00
[2023-04-06T03:37:04.238+0000] {standard_task_runner.py:55} INFO - Started process 10355 to run task
[2023-04-06T03:37:04.240+0000] {standard_task_runner.py:82} INFO - Running: ['***', 'tasks', 'run', 'exe_web_crawlers_dag_v2', 'id_2', 'scheduled__2023-04-06T03:26:00+00:00', '--job-id', '52', '--raw', '--subdir', 'DAGS_FOLDER/exec_web_crawlers_dag.py', '--cfg-path', '/tmp/tmpczpu5mxp']
[2023-04-06T03:37:04.241+0000] {standard_task_runner.py:83} INFO - Job 52: Subtask id_2
[2023-04-06T03:37:04.292+0000] {task_command.py:388} INFO - Running <TaskInstance: exe_web_crawlers_dag_v2.id_2 scheduled__2023-04-06T03:26:00+00:00 [running]> on host e8e20c2f7d98
[2023-04-06T03:37:04.352+0000] {taskinstance.py:1511} INFO - Exporting the following env vars:
AIRFLOW_CTX_DAG_OWNER=xiaochen
AIRFLOW_CTX_DAG_ID=exe_web_crawlers_dag_v2
AIRFLOW_CTX_TASK_ID=id_2
AIRFLOW_CTX_EXECUTION_DATE=2023-04-06T03:26:00+00:00
AIRFLOW_CTX_TRY_NUMBER=3
AIRFLOW_CTX_DAG_RUN_ID=scheduled__2023-04-06T03:26:00+00:00
[2023-04-06T03:37:04.353+0000] {subprocess.py:63} INFO - Tmp dir root location: 
 /tmp
[2023-04-06T03:37:04.354+0000] {subprocess.py:75} INFO - Running command: ['/bin/bash', '-c', 'ls']
[2023-04-06T03:37:04.360+0000] {subprocess.py:86} INFO - Output:
[2023-04-06T03:37:04.363+0000] {subprocess.py:97} INFO - Command exited with return code 0
[2023-04-06T03:37:04.384+0000] {taskinstance.py:1326} INFO - Marking task as SUCCESS. dag_id=exe_web_crawlers_dag_v2, task_id=id_2, execution_date=20230406T032600, start_date=20230406T033704, end_date=20230406T033704
[2023-04-06T03:37:04.412+0000] {local_task_job.py:212} INFO - Task exited with return code 0
[2023-04-06T03:37:04.427+0000] {taskinstance.py:2585} INFO - 0 downstream tasks scheduled from follow-on schedule check
