[2023-04-12T18:18:03.709+0000] {taskinstance.py:1084} INFO - Dependencies all met for dep_context=non-requeueable deps ti=<TaskInstance: execute_24hr_data_scrape.id_2 scheduled__2023-04-12T18:07:00+00:00 [queued]>
[2023-04-12T18:18:03.721+0000] {taskinstance.py:1084} INFO - Dependencies all met for dep_context=requeueable deps ti=<TaskInstance: execute_24hr_data_scrape.id_2 scheduled__2023-04-12T18:07:00+00:00 [queued]>
[2023-04-12T18:18:03.721+0000] {taskinstance.py:1282} INFO - 
--------------------------------------------------------------------------------
[2023-04-12T18:18:03.722+0000] {taskinstance.py:1283} INFO - Starting attempt 3 of 4
[2023-04-12T18:18:03.723+0000] {taskinstance.py:1284} INFO - 
--------------------------------------------------------------------------------
[2023-04-12T18:18:03.739+0000] {taskinstance.py:1303} INFO - Executing <Task(BashOperator): id_2> on 2023-04-12 18:07:00+00:00
[2023-04-12T18:18:03.743+0000] {standard_task_runner.py:55} INFO - Started process 23285 to run task
[2023-04-12T18:18:03.746+0000] {standard_task_runner.py:82} INFO - Running: ['***', 'tasks', 'run', 'execute_24hr_data_scrape', 'id_2', 'scheduled__2023-04-12T18:07:00+00:00', '--job-id', '8280', '--raw', '--subdir', 'DAGS_FOLDER/exec_web_crawlers_dag.py', '--cfg-path', '/tmp/tmp1pbrpjfc']
[2023-04-12T18:18:03.748+0000] {standard_task_runner.py:83} INFO - Job 8280: Subtask id_2
[2023-04-12T18:18:03.802+0000] {task_command.py:388} INFO - Running <TaskInstance: execute_24hr_data_scrape.id_2 scheduled__2023-04-12T18:07:00+00:00 [running]> on host b518195edd5e
[2023-04-12T18:18:03.862+0000] {taskinstance.py:1511} INFO - Exporting the following env vars:
AIRFLOW_CTX_DAG_OWNER=xiaochen
AIRFLOW_CTX_DAG_ID=execute_24hr_data_scrape
AIRFLOW_CTX_TASK_ID=id_2
AIRFLOW_CTX_EXECUTION_DATE=2023-04-12T18:07:00+00:00
AIRFLOW_CTX_TRY_NUMBER=3
AIRFLOW_CTX_DAG_RUN_ID=scheduled__2023-04-12T18:07:00+00:00
[2023-04-12T18:18:03.863+0000] {subprocess.py:63} INFO - Tmp dir root location: 
 /tmp
[2023-04-12T18:18:03.864+0000] {subprocess.py:75} INFO - Running command: ['/bin/bash', '-c', 'python /opt/***/src/news_comments_crawlers/crawlers/_EN_CNA.py --name CNA']
[2023-04-12T18:18:03.870+0000] {subprocess.py:86} INFO - Output:
[2023-04-12T18:18:04.003+0000] {subprocess.py:93} INFO - Traceback (most recent call last):
[2023-04-12T18:18:04.004+0000] {subprocess.py:93} INFO -   File "/opt/***/src/news_comments_crawlers/crawlers/_EN_CNA.py", line 8, in <module>
[2023-04-12T18:18:04.004+0000] {subprocess.py:93} INFO -     from config.Preprocessor import Preprocessor
[2023-04-12T18:18:04.004+0000] {subprocess.py:93} INFO -   File "/opt/***/src/news_comments_crawlers/crawlers/config/Preprocessor.py", line 11, in <module>
[2023-04-12T18:18:04.005+0000] {subprocess.py:93} INFO -     from nltk.stem import WordNetLemmatizer
[2023-04-12T18:18:04.005+0000] {subprocess.py:93} INFO - ModuleNotFoundError: No module named 'nltk'
[2023-04-12T18:18:04.006+0000] {subprocess.py:97} INFO - Command exited with return code 1
[2023-04-12T18:18:04.016+0000] {taskinstance.py:1775} ERROR - Task failed with exception
Traceback (most recent call last):
  File "/home/airflow/.local/lib/python3.7/site-packages/airflow/operators/bash.py", line 197, in execute
    f"Bash command failed. The command returned a non-zero exit code {result.exit_code}."
airflow.exceptions.AirflowException: Bash command failed. The command returned a non-zero exit code 1.
[2023-04-12T18:18:04.019+0000] {taskinstance.py:1326} INFO - Marking task as UP_FOR_RETRY. dag_id=execute_24hr_data_scrape, task_id=id_2, execution_date=20230412T180700, start_date=20230412T181803, end_date=20230412T181804
[2023-04-12T18:18:04.031+0000] {standard_task_runner.py:105} ERROR - Failed to execute job 8280 for task id_2 (Bash command failed. The command returned a non-zero exit code 1.; 23285)
[2023-04-12T18:18:04.039+0000] {local_task_job.py:212} INFO - Task exited with return code 1
[2023-04-12T18:18:04.053+0000] {taskinstance.py:2585} INFO - 0 downstream tasks scheduled from follow-on schedule check
