[2023-04-12T15:31:01.005+0000] {taskinstance.py:1084} INFO - Dependencies all met for dep_context=non-requeueable deps ti=<TaskInstance: execute_24hr_data_scrape.id_1 scheduled__2023-04-12T15:30:00+00:00 [queued]>
[2023-04-12T15:31:01.013+0000] {taskinstance.py:1084} INFO - Dependencies all met for dep_context=requeueable deps ti=<TaskInstance: execute_24hr_data_scrape.id_1 scheduled__2023-04-12T15:30:00+00:00 [queued]>
[2023-04-12T15:31:01.014+0000] {taskinstance.py:1282} INFO - 
--------------------------------------------------------------------------------
[2023-04-12T15:31:01.014+0000] {taskinstance.py:1283} INFO - Starting attempt 1 of 4
[2023-04-12T15:31:01.014+0000] {taskinstance.py:1284} INFO - 
--------------------------------------------------------------------------------
[2023-04-12T15:31:01.028+0000] {taskinstance.py:1303} INFO - Executing <Task(BashOperator): id_1> on 2023-04-12 15:30:00+00:00
[2023-04-12T15:31:01.032+0000] {standard_task_runner.py:55} INFO - Started process 16772 to run task
[2023-04-12T15:31:01.033+0000] {standard_task_runner.py:82} INFO - Running: ['***', 'tasks', 'run', 'execute_24hr_data_scrape', 'id_1', 'scheduled__2023-04-12T15:30:00+00:00', '--job-id', '7442', '--raw', '--subdir', 'DAGS_FOLDER/exec_web_crawlers_dag.py', '--cfg-path', '/tmp/tmp0q43sx0e']
[2023-04-12T15:31:01.035+0000] {standard_task_runner.py:83} INFO - Job 7442: Subtask id_1
[2023-04-12T15:31:01.079+0000] {task_command.py:388} INFO - Running <TaskInstance: execute_24hr_data_scrape.id_1 scheduled__2023-04-12T15:30:00+00:00 [running]> on host b518195edd5e
[2023-04-12T15:31:01.138+0000] {taskinstance.py:1511} INFO - Exporting the following env vars:
AIRFLOW_CTX_DAG_OWNER=xiaochen
AIRFLOW_CTX_DAG_ID=execute_24hr_data_scrape
AIRFLOW_CTX_TASK_ID=id_1
AIRFLOW_CTX_EXECUTION_DATE=2023-04-12T15:30:00+00:00
AIRFLOW_CTX_TRY_NUMBER=1
AIRFLOW_CTX_DAG_RUN_ID=scheduled__2023-04-12T15:30:00+00:00
[2023-04-12T15:31:01.139+0000] {subprocess.py:63} INFO - Tmp dir root location: 
 /tmp
[2023-04-12T15:31:01.140+0000] {subprocess.py:75} INFO - Running command: ['/bin/bash', '-c', 'echo Hello World !!!! My name is xxxxx !']
[2023-04-12T15:31:01.146+0000] {subprocess.py:86} INFO - Output:
[2023-04-12T15:31:01.147+0000] {subprocess.py:93} INFO - Hello World !!!! My name is xxxxx !
[2023-04-12T15:31:01.147+0000] {subprocess.py:97} INFO - Command exited with return code 0
[2023-04-12T15:31:01.166+0000] {taskinstance.py:1326} INFO - Marking task as SUCCESS. dag_id=execute_24hr_data_scrape, task_id=id_1, execution_date=20230412T153000, start_date=20230412T153101, end_date=20230412T153101
[2023-04-12T15:31:01.206+0000] {local_task_job.py:212} INFO - Task exited with return code 0
[2023-04-12T15:31:01.225+0000] {taskinstance.py:2585} INFO - 1 downstream tasks scheduled from follow-on schedule check
