[2023-04-14T15:15:07.377+0000] {taskinstance.py:1084} INFO - Dependencies all met for dep_context=non-requeueable deps ti=<TaskInstance: execute_24hr_data_scrape.id_2 scheduled__2023-04-14T15:09:00+00:00 [queued]>
[2023-04-14T15:15:07.385+0000] {taskinstance.py:1084} INFO - Dependencies all met for dep_context=requeueable deps ti=<TaskInstance: execute_24hr_data_scrape.id_2 scheduled__2023-04-14T15:09:00+00:00 [queued]>
[2023-04-14T15:15:07.385+0000] {taskinstance.py:1282} INFO - 
--------------------------------------------------------------------------------
[2023-04-14T15:15:07.386+0000] {taskinstance.py:1283} INFO - Starting attempt 2 of 4
[2023-04-14T15:15:07.387+0000] {taskinstance.py:1284} INFO - 
--------------------------------------------------------------------------------
[2023-04-14T15:15:07.398+0000] {taskinstance.py:1303} INFO - Executing <Task(BashOperator): id_2> on 2023-04-14 15:09:00+00:00
[2023-04-14T15:15:07.404+0000] {standard_task_runner.py:55} INFO - Started process 244 to run task
[2023-04-14T15:15:07.406+0000] {standard_task_runner.py:82} INFO - Running: ['***', 'tasks', 'run', 'execute_24hr_data_scrape', 'id_2', 'scheduled__2023-04-14T15:09:00+00:00', '--job-id', '182', '--raw', '--subdir', 'DAGS_FOLDER/exec_web_crawlers_dag.py', '--cfg-path', '/tmp/tmp1sgr9x56']
[2023-04-14T15:15:07.407+0000] {standard_task_runner.py:83} INFO - Job 182: Subtask id_2
[2023-04-14T15:15:07.458+0000] {task_command.py:388} INFO - Running <TaskInstance: execute_24hr_data_scrape.id_2 scheduled__2023-04-14T15:09:00+00:00 [running]> on host f9e5540690f6
[2023-04-14T15:15:07.516+0000] {taskinstance.py:1511} INFO - Exporting the following env vars:
AIRFLOW_CTX_DAG_OWNER=xiaochen
AIRFLOW_CTX_DAG_ID=execute_24hr_data_scrape
AIRFLOW_CTX_TASK_ID=id_2
AIRFLOW_CTX_EXECUTION_DATE=2023-04-14T15:09:00+00:00
AIRFLOW_CTX_TRY_NUMBER=2
AIRFLOW_CTX_DAG_RUN_ID=scheduled__2023-04-14T15:09:00+00:00
[2023-04-14T15:15:07.517+0000] {subprocess.py:63} INFO - Tmp dir root location: 
 /tmp
[2023-04-14T15:15:07.518+0000] {subprocess.py:75} INFO - Running command: ['/bin/bash', '-c', 'python /opt/***/src/news_comments_crawlers/crawlers/_EN_CNA.py --name CNA']
[2023-04-14T15:15:07.527+0000] {subprocess.py:86} INFO - Output:
[2023-04-14T15:15:09.746+0000] {subprocess.py:93} INFO - 
[2023-04-14T15:15:09.746+0000] {subprocess.py:93} INFO - --DEBUG: __file__:     /opt/***/src/news_comments_crawlers/crawlers/config/Constants.py
[2023-04-14T15:15:09.747+0000] {subprocess.py:93} INFO - 
[2023-04-14T15:15:09.747+0000] {subprocess.py:93} INFO - -- Session Object : Good to go.
[2023-04-14T15:15:09.747+0000] {subprocess.py:93} INFO - 
[2023-04-14T15:15:09.748+0000] {subprocess.py:93} INFO - -- Folders: Good to go.
[2023-04-14T15:15:09.748+0000] {subprocess.py:93} INFO - []
[2023-04-14T15:15:09.748+0000] {subprocess.py:93} INFO - 
[2023-04-14T15:15:09.749+0000] {subprocess.py:93} INFO - --DEBUG: Platform -  CNA
[2023-04-14T15:15:09.749+0000] {subprocess.py:93} INFO - 
[2023-04-14T15:15:09.750+0000] {subprocess.py:93} INFO - --DEBUG: Start-time -  2023-04-13 15:15:09.666650
[2023-04-14T15:15:09.750+0000] {subprocess.py:93} INFO - 
[2023-04-14T15:15:09.750+0000] {subprocess.py:93} INFO - --DEBUG: End-time -  2023-04-14 15:15:09.666650
[2023-04-14T15:15:09.751+0000] {subprocess.py:93} INFO - 
[2023-04-14T15:15:09.751+0000] {subprocess.py:93} INFO - --DEBUG: Link Path - /opt/***/src/news_comments_crawlers/crawlers/out/2023-04-14/links/CNA_2023-04-14_15.txt
[2023-04-14T15:15:09.751+0000] {subprocess.py:93} INFO - 
[2023-04-14T15:15:09.752+0000] {subprocess.py:93} INFO - --DEBUG: JSON Data Path - /opt/***/src/news_comments_crawlers/crawlers/out/2023-04-14/data/json/CNA_2023-04-14_15.json
[2023-04-14T15:15:09.752+0000] {subprocess.py:93} INFO - 
[2023-04-14T15:15:09.752+0000] {subprocess.py:93} INFO - --DEBUG: DF Data Path - /opt/***/src/news_comments_crawlers/crawlers/out/2023-04-14/data/df/CNA_2023-04-14_15.pickle
[2023-04-14T15:15:09.753+0000] {subprocess.py:93} INFO - 
[2023-04-14T15:15:09.753+0000] {subprocess.py:93} INFO - --DEBUG: True
[2023-04-14T15:15:09.753+0000] {subprocess.py:93} INFO - 
[2023-04-14T15:15:09.754+0000] {subprocess.py:93} INFO - --DEBUG: Using URLs from cache file
[2023-04-14T15:15:09.754+0000] {subprocess.py:93} INFO - 
[2023-04-14T15:15:09.755+0000] {subprocess.py:93} INFO - --DEBUG: Using Articles from cache file
[2023-04-14T15:15:09.755+0000] {subprocess.py:93} INFO - Program took 0.07816476200014222 seconds to complete
[2023-04-14T15:15:09.959+0000] {subprocess.py:97} INFO - Command exited with return code 0
[2023-04-14T15:15:09.980+0000] {taskinstance.py:1326} INFO - Marking task as SUCCESS. dag_id=execute_24hr_data_scrape, task_id=id_2, execution_date=20230414T150900, start_date=20230414T151507, end_date=20230414T151509
[2023-04-14T15:15:10.025+0000] {local_task_job.py:212} INFO - Task exited with return code 0
[2023-04-14T15:15:10.097+0000] {taskinstance.py:2585} INFO - 0 downstream tasks scheduled from follow-on schedule check
