[2023-04-11T16:17:02.597+0000] {taskinstance.py:1084} INFO - Dependencies all met for dep_context=non-requeueable deps ti=<TaskInstance: execute_24hr_data_scrape.id_1 scheduled__2023-04-11T16:11:00+00:00 [queued]>
[2023-04-11T16:17:02.605+0000] {taskinstance.py:1084} INFO - Dependencies all met for dep_context=requeueable deps ti=<TaskInstance: execute_24hr_data_scrape.id_1 scheduled__2023-04-11T16:11:00+00:00 [queued]>
[2023-04-11T16:17:02.606+0000] {taskinstance.py:1282} INFO - 
--------------------------------------------------------------------------------
[2023-04-11T16:17:02.606+0000] {taskinstance.py:1283} INFO - Starting attempt 2 of 4
[2023-04-11T16:17:02.607+0000] {taskinstance.py:1284} INFO - 
--------------------------------------------------------------------------------
[2023-04-11T16:17:02.621+0000] {taskinstance.py:1303} INFO - Executing <Task(BashOperator): id_1> on 2023-04-11 16:11:00+00:00
[2023-04-11T16:17:02.626+0000] {standard_task_runner.py:55} INFO - Started process 4360 to run task
[2023-04-11T16:17:02.629+0000] {standard_task_runner.py:82} INFO - Running: ['***', 'tasks', 'run', 'execute_24hr_data_scrape', 'id_1', 'scheduled__2023-04-11T16:11:00+00:00', '--job-id', '468', '--raw', '--subdir', 'DAGS_FOLDER/exec_web_crawlers_dag.py', '--cfg-path', '/tmp/tmph7uwv77u']
[2023-04-11T16:17:02.630+0000] {standard_task_runner.py:83} INFO - Job 468: Subtask id_1
[2023-04-11T16:17:02.682+0000] {task_command.py:388} INFO - Running <TaskInstance: execute_24hr_data_scrape.id_1 scheduled__2023-04-11T16:11:00+00:00 [running]> on host b518195edd5e
[2023-04-11T16:17:02.744+0000] {taskinstance.py:1511} INFO - Exporting the following env vars:
AIRFLOW_CTX_DAG_OWNER=xiaochen
AIRFLOW_CTX_DAG_ID=execute_24hr_data_scrape
AIRFLOW_CTX_TASK_ID=id_1
AIRFLOW_CTX_EXECUTION_DATE=2023-04-11T16:11:00+00:00
AIRFLOW_CTX_TRY_NUMBER=2
AIRFLOW_CTX_DAG_RUN_ID=scheduled__2023-04-11T16:11:00+00:00
[2023-04-11T16:17:02.745+0000] {subprocess.py:63} INFO - Tmp dir root location: 
 /tmp
[2023-04-11T16:17:02.746+0000] {subprocess.py:75} INFO - Running command: ['/bin/bash', '-c', 'echo Hello World !!!! My name is xxxxx !']
[2023-04-11T16:17:02.757+0000] {subprocess.py:86} INFO - Output:
[2023-04-11T16:17:02.758+0000] {subprocess.py:93} INFO - Hello World !!!! My name is xxxxx !
[2023-04-11T16:17:02.759+0000] {subprocess.py:97} INFO - Command exited with return code 0
[2023-04-11T16:17:02.778+0000] {taskinstance.py:1326} INFO - Marking task as SUCCESS. dag_id=execute_24hr_data_scrape, task_id=id_1, execution_date=20230411T161100, start_date=20230411T161702, end_date=20230411T161702
[2023-04-11T16:17:02.801+0000] {local_task_job.py:212} INFO - Task exited with return code 0
[2023-04-11T16:17:02.819+0000] {taskinstance.py:2585} INFO - 1 downstream tasks scheduled from follow-on schedule check
