[2023-04-14T14:53:02.257+0000] {taskinstance.py:1084} INFO - Dependencies all met for dep_context=non-requeueable deps ti=<TaskInstance: execute_24hr_data_scrape.id_2 scheduled__2023-04-14T14:52:00+00:00 [queued]>
[2023-04-14T14:53:02.265+0000] {taskinstance.py:1084} INFO - Dependencies all met for dep_context=requeueable deps ti=<TaskInstance: execute_24hr_data_scrape.id_2 scheduled__2023-04-14T14:52:00+00:00 [queued]>
[2023-04-14T14:53:02.266+0000] {taskinstance.py:1282} INFO - 
--------------------------------------------------------------------------------
[2023-04-14T14:53:02.267+0000] {taskinstance.py:1283} INFO - Starting attempt 1 of 4
[2023-04-14T14:53:02.267+0000] {taskinstance.py:1284} INFO - 
--------------------------------------------------------------------------------
[2023-04-14T14:53:02.280+0000] {taskinstance.py:1303} INFO - Executing <Task(BashOperator): id_2> on 2023-04-14 14:52:00+00:00
[2023-04-14T14:53:02.284+0000] {standard_task_runner.py:55} INFO - Started process 1136 to run task
[2023-04-14T14:53:02.286+0000] {standard_task_runner.py:82} INFO - Running: ['***', 'tasks', 'run', 'execute_24hr_data_scrape', 'id_2', 'scheduled__2023-04-14T14:52:00+00:00', '--job-id', '80', '--raw', '--subdir', 'DAGS_FOLDER/exec_web_crawlers_dag.py', '--cfg-path', '/tmp/tmpqmmisbzo']
[2023-04-14T14:53:02.287+0000] {standard_task_runner.py:83} INFO - Job 80: Subtask id_2
[2023-04-14T14:53:02.332+0000] {task_command.py:388} INFO - Running <TaskInstance: execute_24hr_data_scrape.id_2 scheduled__2023-04-14T14:52:00+00:00 [running]> on host 6f8cd9778af0
[2023-04-14T14:53:02.390+0000] {taskinstance.py:1511} INFO - Exporting the following env vars:
AIRFLOW_CTX_DAG_OWNER=xiaochen
AIRFLOW_CTX_DAG_ID=execute_24hr_data_scrape
AIRFLOW_CTX_TASK_ID=id_2
AIRFLOW_CTX_EXECUTION_DATE=2023-04-14T14:52:00+00:00
AIRFLOW_CTX_TRY_NUMBER=1
AIRFLOW_CTX_DAG_RUN_ID=scheduled__2023-04-14T14:52:00+00:00
[2023-04-14T14:53:02.391+0000] {subprocess.py:63} INFO - Tmp dir root location: 
 /tmp
[2023-04-14T14:53:02.392+0000] {subprocess.py:75} INFO - Running command: ['/bin/bash', '-c', 'python /opt/***/src/news_comments_crawlers/crawlers/_EN_CNA.py --name CNA']
[2023-04-14T14:53:02.399+0000] {subprocess.py:86} INFO - Output:
[2023-04-14T14:53:04.210+0000] {subprocess.py:93} INFO - 
[2023-04-14T14:53:04.211+0000] {subprocess.py:93} INFO - --DEBUG: getcwd:       /tmp/***tmpbn2ipt9d
[2023-04-14T14:53:04.211+0000] {subprocess.py:93} INFO - 
[2023-04-14T14:53:04.212+0000] {subprocess.py:93} INFO - --DEBUG: __file__:     /opt/***/src/news_comments_crawlers/crawlers/_EN_CNA.py
[2023-04-14T14:53:04.212+0000] {subprocess.py:93} INFO - 
[2023-04-14T14:53:04.212+0000] {subprocess.py:93} INFO - -- Session Object : Good to go.
[2023-04-14T14:53:04.213+0000] {subprocess.py:93} INFO - 
[2023-04-14T14:53:04.213+0000] {subprocess.py:93} INFO - -- Log Folder: Failed to create.
[2023-04-14T14:53:04.213+0000] {subprocess.py:93} INFO - [Errno 2] No such file or directory: '/opt/***/src/news_comments_crawlers/crawlers/out/2023-04-14'
[2023-04-14T14:53:04.214+0000] {subprocess.py:93} INFO - []
[2023-04-14T14:53:04.214+0000] {subprocess.py:93} INFO - Traceback (most recent call last):
[2023-04-14T14:53:04.215+0000] {subprocess.py:93} INFO -   File "/opt/***/src/news_comments_crawlers/crawlers/_EN_CNA.py", line 13, in <module>
[2023-04-14T14:53:04.215+0000] {subprocess.py:93} INFO -     from Functions import *
[2023-04-14T14:53:04.215+0000] {subprocess.py:93} INFO -   File "<fstring>", line 1
[2023-04-14T14:53:04.216+0000] {subprocess.py:93} INFO -     (USE_CACHE=)
[2023-04-14T14:53:04.216+0000] {subprocess.py:93} INFO -               ^
[2023-04-14T14:53:04.216+0000] {subprocess.py:93} INFO - SyntaxError: invalid syntax
[2023-04-14T14:53:04.327+0000] {subprocess.py:97} INFO - Command exited with return code 1
[2023-04-14T14:53:04.337+0000] {taskinstance.py:1775} ERROR - Task failed with exception
Traceback (most recent call last):
  File "/home/airflow/.local/lib/python3.7/site-packages/airflow/operators/bash.py", line 197, in execute
    f"Bash command failed. The command returned a non-zero exit code {result.exit_code}."
airflow.exceptions.AirflowException: Bash command failed. The command returned a non-zero exit code 1.
[2023-04-14T14:53:04.340+0000] {taskinstance.py:1326} INFO - Marking task as UP_FOR_RETRY. dag_id=execute_24hr_data_scrape, task_id=id_2, execution_date=20230414T145200, start_date=20230414T145302, end_date=20230414T145304
[2023-04-14T14:53:04.351+0000] {standard_task_runner.py:105} ERROR - Failed to execute job 80 for task id_2 (Bash command failed. The command returned a non-zero exit code 1.; 1136)
[2023-04-14T14:53:04.385+0000] {local_task_job.py:212} INFO - Task exited with return code 1
[2023-04-14T14:53:04.399+0000] {taskinstance.py:2585} INFO - 0 downstream tasks scheduled from follow-on schedule check
