[2023-04-12T18:49:01.107+0000] {taskinstance.py:1084} INFO - Dependencies all met for dep_context=non-requeueable deps ti=<TaskInstance: execute_24hr_data_scrape.id_1 scheduled__2023-04-12T18:48:00+00:00 [queued]>
[2023-04-12T18:49:01.115+0000] {taskinstance.py:1084} INFO - Dependencies all met for dep_context=requeueable deps ti=<TaskInstance: execute_24hr_data_scrape.id_1 scheduled__2023-04-12T18:48:00+00:00 [queued]>
[2023-04-12T18:49:01.115+0000] {taskinstance.py:1282} INFO - 
--------------------------------------------------------------------------------
[2023-04-12T18:49:01.116+0000] {taskinstance.py:1283} INFO - Starting attempt 1 of 4
[2023-04-12T18:49:01.116+0000] {taskinstance.py:1284} INFO - 
--------------------------------------------------------------------------------
[2023-04-12T18:49:01.130+0000] {taskinstance.py:1303} INFO - Executing <Task(BashOperator): id_1> on 2023-04-12 18:48:00+00:00
[2023-04-12T18:49:01.134+0000] {standard_task_runner.py:55} INFO - Started process 24484 to run task
[2023-04-12T18:49:01.135+0000] {standard_task_runner.py:82} INFO - Running: ['***', 'tasks', 'run', 'execute_24hr_data_scrape', 'id_1', 'scheduled__2023-04-12T18:48:00+00:00', '--job-id', '8432', '--raw', '--subdir', 'DAGS_FOLDER/exec_web_crawlers_dag.py', '--cfg-path', '/tmp/tmp3s3n_j2s']
[2023-04-12T18:49:01.137+0000] {standard_task_runner.py:83} INFO - Job 8432: Subtask id_1
[2023-04-12T18:49:01.182+0000] {task_command.py:388} INFO - Running <TaskInstance: execute_24hr_data_scrape.id_1 scheduled__2023-04-12T18:48:00+00:00 [running]> on host b518195edd5e
[2023-04-12T18:49:01.239+0000] {taskinstance.py:1511} INFO - Exporting the following env vars:
AIRFLOW_CTX_DAG_OWNER=xiaochen
AIRFLOW_CTX_DAG_ID=execute_24hr_data_scrape
AIRFLOW_CTX_TASK_ID=id_1
AIRFLOW_CTX_EXECUTION_DATE=2023-04-12T18:48:00+00:00
AIRFLOW_CTX_TRY_NUMBER=1
AIRFLOW_CTX_DAG_RUN_ID=scheduled__2023-04-12T18:48:00+00:00
[2023-04-12T18:49:01.240+0000] {subprocess.py:63} INFO - Tmp dir root location: 
 /tmp
[2023-04-12T18:49:01.241+0000] {subprocess.py:75} INFO - Running command: ['/bin/bash', '-c', 'echo Hello World !!!! My name is xxxxx !']
[2023-04-12T18:49:01.247+0000] {subprocess.py:86} INFO - Output:
[2023-04-12T18:49:01.248+0000] {subprocess.py:93} INFO - Hello World !!!! My name is xxxxx !
[2023-04-12T18:49:01.249+0000] {subprocess.py:97} INFO - Command exited with return code 0
[2023-04-12T18:49:01.267+0000] {taskinstance.py:1326} INFO - Marking task as SUCCESS. dag_id=execute_24hr_data_scrape, task_id=id_1, execution_date=20230412T184800, start_date=20230412T184901, end_date=20230412T184901
[2023-04-12T18:49:01.308+0000] {local_task_job.py:212} INFO - Task exited with return code 0
[2023-04-12T18:49:01.326+0000] {taskinstance.py:2585} INFO - 1 downstream tasks scheduled from follow-on schedule check
