[2023-04-14T14:25:46.329+0000] {taskinstance.py:1084} INFO - Dependencies all met for dep_context=non-requeueable deps ti=<TaskInstance: execute_24hr_data_scrape.id_2 scheduled__2023-04-13T03:49:00+00:00 [queued]>
[2023-04-14T14:25:46.361+0000] {taskinstance.py:1084} INFO - Dependencies all met for dep_context=requeueable deps ti=<TaskInstance: execute_24hr_data_scrape.id_2 scheduled__2023-04-13T03:49:00+00:00 [queued]>
[2023-04-14T14:25:46.365+0000] {taskinstance.py:1282} INFO - 
--------------------------------------------------------------------------------
[2023-04-14T14:25:46.369+0000] {taskinstance.py:1283} INFO - Starting attempt 2 of 4
[2023-04-14T14:25:46.370+0000] {taskinstance.py:1284} INFO - 
--------------------------------------------------------------------------------
[2023-04-14T14:25:46.417+0000] {taskinstance.py:1303} INFO - Executing <Task(BashOperator): id_2> on 2023-04-13 03:49:00+00:00
[2023-04-14T14:25:46.427+0000] {standard_task_runner.py:55} INFO - Started process 205 to run task
[2023-04-14T14:25:46.448+0000] {standard_task_runner.py:82} INFO - Running: ['***', 'tasks', 'run', 'execute_24hr_data_scrape', 'id_2', 'scheduled__2023-04-13T03:49:00+00:00', '--job-id', '11160', '--raw', '--subdir', 'DAGS_FOLDER/exec_web_crawlers_dag.py', '--cfg-path', '/tmp/tmp6hoz_grp']
[2023-04-14T14:25:46.451+0000] {standard_task_runner.py:83} INFO - Job 11160: Subtask id_2
[2023-04-14T14:25:46.665+0000] {task_command.py:388} INFO - Running <TaskInstance: execute_24hr_data_scrape.id_2 scheduled__2023-04-13T03:49:00+00:00 [running]> on host b518195edd5e
[2023-04-14T14:25:46.847+0000] {taskinstance.py:1511} INFO - Exporting the following env vars:
AIRFLOW_CTX_DAG_OWNER=xiaochen
AIRFLOW_CTX_DAG_ID=execute_24hr_data_scrape
AIRFLOW_CTX_TASK_ID=id_2
AIRFLOW_CTX_EXECUTION_DATE=2023-04-13T03:49:00+00:00
AIRFLOW_CTX_TRY_NUMBER=2
AIRFLOW_CTX_DAG_RUN_ID=scheduled__2023-04-13T03:49:00+00:00
[2023-04-14T14:25:46.852+0000] {subprocess.py:63} INFO - Tmp dir root location: 
 /tmp
[2023-04-14T14:25:46.854+0000] {subprocess.py:75} INFO - Running command: ['/bin/bash', '-c', 'python /opt/***/src/news_comments_crawlers/crawlers/_EN_CNA.py --name CNA']
[2023-04-14T14:25:46.878+0000] {subprocess.py:86} INFO - Output:
[2023-04-14T14:25:47.402+0000] {subprocess.py:93} INFO - Traceback (most recent call last):
[2023-04-14T14:25:47.403+0000] {subprocess.py:93} INFO -   File "/opt/***/src/news_comments_crawlers/crawlers/_EN_CNA.py", line 8, in <module>
[2023-04-14T14:25:47.405+0000] {subprocess.py:93} INFO -     from config.Preprocessor import Preprocessor
[2023-04-14T14:25:47.406+0000] {subprocess.py:93} INFO -   File "/opt/***/src/news_comments_crawlers/crawlers/config/Preprocessor.py", line 11, in <module>
[2023-04-14T14:25:47.407+0000] {subprocess.py:93} INFO -     from nltk.stem import WordNetLemmatizer
[2023-04-14T14:25:47.408+0000] {subprocess.py:93} INFO - ModuleNotFoundError: No module named 'nltk'
[2023-04-14T14:25:47.416+0000] {subprocess.py:97} INFO - Command exited with return code 1
[2023-04-14T14:25:47.438+0000] {taskinstance.py:1775} ERROR - Task failed with exception
Traceback (most recent call last):
  File "/home/airflow/.local/lib/python3.7/site-packages/airflow/operators/bash.py", line 197, in execute
    f"Bash command failed. The command returned a non-zero exit code {result.exit_code}."
airflow.exceptions.AirflowException: Bash command failed. The command returned a non-zero exit code 1.
[2023-04-14T14:25:47.445+0000] {taskinstance.py:1326} INFO - Marking task as UP_FOR_RETRY. dag_id=execute_24hr_data_scrape, task_id=id_2, execution_date=20230413T034900, start_date=20230414T142546, end_date=20230414T142547
[2023-04-14T14:25:47.529+0000] {standard_task_runner.py:105} ERROR - Failed to execute job 11160 for task id_2 (Bash command failed. The command returned a non-zero exit code 1.; 205)
[2023-04-14T14:25:47.593+0000] {local_task_job.py:212} INFO - Task exited with return code 1
[2023-04-14T14:25:47.630+0000] {taskinstance.py:2585} INFO - 0 downstream tasks scheduled from follow-on schedule check
