[2023-04-11T16:17:04.071+0000] {taskinstance.py:1084} INFO - Dependencies all met for dep_context=non-requeueable deps ti=<TaskInstance: execute_24hr_data_scrape.id_2 scheduled__2023-04-11T16:11:00+00:00 [queued]>
[2023-04-11T16:17:04.080+0000] {taskinstance.py:1084} INFO - Dependencies all met for dep_context=requeueable deps ti=<TaskInstance: execute_24hr_data_scrape.id_2 scheduled__2023-04-11T16:11:00+00:00 [queued]>
[2023-04-11T16:17:04.080+0000] {taskinstance.py:1282} INFO - 
--------------------------------------------------------------------------------
[2023-04-11T16:17:04.081+0000] {taskinstance.py:1283} INFO - Starting attempt 1 of 4
[2023-04-11T16:17:04.081+0000] {taskinstance.py:1284} INFO - 
--------------------------------------------------------------------------------
[2023-04-11T16:17:04.097+0000] {taskinstance.py:1303} INFO - Executing <Task(BashOperator): id_2> on 2023-04-11 16:11:00+00:00
[2023-04-11T16:17:04.101+0000] {standard_task_runner.py:55} INFO - Started process 4367 to run task
[2023-04-11T16:17:04.103+0000] {standard_task_runner.py:82} INFO - Running: ['***', 'tasks', 'run', 'execute_24hr_data_scrape', 'id_2', 'scheduled__2023-04-11T16:11:00+00:00', '--job-id', '470', '--raw', '--subdir', 'DAGS_FOLDER/exec_web_crawlers_dag.py', '--cfg-path', '/tmp/tmp9h9gb70r']
[2023-04-11T16:17:04.105+0000] {standard_task_runner.py:83} INFO - Job 470: Subtask id_2
[2023-04-11T16:17:04.164+0000] {task_command.py:388} INFO - Running <TaskInstance: execute_24hr_data_scrape.id_2 scheduled__2023-04-11T16:11:00+00:00 [running]> on host b518195edd5e
[2023-04-11T16:17:04.227+0000] {taskinstance.py:1511} INFO - Exporting the following env vars:
AIRFLOW_CTX_DAG_OWNER=xiaochen
AIRFLOW_CTX_DAG_ID=execute_24hr_data_scrape
AIRFLOW_CTX_TASK_ID=id_2
AIRFLOW_CTX_EXECUTION_DATE=2023-04-11T16:11:00+00:00
AIRFLOW_CTX_TRY_NUMBER=1
AIRFLOW_CTX_DAG_RUN_ID=scheduled__2023-04-11T16:11:00+00:00
[2023-04-11T16:17:04.229+0000] {subprocess.py:63} INFO - Tmp dir root location: 
 /tmp
[2023-04-11T16:17:04.230+0000] {subprocess.py:75} INFO - Running command: ['/bin/bash', '-c', 'python /opt/***/src/news_comments_crawlers/crawlers/_EN_CNA.py --name CNA']
[2023-04-11T16:17:04.239+0000] {subprocess.py:86} INFO - Output:
[2023-04-11T16:17:04.320+0000] {subprocess.py:93} INFO - python: can't open file '/opt/***/src/news_comments_crawlers/crawlers/_EN_CNA.py': [Errno 5] Input/output error
[2023-04-11T16:17:04.324+0000] {subprocess.py:97} INFO - Command exited with return code 2
[2023-04-11T16:17:04.333+0000] {taskinstance.py:1775} ERROR - Task failed with exception
Traceback (most recent call last):
  File "/home/airflow/.local/lib/python3.7/site-packages/airflow/operators/bash.py", line 197, in execute
    f"Bash command failed. The command returned a non-zero exit code {result.exit_code}."
airflow.exceptions.AirflowException: Bash command failed. The command returned a non-zero exit code 2.
[2023-04-11T16:17:04.337+0000] {taskinstance.py:1326} INFO - Marking task as UP_FOR_RETRY. dag_id=execute_24hr_data_scrape, task_id=id_2, execution_date=20230411T161100, start_date=20230411T161704, end_date=20230411T161704
[2023-04-11T16:17:04.348+0000] {standard_task_runner.py:105} ERROR - Failed to execute job 470 for task id_2 (Bash command failed. The command returned a non-zero exit code 2.; 4367)
[2023-04-11T16:17:04.356+0000] {local_task_job.py:212} INFO - Task exited with return code 1
[2023-04-11T16:17:04.373+0000] {taskinstance.py:2585} INFO - 0 downstream tasks scheduled from follow-on schedule check
