[2023-04-14T14:25:49.989+0000] {taskinstance.py:1084} INFO - Dependencies all met for dep_context=non-requeueable deps ti=<TaskInstance: execute_24hr_data_scrape.id_1 scheduled__2023-04-14T14:24:00+00:00 [queued]>
[2023-04-14T14:25:49.997+0000] {taskinstance.py:1084} INFO - Dependencies all met for dep_context=requeueable deps ti=<TaskInstance: execute_24hr_data_scrape.id_1 scheduled__2023-04-14T14:24:00+00:00 [queued]>
[2023-04-14T14:25:49.998+0000] {taskinstance.py:1282} INFO - 
--------------------------------------------------------------------------------
[2023-04-14T14:25:49.999+0000] {taskinstance.py:1283} INFO - Starting attempt 1 of 4
[2023-04-14T14:25:49.999+0000] {taskinstance.py:1284} INFO - 
--------------------------------------------------------------------------------
[2023-04-14T14:25:50.013+0000] {taskinstance.py:1303} INFO - Executing <Task(BashOperator): id_1> on 2023-04-14 14:24:00+00:00
[2023-04-14T14:25:50.016+0000] {standard_task_runner.py:55} INFO - Started process 236 to run task
[2023-04-14T14:25:50.018+0000] {standard_task_runner.py:82} INFO - Running: ['***', 'tasks', 'run', 'execute_24hr_data_scrape', 'id_1', 'scheduled__2023-04-14T14:24:00+00:00', '--job-id', '11176', '--raw', '--subdir', 'DAGS_FOLDER/exec_web_crawlers_dag.py', '--cfg-path', '/tmp/tmp7c64oax8']
[2023-04-14T14:25:50.019+0000] {standard_task_runner.py:83} INFO - Job 11176: Subtask id_1
[2023-04-14T14:25:50.067+0000] {task_command.py:388} INFO - Running <TaskInstance: execute_24hr_data_scrape.id_1 scheduled__2023-04-14T14:24:00+00:00 [running]> on host b518195edd5e
[2023-04-14T14:25:50.126+0000] {taskinstance.py:1511} INFO - Exporting the following env vars:
AIRFLOW_CTX_DAG_OWNER=xiaochen
AIRFLOW_CTX_DAG_ID=execute_24hr_data_scrape
AIRFLOW_CTX_TASK_ID=id_1
AIRFLOW_CTX_EXECUTION_DATE=2023-04-14T14:24:00+00:00
AIRFLOW_CTX_TRY_NUMBER=1
AIRFLOW_CTX_DAG_RUN_ID=scheduled__2023-04-14T14:24:00+00:00
[2023-04-14T14:25:50.127+0000] {subprocess.py:63} INFO - Tmp dir root location: 
 /tmp
[2023-04-14T14:25:50.128+0000] {subprocess.py:75} INFO - Running command: ['/bin/bash', '-c', 'echo Hello World !!!! My name is xxxxx !']
[2023-04-14T14:25:50.134+0000] {subprocess.py:86} INFO - Output:
[2023-04-14T14:25:50.135+0000] {subprocess.py:93} INFO - Hello World !!!! My name is xxxxx !
[2023-04-14T14:25:50.136+0000] {subprocess.py:97} INFO - Command exited with return code 0
[2023-04-14T14:25:50.156+0000] {taskinstance.py:1326} INFO - Marking task as SUCCESS. dag_id=execute_24hr_data_scrape, task_id=id_1, execution_date=20230414T142400, start_date=20230414T142549, end_date=20230414T142550
[2023-04-14T14:25:50.190+0000] {local_task_job.py:212} INFO - Task exited with return code 0
[2023-04-14T14:25:50.209+0000] {taskinstance.py:2585} INFO - 1 downstream tasks scheduled from follow-on schedule check
