[2023-04-14T15:10:04.922+0000] {taskinstance.py:1084} INFO - Dependencies all met for dep_context=non-requeueable deps ti=<TaskInstance: execute_24hr_data_scrape.id_2 scheduled__2023-04-14T15:04:00+00:00 [queued]>
[2023-04-14T15:10:04.932+0000] {taskinstance.py:1084} INFO - Dependencies all met for dep_context=requeueable deps ti=<TaskInstance: execute_24hr_data_scrape.id_2 scheduled__2023-04-14T15:04:00+00:00 [queued]>
[2023-04-14T15:10:04.933+0000] {taskinstance.py:1282} INFO - 
--------------------------------------------------------------------------------
[2023-04-14T15:10:04.934+0000] {taskinstance.py:1283} INFO - Starting attempt 2 of 4
[2023-04-14T15:10:04.934+0000] {taskinstance.py:1284} INFO - 
--------------------------------------------------------------------------------
[2023-04-14T15:10:04.948+0000] {taskinstance.py:1303} INFO - Executing <Task(BashOperator): id_2> on 2023-04-14 15:04:00+00:00
[2023-04-14T15:10:04.954+0000] {standard_task_runner.py:55} INFO - Started process 2893 to run task
[2023-04-14T15:10:04.956+0000] {standard_task_runner.py:82} INFO - Running: ['***', 'tasks', 'run', 'execute_24hr_data_scrape', 'id_2', 'scheduled__2023-04-14T15:04:00+00:00', '--job-id', '157', '--raw', '--subdir', 'DAGS_FOLDER/exec_web_crawlers_dag.py', '--cfg-path', '/tmp/tmpqp6m96xc']
[2023-04-14T15:10:04.958+0000] {standard_task_runner.py:83} INFO - Job 157: Subtask id_2
[2023-04-14T15:10:05.011+0000] {task_command.py:388} INFO - Running <TaskInstance: execute_24hr_data_scrape.id_2 scheduled__2023-04-14T15:04:00+00:00 [running]> on host 6f8cd9778af0
[2023-04-14T15:10:05.068+0000] {taskinstance.py:1511} INFO - Exporting the following env vars:
AIRFLOW_CTX_DAG_OWNER=xiaochen
AIRFLOW_CTX_DAG_ID=execute_24hr_data_scrape
AIRFLOW_CTX_TASK_ID=id_2
AIRFLOW_CTX_EXECUTION_DATE=2023-04-14T15:04:00+00:00
AIRFLOW_CTX_TRY_NUMBER=2
AIRFLOW_CTX_DAG_RUN_ID=scheduled__2023-04-14T15:04:00+00:00
[2023-04-14T15:10:05.069+0000] {subprocess.py:63} INFO - Tmp dir root location: 
 /tmp
[2023-04-14T15:10:05.070+0000] {subprocess.py:75} INFO - Running command: ['/bin/bash', '-c', 'python /opt/***/src/news_comments_crawlers/crawlers/_EN_CNA.py --name CNA']
[2023-04-14T15:10:05.078+0000] {subprocess.py:86} INFO - Output:
[2023-04-14T15:10:07.162+0000] {subprocess.py:93} INFO - 
[2023-04-14T15:10:07.163+0000] {subprocess.py:93} INFO - --DEBUG: __file__:     /opt/***/src/news_comments_crawlers/crawlers/config/Constants.py
[2023-04-14T15:10:07.163+0000] {subprocess.py:93} INFO - 
[2023-04-14T15:10:07.163+0000] {subprocess.py:93} INFO - -- Session Object : Good to go.
[2023-04-14T15:10:07.164+0000] {subprocess.py:93} INFO - 
[2023-04-14T15:10:07.164+0000] {subprocess.py:93} INFO - -- Folders: Good to go.
[2023-04-14T15:10:07.165+0000] {subprocess.py:93} INFO - []
[2023-04-14T15:10:07.165+0000] {subprocess.py:93} INFO - 
[2023-04-14T15:10:07.166+0000] {subprocess.py:93} INFO - --DEBUG: Platform -  CNA
[2023-04-14T15:10:07.166+0000] {subprocess.py:93} INFO - 
[2023-04-14T15:10:07.167+0000] {subprocess.py:93} INFO - --DEBUG: Start-time -  2023-04-13 15:10:07.114357
[2023-04-14T15:10:07.167+0000] {subprocess.py:93} INFO - 
[2023-04-14T15:10:07.168+0000] {subprocess.py:93} INFO - --DEBUG: End-time -  2023-04-14 15:10:07.114357
[2023-04-14T15:10:07.168+0000] {subprocess.py:93} INFO - 
[2023-04-14T15:10:07.169+0000] {subprocess.py:93} INFO - --DEBUG: Link Path - /opt/***/src/news_comments_crawlers/crawlers/out/2023-04-14/links/CNA_2023-04-14_15.txt
[2023-04-14T15:10:07.169+0000] {subprocess.py:93} INFO - 
[2023-04-14T15:10:07.170+0000] {subprocess.py:93} INFO - --DEBUG: JSON Data Path - /opt/***/src/news_comments_crawlers/crawlers/out/2023-04-14/data/json/CNA_2023-04-14_15.json
[2023-04-14T15:10:07.170+0000] {subprocess.py:93} INFO - 
[2023-04-14T15:10:07.171+0000] {subprocess.py:93} INFO - --DEBUG: DF Data Path - /opt/***/src/news_comments_crawlers/crawlers/out/2023-04-14/data/df/CNA_2023-04-14_15.pickle
[2023-04-14T15:10:07.171+0000] {subprocess.py:93} INFO - 
[2023-04-14T15:10:07.171+0000] {subprocess.py:93} INFO - --DEBUG: True
[2023-04-14T15:10:07.172+0000] {subprocess.py:93} INFO - 
[2023-04-14T15:10:07.172+0000] {subprocess.py:93} INFO - --DEBUG: Using URLs from cache file
[2023-04-14T15:10:07.173+0000] {subprocess.py:93} INFO - 
[2023-04-14T15:10:07.173+0000] {subprocess.py:93} INFO - --DEBUG: Using Articles from cache file
[2023-04-14T15:10:07.178+0000] {subprocess.py:93} INFO - Traceback (most recent call last):
[2023-04-14T15:10:07.178+0000] {subprocess.py:93} INFO -   File "/home/***/.local/lib/python3.7/site-packages/nltk/corpus/util.py", line 84, in __load
[2023-04-14T15:10:07.179+0000] {subprocess.py:93} INFO -     root = nltk.data.find(f"{self.subdir}/{zip_name}")
[2023-04-14T15:10:07.179+0000] {subprocess.py:93} INFO -   File "/home/***/.local/lib/python3.7/site-packages/nltk/data.py", line 583, in find
[2023-04-14T15:10:07.179+0000] {subprocess.py:93} INFO -     raise LookupError(resource_not_found)
[2023-04-14T15:10:07.180+0000] {subprocess.py:93} INFO - LookupError:
[2023-04-14T15:10:07.180+0000] {subprocess.py:93} INFO - **********************************************************************
[2023-04-14T15:10:07.181+0000] {subprocess.py:93} INFO -   Resource [93mstopwords[0m not found.
[2023-04-14T15:10:07.181+0000] {subprocess.py:93} INFO -   Please use the NLTK Downloader to obtain the resource:
[2023-04-14T15:10:07.181+0000] {subprocess.py:93} INFO - 
[2023-04-14T15:10:07.182+0000] {subprocess.py:93} INFO -   [31m>>> import nltk
[2023-04-14T15:10:07.182+0000] {subprocess.py:93} INFO -   >>> nltk.download('stopwords')
[2023-04-14T15:10:07.183+0000] {subprocess.py:93} INFO -   [0m
[2023-04-14T15:10:07.183+0000] {subprocess.py:93} INFO -   For more information see: https://www.nltk.org/data.html
[2023-04-14T15:10:07.184+0000] {subprocess.py:93} INFO - 
[2023-04-14T15:10:07.184+0000] {subprocess.py:93} INFO -   Attempted to load [93mcorpora/stopwords.zip/stopwords/[0m
[2023-04-14T15:10:07.185+0000] {subprocess.py:93} INFO - 
[2023-04-14T15:10:07.185+0000] {subprocess.py:93} INFO -   Searched in:
[2023-04-14T15:10:07.186+0000] {subprocess.py:93} INFO -     - '/home/***/nltk_data'
[2023-04-14T15:10:07.186+0000] {subprocess.py:93} INFO -     - '/usr/local/nltk_data'
[2023-04-14T15:10:07.186+0000] {subprocess.py:93} INFO -     - '/usr/local/share/nltk_data'
[2023-04-14T15:10:07.187+0000] {subprocess.py:93} INFO -     - '/usr/local/lib/nltk_data'
[2023-04-14T15:10:07.187+0000] {subprocess.py:93} INFO -     - '/usr/share/nltk_data'
[2023-04-14T15:10:07.188+0000] {subprocess.py:93} INFO -     - '/usr/local/share/nltk_data'
[2023-04-14T15:10:07.188+0000] {subprocess.py:93} INFO -     - '/usr/lib/nltk_data'
[2023-04-14T15:10:07.188+0000] {subprocess.py:93} INFO -     - '/usr/local/lib/nltk_data'
[2023-04-14T15:10:07.189+0000] {subprocess.py:93} INFO - **********************************************************************
[2023-04-14T15:10:07.189+0000] {subprocess.py:93} INFO - 
[2023-04-14T15:10:07.190+0000] {subprocess.py:93} INFO - 
[2023-04-14T15:10:07.190+0000] {subprocess.py:93} INFO - During handling of the above exception, another exception occurred:
[2023-04-14T15:10:07.190+0000] {subprocess.py:93} INFO - 
[2023-04-14T15:10:07.191+0000] {subprocess.py:93} INFO - Traceback (most recent call last):
[2023-04-14T15:10:07.191+0000] {subprocess.py:93} INFO -   File "/opt/***/src/news_comments_crawlers/crawlers/_EN_CNA.py", line 197, in <module>
[2023-04-14T15:10:07.191+0000] {subprocess.py:93} INFO -     main()
[2023-04-14T15:10:07.192+0000] {subprocess.py:93} INFO -   File "/opt/***/src/news_comments_crawlers/crawlers/_EN_CNA.py", line 173, in main
[2023-04-14T15:10:07.192+0000] {subprocess.py:93} INFO -     articles_df = Preprocessor({'data':articles,'lang':LANG,'org':1,'source': S_ID}).preprocess(func=extract_datetime_cna)
[2023-04-14T15:10:07.192+0000] {subprocess.py:93} INFO -   File "/opt/***/src/news_comments_crawlers/crawlers/config/Preprocessor.py", line 39, in __init__
[2023-04-14T15:10:07.193+0000] {subprocess.py:93} INFO -     self.stop_words = set(stopwords.words('english'))
[2023-04-14T15:10:07.193+0000] {subprocess.py:93} INFO -   File "/home/***/.local/lib/python3.7/site-packages/nltk/corpus/util.py", line 121, in __getattr__
[2023-04-14T15:10:07.194+0000] {subprocess.py:93} INFO -     self.__load()
[2023-04-14T15:10:07.194+0000] {subprocess.py:93} INFO -   File "/home/***/.local/lib/python3.7/site-packages/nltk/corpus/util.py", line 86, in __load
[2023-04-14T15:10:07.194+0000] {subprocess.py:93} INFO -     raise e
[2023-04-14T15:10:07.195+0000] {subprocess.py:93} INFO -   File "/home/***/.local/lib/python3.7/site-packages/nltk/corpus/util.py", line 81, in __load
[2023-04-14T15:10:07.195+0000] {subprocess.py:93} INFO -     root = nltk.data.find(f"{self.subdir}/{self.__name}")
[2023-04-14T15:10:07.196+0000] {subprocess.py:93} INFO -   File "/home/***/.local/lib/python3.7/site-packages/nltk/data.py", line 583, in find
[2023-04-14T15:10:07.196+0000] {subprocess.py:93} INFO -     raise LookupError(resource_not_found)
[2023-04-14T15:10:07.196+0000] {subprocess.py:93} INFO - LookupError:
[2023-04-14T15:10:07.197+0000] {subprocess.py:93} INFO - **********************************************************************
[2023-04-14T15:10:07.197+0000] {subprocess.py:93} INFO -   Resource [93mstopwords[0m not found.
[2023-04-14T15:10:07.198+0000] {subprocess.py:93} INFO -   Please use the NLTK Downloader to obtain the resource:
[2023-04-14T15:10:07.198+0000] {subprocess.py:93} INFO - 
[2023-04-14T15:10:07.198+0000] {subprocess.py:93} INFO -   [31m>>> import nltk
[2023-04-14T15:10:07.199+0000] {subprocess.py:93} INFO -   >>> nltk.download('stopwords')
[2023-04-14T15:10:07.199+0000] {subprocess.py:93} INFO -   [0m
[2023-04-14T15:10:07.199+0000] {subprocess.py:93} INFO -   For more information see: https://www.nltk.org/data.html
[2023-04-14T15:10:07.200+0000] {subprocess.py:93} INFO - 
[2023-04-14T15:10:07.200+0000] {subprocess.py:93} INFO -   Attempted to load [93mcorpora/stopwords[0m
[2023-04-14T15:10:07.201+0000] {subprocess.py:93} INFO - 
[2023-04-14T15:10:07.201+0000] {subprocess.py:93} INFO -   Searched in:
[2023-04-14T15:10:07.201+0000] {subprocess.py:93} INFO -     - '/home/***/nltk_data'
[2023-04-14T15:10:07.202+0000] {subprocess.py:93} INFO -     - '/usr/local/nltk_data'
[2023-04-14T15:10:07.202+0000] {subprocess.py:93} INFO -     - '/usr/local/share/nltk_data'
[2023-04-14T15:10:07.203+0000] {subprocess.py:93} INFO -     - '/usr/local/lib/nltk_data'
[2023-04-14T15:10:07.204+0000] {subprocess.py:93} INFO -     - '/usr/share/nltk_data'
[2023-04-14T15:10:07.204+0000] {subprocess.py:93} INFO -     - '/usr/local/share/nltk_data'
[2023-04-14T15:10:07.204+0000] {subprocess.py:93} INFO -     - '/usr/lib/nltk_data'
[2023-04-14T15:10:07.205+0000] {subprocess.py:93} INFO -     - '/usr/local/lib/nltk_data'
[2023-04-14T15:10:07.205+0000] {subprocess.py:93} INFO - **********************************************************************
[2023-04-14T15:10:07.206+0000] {subprocess.py:93} INFO - 
[2023-04-14T15:10:07.346+0000] {subprocess.py:97} INFO - Command exited with return code 1
[2023-04-14T15:10:07.357+0000] {taskinstance.py:1775} ERROR - Task failed with exception
Traceback (most recent call last):
  File "/home/airflow/.local/lib/python3.7/site-packages/airflow/operators/bash.py", line 197, in execute
    f"Bash command failed. The command returned a non-zero exit code {result.exit_code}."
airflow.exceptions.AirflowException: Bash command failed. The command returned a non-zero exit code 1.
[2023-04-14T15:10:07.361+0000] {taskinstance.py:1326} INFO - Marking task as UP_FOR_RETRY. dag_id=execute_24hr_data_scrape, task_id=id_2, execution_date=20230414T150400, start_date=20230414T151004, end_date=20230414T151007
[2023-04-14T15:10:07.376+0000] {standard_task_runner.py:105} ERROR - Failed to execute job 157 for task id_2 (Bash command failed. The command returned a non-zero exit code 1.; 2893)
[2023-04-14T15:10:07.417+0000] {local_task_job.py:212} INFO - Task exited with return code 1
[2023-04-14T15:10:07.432+0000] {taskinstance.py:2585} INFO - 0 downstream tasks scheduled from follow-on schedule check
