[2023-04-14T15:15:08.334+0000] {taskinstance.py:1084} INFO - Dependencies all met for dep_context=non-requeueable deps ti=<TaskInstance: execute_24hr_data_scrape.id_2 scheduled__2023-04-14T15:04:00+00:00 [queued]>
[2023-04-14T15:15:08.343+0000] {taskinstance.py:1084} INFO - Dependencies all met for dep_context=requeueable deps ti=<TaskInstance: execute_24hr_data_scrape.id_2 scheduled__2023-04-14T15:04:00+00:00 [queued]>
[2023-04-14T15:15:08.343+0000] {taskinstance.py:1282} INFO - 
--------------------------------------------------------------------------------
[2023-04-14T15:15:08.344+0000] {taskinstance.py:1283} INFO - Starting attempt 3 of 4
[2023-04-14T15:15:08.344+0000] {taskinstance.py:1284} INFO - 
--------------------------------------------------------------------------------
[2023-04-14T15:15:08.359+0000] {taskinstance.py:1303} INFO - Executing <Task(BashOperator): id_2> on 2023-04-14 15:04:00+00:00
[2023-04-14T15:15:08.365+0000] {standard_task_runner.py:55} INFO - Started process 264 to run task
[2023-04-14T15:15:08.367+0000] {standard_task_runner.py:82} INFO - Running: ['***', 'tasks', 'run', 'execute_24hr_data_scrape', 'id_2', 'scheduled__2023-04-14T15:04:00+00:00', '--job-id', '183', '--raw', '--subdir', 'DAGS_FOLDER/exec_web_crawlers_dag.py', '--cfg-path', '/tmp/tmpswdl9vae']
[2023-04-14T15:15:08.368+0000] {standard_task_runner.py:83} INFO - Job 183: Subtask id_2
[2023-04-14T15:15:08.427+0000] {task_command.py:388} INFO - Running <TaskInstance: execute_24hr_data_scrape.id_2 scheduled__2023-04-14T15:04:00+00:00 [running]> on host f9e5540690f6
[2023-04-14T15:15:08.495+0000] {taskinstance.py:1511} INFO - Exporting the following env vars:
AIRFLOW_CTX_DAG_OWNER=xiaochen
AIRFLOW_CTX_DAG_ID=execute_24hr_data_scrape
AIRFLOW_CTX_TASK_ID=id_2
AIRFLOW_CTX_EXECUTION_DATE=2023-04-14T15:04:00+00:00
AIRFLOW_CTX_TRY_NUMBER=3
AIRFLOW_CTX_DAG_RUN_ID=scheduled__2023-04-14T15:04:00+00:00
[2023-04-14T15:15:08.496+0000] {subprocess.py:63} INFO - Tmp dir root location: 
 /tmp
[2023-04-14T15:15:08.497+0000] {subprocess.py:75} INFO - Running command: ['/bin/bash', '-c', 'python /opt/***/src/news_comments_crawlers/crawlers/_EN_CNA.py --name CNA']
[2023-04-14T15:15:08.508+0000] {subprocess.py:86} INFO - Output:
[2023-04-14T15:15:10.613+0000] {subprocess.py:93} INFO - 
[2023-04-14T15:15:10.613+0000] {subprocess.py:93} INFO - --DEBUG: __file__:     /opt/***/src/news_comments_crawlers/crawlers/config/Constants.py
[2023-04-14T15:15:10.614+0000] {subprocess.py:93} INFO - 
[2023-04-14T15:15:10.614+0000] {subprocess.py:93} INFO - -- Session Object : Good to go.
[2023-04-14T15:15:10.615+0000] {subprocess.py:93} INFO - 
[2023-04-14T15:15:10.615+0000] {subprocess.py:93} INFO - -- Folders: Good to go.
[2023-04-14T15:15:10.615+0000] {subprocess.py:93} INFO - []
[2023-04-14T15:15:10.616+0000] {subprocess.py:93} INFO - 
[2023-04-14T15:15:10.616+0000] {subprocess.py:93} INFO - --DEBUG: Platform -  CNA
[2023-04-14T15:15:10.616+0000] {subprocess.py:93} INFO - 
[2023-04-14T15:15:10.617+0000] {subprocess.py:93} INFO - --DEBUG: Start-time -  2023-04-13 15:15:10.538101
[2023-04-14T15:15:10.617+0000] {subprocess.py:93} INFO - 
[2023-04-14T15:15:10.618+0000] {subprocess.py:93} INFO - --DEBUG: End-time -  2023-04-14 15:15:10.538101
[2023-04-14T15:15:10.618+0000] {subprocess.py:93} INFO - 
[2023-04-14T15:15:10.618+0000] {subprocess.py:93} INFO - --DEBUG: Link Path - /opt/***/src/news_comments_crawlers/crawlers/out/2023-04-14/links/CNA_2023-04-14_15.txt
[2023-04-14T15:15:10.619+0000] {subprocess.py:93} INFO - 
[2023-04-14T15:15:10.619+0000] {subprocess.py:93} INFO - --DEBUG: JSON Data Path - /opt/***/src/news_comments_crawlers/crawlers/out/2023-04-14/data/json/CNA_2023-04-14_15.json
[2023-04-14T15:15:10.619+0000] {subprocess.py:93} INFO - 
[2023-04-14T15:15:10.620+0000] {subprocess.py:93} INFO - --DEBUG: DF Data Path - /opt/***/src/news_comments_crawlers/crawlers/out/2023-04-14/data/df/CNA_2023-04-14_15.pickle
[2023-04-14T15:15:10.620+0000] {subprocess.py:93} INFO - 
[2023-04-14T15:15:10.620+0000] {subprocess.py:93} INFO - --DEBUG: True
[2023-04-14T15:15:10.621+0000] {subprocess.py:93} INFO - 
[2023-04-14T15:15:10.621+0000] {subprocess.py:93} INFO - --DEBUG: Using URLs from cache file
[2023-04-14T15:15:10.621+0000] {subprocess.py:93} INFO - 
[2023-04-14T15:15:10.622+0000] {subprocess.py:93} INFO - --DEBUG: Using Articles from cache file
[2023-04-14T15:15:10.622+0000] {subprocess.py:93} INFO - Program took 0.07326109699988592 seconds to complete
[2023-04-14T15:15:10.812+0000] {subprocess.py:97} INFO - Command exited with return code 0
[2023-04-14T15:15:10.837+0000] {taskinstance.py:1326} INFO - Marking task as SUCCESS. dag_id=execute_24hr_data_scrape, task_id=id_2, execution_date=20230414T150400, start_date=20230414T151508, end_date=20230414T151510
[2023-04-14T15:15:10.869+0000] {local_task_job.py:212} INFO - Task exited with return code 0
[2023-04-14T15:15:10.888+0000] {taskinstance.py:2585} INFO - 0 downstream tasks scheduled from follow-on schedule check
