[2023-04-06T03:36:01.021+0000] {taskinstance.py:1084} INFO - Dependencies all met for dep_context=non-requeueable deps ti=<TaskInstance: exe_web_crawlers_dag_v2.id_1 scheduled__2023-04-06T03:35:00+00:00 [queued]>
[2023-04-06T03:36:01.028+0000] {taskinstance.py:1084} INFO - Dependencies all met for dep_context=requeueable deps ti=<TaskInstance: exe_web_crawlers_dag_v2.id_1 scheduled__2023-04-06T03:35:00+00:00 [queued]>
[2023-04-06T03:36:01.029+0000] {taskinstance.py:1282} INFO - 
--------------------------------------------------------------------------------
[2023-04-06T03:36:01.029+0000] {taskinstance.py:1283} INFO - Starting attempt 1 of 4
[2023-04-06T03:36:01.029+0000] {taskinstance.py:1284} INFO - 
--------------------------------------------------------------------------------
[2023-04-06T03:36:01.041+0000] {taskinstance.py:1303} INFO - Executing <Task(BashOperator): id_1> on 2023-04-06 03:35:00+00:00
[2023-04-06T03:36:01.045+0000] {standard_task_runner.py:55} INFO - Started process 10310 to run task
[2023-04-06T03:36:01.047+0000] {standard_task_runner.py:82} INFO - Running: ['***', 'tasks', 'run', 'exe_web_crawlers_dag_v2', 'id_1', 'scheduled__2023-04-06T03:35:00+00:00', '--job-id', '45', '--raw', '--subdir', 'DAGS_FOLDER/exec_web_crawlers_dag.py', '--cfg-path', '/tmp/tmpn_t4vqu5']
[2023-04-06T03:36:01.048+0000] {standard_task_runner.py:83} INFO - Job 45: Subtask id_1
[2023-04-06T03:36:01.095+0000] {task_command.py:388} INFO - Running <TaskInstance: exe_web_crawlers_dag_v2.id_1 scheduled__2023-04-06T03:35:00+00:00 [running]> on host e8e20c2f7d98
[2023-04-06T03:36:01.152+0000] {taskinstance.py:1511} INFO - Exporting the following env vars:
AIRFLOW_CTX_DAG_OWNER=xiaochen
AIRFLOW_CTX_DAG_ID=exe_web_crawlers_dag_v2
AIRFLOW_CTX_TASK_ID=id_1
AIRFLOW_CTX_EXECUTION_DATE=2023-04-06T03:35:00+00:00
AIRFLOW_CTX_TRY_NUMBER=1
AIRFLOW_CTX_DAG_RUN_ID=scheduled__2023-04-06T03:35:00+00:00
[2023-04-06T03:36:01.154+0000] {subprocess.py:63} INFO - Tmp dir root location: 
 /tmp
[2023-04-06T03:36:01.155+0000] {subprocess.py:75} INFO - Running command: ['/bin/bash', '-c', 'echo Hello World !!!! My name is xxxxx !']
[2023-04-06T03:36:01.164+0000] {subprocess.py:86} INFO - Output:
[2023-04-06T03:36:01.165+0000] {subprocess.py:93} INFO - Hello World !!!! My name is xxxxx !
[2023-04-06T03:36:01.166+0000] {subprocess.py:97} INFO - Command exited with return code 0
[2023-04-06T03:36:01.187+0000] {taskinstance.py:1326} INFO - Marking task as SUCCESS. dag_id=exe_web_crawlers_dag_v2, task_id=id_1, execution_date=20230406T033500, start_date=20230406T033601, end_date=20230406T033601
[2023-04-06T03:36:01.219+0000] {local_task_job.py:212} INFO - Task exited with return code 0
[2023-04-06T03:36:01.238+0000] {taskinstance.py:2585} INFO - 1 downstream tasks scheduled from follow-on schedule check
