[2023-04-09T16:03:03.543+0000] {taskinstance.py:1084} INFO - Dependencies all met for dep_context=non-requeueable deps ti=<TaskInstance: exe_web_crawlers_dag_v2.id_2 scheduled__2023-04-09T15:57:00+00:00 [queued]>
[2023-04-09T16:03:03.551+0000] {taskinstance.py:1084} INFO - Dependencies all met for dep_context=requeueable deps ti=<TaskInstance: exe_web_crawlers_dag_v2.id_2 scheduled__2023-04-09T15:57:00+00:00 [queued]>
[2023-04-09T16:03:03.552+0000] {taskinstance.py:1282} INFO - 
--------------------------------------------------------------------------------
[2023-04-09T16:03:03.552+0000] {taskinstance.py:1283} INFO - Starting attempt 2 of 4
[2023-04-09T16:03:03.552+0000] {taskinstance.py:1284} INFO - 
--------------------------------------------------------------------------------
[2023-04-09T16:03:03.567+0000] {taskinstance.py:1303} INFO - Executing <Task(BashOperator): id_2> on 2023-04-09 15:57:00+00:00
[2023-04-09T16:03:03.573+0000] {standard_task_runner.py:55} INFO - Started process 2030 to run task
[2023-04-09T16:03:03.575+0000] {standard_task_runner.py:82} INFO - Running: ['***', 'tasks', 'run', 'exe_web_crawlers_dag_v2', 'id_2', 'scheduled__2023-04-09T15:57:00+00:00', '--job-id', '97', '--raw', '--subdir', 'DAGS_FOLDER/exec_web_crawlers_dag.py', '--cfg-path', '/tmp/tmpupuc10iu']
[2023-04-09T16:03:03.576+0000] {standard_task_runner.py:83} INFO - Job 97: Subtask id_2
[2023-04-09T16:03:03.626+0000] {task_command.py:388} INFO - Running <TaskInstance: exe_web_crawlers_dag_v2.id_2 scheduled__2023-04-09T15:57:00+00:00 [running]> on host e8e20c2f7d98
[2023-04-09T16:03:03.683+0000] {taskinstance.py:1511} INFO - Exporting the following env vars:
AIRFLOW_CTX_DAG_OWNER=xiaochen
AIRFLOW_CTX_DAG_ID=exe_web_crawlers_dag_v2
AIRFLOW_CTX_TASK_ID=id_2
AIRFLOW_CTX_EXECUTION_DATE=2023-04-09T15:57:00+00:00
AIRFLOW_CTX_TRY_NUMBER=2
AIRFLOW_CTX_DAG_RUN_ID=scheduled__2023-04-09T15:57:00+00:00
[2023-04-09T16:03:03.684+0000] {subprocess.py:63} INFO - Tmp dir root location: 
 /tmp
[2023-04-09T16:03:03.685+0000] {subprocess.py:75} INFO - Running command: ['/bin/bash', '-c', 'pwd']
[2023-04-09T16:03:03.694+0000] {subprocess.py:86} INFO - Output:
[2023-04-09T16:03:03.695+0000] {subprocess.py:93} INFO - /tmp/***tmpem3rqxf1
[2023-04-09T16:03:03.696+0000] {subprocess.py:97} INFO - Command exited with return code 0
[2023-04-09T16:03:03.716+0000] {taskinstance.py:1326} INFO - Marking task as SUCCESS. dag_id=exe_web_crawlers_dag_v2, task_id=id_2, execution_date=20230409T155700, start_date=20230409T160303, end_date=20230409T160303
[2023-04-09T16:03:03.748+0000] {local_task_job.py:212} INFO - Task exited with return code 0
[2023-04-09T16:03:03.764+0000] {taskinstance.py:2585} INFO - 0 downstream tasks scheduled from follow-on schedule check
