[2023-04-12T20:12:00.980+0000] {taskinstance.py:1084} INFO - Dependencies all met for dep_context=non-requeueable deps ti=<TaskInstance: execute_24hr_data_scrape.id_1 scheduled__2023-04-12T20:11:00+00:00 [queued]>
[2023-04-12T20:12:00.988+0000] {taskinstance.py:1084} INFO - Dependencies all met for dep_context=requeueable deps ti=<TaskInstance: execute_24hr_data_scrape.id_1 scheduled__2023-04-12T20:11:00+00:00 [queued]>
[2023-04-12T20:12:00.988+0000] {taskinstance.py:1282} INFO - 
--------------------------------------------------------------------------------
[2023-04-12T20:12:00.989+0000] {taskinstance.py:1283} INFO - Starting attempt 1 of 4
[2023-04-12T20:12:00.989+0000] {taskinstance.py:1284} INFO - 
--------------------------------------------------------------------------------
[2023-04-12T20:12:01.002+0000] {taskinstance.py:1303} INFO - Executing <Task(BashOperator): id_1> on 2023-04-12 20:11:00+00:00
[2023-04-12T20:12:01.006+0000] {standard_task_runner.py:55} INFO - Started process 27718 to run task
[2023-04-12T20:12:01.007+0000] {standard_task_runner.py:82} INFO - Running: ['***', 'tasks', 'run', 'execute_24hr_data_scrape', 'id_1', 'scheduled__2023-04-12T20:11:00+00:00', '--job-id', '8847', '--raw', '--subdir', 'DAGS_FOLDER/exec_web_crawlers_dag.py', '--cfg-path', '/tmp/tmp4oma7kiq']
[2023-04-12T20:12:01.008+0000] {standard_task_runner.py:83} INFO - Job 8847: Subtask id_1
[2023-04-12T20:12:01.054+0000] {task_command.py:388} INFO - Running <TaskInstance: execute_24hr_data_scrape.id_1 scheduled__2023-04-12T20:11:00+00:00 [running]> on host b518195edd5e
[2023-04-12T20:12:01.110+0000] {taskinstance.py:1511} INFO - Exporting the following env vars:
AIRFLOW_CTX_DAG_OWNER=xiaochen
AIRFLOW_CTX_DAG_ID=execute_24hr_data_scrape
AIRFLOW_CTX_TASK_ID=id_1
AIRFLOW_CTX_EXECUTION_DATE=2023-04-12T20:11:00+00:00
AIRFLOW_CTX_TRY_NUMBER=1
AIRFLOW_CTX_DAG_RUN_ID=scheduled__2023-04-12T20:11:00+00:00
[2023-04-12T20:12:01.111+0000] {subprocess.py:63} INFO - Tmp dir root location: 
 /tmp
[2023-04-12T20:12:01.112+0000] {subprocess.py:75} INFO - Running command: ['/bin/bash', '-c', 'echo Hello World !!!! My name is xxxxx !']
[2023-04-12T20:12:01.118+0000] {subprocess.py:86} INFO - Output:
[2023-04-12T20:12:01.119+0000] {subprocess.py:93} INFO - Hello World !!!! My name is xxxxx !
[2023-04-12T20:12:01.120+0000] {subprocess.py:97} INFO - Command exited with return code 0
[2023-04-12T20:12:01.138+0000] {taskinstance.py:1326} INFO - Marking task as SUCCESS. dag_id=execute_24hr_data_scrape, task_id=id_1, execution_date=20230412T201100, start_date=20230412T201200, end_date=20230412T201201
[2023-04-12T20:12:01.179+0000] {local_task_job.py:212} INFO - Task exited with return code 0
[2023-04-12T20:12:01.197+0000] {taskinstance.py:2585} INFO - 1 downstream tasks scheduled from follow-on schedule check
