[2023-04-06T03:33:19.330+0000] {taskinstance.py:1084} INFO - Dependencies all met for dep_context=non-requeueable deps ti=<TaskInstance: exe_web_crawlers_dag_v2.id_2 manual__2023-04-06T03:23:16.493172+00:00 [queued]>
[2023-04-06T03:33:19.339+0000] {taskinstance.py:1084} INFO - Dependencies all met for dep_context=requeueable deps ti=<TaskInstance: exe_web_crawlers_dag_v2.id_2 manual__2023-04-06T03:23:16.493172+00:00 [queued]>
[2023-04-06T03:33:19.339+0000] {taskinstance.py:1282} INFO - 
--------------------------------------------------------------------------------
[2023-04-06T03:33:19.340+0000] {taskinstance.py:1283} INFO - Starting attempt 3 of 4
[2023-04-06T03:33:19.341+0000] {taskinstance.py:1284} INFO - 
--------------------------------------------------------------------------------
[2023-04-06T03:33:19.354+0000] {taskinstance.py:1303} INFO - Executing <Task(BashOperator): id_2> on 2023-04-06 03:23:16.493172+00:00
[2023-04-06T03:33:19.360+0000] {standard_task_runner.py:55} INFO - Started process 10206 to run task
[2023-04-06T03:33:19.361+0000] {standard_task_runner.py:82} INFO - Running: ['***', 'tasks', 'run', 'exe_web_crawlers_dag_v2', 'id_2', 'manual__2023-04-06T03:23:16.493172+00:00', '--job-id', '36', '--raw', '--subdir', 'DAGS_FOLDER/exec_web_crawlers_dag.py', '--cfg-path', '/tmp/tmpvhmlqryk']
[2023-04-06T03:33:19.363+0000] {standard_task_runner.py:83} INFO - Job 36: Subtask id_2
[2023-04-06T03:33:19.414+0000] {task_command.py:388} INFO - Running <TaskInstance: exe_web_crawlers_dag_v2.id_2 manual__2023-04-06T03:23:16.493172+00:00 [running]> on host e8e20c2f7d98
[2023-04-06T03:33:19.470+0000] {taskinstance.py:1511} INFO - Exporting the following env vars:
AIRFLOW_CTX_DAG_OWNER=xiaochen
AIRFLOW_CTX_DAG_ID=exe_web_crawlers_dag_v2
AIRFLOW_CTX_TASK_ID=id_2
AIRFLOW_CTX_EXECUTION_DATE=2023-04-06T03:23:16.493172+00:00
AIRFLOW_CTX_TRY_NUMBER=3
AIRFLOW_CTX_DAG_RUN_ID=manual__2023-04-06T03:23:16.493172+00:00
[2023-04-06T03:33:19.471+0000] {subprocess.py:63} INFO - Tmp dir root location: 
 /tmp
[2023-04-06T03:33:19.472+0000] {subprocess.py:75} INFO - Running command: ['/bin/bash', '-c', 'python --version']
[2023-04-06T03:33:19.478+0000] {subprocess.py:86} INFO - Output:
[2023-04-06T03:33:19.481+0000] {subprocess.py:93} INFO - Python 3.7.16
[2023-04-06T03:33:19.481+0000] {subprocess.py:97} INFO - Command exited with return code 0
[2023-04-06T03:33:19.501+0000] {taskinstance.py:1326} INFO - Marking task as SUCCESS. dag_id=exe_web_crawlers_dag_v2, task_id=id_2, execution_date=20230406T032316, start_date=20230406T033319, end_date=20230406T033319
[2023-04-06T03:33:19.534+0000] {local_task_job.py:212} INFO - Task exited with return code 0
[2023-04-06T03:33:19.549+0000] {taskinstance.py:2585} INFO - 0 downstream tasks scheduled from follow-on schedule check
