[2023-04-11T18:09:00.850+0000] {taskinstance.py:1084} INFO - Dependencies all met for dep_context=non-requeueable deps ti=<TaskInstance: execute_24hr_data_scrape.id_1 scheduled__2023-04-11T18:08:00+00:00 [queued]>
[2023-04-11T18:09:00.857+0000] {taskinstance.py:1084} INFO - Dependencies all met for dep_context=requeueable deps ti=<TaskInstance: execute_24hr_data_scrape.id_1 scheduled__2023-04-11T18:08:00+00:00 [queued]>
[2023-04-11T18:09:00.858+0000] {taskinstance.py:1282} INFO - 
--------------------------------------------------------------------------------
[2023-04-11T18:09:00.859+0000] {taskinstance.py:1283} INFO - Starting attempt 1 of 4
[2023-04-11T18:09:00.859+0000] {taskinstance.py:1284} INFO - 
--------------------------------------------------------------------------------
[2023-04-11T18:09:00.872+0000] {taskinstance.py:1303} INFO - Executing <Task(BashOperator): id_1> on 2023-04-11 18:08:00+00:00
[2023-04-11T18:09:00.876+0000] {standard_task_runner.py:55} INFO - Started process 8724 to run task
[2023-04-11T18:09:00.878+0000] {standard_task_runner.py:82} INFO - Running: ['***', 'tasks', 'run', 'execute_24hr_data_scrape', 'id_1', 'scheduled__2023-04-11T18:08:00+00:00', '--job-id', '1026', '--raw', '--subdir', 'DAGS_FOLDER/exec_web_crawlers_dag.py', '--cfg-path', '/tmp/tmp4um3bp1r']
[2023-04-11T18:09:00.880+0000] {standard_task_runner.py:83} INFO - Job 1026: Subtask id_1
[2023-04-11T18:09:00.930+0000] {task_command.py:388} INFO - Running <TaskInstance: execute_24hr_data_scrape.id_1 scheduled__2023-04-11T18:08:00+00:00 [running]> on host b518195edd5e
[2023-04-11T18:09:00.991+0000] {taskinstance.py:1511} INFO - Exporting the following env vars:
AIRFLOW_CTX_DAG_OWNER=xiaochen
AIRFLOW_CTX_DAG_ID=execute_24hr_data_scrape
AIRFLOW_CTX_TASK_ID=id_1
AIRFLOW_CTX_EXECUTION_DATE=2023-04-11T18:08:00+00:00
AIRFLOW_CTX_TRY_NUMBER=1
AIRFLOW_CTX_DAG_RUN_ID=scheduled__2023-04-11T18:08:00+00:00
[2023-04-11T18:09:00.992+0000] {subprocess.py:63} INFO - Tmp dir root location: 
 /tmp
[2023-04-11T18:09:00.993+0000] {subprocess.py:75} INFO - Running command: ['/bin/bash', '-c', 'echo Hello World !!!! My name is xxxxx !']
[2023-04-11T18:09:01.001+0000] {subprocess.py:86} INFO - Output:
[2023-04-11T18:09:01.002+0000] {subprocess.py:93} INFO - Hello World !!!! My name is xxxxx !
[2023-04-11T18:09:01.002+0000] {subprocess.py:97} INFO - Command exited with return code 0
[2023-04-11T18:09:01.023+0000] {taskinstance.py:1326} INFO - Marking task as SUCCESS. dag_id=execute_24hr_data_scrape, task_id=id_1, execution_date=20230411T180800, start_date=20230411T180900, end_date=20230411T180901
[2023-04-11T18:09:01.050+0000] {local_task_job.py:212} INFO - Task exited with return code 0
[2023-04-11T18:09:01.070+0000] {taskinstance.py:2585} INFO - 1 downstream tasks scheduled from follow-on schedule check
