[2023-04-11T13:01:07.039+0000] {taskinstance.py:1084} INFO - Dependencies all met for dep_context=non-requeueable deps ti=<TaskInstance: execute_24hr_data_scrape.id_1 manual__2023-04-11T13:01:05.905245+00:00 [queued]>
[2023-04-11T13:01:07.047+0000] {taskinstance.py:1084} INFO - Dependencies all met for dep_context=requeueable deps ti=<TaskInstance: execute_24hr_data_scrape.id_1 manual__2023-04-11T13:01:05.905245+00:00 [queued]>
[2023-04-11T13:01:07.048+0000] {taskinstance.py:1282} INFO - 
--------------------------------------------------------------------------------
[2023-04-11T13:01:07.048+0000] {taskinstance.py:1283} INFO - Starting attempt 1 of 4
[2023-04-11T13:01:07.049+0000] {taskinstance.py:1284} INFO - 
--------------------------------------------------------------------------------
[2023-04-11T13:01:07.062+0000] {taskinstance.py:1303} INFO - Executing <Task(BashOperator): id_1> on 2023-04-11 13:01:05.905245+00:00
[2023-04-11T13:01:07.066+0000] {standard_task_runner.py:55} INFO - Started process 274 to run task
[2023-04-11T13:01:07.068+0000] {standard_task_runner.py:82} INFO - Running: ['***', 'tasks', 'run', 'execute_24hr_data_scrape', 'id_1', 'manual__2023-04-11T13:01:05.905245+00:00', '--job-id', '11', '--raw', '--subdir', 'DAGS_FOLDER/exec_web_crawlers_dag.py', '--cfg-path', '/tmp/tmpgyf6ovvp']
[2023-04-11T13:01:07.069+0000] {standard_task_runner.py:83} INFO - Job 11: Subtask id_1
[2023-04-11T13:01:07.119+0000] {task_command.py:388} INFO - Running <TaskInstance: execute_24hr_data_scrape.id_1 manual__2023-04-11T13:01:05.905245+00:00 [running]> on host b518195edd5e
[2023-04-11T13:01:07.178+0000] {taskinstance.py:1511} INFO - Exporting the following env vars:
AIRFLOW_CTX_DAG_OWNER=xiaochen
AIRFLOW_CTX_DAG_ID=execute_24hr_data_scrape
AIRFLOW_CTX_TASK_ID=id_1
AIRFLOW_CTX_EXECUTION_DATE=2023-04-11T13:01:05.905245+00:00
AIRFLOW_CTX_TRY_NUMBER=1
AIRFLOW_CTX_DAG_RUN_ID=manual__2023-04-11T13:01:05.905245+00:00
[2023-04-11T13:01:07.180+0000] {subprocess.py:63} INFO - Tmp dir root location: 
 /tmp
[2023-04-11T13:01:07.180+0000] {subprocess.py:75} INFO - Running command: ['/bin/bash', '-c', 'echo Hello World !!!! My name is xxxxx !']
[2023-04-11T13:01:07.187+0000] {subprocess.py:86} INFO - Output:
[2023-04-11T13:01:07.188+0000] {subprocess.py:93} INFO - Hello World !!!! My name is xxxxx !
[2023-04-11T13:01:07.189+0000] {subprocess.py:97} INFO - Command exited with return code 0
[2023-04-11T13:01:07.209+0000] {taskinstance.py:1326} INFO - Marking task as SUCCESS. dag_id=execute_24hr_data_scrape, task_id=id_1, execution_date=20230411T130105, start_date=20230411T130107, end_date=20230411T130107
[2023-04-11T13:01:07.240+0000] {local_task_job.py:212} INFO - Task exited with return code 0
[2023-04-11T13:01:07.260+0000] {taskinstance.py:2585} INFO - 1 downstream tasks scheduled from follow-on schedule check
