[2023-04-09T15:59:00.270+0000] {taskinstance.py:1084} INFO - Dependencies all met for dep_context=non-requeueable deps ti=<TaskInstance: exe_web_crawlers_dag_v2.id_1 scheduled__2023-04-09T15:58:00+00:00 [queued]>
[2023-04-09T15:59:00.278+0000] {taskinstance.py:1084} INFO - Dependencies all met for dep_context=requeueable deps ti=<TaskInstance: exe_web_crawlers_dag_v2.id_1 scheduled__2023-04-09T15:58:00+00:00 [queued]>
[2023-04-09T15:59:00.278+0000] {taskinstance.py:1282} INFO - 
--------------------------------------------------------------------------------
[2023-04-09T15:59:00.279+0000] {taskinstance.py:1283} INFO - Starting attempt 1 of 4
[2023-04-09T15:59:00.280+0000] {taskinstance.py:1284} INFO - 
--------------------------------------------------------------------------------
[2023-04-09T15:59:00.292+0000] {taskinstance.py:1303} INFO - Executing <Task(BashOperator): id_1> on 2023-04-09 15:58:00+00:00
[2023-04-09T15:59:00.296+0000] {standard_task_runner.py:55} INFO - Started process 1895 to run task
[2023-04-09T15:59:00.298+0000] {standard_task_runner.py:82} INFO - Running: ['***', 'tasks', 'run', 'exe_web_crawlers_dag_v2', 'id_1', 'scheduled__2023-04-09T15:58:00+00:00', '--job-id', '84', '--raw', '--subdir', 'DAGS_FOLDER/exec_web_crawlers_dag.py', '--cfg-path', '/tmp/tmp0qi8qf4e']
[2023-04-09T15:59:00.299+0000] {standard_task_runner.py:83} INFO - Job 84: Subtask id_1
[2023-04-09T15:59:00.347+0000] {task_command.py:388} INFO - Running <TaskInstance: exe_web_crawlers_dag_v2.id_1 scheduled__2023-04-09T15:58:00+00:00 [running]> on host e8e20c2f7d98
[2023-04-09T15:59:00.404+0000] {taskinstance.py:1511} INFO - Exporting the following env vars:
AIRFLOW_CTX_DAG_OWNER=xiaochen
AIRFLOW_CTX_DAG_ID=exe_web_crawlers_dag_v2
AIRFLOW_CTX_TASK_ID=id_1
AIRFLOW_CTX_EXECUTION_DATE=2023-04-09T15:58:00+00:00
AIRFLOW_CTX_TRY_NUMBER=1
AIRFLOW_CTX_DAG_RUN_ID=scheduled__2023-04-09T15:58:00+00:00
[2023-04-09T15:59:00.405+0000] {subprocess.py:63} INFO - Tmp dir root location: 
 /tmp
[2023-04-09T15:59:00.406+0000] {subprocess.py:75} INFO - Running command: ['/bin/bash', '-c', 'echo Hello World !!!! My name is xxxxx !']
[2023-04-09T15:59:00.413+0000] {subprocess.py:86} INFO - Output:
[2023-04-09T15:59:00.414+0000] {subprocess.py:93} INFO - Hello World !!!! My name is xxxxx !
[2023-04-09T15:59:00.414+0000] {subprocess.py:97} INFO - Command exited with return code 0
[2023-04-09T15:59:00.433+0000] {taskinstance.py:1326} INFO - Marking task as SUCCESS. dag_id=exe_web_crawlers_dag_v2, task_id=id_1, execution_date=20230409T155800, start_date=20230409T155900, end_date=20230409T155900
[2023-04-09T15:59:00.470+0000] {local_task_job.py:212} INFO - Task exited with return code 0
[2023-04-09T15:59:00.491+0000] {taskinstance.py:2585} INFO - 1 downstream tasks scheduled from follow-on schedule check
