[2023-04-12T19:00:00.753+0000] {taskinstance.py:1084} INFO - Dependencies all met for dep_context=non-requeueable deps ti=<TaskInstance: execute_24hr_data_scrape.id_1 scheduled__2023-04-12T18:59:00+00:00 [queued]>
[2023-04-12T19:00:00.760+0000] {taskinstance.py:1084} INFO - Dependencies all met for dep_context=requeueable deps ti=<TaskInstance: execute_24hr_data_scrape.id_1 scheduled__2023-04-12T18:59:00+00:00 [queued]>
[2023-04-12T19:00:00.761+0000] {taskinstance.py:1282} INFO - 
--------------------------------------------------------------------------------
[2023-04-12T19:00:00.762+0000] {taskinstance.py:1283} INFO - Starting attempt 1 of 4
[2023-04-12T19:00:00.762+0000] {taskinstance.py:1284} INFO - 
--------------------------------------------------------------------------------
[2023-04-12T19:00:00.776+0000] {taskinstance.py:1303} INFO - Executing <Task(BashOperator): id_1> on 2023-04-12 18:59:00+00:00
[2023-04-12T19:00:00.779+0000] {standard_task_runner.py:55} INFO - Started process 24914 to run task
[2023-04-12T19:00:00.781+0000] {standard_task_runner.py:82} INFO - Running: ['***', 'tasks', 'run', 'execute_24hr_data_scrape', 'id_1', 'scheduled__2023-04-12T18:59:00+00:00', '--job-id', '8487', '--raw', '--subdir', 'DAGS_FOLDER/exec_web_crawlers_dag.py', '--cfg-path', '/tmp/tmpy7dvuxzz']
[2023-04-12T19:00:00.782+0000] {standard_task_runner.py:83} INFO - Job 8487: Subtask id_1
[2023-04-12T19:00:00.827+0000] {task_command.py:388} INFO - Running <TaskInstance: execute_24hr_data_scrape.id_1 scheduled__2023-04-12T18:59:00+00:00 [running]> on host b518195edd5e
[2023-04-12T19:00:00.884+0000] {taskinstance.py:1511} INFO - Exporting the following env vars:
AIRFLOW_CTX_DAG_OWNER=xiaochen
AIRFLOW_CTX_DAG_ID=execute_24hr_data_scrape
AIRFLOW_CTX_TASK_ID=id_1
AIRFLOW_CTX_EXECUTION_DATE=2023-04-12T18:59:00+00:00
AIRFLOW_CTX_TRY_NUMBER=1
AIRFLOW_CTX_DAG_RUN_ID=scheduled__2023-04-12T18:59:00+00:00
[2023-04-12T19:00:00.885+0000] {subprocess.py:63} INFO - Tmp dir root location: 
 /tmp
[2023-04-12T19:00:00.886+0000] {subprocess.py:75} INFO - Running command: ['/bin/bash', '-c', 'echo Hello World !!!! My name is xxxxx !']
[2023-04-12T19:00:00.892+0000] {subprocess.py:86} INFO - Output:
[2023-04-12T19:00:00.894+0000] {subprocess.py:93} INFO - Hello World !!!! My name is xxxxx !
[2023-04-12T19:00:00.894+0000] {subprocess.py:97} INFO - Command exited with return code 0
[2023-04-12T19:00:00.913+0000] {taskinstance.py:1326} INFO - Marking task as SUCCESS. dag_id=execute_24hr_data_scrape, task_id=id_1, execution_date=20230412T185900, start_date=20230412T190000, end_date=20230412T190000
[2023-04-12T19:00:00.954+0000] {local_task_job.py:212} INFO - Task exited with return code 0
[2023-04-12T19:00:00.973+0000] {taskinstance.py:2585} INFO - 1 downstream tasks scheduled from follow-on schedule check
