[2023-04-12T10:39:00.809+0000] {taskinstance.py:1084} INFO - Dependencies all met for dep_context=non-requeueable deps ti=<TaskInstance: execute_24hr_data_scrape.id_1 scheduled__2023-04-12T10:38:00+00:00 [queued]>
[2023-04-12T10:39:00.817+0000] {taskinstance.py:1084} INFO - Dependencies all met for dep_context=requeueable deps ti=<TaskInstance: execute_24hr_data_scrape.id_1 scheduled__2023-04-12T10:38:00+00:00 [queued]>
[2023-04-12T10:39:00.818+0000] {taskinstance.py:1282} INFO - 
--------------------------------------------------------------------------------
[2023-04-12T10:39:00.818+0000] {taskinstance.py:1283} INFO - Starting attempt 1 of 4
[2023-04-12T10:39:00.819+0000] {taskinstance.py:1284} INFO - 
--------------------------------------------------------------------------------
[2023-04-12T10:39:00.833+0000] {taskinstance.py:1303} INFO - Executing <Task(BashOperator): id_1> on 2023-04-12 10:38:00+00:00
[2023-04-12T10:39:00.836+0000] {standard_task_runner.py:55} INFO - Started process 5383 to run task
[2023-04-12T10:39:00.838+0000] {standard_task_runner.py:82} INFO - Running: ['***', 'tasks', 'run', 'execute_24hr_data_scrape', 'id_1', 'scheduled__2023-04-12T10:38:00+00:00', '--job-id', '5982', '--raw', '--subdir', 'DAGS_FOLDER/exec_web_crawlers_dag.py', '--cfg-path', '/tmp/tmpxyo9gqmi']
[2023-04-12T10:39:00.839+0000] {standard_task_runner.py:83} INFO - Job 5982: Subtask id_1
[2023-04-12T10:39:00.885+0000] {task_command.py:388} INFO - Running <TaskInstance: execute_24hr_data_scrape.id_1 scheduled__2023-04-12T10:38:00+00:00 [running]> on host b518195edd5e
[2023-04-12T10:39:00.942+0000] {taskinstance.py:1511} INFO - Exporting the following env vars:
AIRFLOW_CTX_DAG_OWNER=xiaochen
AIRFLOW_CTX_DAG_ID=execute_24hr_data_scrape
AIRFLOW_CTX_TASK_ID=id_1
AIRFLOW_CTX_EXECUTION_DATE=2023-04-12T10:38:00+00:00
AIRFLOW_CTX_TRY_NUMBER=1
AIRFLOW_CTX_DAG_RUN_ID=scheduled__2023-04-12T10:38:00+00:00
[2023-04-12T10:39:00.943+0000] {subprocess.py:63} INFO - Tmp dir root location: 
 /tmp
[2023-04-12T10:39:00.945+0000] {subprocess.py:75} INFO - Running command: ['/bin/bash', '-c', 'echo Hello World !!!! My name is xxxxx !']
[2023-04-12T10:39:00.950+0000] {subprocess.py:86} INFO - Output:
[2023-04-12T10:39:00.951+0000] {subprocess.py:93} INFO - Hello World !!!! My name is xxxxx !
[2023-04-12T10:39:00.952+0000] {subprocess.py:97} INFO - Command exited with return code 0
[2023-04-12T10:39:00.970+0000] {taskinstance.py:1326} INFO - Marking task as SUCCESS. dag_id=execute_24hr_data_scrape, task_id=id_1, execution_date=20230412T103800, start_date=20230412T103900, end_date=20230412T103900
[2023-04-12T10:39:01.010+0000] {local_task_job.py:212} INFO - Task exited with return code 0
[2023-04-12T10:39:01.028+0000] {taskinstance.py:2585} INFO - 1 downstream tasks scheduled from follow-on schedule check
