[2023-04-14T14:51:44.046+0000] {taskinstance.py:1084} INFO - Dependencies all met for dep_context=non-requeueable deps ti=<TaskInstance: execute_24hr_data_scrape.id_2 scheduled__2023-04-14T14:43:00+00:00 [queued]>
[2023-04-14T14:51:44.066+0000] {taskinstance.py:1084} INFO - Dependencies all met for dep_context=requeueable deps ti=<TaskInstance: execute_24hr_data_scrape.id_2 scheduled__2023-04-14T14:43:00+00:00 [queued]>
[2023-04-14T14:51:44.067+0000] {taskinstance.py:1282} INFO - 
--------------------------------------------------------------------------------
[2023-04-14T14:51:44.070+0000] {taskinstance.py:1283} INFO - Starting attempt 2 of 4
[2023-04-14T14:51:44.071+0000] {taskinstance.py:1284} INFO - 
--------------------------------------------------------------------------------
[2023-04-14T14:51:44.100+0000] {taskinstance.py:1303} INFO - Executing <Task(BashOperator): id_2> on 2023-04-14 14:43:00+00:00
[2023-04-14T14:51:44.113+0000] {standard_task_runner.py:55} INFO - Started process 716 to run task
[2023-04-14T14:51:44.119+0000] {standard_task_runner.py:82} INFO - Running: ['***', 'tasks', 'run', 'execute_24hr_data_scrape', 'id_2', 'scheduled__2023-04-14T14:43:00+00:00', '--job-id', '68', '--raw', '--subdir', 'DAGS_FOLDER/exec_web_crawlers_dag.py', '--cfg-path', '/tmp/tmpzcridvxo']
[2023-04-14T14:51:44.124+0000] {standard_task_runner.py:83} INFO - Job 68: Subtask id_2
[2023-04-14T14:51:44.279+0000] {task_command.py:388} INFO - Running <TaskInstance: execute_24hr_data_scrape.id_2 scheduled__2023-04-14T14:43:00+00:00 [running]> on host 6f8cd9778af0
[2023-04-14T14:51:44.471+0000] {taskinstance.py:1511} INFO - Exporting the following env vars:
AIRFLOW_CTX_DAG_OWNER=xiaochen
AIRFLOW_CTX_DAG_ID=execute_24hr_data_scrape
AIRFLOW_CTX_TASK_ID=id_2
AIRFLOW_CTX_EXECUTION_DATE=2023-04-14T14:43:00+00:00
AIRFLOW_CTX_TRY_NUMBER=2
AIRFLOW_CTX_DAG_RUN_ID=scheduled__2023-04-14T14:43:00+00:00
[2023-04-14T14:51:44.474+0000] {subprocess.py:63} INFO - Tmp dir root location: 
 /tmp
[2023-04-14T14:51:44.477+0000] {subprocess.py:75} INFO - Running command: ['/bin/bash', '-c', 'python /opt/***/src/news_comments_crawlers/crawlers/_EN_CNA.py --name CNA']
[2023-04-14T14:51:44.503+0000] {subprocess.py:86} INFO - Output:
[2023-04-14T14:51:49.337+0000] {subprocess.py:93} INFO - 
[2023-04-14T14:51:49.340+0000] {subprocess.py:93} INFO - --DEBUG: getcwd:       /tmp/***tmpv4l_wk_d
[2023-04-14T14:51:49.341+0000] {subprocess.py:93} INFO - 
[2023-04-14T14:51:49.342+0000] {subprocess.py:93} INFO - --DEBUG: __file__:     /opt/***/src/news_comments_crawlers/crawlers/_EN_CNA.py
[2023-04-14T14:51:49.343+0000] {subprocess.py:93} INFO - 
[2023-04-14T14:51:49.344+0000] {subprocess.py:93} INFO - -- Session Object : Good to go.
[2023-04-14T14:51:49.346+0000] {subprocess.py:93} INFO - 
[2023-04-14T14:51:49.347+0000] {subprocess.py:93} INFO - -- Log Folder: Failed to create.
[2023-04-14T14:51:49.348+0000] {subprocess.py:93} INFO - [Errno 2] No such file or directory: '/opt/***/src/news_comments_crawlers/crawlers/out/2023-04-14'
[2023-04-14T14:51:49.349+0000] {subprocess.py:93} INFO - []
[2023-04-14T14:51:49.365+0000] {subprocess.py:93} INFO - Traceback (most recent call last):
[2023-04-14T14:51:49.366+0000] {subprocess.py:93} INFO -   File "/opt/***/src/news_comments_crawlers/crawlers/_EN_CNA.py", line 13, in <module>
[2023-04-14T14:51:49.367+0000] {subprocess.py:93} INFO -     from Functions import *
[2023-04-14T14:51:49.369+0000] {subprocess.py:93} INFO -   File "<fstring>", line 1
[2023-04-14T14:51:49.370+0000] {subprocess.py:93} INFO -     (USE_CACHE=)
[2023-04-14T14:51:49.371+0000] {subprocess.py:93} INFO -               ^
[2023-04-14T14:51:49.373+0000] {subprocess.py:93} INFO - SyntaxError: invalid syntax
[2023-04-14T14:51:49.821+0000] {subprocess.py:97} INFO - Command exited with return code 1
[2023-04-14T14:51:49.837+0000] {taskinstance.py:1775} ERROR - Task failed with exception
Traceback (most recent call last):
  File "/home/airflow/.local/lib/python3.7/site-packages/airflow/operators/bash.py", line 197, in execute
    f"Bash command failed. The command returned a non-zero exit code {result.exit_code}."
airflow.exceptions.AirflowException: Bash command failed. The command returned a non-zero exit code 1.
[2023-04-14T14:51:49.843+0000] {taskinstance.py:1326} INFO - Marking task as UP_FOR_RETRY. dag_id=execute_24hr_data_scrape, task_id=id_2, execution_date=20230414T144300, start_date=20230414T145144, end_date=20230414T145149
[2023-04-14T14:51:49.862+0000] {standard_task_runner.py:105} ERROR - Failed to execute job 68 for task id_2 (Bash command failed. The command returned a non-zero exit code 1.; 716)
[2023-04-14T14:51:49.870+0000] {local_task_job.py:212} INFO - Task exited with return code 1
[2023-04-14T14:51:49.887+0000] {taskinstance.py:2585} INFO - 0 downstream tasks scheduled from follow-on schedule check
