[2023-04-11T16:52:03.617+0000] {taskinstance.py:1084} INFO - Dependencies all met for dep_context=non-requeueable deps ti=<TaskInstance: execute_24hr_data_scrape.id_2 scheduled__2023-04-11T16:46:00+00:00 [queued]>
[2023-04-11T16:52:03.626+0000] {taskinstance.py:1084} INFO - Dependencies all met for dep_context=requeueable deps ti=<TaskInstance: execute_24hr_data_scrape.id_2 scheduled__2023-04-11T16:46:00+00:00 [queued]>
[2023-04-11T16:52:03.627+0000] {taskinstance.py:1282} INFO - 
--------------------------------------------------------------------------------
[2023-04-11T16:52:03.628+0000] {taskinstance.py:1283} INFO - Starting attempt 2 of 4
[2023-04-11T16:52:03.628+0000] {taskinstance.py:1284} INFO - 
--------------------------------------------------------------------------------
[2023-04-11T16:52:03.733+0000] {taskinstance.py:1303} INFO - Executing <Task(BashOperator): id_2> on 2023-04-11 16:46:00+00:00
[2023-04-11T16:52:03.737+0000] {standard_task_runner.py:55} INFO - Started process 5729 to run task
[2023-04-11T16:52:03.739+0000] {standard_task_runner.py:82} INFO - Running: ['***', 'tasks', 'run', 'execute_24hr_data_scrape', 'id_2', 'scheduled__2023-04-11T16:46:00+00:00', '--job-id', '644', '--raw', '--subdir', 'DAGS_FOLDER/exec_web_crawlers_dag.py', '--cfg-path', '/tmp/tmptzw5kz52']
[2023-04-11T16:52:03.741+0000] {standard_task_runner.py:83} INFO - Job 644: Subtask id_2
[2023-04-11T16:52:03.796+0000] {task_command.py:388} INFO - Running <TaskInstance: execute_24hr_data_scrape.id_2 scheduled__2023-04-11T16:46:00+00:00 [running]> on host b518195edd5e
[2023-04-11T16:52:03.856+0000] {taskinstance.py:1511} INFO - Exporting the following env vars:
AIRFLOW_CTX_DAG_OWNER=xiaochen
AIRFLOW_CTX_DAG_ID=execute_24hr_data_scrape
AIRFLOW_CTX_TASK_ID=id_2
AIRFLOW_CTX_EXECUTION_DATE=2023-04-11T16:46:00+00:00
AIRFLOW_CTX_TRY_NUMBER=2
AIRFLOW_CTX_DAG_RUN_ID=scheduled__2023-04-11T16:46:00+00:00
[2023-04-11T16:52:03.857+0000] {subprocess.py:63} INFO - Tmp dir root location: 
 /tmp
[2023-04-11T16:52:03.858+0000] {subprocess.py:75} INFO - Running command: ['/bin/bash', '-c', 'python /opt/***/src/news_comments_crawlers/crawlers/_EN_CNA.py --name CNA']
[2023-04-11T16:52:03.866+0000] {subprocess.py:86} INFO - Output:
[2023-04-11T16:52:03.949+0000] {subprocess.py:93} INFO - python: can't open file '/opt/***/src/news_comments_crawlers/crawlers/_EN_CNA.py': [Errno 5] Input/output error
[2023-04-11T16:52:03.951+0000] {subprocess.py:97} INFO - Command exited with return code 2
[2023-04-11T16:52:03.962+0000] {taskinstance.py:1775} ERROR - Task failed with exception
Traceback (most recent call last):
  File "/home/airflow/.local/lib/python3.7/site-packages/airflow/operators/bash.py", line 197, in execute
    f"Bash command failed. The command returned a non-zero exit code {result.exit_code}."
airflow.exceptions.AirflowException: Bash command failed. The command returned a non-zero exit code 2.
[2023-04-11T16:52:03.965+0000] {taskinstance.py:1326} INFO - Marking task as UP_FOR_RETRY. dag_id=execute_24hr_data_scrape, task_id=id_2, execution_date=20230411T164600, start_date=20230411T165203, end_date=20230411T165203
[2023-04-11T16:52:03.975+0000] {standard_task_runner.py:105} ERROR - Failed to execute job 644 for task id_2 (Bash command failed. The command returned a non-zero exit code 2.; 5729)
[2023-04-11T16:52:03.992+0000] {local_task_job.py:212} INFO - Task exited with return code 1
[2023-04-11T16:52:04.009+0000] {taskinstance.py:2585} INFO - 0 downstream tasks scheduled from follow-on schedule check
