[2023-04-12T20:41:00.818+0000] {taskinstance.py:1084} INFO - Dependencies all met for dep_context=non-requeueable deps ti=<TaskInstance: execute_24hr_data_scrape.id_1 scheduled__2023-04-12T20:40:00+00:00 [queued]>
[2023-04-12T20:41:00.826+0000] {taskinstance.py:1084} INFO - Dependencies all met for dep_context=requeueable deps ti=<TaskInstance: execute_24hr_data_scrape.id_1 scheduled__2023-04-12T20:40:00+00:00 [queued]>
[2023-04-12T20:41:00.827+0000] {taskinstance.py:1282} INFO - 
--------------------------------------------------------------------------------
[2023-04-12T20:41:00.828+0000] {taskinstance.py:1283} INFO - Starting attempt 1 of 4
[2023-04-12T20:41:00.828+0000] {taskinstance.py:1284} INFO - 
--------------------------------------------------------------------------------
[2023-04-12T20:41:00.841+0000] {taskinstance.py:1303} INFO - Executing <Task(BashOperator): id_1> on 2023-04-12 20:40:00+00:00
[2023-04-12T20:41:00.844+0000] {standard_task_runner.py:55} INFO - Started process 28852 to run task
[2023-04-12T20:41:00.846+0000] {standard_task_runner.py:82} INFO - Running: ['***', 'tasks', 'run', 'execute_24hr_data_scrape', 'id_1', 'scheduled__2023-04-12T20:40:00+00:00', '--job-id', '8992', '--raw', '--subdir', 'DAGS_FOLDER/exec_web_crawlers_dag.py', '--cfg-path', '/tmp/tmp4lc8lg1r']
[2023-04-12T20:41:00.847+0000] {standard_task_runner.py:83} INFO - Job 8992: Subtask id_1
[2023-04-12T20:41:00.893+0000] {task_command.py:388} INFO - Running <TaskInstance: execute_24hr_data_scrape.id_1 scheduled__2023-04-12T20:40:00+00:00 [running]> on host b518195edd5e
[2023-04-12T20:41:00.952+0000] {taskinstance.py:1511} INFO - Exporting the following env vars:
AIRFLOW_CTX_DAG_OWNER=xiaochen
AIRFLOW_CTX_DAG_ID=execute_24hr_data_scrape
AIRFLOW_CTX_TASK_ID=id_1
AIRFLOW_CTX_EXECUTION_DATE=2023-04-12T20:40:00+00:00
AIRFLOW_CTX_TRY_NUMBER=1
AIRFLOW_CTX_DAG_RUN_ID=scheduled__2023-04-12T20:40:00+00:00
[2023-04-12T20:41:00.953+0000] {subprocess.py:63} INFO - Tmp dir root location: 
 /tmp
[2023-04-12T20:41:00.954+0000] {subprocess.py:75} INFO - Running command: ['/bin/bash', '-c', 'echo Hello World !!!! My name is xxxxx !']
[2023-04-12T20:41:00.959+0000] {subprocess.py:86} INFO - Output:
[2023-04-12T20:41:00.960+0000] {subprocess.py:93} INFO - Hello World !!!! My name is xxxxx !
[2023-04-12T20:41:00.961+0000] {subprocess.py:97} INFO - Command exited with return code 0
[2023-04-12T20:41:00.980+0000] {taskinstance.py:1326} INFO - Marking task as SUCCESS. dag_id=execute_24hr_data_scrape, task_id=id_1, execution_date=20230412T204000, start_date=20230412T204100, end_date=20230412T204100
[2023-04-12T20:41:01.018+0000] {local_task_job.py:212} INFO - Task exited with return code 0
[2023-04-12T20:41:01.036+0000] {taskinstance.py:2585} INFO - 1 downstream tasks scheduled from follow-on schedule check
