[2023-04-11T13:28:10.575+0000] {taskinstance.py:1084} INFO - Dependencies all met for dep_context=non-requeueable deps ti=<TaskInstance: execute_24hr_data_scrape.id_1 scheduled__2023-04-11T13:22:00+00:00 [queued]>
[2023-04-11T13:28:10.593+0000] {taskinstance.py:1084} INFO - Dependencies all met for dep_context=requeueable deps ti=<TaskInstance: execute_24hr_data_scrape.id_1 scheduled__2023-04-11T13:22:00+00:00 [queued]>
[2023-04-11T13:28:10.594+0000] {taskinstance.py:1282} INFO - 
--------------------------------------------------------------------------------
[2023-04-11T13:28:10.596+0000] {taskinstance.py:1283} INFO - Starting attempt 2 of 4
[2023-04-11T13:28:10.596+0000] {taskinstance.py:1284} INFO - 
--------------------------------------------------------------------------------
[2023-04-11T13:28:10.628+0000] {taskinstance.py:1303} INFO - Executing <Task(BashOperator): id_1> on 2023-04-11 13:22:00+00:00
[2023-04-11T13:28:10.635+0000] {standard_task_runner.py:55} INFO - Started process 827 to run task
[2023-04-11T13:28:10.638+0000] {standard_task_runner.py:82} INFO - Running: ['***', 'tasks', 'run', 'execute_24hr_data_scrape', 'id_1', 'scheduled__2023-04-11T13:22:00+00:00', '--job-id', '59', '--raw', '--subdir', 'DAGS_FOLDER/exec_web_crawlers_dag.py', '--cfg-path', '/tmp/tmpuse0cojc']
[2023-04-11T13:28:10.641+0000] {standard_task_runner.py:83} INFO - Job 59: Subtask id_1
[2023-04-11T13:28:10.744+0000] {task_command.py:388} INFO - Running <TaskInstance: execute_24hr_data_scrape.id_1 scheduled__2023-04-11T13:22:00+00:00 [running]> on host b518195edd5e
[2023-04-11T13:28:10.899+0000] {taskinstance.py:1511} INFO - Exporting the following env vars:
AIRFLOW_CTX_DAG_OWNER=xiaochen
AIRFLOW_CTX_DAG_ID=execute_24hr_data_scrape
AIRFLOW_CTX_TASK_ID=id_1
AIRFLOW_CTX_EXECUTION_DATE=2023-04-11T13:22:00+00:00
AIRFLOW_CTX_TRY_NUMBER=2
AIRFLOW_CTX_DAG_RUN_ID=scheduled__2023-04-11T13:22:00+00:00
[2023-04-11T13:28:10.901+0000] {subprocess.py:63} INFO - Tmp dir root location: 
 /tmp
[2023-04-11T13:28:10.903+0000] {subprocess.py:75} INFO - Running command: ['/bin/bash', '-c', 'echo Hello World !!!! My name is xxxxx !']
[2023-04-11T13:28:10.923+0000] {subprocess.py:86} INFO - Output:
[2023-04-11T13:28:10.925+0000] {subprocess.py:93} INFO - Hello World !!!! My name is xxxxx !
[2023-04-11T13:28:10.926+0000] {subprocess.py:97} INFO - Command exited with return code 0
[2023-04-11T13:28:10.972+0000] {taskinstance.py:1326} INFO - Marking task as SUCCESS. dag_id=execute_24hr_data_scrape, task_id=id_1, execution_date=20230411T132200, start_date=20230411T132810, end_date=20230411T132810
[2023-04-11T13:28:11.013+0000] {local_task_job.py:212} INFO - Task exited with return code 0
[2023-04-11T13:28:11.057+0000] {taskinstance.py:2585} INFO - 1 downstream tasks scheduled from follow-on schedule check
