[2023-04-11T13:38:15.442+0000] {taskinstance.py:1084} INFO - Dependencies all met for dep_context=non-requeueable deps ti=<TaskInstance: execute_24hr_data_scrape.id_2 scheduled__2023-04-11T13:22:00+00:00 [queued]>
[2023-04-11T13:38:15.460+0000] {taskinstance.py:1084} INFO - Dependencies all met for dep_context=requeueable deps ti=<TaskInstance: execute_24hr_data_scrape.id_2 scheduled__2023-04-11T13:22:00+00:00 [queued]>
[2023-04-11T13:38:15.461+0000] {taskinstance.py:1282} INFO - 
--------------------------------------------------------------------------------
[2023-04-11T13:38:15.462+0000] {taskinstance.py:1283} INFO - Starting attempt 3 of 4
[2023-04-11T13:38:15.463+0000] {taskinstance.py:1284} INFO - 
--------------------------------------------------------------------------------
[2023-04-11T13:38:15.489+0000] {taskinstance.py:1303} INFO - Executing <Task(BashOperator): id_2> on 2023-04-11 13:22:00+00:00
[2023-04-11T13:38:15.497+0000] {standard_task_runner.py:55} INFO - Started process 1204 to run task
[2023-04-11T13:38:15.501+0000] {standard_task_runner.py:82} INFO - Running: ['***', 'tasks', 'run', 'execute_24hr_data_scrape', 'id_2', 'scheduled__2023-04-11T13:22:00+00:00', '--job-id', '103', '--raw', '--subdir', 'DAGS_FOLDER/exec_web_crawlers_dag.py', '--cfg-path', '/tmp/tmpynarfmx1']
[2023-04-11T13:38:15.502+0000] {standard_task_runner.py:83} INFO - Job 103: Subtask id_2
[2023-04-11T13:38:15.603+0000] {task_command.py:388} INFO - Running <TaskInstance: execute_24hr_data_scrape.id_2 scheduled__2023-04-11T13:22:00+00:00 [running]> on host b518195edd5e
[2023-04-11T13:38:15.720+0000] {taskinstance.py:1511} INFO - Exporting the following env vars:
AIRFLOW_CTX_DAG_OWNER=xiaochen
AIRFLOW_CTX_DAG_ID=execute_24hr_data_scrape
AIRFLOW_CTX_TASK_ID=id_2
AIRFLOW_CTX_EXECUTION_DATE=2023-04-11T13:22:00+00:00
AIRFLOW_CTX_TRY_NUMBER=3
AIRFLOW_CTX_DAG_RUN_ID=scheduled__2023-04-11T13:22:00+00:00
[2023-04-11T13:38:15.722+0000] {subprocess.py:63} INFO - Tmp dir root location: 
 /tmp
[2023-04-11T13:38:15.725+0000] {subprocess.py:75} INFO - Running command: ['/bin/bash', '-c', 'python /opt/***/src/news_comments_crawlers/crawlers/_EN_CNA.py --name CNA']
[2023-04-11T13:38:15.744+0000] {subprocess.py:86} INFO - Output:
[2023-04-11T13:38:16.038+0000] {subprocess.py:93} INFO - Traceback (most recent call last):
[2023-04-11T13:38:16.039+0000] {subprocess.py:93} INFO -   File "/opt/***/src/news_comments_crawlers/crawlers/_EN_CNA.py", line 8, in <module>
[2023-04-11T13:38:16.040+0000] {subprocess.py:93} INFO -     from config.Preprocessor import Preprocessor
[2023-04-11T13:38:16.041+0000] {subprocess.py:93} INFO -   File "/opt/***/src/news_comments_crawlers/crawlers/config/Preprocessor.py", line 11, in <module>
[2023-04-11T13:38:16.042+0000] {subprocess.py:93} INFO -     from nltk.stem import WordNetLemmatizer
[2023-04-11T13:38:16.042+0000] {subprocess.py:93} INFO - ModuleNotFoundError: No module named 'nltk'
[2023-04-11T13:38:16.046+0000] {subprocess.py:97} INFO - Command exited with return code 1
[2023-04-11T13:38:16.060+0000] {taskinstance.py:1775} ERROR - Task failed with exception
Traceback (most recent call last):
  File "/home/airflow/.local/lib/python3.7/site-packages/airflow/operators/bash.py", line 197, in execute
    f"Bash command failed. The command returned a non-zero exit code {result.exit_code}."
airflow.exceptions.AirflowException: Bash command failed. The command returned a non-zero exit code 1.
[2023-04-11T13:38:16.066+0000] {taskinstance.py:1326} INFO - Marking task as UP_FOR_RETRY. dag_id=execute_24hr_data_scrape, task_id=id_2, execution_date=20230411T132200, start_date=20230411T133815, end_date=20230411T133816
[2023-04-11T13:38:16.084+0000] {standard_task_runner.py:105} ERROR - Failed to execute job 103 for task id_2 (Bash command failed. The command returned a non-zero exit code 1.; 1204)
[2023-04-11T13:38:16.116+0000] {local_task_job.py:212} INFO - Task exited with return code 1
[2023-04-11T13:38:16.144+0000] {taskinstance.py:2585} INFO - 0 downstream tasks scheduled from follow-on schedule check
