[2023-04-14T15:14:02.394+0000] {taskinstance.py:1084} INFO - Dependencies all met for dep_context=non-requeueable deps ti=<TaskInstance: execute_24hr_data_scrape.id_2 scheduled__2023-04-14T15:13:00+00:00 [queued]>
[2023-04-14T15:14:02.401+0000] {taskinstance.py:1084} INFO - Dependencies all met for dep_context=requeueable deps ti=<TaskInstance: execute_24hr_data_scrape.id_2 scheduled__2023-04-14T15:13:00+00:00 [queued]>
[2023-04-14T15:14:02.402+0000] {taskinstance.py:1282} INFO - 
--------------------------------------------------------------------------------
[2023-04-14T15:14:02.403+0000] {taskinstance.py:1283} INFO - Starting attempt 1 of 4
[2023-04-14T15:14:02.403+0000] {taskinstance.py:1284} INFO - 
--------------------------------------------------------------------------------
[2023-04-14T15:14:02.415+0000] {taskinstance.py:1303} INFO - Executing <Task(BashOperator): id_2> on 2023-04-14 15:13:00+00:00
[2023-04-14T15:14:02.420+0000] {standard_task_runner.py:55} INFO - Started process 3290 to run task
[2023-04-14T15:14:02.422+0000] {standard_task_runner.py:82} INFO - Running: ['***', 'tasks', 'run', 'execute_24hr_data_scrape', 'id_2', 'scheduled__2023-04-14T15:13:00+00:00', '--job-id', '175', '--raw', '--subdir', 'DAGS_FOLDER/exec_web_crawlers_dag.py', '--cfg-path', '/tmp/tmp9jke9g05']
[2023-04-14T15:14:02.424+0000] {standard_task_runner.py:83} INFO - Job 175: Subtask id_2
[2023-04-14T15:14:02.468+0000] {task_command.py:388} INFO - Running <TaskInstance: execute_24hr_data_scrape.id_2 scheduled__2023-04-14T15:13:00+00:00 [running]> on host 6f8cd9778af0
[2023-04-14T15:14:02.538+0000] {taskinstance.py:1511} INFO - Exporting the following env vars:
AIRFLOW_CTX_DAG_OWNER=xiaochen
AIRFLOW_CTX_DAG_ID=execute_24hr_data_scrape
AIRFLOW_CTX_TASK_ID=id_2
AIRFLOW_CTX_EXECUTION_DATE=2023-04-14T15:13:00+00:00
AIRFLOW_CTX_TRY_NUMBER=1
AIRFLOW_CTX_DAG_RUN_ID=scheduled__2023-04-14T15:13:00+00:00
[2023-04-14T15:14:02.539+0000] {subprocess.py:63} INFO - Tmp dir root location: 
 /tmp
[2023-04-14T15:14:02.540+0000] {subprocess.py:75} INFO - Running command: ['/bin/bash', '-c', 'python /opt/***/src/news_comments_crawlers/crawlers/_EN_CNA.py --name CNA']
[2023-04-14T15:14:02.550+0000] {subprocess.py:86} INFO - Output:
[2023-04-14T15:14:04.603+0000] {subprocess.py:93} INFO - 
[2023-04-14T15:14:04.604+0000] {subprocess.py:93} INFO - --DEBUG: __file__:     /opt/***/src/news_comments_crawlers/crawlers/config/Constants.py
[2023-04-14T15:14:04.604+0000] {subprocess.py:93} INFO - 
[2023-04-14T15:14:04.605+0000] {subprocess.py:93} INFO - -- Session Object : Good to go.
[2023-04-14T15:14:04.606+0000] {subprocess.py:93} INFO - 
[2023-04-14T15:14:04.606+0000] {subprocess.py:93} INFO - -- Folders: Good to go.
[2023-04-14T15:14:04.607+0000] {subprocess.py:93} INFO - []
[2023-04-14T15:14:04.607+0000] {subprocess.py:93} INFO - 
[2023-04-14T15:14:04.607+0000] {subprocess.py:93} INFO - --DEBUG: Platform -  CNA
[2023-04-14T15:14:04.608+0000] {subprocess.py:93} INFO - 
[2023-04-14T15:14:04.608+0000] {subprocess.py:93} INFO - --DEBUG: Start-time -  2023-04-13 15:14:04.545334
[2023-04-14T15:14:04.609+0000] {subprocess.py:93} INFO - 
[2023-04-14T15:14:04.609+0000] {subprocess.py:93} INFO - --DEBUG: End-time -  2023-04-14 15:14:04.545334
[2023-04-14T15:14:04.610+0000] {subprocess.py:93} INFO - 
[2023-04-14T15:14:04.610+0000] {subprocess.py:93} INFO - --DEBUG: Link Path - /opt/***/src/news_comments_crawlers/crawlers/out/2023-04-14/links/CNA_2023-04-14_15.txt
[2023-04-14T15:14:04.611+0000] {subprocess.py:93} INFO - 
[2023-04-14T15:14:04.611+0000] {subprocess.py:93} INFO - --DEBUG: JSON Data Path - /opt/***/src/news_comments_crawlers/crawlers/out/2023-04-14/data/json/CNA_2023-04-14_15.json
[2023-04-14T15:14:04.611+0000] {subprocess.py:93} INFO - 
[2023-04-14T15:14:04.612+0000] {subprocess.py:93} INFO - --DEBUG: DF Data Path - /opt/***/src/news_comments_crawlers/crawlers/out/2023-04-14/data/df/CNA_2023-04-14_15.pickle
[2023-04-14T15:14:04.612+0000] {subprocess.py:93} INFO - 
[2023-04-14T15:14:04.613+0000] {subprocess.py:93} INFO - --DEBUG: True
[2023-04-14T15:14:04.613+0000] {subprocess.py:93} INFO - 
[2023-04-14T15:14:04.614+0000] {subprocess.py:93} INFO - --DEBUG: Using URLs from cache file
[2023-04-14T15:14:04.614+0000] {subprocess.py:93} INFO - 
[2023-04-14T15:14:04.615+0000] {subprocess.py:93} INFO - --DEBUG: Using Articles from cache file
[2023-04-14T15:14:04.619+0000] {subprocess.py:93} INFO - Traceback (most recent call last):
[2023-04-14T15:14:04.620+0000] {subprocess.py:93} INFO -   File "/home/***/.local/lib/python3.7/site-packages/nltk/corpus/util.py", line 84, in __load
[2023-04-14T15:14:04.620+0000] {subprocess.py:93} INFO -     root = nltk.data.find(f"{self.subdir}/{zip_name}")
[2023-04-14T15:14:04.621+0000] {subprocess.py:93} INFO -   File "/home/***/.local/lib/python3.7/site-packages/nltk/data.py", line 583, in find
[2023-04-14T15:14:04.621+0000] {subprocess.py:93} INFO -     raise LookupError(resource_not_found)
[2023-04-14T15:14:04.622+0000] {subprocess.py:93} INFO - LookupError:
[2023-04-14T15:14:04.622+0000] {subprocess.py:93} INFO - **********************************************************************
[2023-04-14T15:14:04.623+0000] {subprocess.py:93} INFO -   Resource [93mstopwords[0m not found.
[2023-04-14T15:14:04.623+0000] {subprocess.py:93} INFO -   Please use the NLTK Downloader to obtain the resource:
[2023-04-14T15:14:04.624+0000] {subprocess.py:93} INFO - 
[2023-04-14T15:14:04.624+0000] {subprocess.py:93} INFO -   [31m>>> import nltk
[2023-04-14T15:14:04.624+0000] {subprocess.py:93} INFO -   >>> nltk.download('stopwords')
[2023-04-14T15:14:04.625+0000] {subprocess.py:93} INFO -   [0m
[2023-04-14T15:14:04.625+0000] {subprocess.py:93} INFO -   For more information see: https://www.nltk.org/data.html
[2023-04-14T15:14:04.625+0000] {subprocess.py:93} INFO - 
[2023-04-14T15:14:04.626+0000] {subprocess.py:93} INFO -   Attempted to load [93mcorpora/stopwords.zip/stopwords/[0m
[2023-04-14T15:14:04.626+0000] {subprocess.py:93} INFO - 
[2023-04-14T15:14:04.627+0000] {subprocess.py:93} INFO -   Searched in:
[2023-04-14T15:14:04.627+0000] {subprocess.py:93} INFO -     - '/home/***/nltk_data'
[2023-04-14T15:14:04.627+0000] {subprocess.py:93} INFO -     - '/usr/local/nltk_data'
[2023-04-14T15:14:04.628+0000] {subprocess.py:93} INFO -     - '/usr/local/share/nltk_data'
[2023-04-14T15:14:04.628+0000] {subprocess.py:93} INFO -     - '/usr/local/lib/nltk_data'
[2023-04-14T15:14:04.629+0000] {subprocess.py:93} INFO -     - '/usr/share/nltk_data'
[2023-04-14T15:14:04.629+0000] {subprocess.py:93} INFO -     - '/usr/local/share/nltk_data'
[2023-04-14T15:14:04.629+0000] {subprocess.py:93} INFO -     - '/usr/lib/nltk_data'
[2023-04-14T15:14:04.630+0000] {subprocess.py:93} INFO -     - '/usr/local/lib/nltk_data'
[2023-04-14T15:14:04.630+0000] {subprocess.py:93} INFO - **********************************************************************
[2023-04-14T15:14:04.630+0000] {subprocess.py:93} INFO - 
[2023-04-14T15:14:04.631+0000] {subprocess.py:93} INFO - 
[2023-04-14T15:14:04.631+0000] {subprocess.py:93} INFO - During handling of the above exception, another exception occurred:
[2023-04-14T15:14:04.632+0000] {subprocess.py:93} INFO - 
[2023-04-14T15:14:04.632+0000] {subprocess.py:93} INFO - Traceback (most recent call last):
[2023-04-14T15:14:04.632+0000] {subprocess.py:93} INFO -   File "/opt/***/src/news_comments_crawlers/crawlers/_EN_CNA.py", line 197, in <module>
[2023-04-14T15:14:04.633+0000] {subprocess.py:93} INFO -     main()
[2023-04-14T15:14:04.633+0000] {subprocess.py:93} INFO -   File "/opt/***/src/news_comments_crawlers/crawlers/_EN_CNA.py", line 173, in main
[2023-04-14T15:14:04.633+0000] {subprocess.py:93} INFO -     articles_df = Preprocessor({'data':articles,'lang':LANG,'org':1,'source': S_ID}).preprocess(func=extract_datetime_cna)
[2023-04-14T15:14:04.634+0000] {subprocess.py:93} INFO -   File "/opt/***/src/news_comments_crawlers/crawlers/config/Preprocessor.py", line 39, in __init__
[2023-04-14T15:14:04.634+0000] {subprocess.py:93} INFO -     self.stop_words = set(stopwords.words('english'))
[2023-04-14T15:14:04.635+0000] {subprocess.py:93} INFO -   File "/home/***/.local/lib/python3.7/site-packages/nltk/corpus/util.py", line 121, in __getattr__
[2023-04-14T15:14:04.635+0000] {subprocess.py:93} INFO -     self.__load()
[2023-04-14T15:14:04.635+0000] {subprocess.py:93} INFO -   File "/home/***/.local/lib/python3.7/site-packages/nltk/corpus/util.py", line 86, in __load
[2023-04-14T15:14:04.636+0000] {subprocess.py:93} INFO -     raise e
[2023-04-14T15:14:04.636+0000] {subprocess.py:93} INFO -   File "/home/***/.local/lib/python3.7/site-packages/nltk/corpus/util.py", line 81, in __load
[2023-04-14T15:14:04.637+0000] {subprocess.py:93} INFO -     root = nltk.data.find(f"{self.subdir}/{self.__name}")
[2023-04-14T15:14:04.637+0000] {subprocess.py:93} INFO -   File "/home/***/.local/lib/python3.7/site-packages/nltk/data.py", line 583, in find
[2023-04-14T15:14:04.637+0000] {subprocess.py:93} INFO -     raise LookupError(resource_not_found)
[2023-04-14T15:14:04.638+0000] {subprocess.py:93} INFO - LookupError:
[2023-04-14T15:14:04.638+0000] {subprocess.py:93} INFO - **********************************************************************
[2023-04-14T15:14:04.639+0000] {subprocess.py:93} INFO -   Resource [93mstopwords[0m not found.
[2023-04-14T15:14:04.639+0000] {subprocess.py:93} INFO -   Please use the NLTK Downloader to obtain the resource:
[2023-04-14T15:14:04.639+0000] {subprocess.py:93} INFO - 
[2023-04-14T15:14:04.640+0000] {subprocess.py:93} INFO -   [31m>>> import nltk
[2023-04-14T15:14:04.640+0000] {subprocess.py:93} INFO -   >>> nltk.download('stopwords')
[2023-04-14T15:14:04.641+0000] {subprocess.py:93} INFO -   [0m
[2023-04-14T15:14:04.641+0000] {subprocess.py:93} INFO -   For more information see: https://www.nltk.org/data.html
[2023-04-14T15:14:04.642+0000] {subprocess.py:93} INFO - 
[2023-04-14T15:14:04.642+0000] {subprocess.py:93} INFO -   Attempted to load [93mcorpora/stopwords[0m
[2023-04-14T15:14:04.643+0000] {subprocess.py:93} INFO - 
[2023-04-14T15:14:04.643+0000] {subprocess.py:93} INFO -   Searched in:
[2023-04-14T15:14:04.643+0000] {subprocess.py:93} INFO -     - '/home/***/nltk_data'
[2023-04-14T15:14:04.644+0000] {subprocess.py:93} INFO -     - '/usr/local/nltk_data'
[2023-04-14T15:14:04.644+0000] {subprocess.py:93} INFO -     - '/usr/local/share/nltk_data'
[2023-04-14T15:14:04.644+0000] {subprocess.py:93} INFO -     - '/usr/local/lib/nltk_data'
[2023-04-14T15:14:04.645+0000] {subprocess.py:93} INFO -     - '/usr/share/nltk_data'
[2023-04-14T15:14:04.645+0000] {subprocess.py:93} INFO -     - '/usr/local/share/nltk_data'
[2023-04-14T15:14:04.646+0000] {subprocess.py:93} INFO -     - '/usr/lib/nltk_data'
[2023-04-14T15:14:04.646+0000] {subprocess.py:93} INFO -     - '/usr/local/lib/nltk_data'
[2023-04-14T15:14:04.646+0000] {subprocess.py:93} INFO - **********************************************************************
[2023-04-14T15:14:04.647+0000] {subprocess.py:93} INFO - 
[2023-04-14T15:14:04.813+0000] {subprocess.py:97} INFO - Command exited with return code 1
[2023-04-14T15:14:04.826+0000] {taskinstance.py:1775} ERROR - Task failed with exception
Traceback (most recent call last):
  File "/home/airflow/.local/lib/python3.7/site-packages/airflow/operators/bash.py", line 197, in execute
    f"Bash command failed. The command returned a non-zero exit code {result.exit_code}."
airflow.exceptions.AirflowException: Bash command failed. The command returned a non-zero exit code 1.
[2023-04-14T15:14:04.831+0000] {taskinstance.py:1326} INFO - Marking task as UP_FOR_RETRY. dag_id=execute_24hr_data_scrape, task_id=id_2, execution_date=20230414T151300, start_date=20230414T151402, end_date=20230414T151404
[2023-04-14T15:14:04.844+0000] {standard_task_runner.py:105} ERROR - Failed to execute job 175 for task id_2 (Bash command failed. The command returned a non-zero exit code 1.; 3290)
[2023-04-14T15:14:04.881+0000] {local_task_job.py:212} INFO - Task exited with return code 1
[2023-04-14T15:14:04.904+0000] {taskinstance.py:2585} INFO - 0 downstream tasks scheduled from follow-on schedule check
