[2023-04-14T14:51:44.041+0000] {taskinstance.py:1084} INFO - Dependencies all met for dep_context=non-requeueable deps ti=<TaskInstance: execute_24hr_data_scrape.id_2 manual__2023-04-14T14:34:20.376339+00:00 [queued]>
[2023-04-14T14:51:44.062+0000] {taskinstance.py:1084} INFO - Dependencies all met for dep_context=requeueable deps ti=<TaskInstance: execute_24hr_data_scrape.id_2 manual__2023-04-14T14:34:20.376339+00:00 [queued]>
[2023-04-14T14:51:44.064+0000] {taskinstance.py:1282} INFO - 
--------------------------------------------------------------------------------
[2023-04-14T14:51:44.065+0000] {taskinstance.py:1283} INFO - Starting attempt 4 of 4
[2023-04-14T14:51:44.066+0000] {taskinstance.py:1284} INFO - 
--------------------------------------------------------------------------------
[2023-04-14T14:51:44.096+0000] {taskinstance.py:1303} INFO - Executing <Task(BashOperator): id_2> on 2023-04-14 14:34:20.376339+00:00
[2023-04-14T14:51:44.110+0000] {standard_task_runner.py:55} INFO - Started process 715 to run task
[2023-04-14T14:51:44.118+0000] {standard_task_runner.py:82} INFO - Running: ['***', 'tasks', 'run', 'execute_24hr_data_scrape', 'id_2', 'manual__2023-04-14T14:34:20.376339+00:00', '--job-id', '71', '--raw', '--subdir', 'DAGS_FOLDER/exec_web_crawlers_dag.py', '--cfg-path', '/tmp/tmp0jkzuu2k']
[2023-04-14T14:51:44.122+0000] {standard_task_runner.py:83} INFO - Job 71: Subtask id_2
[2023-04-14T14:51:44.273+0000] {task_command.py:388} INFO - Running <TaskInstance: execute_24hr_data_scrape.id_2 manual__2023-04-14T14:34:20.376339+00:00 [running]> on host 6f8cd9778af0
[2023-04-14T14:51:44.449+0000] {taskinstance.py:1511} INFO - Exporting the following env vars:
AIRFLOW_CTX_DAG_OWNER=xiaochen
AIRFLOW_CTX_DAG_ID=execute_24hr_data_scrape
AIRFLOW_CTX_TASK_ID=id_2
AIRFLOW_CTX_EXECUTION_DATE=2023-04-14T14:34:20.376339+00:00
AIRFLOW_CTX_TRY_NUMBER=4
AIRFLOW_CTX_DAG_RUN_ID=manual__2023-04-14T14:34:20.376339+00:00
[2023-04-14T14:51:44.452+0000] {subprocess.py:63} INFO - Tmp dir root location: 
 /tmp
[2023-04-14T14:51:44.455+0000] {subprocess.py:75} INFO - Running command: ['/bin/bash', '-c', 'python /opt/***/src/news_comments_crawlers/crawlers/_EN_CNA.py --name CNA']
[2023-04-14T14:51:44.487+0000] {subprocess.py:86} INFO - Output:
[2023-04-14T14:51:48.761+0000] {subprocess.py:93} INFO - 
[2023-04-14T14:51:48.763+0000] {subprocess.py:93} INFO - --DEBUG: getcwd:       /tmp/***tmpnciuec2j
[2023-04-14T14:51:48.765+0000] {subprocess.py:93} INFO - 
[2023-04-14T14:51:48.768+0000] {subprocess.py:93} INFO - --DEBUG: __file__:     /opt/***/src/news_comments_crawlers/crawlers/_EN_CNA.py
[2023-04-14T14:51:48.769+0000] {subprocess.py:93} INFO - 
[2023-04-14T14:51:48.771+0000] {subprocess.py:93} INFO - -- Session Object : Good to go.
[2023-04-14T14:51:48.775+0000] {subprocess.py:93} INFO - 
[2023-04-14T14:51:48.777+0000] {subprocess.py:93} INFO - -- Log Folder: Failed to create.
[2023-04-14T14:51:48.778+0000] {subprocess.py:93} INFO - [Errno 2] No such file or directory: '/opt/***/src/news_comments_crawlers/crawlers/out/2023-04-14'
[2023-04-14T14:51:48.780+0000] {subprocess.py:93} INFO - []
[2023-04-14T14:51:48.784+0000] {subprocess.py:93} INFO - Traceback (most recent call last):
[2023-04-14T14:51:48.787+0000] {subprocess.py:93} INFO -   File "/opt/***/src/news_comments_crawlers/crawlers/_EN_CNA.py", line 13, in <module>
[2023-04-14T14:51:48.790+0000] {subprocess.py:93} INFO -     from Functions import *
[2023-04-14T14:51:48.792+0000] {subprocess.py:93} INFO -   File "<fstring>", line 1
[2023-04-14T14:51:48.795+0000] {subprocess.py:93} INFO -     (USE_CACHE=)
[2023-04-14T14:51:48.797+0000] {subprocess.py:93} INFO -               ^
[2023-04-14T14:51:48.799+0000] {subprocess.py:93} INFO - SyntaxError: invalid syntax
[2023-04-14T14:51:49.478+0000] {subprocess.py:97} INFO - Command exited with return code 1
[2023-04-14T14:51:49.502+0000] {taskinstance.py:1775} ERROR - Task failed with exception
Traceback (most recent call last):
  File "/home/airflow/.local/lib/python3.7/site-packages/airflow/operators/bash.py", line 197, in execute
    f"Bash command failed. The command returned a non-zero exit code {result.exit_code}."
airflow.exceptions.AirflowException: Bash command failed. The command returned a non-zero exit code 1.
[2023-04-14T14:51:49.517+0000] {taskinstance.py:1326} INFO - Marking task as FAILED. dag_id=execute_24hr_data_scrape, task_id=id_2, execution_date=20230414T143420, start_date=20230414T145144, end_date=20230414T145149
[2023-04-14T14:51:49.549+0000] {standard_task_runner.py:105} ERROR - Failed to execute job 71 for task id_2 (Bash command failed. The command returned a non-zero exit code 1.; 715)
[2023-04-14T14:51:49.566+0000] {local_task_job.py:212} INFO - Task exited with return code 1
[2023-04-14T14:51:49.610+0000] {taskinstance.py:2585} INFO - 0 downstream tasks scheduled from follow-on schedule check
