[2023-04-06T03:33:02.354+0000] {taskinstance.py:1084} INFO - Dependencies all met for dep_context=non-requeueable deps ti=<TaskInstance: exe_web_crawlers_dag_v2.id_2 scheduled__2023-04-06T03:32:00+00:00 [queued]>
[2023-04-06T03:33:02.362+0000] {taskinstance.py:1084} INFO - Dependencies all met for dep_context=requeueable deps ti=<TaskInstance: exe_web_crawlers_dag_v2.id_2 scheduled__2023-04-06T03:32:00+00:00 [queued]>
[2023-04-06T03:33:02.363+0000] {taskinstance.py:1282} INFO - 
--------------------------------------------------------------------------------
[2023-04-06T03:33:02.363+0000] {taskinstance.py:1283} INFO - Starting attempt 1 of 4
[2023-04-06T03:33:02.364+0000] {taskinstance.py:1284} INFO - 
--------------------------------------------------------------------------------
[2023-04-06T03:33:02.376+0000] {taskinstance.py:1303} INFO - Executing <Task(BashOperator): id_2> on 2023-04-06 03:32:00+00:00
[2023-04-06T03:33:02.380+0000] {standard_task_runner.py:55} INFO - Started process 10196 to run task
[2023-04-06T03:33:02.382+0000] {standard_task_runner.py:82} INFO - Running: ['***', 'tasks', 'run', 'exe_web_crawlers_dag_v2', 'id_2', 'scheduled__2023-04-06T03:32:00+00:00', '--job-id', '34', '--raw', '--subdir', 'DAGS_FOLDER/exec_web_crawlers_dag.py', '--cfg-path', '/tmp/tmpl7hg1dbr']
[2023-04-06T03:33:02.383+0000] {standard_task_runner.py:83} INFO - Job 34: Subtask id_2
[2023-04-06T03:33:02.427+0000] {task_command.py:388} INFO - Running <TaskInstance: exe_web_crawlers_dag_v2.id_2 scheduled__2023-04-06T03:32:00+00:00 [running]> on host e8e20c2f7d98
[2023-04-06T03:33:02.483+0000] {taskinstance.py:1511} INFO - Exporting the following env vars:
AIRFLOW_CTX_DAG_OWNER=xiaochen
AIRFLOW_CTX_DAG_ID=exe_web_crawlers_dag_v2
AIRFLOW_CTX_TASK_ID=id_2
AIRFLOW_CTX_EXECUTION_DATE=2023-04-06T03:32:00+00:00
AIRFLOW_CTX_TRY_NUMBER=1
AIRFLOW_CTX_DAG_RUN_ID=scheduled__2023-04-06T03:32:00+00:00
[2023-04-06T03:33:02.484+0000] {subprocess.py:63} INFO - Tmp dir root location: 
 /tmp
[2023-04-06T03:33:02.485+0000] {subprocess.py:75} INFO - Running command: ['/bin/bash', '-c', "python print('Hello world task 2')"]
[2023-04-06T03:33:02.493+0000] {subprocess.py:86} INFO - Output:
[2023-04-06T03:33:02.494+0000] {subprocess.py:93} INFO - /bin/bash: -c: line 1: syntax error near unexpected token `('
[2023-04-06T03:33:02.495+0000] {subprocess.py:93} INFO - /bin/bash: -c: line 1: `python print('Hello world task 2')'
[2023-04-06T03:33:02.495+0000] {subprocess.py:97} INFO - Command exited with return code 2
[2023-04-06T03:33:02.505+0000] {taskinstance.py:1775} ERROR - Task failed with exception
Traceback (most recent call last):
  File "/home/airflow/.local/lib/python3.7/site-packages/airflow/operators/bash.py", line 197, in execute
    f"Bash command failed. The command returned a non-zero exit code {result.exit_code}."
airflow.exceptions.AirflowException: Bash command failed. The command returned a non-zero exit code 2.
[2023-04-06T03:33:02.508+0000] {taskinstance.py:1326} INFO - Marking task as UP_FOR_RETRY. dag_id=exe_web_crawlers_dag_v2, task_id=id_2, execution_date=20230406T033200, start_date=20230406T033302, end_date=20230406T033302
[2023-04-06T03:33:02.517+0000] {standard_task_runner.py:105} ERROR - Failed to execute job 34 for task id_2 (Bash command failed. The command returned a non-zero exit code 2.; 10196)
[2023-04-06T03:33:02.554+0000] {local_task_job.py:212} INFO - Task exited with return code 1
[2023-04-06T03:33:02.571+0000] {taskinstance.py:2585} INFO - 0 downstream tasks scheduled from follow-on schedule check
