[2023-04-06T03:38:02.851+0000] {taskinstance.py:1084} INFO - Dependencies all met for dep_context=non-requeueable deps ti=<TaskInstance: exe_web_crawlers_dag_v2.id_2 scheduled__2023-04-06T03:32:00+00:00 [queued]>
[2023-04-06T03:38:02.866+0000] {taskinstance.py:1084} INFO - Dependencies all met for dep_context=requeueable deps ti=<TaskInstance: exe_web_crawlers_dag_v2.id_2 scheduled__2023-04-06T03:32:00+00:00 [queued]>
[2023-04-06T03:38:02.867+0000] {taskinstance.py:1282} INFO - 
--------------------------------------------------------------------------------
[2023-04-06T03:38:02.868+0000] {taskinstance.py:1283} INFO - Starting attempt 2 of 4
[2023-04-06T03:38:02.869+0000] {taskinstance.py:1284} INFO - 
--------------------------------------------------------------------------------
[2023-04-06T03:38:02.887+0000] {taskinstance.py:1303} INFO - Executing <Task(BashOperator): id_2> on 2023-04-06 03:32:00+00:00
[2023-04-06T03:38:02.892+0000] {standard_task_runner.py:55} INFO - Started process 10390 to run task
[2023-04-06T03:38:02.895+0000] {standard_task_runner.py:82} INFO - Running: ['***', 'tasks', 'run', 'exe_web_crawlers_dag_v2', 'id_2', 'scheduled__2023-04-06T03:32:00+00:00', '--job-id', '55', '--raw', '--subdir', 'DAGS_FOLDER/exec_web_crawlers_dag.py', '--cfg-path', '/tmp/tmpmtncvi6f']
[2023-04-06T03:38:02.896+0000] {standard_task_runner.py:83} INFO - Job 55: Subtask id_2
[2023-04-06T03:38:02.952+0000] {task_command.py:388} INFO - Running <TaskInstance: exe_web_crawlers_dag_v2.id_2 scheduled__2023-04-06T03:32:00+00:00 [running]> on host e8e20c2f7d98
[2023-04-06T03:38:03.032+0000] {taskinstance.py:1511} INFO - Exporting the following env vars:
AIRFLOW_CTX_DAG_OWNER=xiaochen
AIRFLOW_CTX_DAG_ID=exe_web_crawlers_dag_v2
AIRFLOW_CTX_TASK_ID=id_2
AIRFLOW_CTX_EXECUTION_DATE=2023-04-06T03:32:00+00:00
AIRFLOW_CTX_TRY_NUMBER=2
AIRFLOW_CTX_DAG_RUN_ID=scheduled__2023-04-06T03:32:00+00:00
[2023-04-06T03:38:03.034+0000] {subprocess.py:63} INFO - Tmp dir root location: 
 /tmp
[2023-04-06T03:38:03.035+0000] {subprocess.py:75} INFO - Running command: ['/bin/bash', '-c', 'ls']
[2023-04-06T03:38:03.045+0000] {subprocess.py:86} INFO - Output:
[2023-04-06T03:38:03.048+0000] {subprocess.py:97} INFO - Command exited with return code 0
[2023-04-06T03:38:03.072+0000] {taskinstance.py:1326} INFO - Marking task as SUCCESS. dag_id=exe_web_crawlers_dag_v2, task_id=id_2, execution_date=20230406T033200, start_date=20230406T033802, end_date=20230406T033803
[2023-04-06T03:38:03.107+0000] {local_task_job.py:212} INFO - Task exited with return code 0
[2023-04-06T03:38:03.125+0000] {taskinstance.py:2585} INFO - 0 downstream tasks scheduled from follow-on schedule check
