[2023-04-11T16:36:08.866+0000] {taskinstance.py:1084} INFO - Dependencies all met for dep_context=non-requeueable deps ti=<TaskInstance: execute_24hr_data_scrape.id_2 scheduled__2023-04-11T16:30:00+00:00 [queued]>
[2023-04-11T16:36:08.874+0000] {taskinstance.py:1084} INFO - Dependencies all met for dep_context=requeueable deps ti=<TaskInstance: execute_24hr_data_scrape.id_2 scheduled__2023-04-11T16:30:00+00:00 [queued]>
[2023-04-11T16:36:08.875+0000] {taskinstance.py:1282} INFO - 
--------------------------------------------------------------------------------
[2023-04-11T16:36:08.875+0000] {taskinstance.py:1283} INFO - Starting attempt 2 of 4
[2023-04-11T16:36:08.876+0000] {taskinstance.py:1284} INFO - 
--------------------------------------------------------------------------------
[2023-04-11T16:36:08.889+0000] {taskinstance.py:1303} INFO - Executing <Task(BashOperator): id_2> on 2023-04-11 16:30:00+00:00
[2023-04-11T16:36:08.894+0000] {standard_task_runner.py:55} INFO - Started process 5115 to run task
[2023-04-11T16:36:08.896+0000] {standard_task_runner.py:82} INFO - Running: ['***', 'tasks', 'run', 'execute_24hr_data_scrape', 'id_2', 'scheduled__2023-04-11T16:30:00+00:00', '--job-id', '566', '--raw', '--subdir', 'DAGS_FOLDER/exec_web_crawlers_dag.py', '--cfg-path', '/tmp/tmpvpz14uls']
[2023-04-11T16:36:08.897+0000] {standard_task_runner.py:83} INFO - Job 566: Subtask id_2
[2023-04-11T16:36:08.949+0000] {task_command.py:388} INFO - Running <TaskInstance: execute_24hr_data_scrape.id_2 scheduled__2023-04-11T16:30:00+00:00 [running]> on host b518195edd5e
[2023-04-11T16:36:09.008+0000] {taskinstance.py:1511} INFO - Exporting the following env vars:
AIRFLOW_CTX_DAG_OWNER=xiaochen
AIRFLOW_CTX_DAG_ID=execute_24hr_data_scrape
AIRFLOW_CTX_TASK_ID=id_2
AIRFLOW_CTX_EXECUTION_DATE=2023-04-11T16:30:00+00:00
AIRFLOW_CTX_TRY_NUMBER=2
AIRFLOW_CTX_DAG_RUN_ID=scheduled__2023-04-11T16:30:00+00:00
[2023-04-11T16:36:09.009+0000] {subprocess.py:63} INFO - Tmp dir root location: 
 /tmp
[2023-04-11T16:36:09.011+0000] {subprocess.py:75} INFO - Running command: ['/bin/bash', '-c', 'python /opt/***/src/news_comments_crawlers/crawlers/_EN_CNA.py --name CNA']
[2023-04-11T16:36:09.020+0000] {subprocess.py:86} INFO - Output:
[2023-04-11T16:36:09.204+0000] {subprocess.py:93} INFO - Traceback (most recent call last):
[2023-04-11T16:36:09.204+0000] {subprocess.py:93} INFO -   File "/opt/***/src/news_comments_crawlers/crawlers/_EN_CNA.py", line 8, in <module>
[2023-04-11T16:36:09.205+0000] {subprocess.py:93} INFO -     from config.Preprocessor import Preprocessor
[2023-04-11T16:36:09.205+0000] {subprocess.py:93} INFO -   File "/opt/***/src/news_comments_crawlers/crawlers/config/Preprocessor.py", line 11, in <module>
[2023-04-11T16:36:09.205+0000] {subprocess.py:93} INFO -     from nltk.stem import WordNetLemmatizer
[2023-04-11T16:36:09.206+0000] {subprocess.py:93} INFO - ModuleNotFoundError: No module named 'nltk'
[2023-04-11T16:36:09.208+0000] {subprocess.py:97} INFO - Command exited with return code 1
[2023-04-11T16:36:09.217+0000] {taskinstance.py:1775} ERROR - Task failed with exception
Traceback (most recent call last):
  File "/home/airflow/.local/lib/python3.7/site-packages/airflow/operators/bash.py", line 197, in execute
    f"Bash command failed. The command returned a non-zero exit code {result.exit_code}."
airflow.exceptions.AirflowException: Bash command failed. The command returned a non-zero exit code 1.
[2023-04-11T16:36:09.221+0000] {taskinstance.py:1326} INFO - Marking task as UP_FOR_RETRY. dag_id=execute_24hr_data_scrape, task_id=id_2, execution_date=20230411T163000, start_date=20230411T163608, end_date=20230411T163609
[2023-04-11T16:36:09.231+0000] {standard_task_runner.py:105} ERROR - Failed to execute job 566 for task id_2 (Bash command failed. The command returned a non-zero exit code 1.; 5115)
[2023-04-11T16:36:09.268+0000] {local_task_job.py:212} INFO - Task exited with return code 1
[2023-04-11T16:36:09.284+0000] {taskinstance.py:2585} INFO - 0 downstream tasks scheduled from follow-on schedule check
