[2023-04-12T06:45:00.401+0000] {taskinstance.py:1084} INFO - Dependencies all met for dep_context=non-requeueable deps ti=<TaskInstance: execute_24hr_data_scrape.id_1 scheduled__2023-04-12T06:44:00+00:00 [queued]>
[2023-04-12T06:45:00.409+0000] {taskinstance.py:1084} INFO - Dependencies all met for dep_context=requeueable deps ti=<TaskInstance: execute_24hr_data_scrape.id_1 scheduled__2023-04-12T06:44:00+00:00 [queued]>
[2023-04-12T06:45:00.409+0000] {taskinstance.py:1282} INFO - 
--------------------------------------------------------------------------------
[2023-04-12T06:45:00.410+0000] {taskinstance.py:1283} INFO - Starting attempt 1 of 4
[2023-04-12T06:45:00.411+0000] {taskinstance.py:1284} INFO - 
--------------------------------------------------------------------------------
[2023-04-12T06:45:00.425+0000] {taskinstance.py:1303} INFO - Executing <Task(BashOperator): id_1> on 2023-04-12 06:44:00+00:00
[2023-04-12T06:45:00.428+0000] {standard_task_runner.py:55} INFO - Started process 28733 to run task
[2023-04-12T06:45:00.430+0000] {standard_task_runner.py:82} INFO - Running: ['***', 'tasks', 'run', 'execute_24hr_data_scrape', 'id_1', 'scheduled__2023-04-12T06:44:00+00:00', '--job-id', '4812', '--raw', '--subdir', 'DAGS_FOLDER/exec_web_crawlers_dag.py', '--cfg-path', '/tmp/tmpdmzau3xa']
[2023-04-12T06:45:00.431+0000] {standard_task_runner.py:83} INFO - Job 4812: Subtask id_1
[2023-04-12T06:45:00.478+0000] {task_command.py:388} INFO - Running <TaskInstance: execute_24hr_data_scrape.id_1 scheduled__2023-04-12T06:44:00+00:00 [running]> on host b518195edd5e
[2023-04-12T06:45:00.537+0000] {taskinstance.py:1511} INFO - Exporting the following env vars:
AIRFLOW_CTX_DAG_OWNER=xiaochen
AIRFLOW_CTX_DAG_ID=execute_24hr_data_scrape
AIRFLOW_CTX_TASK_ID=id_1
AIRFLOW_CTX_EXECUTION_DATE=2023-04-12T06:44:00+00:00
AIRFLOW_CTX_TRY_NUMBER=1
AIRFLOW_CTX_DAG_RUN_ID=scheduled__2023-04-12T06:44:00+00:00
[2023-04-12T06:45:00.538+0000] {subprocess.py:63} INFO - Tmp dir root location: 
 /tmp
[2023-04-12T06:45:00.539+0000] {subprocess.py:75} INFO - Running command: ['/bin/bash', '-c', 'echo Hello World !!!! My name is xxxxx !']
[2023-04-12T06:45:00.545+0000] {subprocess.py:86} INFO - Output:
[2023-04-12T06:45:00.546+0000] {subprocess.py:93} INFO - Hello World !!!! My name is xxxxx !
[2023-04-12T06:45:00.547+0000] {subprocess.py:97} INFO - Command exited with return code 0
[2023-04-12T06:45:00.566+0000] {taskinstance.py:1326} INFO - Marking task as SUCCESS. dag_id=execute_24hr_data_scrape, task_id=id_1, execution_date=20230412T064400, start_date=20230412T064500, end_date=20230412T064500
[2023-04-12T06:45:00.602+0000] {local_task_job.py:212} INFO - Task exited with return code 0
[2023-04-12T06:45:00.620+0000] {taskinstance.py:2585} INFO - 1 downstream tasks scheduled from follow-on schedule check
