[2023-04-12T00:46:06.294+0000] {taskinstance.py:1084} INFO - Dependencies all met for dep_context=non-requeueable deps ti=<TaskInstance: execute_24hr_data_scrape.id_2 scheduled__2023-04-12T00:30:00+00:00 [queued]>
[2023-04-12T00:46:06.302+0000] {taskinstance.py:1084} INFO - Dependencies all met for dep_context=requeueable deps ti=<TaskInstance: execute_24hr_data_scrape.id_2 scheduled__2023-04-12T00:30:00+00:00 [queued]>
[2023-04-12T00:46:06.303+0000] {taskinstance.py:1282} INFO - 
--------------------------------------------------------------------------------
[2023-04-12T00:46:06.303+0000] {taskinstance.py:1283} INFO - Starting attempt 4 of 4
[2023-04-12T00:46:06.304+0000] {taskinstance.py:1284} INFO - 
--------------------------------------------------------------------------------
[2023-04-12T00:46:06.317+0000] {taskinstance.py:1303} INFO - Executing <Task(BashOperator): id_2> on 2023-04-12 00:30:00+00:00
[2023-04-12T00:46:06.320+0000] {standard_task_runner.py:55} INFO - Started process 14753 to run task
[2023-04-12T00:46:06.322+0000] {standard_task_runner.py:82} INFO - Running: ['***', 'tasks', 'run', 'execute_24hr_data_scrape', 'id_2', 'scheduled__2023-04-12T00:30:00+00:00', '--job-id', '3021', '--raw', '--subdir', 'DAGS_FOLDER/exec_web_crawlers_dag.py', '--cfg-path', '/tmp/tmpgmf_8jkl']
[2023-04-12T00:46:06.323+0000] {standard_task_runner.py:83} INFO - Job 3021: Subtask id_2
[2023-04-12T00:46:06.368+0000] {task_command.py:388} INFO - Running <TaskInstance: execute_24hr_data_scrape.id_2 scheduled__2023-04-12T00:30:00+00:00 [running]> on host b518195edd5e
[2023-04-12T00:46:06.422+0000] {taskinstance.py:1511} INFO - Exporting the following env vars:
AIRFLOW_CTX_DAG_OWNER=xiaochen
AIRFLOW_CTX_DAG_ID=execute_24hr_data_scrape
AIRFLOW_CTX_TASK_ID=id_2
AIRFLOW_CTX_EXECUTION_DATE=2023-04-12T00:30:00+00:00
AIRFLOW_CTX_TRY_NUMBER=4
AIRFLOW_CTX_DAG_RUN_ID=scheduled__2023-04-12T00:30:00+00:00
[2023-04-12T00:46:06.423+0000] {subprocess.py:63} INFO - Tmp dir root location: 
 /tmp
[2023-04-12T00:46:06.424+0000] {subprocess.py:75} INFO - Running command: ['/bin/bash', '-c', 'python /opt/***/src/news_comments_crawlers/crawlers/_EN_CNA.py --name CNA']
[2023-04-12T00:46:06.430+0000] {subprocess.py:86} INFO - Output:
[2023-04-12T00:46:06.591+0000] {subprocess.py:93} INFO - Traceback (most recent call last):
[2023-04-12T00:46:06.591+0000] {subprocess.py:93} INFO -   File "/opt/***/src/news_comments_crawlers/crawlers/_EN_CNA.py", line 8, in <module>
[2023-04-12T00:46:06.591+0000] {subprocess.py:93} INFO -     from config.Preprocessor import Preprocessor
[2023-04-12T00:46:06.592+0000] {subprocess.py:93} INFO -   File "/opt/***/src/news_comments_crawlers/crawlers/config/Preprocessor.py", line 11, in <module>
[2023-04-12T00:46:06.592+0000] {subprocess.py:93} INFO -     from nltk.stem import WordNetLemmatizer
[2023-04-12T00:46:06.592+0000] {subprocess.py:93} INFO - ModuleNotFoundError: No module named 'nltk'
[2023-04-12T00:46:06.594+0000] {subprocess.py:97} INFO - Command exited with return code 1
[2023-04-12T00:46:06.602+0000] {taskinstance.py:1775} ERROR - Task failed with exception
Traceback (most recent call last):
  File "/home/airflow/.local/lib/python3.7/site-packages/airflow/operators/bash.py", line 197, in execute
    f"Bash command failed. The command returned a non-zero exit code {result.exit_code}."
airflow.exceptions.AirflowException: Bash command failed. The command returned a non-zero exit code 1.
[2023-04-12T00:46:06.606+0000] {taskinstance.py:1326} INFO - Marking task as FAILED. dag_id=execute_24hr_data_scrape, task_id=id_2, execution_date=20230412T003000, start_date=20230412T004606, end_date=20230412T004606
[2023-04-12T00:46:06.616+0000] {standard_task_runner.py:105} ERROR - Failed to execute job 3021 for task id_2 (Bash command failed. The command returned a non-zero exit code 1.; 14753)
[2023-04-12T00:46:06.655+0000] {local_task_job.py:212} INFO - Task exited with return code 1
[2023-04-12T00:46:06.669+0000] {taskinstance.py:2585} INFO - 0 downstream tasks scheduled from follow-on schedule check
