[2023-04-06T03:25:02.222+0000] {taskinstance.py:1084} INFO - Dependencies all met for dep_context=non-requeueable deps ti=<TaskInstance: exe_web_crawlers_dag_v2.id_2 scheduled__2023-04-06T03:24:00+00:00 [queued]>
[2023-04-06T03:25:02.231+0000] {taskinstance.py:1084} INFO - Dependencies all met for dep_context=requeueable deps ti=<TaskInstance: exe_web_crawlers_dag_v2.id_2 scheduled__2023-04-06T03:24:00+00:00 [queued]>
[2023-04-06T03:25:02.232+0000] {taskinstance.py:1282} INFO - 
--------------------------------------------------------------------------------
[2023-04-06T03:25:02.232+0000] {taskinstance.py:1283} INFO - Starting attempt 1 of 4
[2023-04-06T03:25:02.232+0000] {taskinstance.py:1284} INFO - 
--------------------------------------------------------------------------------
[2023-04-06T03:25:02.244+0000] {taskinstance.py:1303} INFO - Executing <Task(BashOperator): id_2> on 2023-04-06 03:24:00+00:00
[2023-04-06T03:25:02.248+0000] {standard_task_runner.py:55} INFO - Started process 9928 to run task
[2023-04-06T03:25:02.250+0000] {standard_task_runner.py:82} INFO - Running: ['***', 'tasks', 'run', 'exe_web_crawlers_dag_v2', 'id_2', 'scheduled__2023-04-06T03:24:00+00:00', '--job-id', '13', '--raw', '--subdir', 'DAGS_FOLDER/exec_web_crawlers_dag.py', '--cfg-path', '/tmp/tmpr_2egj1d']
[2023-04-06T03:25:02.251+0000] {standard_task_runner.py:83} INFO - Job 13: Subtask id_2
[2023-04-06T03:25:02.294+0000] {task_command.py:388} INFO - Running <TaskInstance: exe_web_crawlers_dag_v2.id_2 scheduled__2023-04-06T03:24:00+00:00 [running]> on host e8e20c2f7d98
[2023-04-06T03:25:02.347+0000] {taskinstance.py:1511} INFO - Exporting the following env vars:
AIRFLOW_CTX_DAG_OWNER=xiaochen
AIRFLOW_CTX_DAG_ID=exe_web_crawlers_dag_v2
AIRFLOW_CTX_TASK_ID=id_2
AIRFLOW_CTX_EXECUTION_DATE=2023-04-06T03:24:00+00:00
AIRFLOW_CTX_TRY_NUMBER=1
AIRFLOW_CTX_DAG_RUN_ID=scheduled__2023-04-06T03:24:00+00:00
[2023-04-06T03:25:02.348+0000] {subprocess.py:63} INFO - Tmp dir root location: 
 /tmp
[2023-04-06T03:25:02.349+0000] {subprocess.py:75} INFO - Running command: ['/bin/bash', '-c', 'python test.py']
[2023-04-06T03:25:02.355+0000] {subprocess.py:86} INFO - Output:
[2023-04-06T03:25:02.426+0000] {subprocess.py:93} INFO - python: can't open file 'test.py': [Errno 2] No such file or directory
[2023-04-06T03:25:02.429+0000] {subprocess.py:97} INFO - Command exited with return code 2
[2023-04-06T03:25:02.439+0000] {taskinstance.py:1775} ERROR - Task failed with exception
Traceback (most recent call last):
  File "/home/airflow/.local/lib/python3.7/site-packages/airflow/operators/bash.py", line 197, in execute
    f"Bash command failed. The command returned a non-zero exit code {result.exit_code}."
airflow.exceptions.AirflowException: Bash command failed. The command returned a non-zero exit code 2.
[2023-04-06T03:25:02.442+0000] {taskinstance.py:1326} INFO - Marking task as UP_FOR_RETRY. dag_id=exe_web_crawlers_dag_v2, task_id=id_2, execution_date=20230406T032400, start_date=20230406T032502, end_date=20230406T032502
[2023-04-06T03:25:02.454+0000] {standard_task_runner.py:105} ERROR - Failed to execute job 13 for task id_2 (Bash command failed. The command returned a non-zero exit code 2.; 9928)
[2023-04-06T03:25:02.462+0000] {local_task_job.py:212} INFO - Task exited with return code 1
[2023-04-06T03:25:02.478+0000] {taskinstance.py:2585} INFO - 0 downstream tasks scheduled from follow-on schedule check
