[2023-04-06T03:35:03.593+0000] {taskinstance.py:1084} INFO - Dependencies all met for dep_context=non-requeueable deps ti=<TaskInstance: exe_web_crawlers_dag_v2.id_2 scheduled__2023-04-06T03:24:00+00:00 [queued]>
[2023-04-06T03:35:03.600+0000] {taskinstance.py:1084} INFO - Dependencies all met for dep_context=requeueable deps ti=<TaskInstance: exe_web_crawlers_dag_v2.id_2 scheduled__2023-04-06T03:24:00+00:00 [queued]>
[2023-04-06T03:35:03.601+0000] {taskinstance.py:1282} INFO - 
--------------------------------------------------------------------------------
[2023-04-06T03:35:03.601+0000] {taskinstance.py:1283} INFO - Starting attempt 3 of 4
[2023-04-06T03:35:03.601+0000] {taskinstance.py:1284} INFO - 
--------------------------------------------------------------------------------
[2023-04-06T03:35:03.615+0000] {taskinstance.py:1303} INFO - Executing <Task(BashOperator): id_2> on 2023-04-06 03:24:00+00:00
[2023-04-06T03:35:03.619+0000] {standard_task_runner.py:55} INFO - Started process 10278 to run task
[2023-04-06T03:35:03.621+0000] {standard_task_runner.py:82} INFO - Running: ['***', 'tasks', 'run', 'exe_web_crawlers_dag_v2', 'id_2', 'scheduled__2023-04-06T03:24:00+00:00', '--job-id', '44', '--raw', '--subdir', 'DAGS_FOLDER/exec_web_crawlers_dag.py', '--cfg-path', '/tmp/tmp7c6oyhw9']
[2023-04-06T03:35:03.622+0000] {standard_task_runner.py:83} INFO - Job 44: Subtask id_2
[2023-04-06T03:35:03.670+0000] {task_command.py:388} INFO - Running <TaskInstance: exe_web_crawlers_dag_v2.id_2 scheduled__2023-04-06T03:24:00+00:00 [running]> on host e8e20c2f7d98
[2023-04-06T03:35:03.727+0000] {taskinstance.py:1511} INFO - Exporting the following env vars:
AIRFLOW_CTX_DAG_OWNER=xiaochen
AIRFLOW_CTX_DAG_ID=exe_web_crawlers_dag_v2
AIRFLOW_CTX_TASK_ID=id_2
AIRFLOW_CTX_EXECUTION_DATE=2023-04-06T03:24:00+00:00
AIRFLOW_CTX_TRY_NUMBER=3
AIRFLOW_CTX_DAG_RUN_ID=scheduled__2023-04-06T03:24:00+00:00
[2023-04-06T03:35:03.728+0000] {subprocess.py:63} INFO - Tmp dir root location: 
 /tmp
[2023-04-06T03:35:03.728+0000] {subprocess.py:75} INFO - Running command: ['/bin/bash', '-c', 'python --version']
[2023-04-06T03:35:03.735+0000] {subprocess.py:86} INFO - Output:
[2023-04-06T03:35:03.737+0000] {subprocess.py:93} INFO - Python 3.7.16
[2023-04-06T03:35:03.738+0000] {subprocess.py:97} INFO - Command exited with return code 0
[2023-04-06T03:35:03.757+0000] {taskinstance.py:1326} INFO - Marking task as SUCCESS. dag_id=exe_web_crawlers_dag_v2, task_id=id_2, execution_date=20230406T032400, start_date=20230406T033503, end_date=20230406T033503
[2023-04-06T03:35:03.793+0000] {local_task_job.py:212} INFO - Task exited with return code 0
[2023-04-06T03:35:03.809+0000] {taskinstance.py:2585} INFO - 0 downstream tasks scheduled from follow-on schedule check
