[2023-04-11T17:34:01.073+0000] {taskinstance.py:1084} INFO - Dependencies all met for dep_context=non-requeueable deps ti=<TaskInstance: execute_24hr_data_scrape.id_1 scheduled__2023-04-11T17:33:00+00:00 [queued]>
[2023-04-11T17:34:01.081+0000] {taskinstance.py:1084} INFO - Dependencies all met for dep_context=requeueable deps ti=<TaskInstance: execute_24hr_data_scrape.id_1 scheduled__2023-04-11T17:33:00+00:00 [queued]>
[2023-04-11T17:34:01.082+0000] {taskinstance.py:1282} INFO - 
--------------------------------------------------------------------------------
[2023-04-11T17:34:01.082+0000] {taskinstance.py:1283} INFO - Starting attempt 1 of 4
[2023-04-11T17:34:01.083+0000] {taskinstance.py:1284} INFO - 
--------------------------------------------------------------------------------
[2023-04-11T17:34:01.096+0000] {taskinstance.py:1303} INFO - Executing <Task(BashOperator): id_1> on 2023-04-11 17:33:00+00:00
[2023-04-11T17:34:01.101+0000] {standard_task_runner.py:55} INFO - Started process 7365 to run task
[2023-04-11T17:34:01.102+0000] {standard_task_runner.py:82} INFO - Running: ['***', 'tasks', 'run', 'execute_24hr_data_scrape', 'id_1', 'scheduled__2023-04-11T17:33:00+00:00', '--job-id', '852', '--raw', '--subdir', 'DAGS_FOLDER/exec_web_crawlers_dag.py', '--cfg-path', '/tmp/tmp3ebvjntu']
[2023-04-11T17:34:01.103+0000] {standard_task_runner.py:83} INFO - Job 852: Subtask id_1
[2023-04-11T17:34:01.155+0000] {task_command.py:388} INFO - Running <TaskInstance: execute_24hr_data_scrape.id_1 scheduled__2023-04-11T17:33:00+00:00 [running]> on host b518195edd5e
[2023-04-11T17:34:01.217+0000] {taskinstance.py:1511} INFO - Exporting the following env vars:
AIRFLOW_CTX_DAG_OWNER=xiaochen
AIRFLOW_CTX_DAG_ID=execute_24hr_data_scrape
AIRFLOW_CTX_TASK_ID=id_1
AIRFLOW_CTX_EXECUTION_DATE=2023-04-11T17:33:00+00:00
AIRFLOW_CTX_TRY_NUMBER=1
AIRFLOW_CTX_DAG_RUN_ID=scheduled__2023-04-11T17:33:00+00:00
[2023-04-11T17:34:01.219+0000] {subprocess.py:63} INFO - Tmp dir root location: 
 /tmp
[2023-04-11T17:34:01.220+0000] {subprocess.py:75} INFO - Running command: ['/bin/bash', '-c', 'echo Hello World !!!! My name is xxxxx !']
[2023-04-11T17:34:01.227+0000] {subprocess.py:86} INFO - Output:
[2023-04-11T17:34:01.229+0000] {subprocess.py:93} INFO - Hello World !!!! My name is xxxxx !
[2023-04-11T17:34:01.229+0000] {subprocess.py:97} INFO - Command exited with return code 0
[2023-04-11T17:34:01.251+0000] {taskinstance.py:1326} INFO - Marking task as SUCCESS. dag_id=execute_24hr_data_scrape, task_id=id_1, execution_date=20230411T173300, start_date=20230411T173401, end_date=20230411T173401
[2023-04-11T17:34:01.275+0000] {local_task_job.py:212} INFO - Task exited with return code 0
[2023-04-11T17:34:01.294+0000] {taskinstance.py:2585} INFO - 1 downstream tasks scheduled from follow-on schedule check
