[2023-04-11T12:57:16.518+0000] {taskinstance.py:1084} INFO - Dependencies all met for dep_context=non-requeueable deps ti=<TaskInstance: execute_24hr_data_scrape.id_2 scheduled__2023-04-11T12:51:00+00:00 [queued]>
[2023-04-11T12:57:16.528+0000] {taskinstance.py:1084} INFO - Dependencies all met for dep_context=requeueable deps ti=<TaskInstance: execute_24hr_data_scrape.id_2 scheduled__2023-04-11T12:51:00+00:00 [queued]>
[2023-04-11T12:57:16.529+0000] {taskinstance.py:1282} INFO - 
--------------------------------------------------------------------------------
[2023-04-11T12:57:16.529+0000] {taskinstance.py:1283} INFO - Starting attempt 2 of 4
[2023-04-11T12:57:16.530+0000] {taskinstance.py:1284} INFO - 
--------------------------------------------------------------------------------
[2023-04-11T12:57:16.546+0000] {taskinstance.py:1303} INFO - Executing <Task(BashOperator): id_2> on 2023-04-11 12:51:00+00:00
[2023-04-11T12:57:16.552+0000] {standard_task_runner.py:55} INFO - Started process 1714 to run task
[2023-04-11T12:57:16.560+0000] {standard_task_runner.py:82} INFO - Running: ['***', 'tasks', 'run', 'execute_24hr_data_scrape', 'id_2', 'scheduled__2023-04-11T12:51:00+00:00', '--job-id', '144', '--raw', '--subdir', 'DAGS_FOLDER/exec_web_crawlers_dag.py', '--cfg-path', '/tmp/tmpv9x1wmri']
[2023-04-11T12:57:16.575+0000] {standard_task_runner.py:83} INFO - Job 144: Subtask id_2
[2023-04-11T12:57:16.703+0000] {task_command.py:388} INFO - Running <TaskInstance: execute_24hr_data_scrape.id_2 scheduled__2023-04-11T12:51:00+00:00 [running]> on host e8e20c2f7d98
[2023-04-11T12:57:16.903+0000] {taskinstance.py:1511} INFO - Exporting the following env vars:
AIRFLOW_CTX_DAG_OWNER=xiaochen
AIRFLOW_CTX_DAG_ID=execute_24hr_data_scrape
AIRFLOW_CTX_TASK_ID=id_2
AIRFLOW_CTX_EXECUTION_DATE=2023-04-11T12:51:00+00:00
AIRFLOW_CTX_TRY_NUMBER=2
AIRFLOW_CTX_DAG_RUN_ID=scheduled__2023-04-11T12:51:00+00:00
[2023-04-11T12:57:16.908+0000] {subprocess.py:63} INFO - Tmp dir root location: 
 /tmp
[2023-04-11T12:57:16.910+0000] {subprocess.py:75} INFO - Running command: ['/bin/bash', '-c', 'ls /opt/***/src']
[2023-04-11T12:57:16.924+0000] {subprocess.py:86} INFO - Output:
[2023-04-11T12:57:16.926+0000] {subprocess.py:93} INFO - ls: cannot access '/opt/***/src': No such file or directory
[2023-04-11T12:57:16.927+0000] {subprocess.py:97} INFO - Command exited with return code 2
[2023-04-11T12:57:16.937+0000] {taskinstance.py:1775} ERROR - Task failed with exception
Traceback (most recent call last):
  File "/home/airflow/.local/lib/python3.7/site-packages/airflow/operators/bash.py", line 197, in execute
    f"Bash command failed. The command returned a non-zero exit code {result.exit_code}."
airflow.exceptions.AirflowException: Bash command failed. The command returned a non-zero exit code 2.
[2023-04-11T12:57:16.941+0000] {taskinstance.py:1326} INFO - Marking task as UP_FOR_RETRY. dag_id=execute_24hr_data_scrape, task_id=id_2, execution_date=20230411T125100, start_date=20230411T125716, end_date=20230411T125716
[2023-04-11T12:57:16.954+0000] {standard_task_runner.py:105} ERROR - Failed to execute job 144 for task id_2 (Bash command failed. The command returned a non-zero exit code 2.; 1714)
[2023-04-11T12:57:16.974+0000] {local_task_job.py:212} INFO - Task exited with return code 1
[2023-04-11T12:57:16.993+0000] {taskinstance.py:2585} INFO - 0 downstream tasks scheduled from follow-on schedule check
