[2023-04-11T12:56:59.095+0000] {taskinstance.py:1084} INFO - Dependencies all met for dep_context=non-requeueable deps ti=<TaskInstance: execute_24hr_data_scrape.id_1 manual__2023-04-11T12:56:58.398657+00:00 [queued]>
[2023-04-11T12:56:59.106+0000] {taskinstance.py:1084} INFO - Dependencies all met for dep_context=requeueable deps ti=<TaskInstance: execute_24hr_data_scrape.id_1 manual__2023-04-11T12:56:58.398657+00:00 [queued]>
[2023-04-11T12:56:59.107+0000] {taskinstance.py:1282} INFO - 
--------------------------------------------------------------------------------
[2023-04-11T12:56:59.107+0000] {taskinstance.py:1283} INFO - Starting attempt 1 of 4
[2023-04-11T12:56:59.108+0000] {taskinstance.py:1284} INFO - 
--------------------------------------------------------------------------------
[2023-04-11T12:56:59.122+0000] {taskinstance.py:1303} INFO - Executing <Task(BashOperator): id_1> on 2023-04-11 12:56:58.398657+00:00
[2023-04-11T12:56:59.128+0000] {standard_task_runner.py:55} INFO - Started process 1692 to run task
[2023-04-11T12:56:59.129+0000] {standard_task_runner.py:82} INFO - Running: ['***', 'tasks', 'run', 'execute_24hr_data_scrape', 'id_1', 'manual__2023-04-11T12:56:58.398657+00:00', '--job-id', '139', '--raw', '--subdir', 'DAGS_FOLDER/exec_web_crawlers_dag.py', '--cfg-path', '/tmp/tmpiiwiu_ku']
[2023-04-11T12:56:59.131+0000] {standard_task_runner.py:83} INFO - Job 139: Subtask id_1
[2023-04-11T12:56:59.181+0000] {task_command.py:388} INFO - Running <TaskInstance: execute_24hr_data_scrape.id_1 manual__2023-04-11T12:56:58.398657+00:00 [running]> on host e8e20c2f7d98
[2023-04-11T12:56:59.240+0000] {taskinstance.py:1511} INFO - Exporting the following env vars:
AIRFLOW_CTX_DAG_OWNER=xiaochen
AIRFLOW_CTX_DAG_ID=execute_24hr_data_scrape
AIRFLOW_CTX_TASK_ID=id_1
AIRFLOW_CTX_EXECUTION_DATE=2023-04-11T12:56:58.398657+00:00
AIRFLOW_CTX_TRY_NUMBER=1
AIRFLOW_CTX_DAG_RUN_ID=manual__2023-04-11T12:56:58.398657+00:00
[2023-04-11T12:56:59.241+0000] {subprocess.py:63} INFO - Tmp dir root location: 
 /tmp
[2023-04-11T12:56:59.243+0000] {subprocess.py:75} INFO - Running command: ['/bin/bash', '-c', 'echo Hello World !!!! My name is xxxxx !']
[2023-04-11T12:56:59.252+0000] {subprocess.py:86} INFO - Output:
[2023-04-11T12:56:59.253+0000] {subprocess.py:93} INFO - Hello World !!!! My name is xxxxx !
[2023-04-11T12:56:59.254+0000] {subprocess.py:97} INFO - Command exited with return code 0
[2023-04-11T12:56:59.276+0000] {taskinstance.py:1326} INFO - Marking task as SUCCESS. dag_id=execute_24hr_data_scrape, task_id=id_1, execution_date=20230411T125658, start_date=20230411T125659, end_date=20230411T125659
[2023-04-11T12:56:59.302+0000] {local_task_job.py:212} INFO - Task exited with return code 0
[2023-04-11T12:56:59.323+0000] {taskinstance.py:2585} INFO - 1 downstream tasks scheduled from follow-on schedule check
