[2023-04-09T16:00:01.657+0000] {taskinstance.py:1084} INFO - Dependencies all met for dep_context=non-requeueable deps ti=<TaskInstance: exe_web_crawlers_dag_v2.id_2 scheduled__2023-04-09T15:59:00+00:00 [queued]>
[2023-04-09T16:00:01.667+0000] {taskinstance.py:1084} INFO - Dependencies all met for dep_context=requeueable deps ti=<TaskInstance: exe_web_crawlers_dag_v2.id_2 scheduled__2023-04-09T15:59:00+00:00 [queued]>
[2023-04-09T16:00:01.668+0000] {taskinstance.py:1282} INFO - 
--------------------------------------------------------------------------------
[2023-04-09T16:00:01.668+0000] {taskinstance.py:1283} INFO - Starting attempt 1 of 4
[2023-04-09T16:00:01.669+0000] {taskinstance.py:1284} INFO - 
--------------------------------------------------------------------------------
[2023-04-09T16:00:01.683+0000] {taskinstance.py:1303} INFO - Executing <Task(BashOperator): id_2> on 2023-04-09 15:59:00+00:00
[2023-04-09T16:00:01.688+0000] {standard_task_runner.py:55} INFO - Started process 1928 to run task
[2023-04-09T16:00:01.690+0000] {standard_task_runner.py:82} INFO - Running: ['***', 'tasks', 'run', 'exe_web_crawlers_dag_v2', 'id_2', 'scheduled__2023-04-09T15:59:00+00:00', '--job-id', '87', '--raw', '--subdir', 'DAGS_FOLDER/exec_web_crawlers_dag.py', '--cfg-path', '/tmp/tmpo7ik5psq']
[2023-04-09T16:00:01.691+0000] {standard_task_runner.py:83} INFO - Job 87: Subtask id_2
[2023-04-09T16:00:01.749+0000] {task_command.py:388} INFO - Running <TaskInstance: exe_web_crawlers_dag_v2.id_2 scheduled__2023-04-09T15:59:00+00:00 [running]> on host e8e20c2f7d98
[2023-04-09T16:00:01.817+0000] {taskinstance.py:1511} INFO - Exporting the following env vars:
AIRFLOW_CTX_DAG_OWNER=xiaochen
AIRFLOW_CTX_DAG_ID=exe_web_crawlers_dag_v2
AIRFLOW_CTX_TASK_ID=id_2
AIRFLOW_CTX_EXECUTION_DATE=2023-04-09T15:59:00+00:00
AIRFLOW_CTX_TRY_NUMBER=1
AIRFLOW_CTX_DAG_RUN_ID=scheduled__2023-04-09T15:59:00+00:00
[2023-04-09T16:00:01.818+0000] {subprocess.py:63} INFO - Tmp dir root location: 
 /tmp
[2023-04-09T16:00:01.819+0000] {subprocess.py:75} INFO - Running command: ['/bin/bash', '-c', 'pwd']
[2023-04-09T16:00:01.828+0000] {subprocess.py:86} INFO - Output:
[2023-04-09T16:00:01.829+0000] {subprocess.py:93} INFO - /tmp/***tmpvvdm8_qk
[2023-04-09T16:00:01.830+0000] {subprocess.py:97} INFO - Command exited with return code 0
[2023-04-09T16:00:01.854+0000] {taskinstance.py:1326} INFO - Marking task as SUCCESS. dag_id=exe_web_crawlers_dag_v2, task_id=id_2, execution_date=20230409T155900, start_date=20230409T160001, end_date=20230409T160001
[2023-04-09T16:00:01.903+0000] {local_task_job.py:212} INFO - Task exited with return code 0
[2023-04-09T16:00:01.920+0000] {taskinstance.py:2585} INFO - 0 downstream tasks scheduled from follow-on schedule check
