[2023-04-11T14:53:02.315+0000] {taskinstance.py:1084} INFO - Dependencies all met for dep_context=non-requeueable deps ti=<TaskInstance: execute_24hr_data_scrape.id_2 scheduled__2023-04-11T14:52:00+00:00 [queued]>
[2023-04-11T14:53:02.325+0000] {taskinstance.py:1084} INFO - Dependencies all met for dep_context=requeueable deps ti=<TaskInstance: execute_24hr_data_scrape.id_2 scheduled__2023-04-11T14:52:00+00:00 [queued]>
[2023-04-11T14:53:02.325+0000] {taskinstance.py:1282} INFO - 
--------------------------------------------------------------------------------
[2023-04-11T14:53:02.326+0000] {taskinstance.py:1283} INFO - Starting attempt 1 of 4
[2023-04-11T14:53:02.326+0000] {taskinstance.py:1284} INFO - 
--------------------------------------------------------------------------------
[2023-04-11T14:53:02.408+0000] {taskinstance.py:1303} INFO - Executing <Task(BashOperator): id_2> on 2023-04-11 14:52:00+00:00
[2023-04-11T14:53:02.413+0000] {standard_task_runner.py:55} INFO - Started process 2267 to run task
[2023-04-11T14:53:02.415+0000] {standard_task_runner.py:82} INFO - Running: ['***', 'tasks', 'run', 'execute_24hr_data_scrape', 'id_2', 'scheduled__2023-04-11T14:52:00+00:00', '--job-id', '223', '--raw', '--subdir', 'DAGS_FOLDER/exec_web_crawlers_dag.py', '--cfg-path', '/tmp/tmpf301vokc']
[2023-04-11T14:53:02.417+0000] {standard_task_runner.py:83} INFO - Job 223: Subtask id_2
[2023-04-11T14:53:02.466+0000] {task_command.py:388} INFO - Running <TaskInstance: execute_24hr_data_scrape.id_2 scheduled__2023-04-11T14:52:00+00:00 [running]> on host b518195edd5e
[2023-04-11T14:53:02.526+0000] {taskinstance.py:1511} INFO - Exporting the following env vars:
AIRFLOW_CTX_DAG_OWNER=xiaochen
AIRFLOW_CTX_DAG_ID=execute_24hr_data_scrape
AIRFLOW_CTX_TASK_ID=id_2
AIRFLOW_CTX_EXECUTION_DATE=2023-04-11T14:52:00+00:00
AIRFLOW_CTX_TRY_NUMBER=1
AIRFLOW_CTX_DAG_RUN_ID=scheduled__2023-04-11T14:52:00+00:00
[2023-04-11T14:53:02.528+0000] {subprocess.py:63} INFO - Tmp dir root location: 
 /tmp
[2023-04-11T14:53:02.529+0000] {subprocess.py:75} INFO - Running command: ['/bin/bash', '-c', 'python /opt/***/src/news_comments_crawlers/crawlers/_EN_CNA.py --name CNA']
[2023-04-11T14:53:02.538+0000] {subprocess.py:86} INFO - Output:
[2023-04-11T14:53:02.620+0000] {subprocess.py:93} INFO - python: can't open file '/opt/***/src/news_comments_crawlers/crawlers/_EN_CNA.py': [Errno 5] Input/output error
[2023-04-11T14:53:02.623+0000] {subprocess.py:97} INFO - Command exited with return code 2
[2023-04-11T14:53:02.632+0000] {taskinstance.py:1775} ERROR - Task failed with exception
Traceback (most recent call last):
  File "/home/airflow/.local/lib/python3.7/site-packages/airflow/operators/bash.py", line 197, in execute
    f"Bash command failed. The command returned a non-zero exit code {result.exit_code}."
airflow.exceptions.AirflowException: Bash command failed. The command returned a non-zero exit code 2.
[2023-04-11T14:53:02.635+0000] {taskinstance.py:1326} INFO - Marking task as UP_FOR_RETRY. dag_id=execute_24hr_data_scrape, task_id=id_2, execution_date=20230411T145200, start_date=20230411T145302, end_date=20230411T145302
[2023-04-11T14:53:02.646+0000] {standard_task_runner.py:105} ERROR - Failed to execute job 223 for task id_2 (Bash command failed. The command returned a non-zero exit code 2.; 2267)
[2023-04-11T14:53:02.668+0000] {local_task_job.py:212} INFO - Task exited with return code 1
[2023-04-11T14:53:02.686+0000] {taskinstance.py:2585} INFO - 0 downstream tasks scheduled from follow-on schedule check
